<?xml version="1.0" encoding="UTF-8"?>
<testsuite name="partA_Web_Service_API.F2Test" tests="3" skipped="0" failures="1" errors="0" timestamp="2024-05-10T10:58:43" hostname="Tadhgs-MacBook-Pro.local" time="0.941">
  <properties/>
  <testcase name="testGetCurrentAdmissionsSuccess()" classname="partA_Web_Service_API.F2Test" time="0.788">
    <failure message="org.opentest4j.AssertionFailedError: expected: &lt;[{&quot;id&quot;:1,&quot;dischargeDate&quot;:&quot;&quot;},{&quot;id&quot;:3,&quot;dischargeDate&quot;:&quot;&quot;}]&gt; but was: &lt;[{&quot;dischargeDate&quot;:&quot;&quot;,&quot;id&quot;:1},{&quot;dischargeDate&quot;:&quot;&quot;,&quot;id&quot;:3}]&gt;" type="org.opentest4j.AssertionFailedError">org.opentest4j.AssertionFailedError: expected: &lt;[{&quot;id&quot;:1,&quot;dischargeDate&quot;:&quot;&quot;},{&quot;id&quot;:3,&quot;dischargeDate&quot;:&quot;&quot;}]&gt; but was: &lt;[{&quot;dischargeDate&quot;:&quot;&quot;,&quot;id&quot;:1},{&quot;dischargeDate&quot;:&quot;&quot;,&quot;id&quot;:3}]&gt;
	at app//org.junit.jupiter.api.AssertionFailureBuilder.build(AssertionFailureBuilder.java:151)
	at app//org.junit.jupiter.api.AssertionFailureBuilder.buildAndThrow(AssertionFailureBuilder.java:132)
	at app//org.junit.jupiter.api.AssertEquals.failNotEqual(AssertEquals.java:197)
	at app//org.junit.jupiter.api.AssertEquals.assertEquals(AssertEquals.java:182)
	at app//org.junit.jupiter.api.AssertEquals.assertEquals(AssertEquals.java:177)
	at app//org.junit.jupiter.api.Assertions.assertEquals(Assertions.java:1142)
	at app//partA_Web_Service_API.F2Test.testGetCurrentAdmissionsSuccess(F2Test.java:46)
	at java.base@17.0.11/jdk.internal.reflect.NativeMethodAccessorImpl.invoke0(Native Method)
	at java.base@17.0.11/jdk.internal.reflect.NativeMethodAccessorImpl.invoke(NativeMethodAccessorImpl.java:77)
	at java.base@17.0.11/jdk.internal.reflect.DelegatingMethodAccessorImpl.invoke(DelegatingMethodAccessorImpl.java:43)
	at java.base@17.0.11/java.lang.reflect.Method.invoke(Method.java:568)
	at app//org.junit.platform.commons.util.ReflectionUtils.invokeMethod(ReflectionUtils.java:727)
	at app//org.junit.jupiter.engine.execution.MethodInvocation.proceed(MethodInvocation.java:60)
	at app//org.junit.jupiter.engine.execution.InvocationInterceptorChain$ValidatingInvocation.proceed(InvocationInterceptorChain.java:131)
	at app//org.junit.jupiter.engine.extension.TimeoutExtension.intercept(TimeoutExtension.java:156)
	at app//org.junit.jupiter.engine.extension.TimeoutExtension.interceptTestableMethod(TimeoutExtension.java:147)
	at app//org.junit.jupiter.engine.extension.TimeoutExtension.interceptTestMethod(TimeoutExtension.java:86)
	at app//org.junit.jupiter.engine.execution.InterceptingExecutableInvoker$ReflectiveInterceptorCall.lambda$ofVoidMethod$0(InterceptingExecutableInvoker.java:103)
	at app//org.junit.jupiter.engine.execution.InterceptingExecutableInvoker.lambda$invoke$0(InterceptingExecutableInvoker.java:93)
	at app//org.junit.jupiter.engine.execution.InvocationInterceptorChain$InterceptedInvocation.proceed(InvocationInterceptorChain.java:106)
	at app//org.junit.jupiter.engine.execution.InvocationInterceptorChain.proceed(InvocationInterceptorChain.java:64)
	at app//org.junit.jupiter.engine.execution.InvocationInterceptorChain.chainAndInvoke(InvocationInterceptorChain.java:45)
	at app//org.junit.jupiter.engine.execution.InvocationInterceptorChain.invoke(InvocationInterceptorChain.java:37)
	at app//org.junit.jupiter.engine.execution.InterceptingExecutableInvoker.invoke(InterceptingExecutableInvoker.java:92)
	at app//org.junit.jupiter.engine.execution.InterceptingExecutableInvoker.invoke(InterceptingExecutableInvoker.java:86)
	at app//org.junit.jupiter.engine.descriptor.TestMethodTestDescriptor.lambda$invokeTestMethod$7(TestMethodTestDescriptor.java:217)
	at app//org.junit.platform.engine.support.hierarchical.ThrowableCollector.execute(ThrowableCollector.java:73)
	at app//org.junit.jupiter.engine.descriptor.TestMethodTestDescriptor.invokeTestMethod(TestMethodTestDescriptor.java:213)
	at app//org.junit.jupiter.engine.descriptor.TestMethodTestDescriptor.execute(TestMethodTestDescriptor.java:138)
	at app//org.junit.jupiter.engine.descriptor.TestMethodTestDescriptor.execute(TestMethodTestDescriptor.java:68)
	at app//org.junit.platform.engine.support.hierarchical.NodeTestTask.lambda$executeRecursively$6(NodeTestTask.java:151)
	at app//org.junit.platform.engine.support.hierarchical.ThrowableCollector.execute(ThrowableCollector.java:73)
	at app//org.junit.platform.engine.support.hierarchical.NodeTestTask.lambda$executeRecursively$8(NodeTestTask.java:141)
	at app//org.junit.platform.engine.support.hierarchical.Node.around(Node.java:137)
	at app//org.junit.platform.engine.support.hierarchical.NodeTestTask.lambda$executeRecursively$9(NodeTestTask.java:139)
	at app//org.junit.platform.engine.support.hierarchical.ThrowableCollector.execute(ThrowableCollector.java:73)
	at app//org.junit.platform.engine.support.hierarchical.NodeTestTask.executeRecursively(NodeTestTask.java:138)
	at app//org.junit.platform.engine.support.hierarchical.NodeTestTask.execute(NodeTestTask.java:95)
	at java.base@17.0.11/java.util.ArrayList.forEach(ArrayList.java:1511)
	at app//org.junit.platform.engine.support.hierarchical.SameThreadHierarchicalTestExecutorService.invokeAll(SameThreadHierarchicalTestExecutorService.java:41)
	at app//org.junit.platform.engine.support.hierarchical.NodeTestTask.lambda$executeRecursively$6(NodeTestTask.java:155)
	at app//org.junit.platform.engine.support.hierarchical.ThrowableCollector.execute(ThrowableCollector.java:73)
	at app//org.junit.platform.engine.support.hierarchical.NodeTestTask.lambda$executeRecursively$8(NodeTestTask.java:141)
	at app//org.junit.platform.engine.support.hierarchical.Node.around(Node.java:137)
	at app//org.junit.platform.engine.support.hierarchical.NodeTestTask.lambda$executeRecursively$9(NodeTestTask.java:139)
	at app//org.junit.platform.engine.support.hierarchical.ThrowableCollector.execute(ThrowableCollector.java:73)
	at app//org.junit.platform.engine.support.hierarchical.NodeTestTask.executeRecursively(NodeTestTask.java:138)
	at app//org.junit.platform.engine.support.hierarchical.NodeTestTask.execute(NodeTestTask.java:95)
	at java.base@17.0.11/java.util.ArrayList.forEach(ArrayList.java:1511)
	at app//org.junit.platform.engine.support.hierarchical.SameThreadHierarchicalTestExecutorService.invokeAll(SameThreadHierarchicalTestExecutorService.java:41)
	at app//org.junit.platform.engine.support.hierarchical.NodeTestTask.lambda$executeRecursively$6(NodeTestTask.java:155)
	at app//org.junit.platform.engine.support.hierarchical.ThrowableCollector.execute(ThrowableCollector.java:73)
	at app//org.junit.platform.engine.support.hierarchical.NodeTestTask.lambda$executeRecursively$8(NodeTestTask.java:141)
	at app//org.junit.platform.engine.support.hierarchical.Node.around(Node.java:137)
	at app//org.junit.platform.engine.support.hierarchical.NodeTestTask.lambda$executeRecursively$9(NodeTestTask.java:139)
	at app//org.junit.platform.engine.support.hierarchical.ThrowableCollector.execute(ThrowableCollector.java:73)
	at app//org.junit.platform.engine.support.hierarchical.NodeTestTask.executeRecursively(NodeTestTask.java:138)
	at app//org.junit.platform.engine.support.hierarchical.NodeTestTask.execute(NodeTestTask.java:95)
	at app//org.junit.platform.engine.support.hierarchical.SameThreadHierarchicalTestExecutorService.submit(SameThreadHierarchicalTestExecutorService.java:35)
	at app//org.junit.platform.engine.support.hierarchical.HierarchicalTestExecutor.execute(HierarchicalTestExecutor.java:57)
	at app//org.junit.platform.engine.support.hierarchical.HierarchicalTestEngine.execute(HierarchicalTestEngine.java:54)
	at app//org.junit.platform.launcher.core.EngineExecutionOrchestrator.execute(EngineExecutionOrchestrator.java:107)
	at app//org.junit.platform.launcher.core.EngineExecutionOrchestrator.execute(EngineExecutionOrchestrator.java:88)
	at app//org.junit.platform.launcher.core.EngineExecutionOrchestrator.lambda$execute$0(EngineExecutionOrchestrator.java:54)
	at app//org.junit.platform.launcher.core.EngineExecutionOrchestrator.withInterceptedStreams(EngineExecutionOrchestrator.java:67)
	at app//org.junit.platform.launcher.core.EngineExecutionOrchestrator.execute(EngineExecutionOrchestrator.java:52)
	at app//org.junit.platform.launcher.core.DefaultLauncher.execute(DefaultLauncher.java:114)
	at app//org.junit.platform.launcher.core.DefaultLauncher.execute(DefaultLauncher.java:86)
	at app//org.junit.platform.launcher.core.DefaultLauncherSession$DelegatingLauncher.execute(DefaultLauncherSession.java:86)
	at org.gradle.api.internal.tasks.testing.junitplatform.JUnitPlatformTestClassProcessor$CollectAllTestClassesExecutor.processAllTestClasses(JUnitPlatformTestClassProcessor.java:110)
	at org.gradle.api.internal.tasks.testing.junitplatform.JUnitPlatformTestClassProcessor$CollectAllTestClassesExecutor.access$000(JUnitPlatformTestClassProcessor.java:90)
	at org.gradle.api.internal.tasks.testing.junitplatform.JUnitPlatformTestClassProcessor.stop(JUnitPlatformTestClassProcessor.java:85)
	at org.gradle.api.internal.tasks.testing.SuiteTestClassProcessor.stop(SuiteTestClassProcessor.java:62)
	at java.base@17.0.11/jdk.internal.reflect.NativeMethodAccessorImpl.invoke0(Native Method)
	at java.base@17.0.11/jdk.internal.reflect.NativeMethodAccessorImpl.invoke(NativeMethodAccessorImpl.java:77)
	at java.base@17.0.11/jdk.internal.reflect.DelegatingMethodAccessorImpl.invoke(DelegatingMethodAccessorImpl.java:43)
	at java.base@17.0.11/java.lang.reflect.Method.invoke(Method.java:568)
	at org.gradle.internal.dispatch.ReflectionDispatch.dispatch(ReflectionDispatch.java:36)
	at org.gradle.internal.dispatch.ReflectionDispatch.dispatch(ReflectionDispatch.java:24)
	at org.gradle.internal.dispatch.ContextClassLoaderDispatch.dispatch(ContextClassLoaderDispatch.java:33)
	at org.gradle.internal.dispatch.ProxyDispatchAdapter$DispatchingInvocationHandler.invoke(ProxyDispatchAdapter.java:94)
	at jdk.proxy1/jdk.proxy1.$Proxy2.stop(Unknown Source)
	at org.gradle.api.internal.tasks.testing.worker.TestWorker$3.run(TestWorker.java:193)
	at org.gradle.api.internal.tasks.testing.worker.TestWorker.executeAndMaintainThreadName(TestWorker.java:129)
	at org.gradle.api.internal.tasks.testing.worker.TestWorker.execute(TestWorker.java:100)
	at org.gradle.api.internal.tasks.testing.worker.TestWorker.execute(TestWorker.java:60)
	at org.gradle.process.internal.worker.child.ActionExecutionWorker.execute(ActionExecutionWorker.java:56)
	at org.gradle.process.internal.worker.child.SystemApplicationClassLoaderWorker.call(SystemApplicationClassLoaderWorker.java:113)
	at org.gradle.process.internal.worker.child.SystemApplicationClassLoaderWorker.call(SystemApplicationClassLoaderWorker.java:65)
	at app//worker.org.gradle.process.internal.worker.GradleWorkerMain.run(GradleWorkerMain.java:69)
	at app//worker.org.gradle.process.internal.worker.GradleWorkerMain.main(GradleWorkerMain.java:74)
</failure>
  </testcase>
  <testcase name="testServerError()" classname="partA_Web_Service_API.F2Test" time="0.086"/>
  <testcase name="testGetCurrentAdmissionsEmpty()" classname="partA_Web_Service_API.F2Test" time="0.064"/>
  <system-out><![CDATA[11:58:43.507 [Test worker] DEBUG org.eclipse.jetty.util.log - Logging to Logger[org.eclipse.jetty.util.log] via org.eclipse.jetty.util.log.Slf4jLog
11:58:43.517 [Test worker] INFO org.eclipse.jetty.util.log - Logging initialized @761ms to org.eclipse.jetty.util.log.Slf4jLog
11:58:43.525 [Test worker] DEBUG org.eclipse.jetty.util.component.ContainerLifeCycle - Server@48c35007{STOPPED}[9.4.31.v20200723] added {QueuedThreadPool[qtp878861517]@34625ccd{STOPPED,8<=0<=14,i=0,r=-1,q=0}[NO_TRY],AUTO}
11:58:43.534 [Test worker] DEBUG org.eclipse.jetty.util.component.ContainerLifeCycle - HttpConnectionFactory@5b970f7[HTTP/1.1] added {HttpConfiguration@7fd4acee{32768/8192,8192/8192,https://:0,[SecureRequestCustomizer@165b8a71]},POJO}
11:58:43.541 [Test worker] DEBUG org.eclipse.jetty.util.component.ContainerLifeCycle - NetworkTrafficServerConnector@4602c2a9{null, ()}{0.0.0.0:0} added {Server@48c35007{STOPPED}[9.4.31.v20200723],UNMANAGED}
11:58:43.541 [Test worker] DEBUG org.eclipse.jetty.util.component.ContainerLifeCycle - NetworkTrafficServerConnector@4602c2a9{null, ()}{0.0.0.0:0} added {QueuedThreadPool[qtp878861517]@34625ccd{STOPPED,8<=0<=14,i=0,r=-1,q=0}[NO_TRY],AUTO}
11:58:43.541 [Test worker] DEBUG org.eclipse.jetty.util.component.ContainerLifeCycle - NetworkTrafficServerConnector@4602c2a9{null, ()}{0.0.0.0:0} added {ScheduledExecutorScheduler@5b6813df{STOPPED},AUTO}
11:58:43.542 [Test worker] DEBUG org.eclipse.jetty.util.component.ContainerLifeCycle - NetworkTrafficServerConnector@4602c2a9{null, ()}{0.0.0.0:0} added {org.eclipse.jetty.io.ArrayByteBufferPool@5f2606b,POJO}
11:58:43.542 [Test worker] DEBUG org.eclipse.jetty.util.component.ContainerLifeCycle - NetworkTrafficServerConnector@4602c2a9{null, (http/1.1)}{0.0.0.0:0} added {HttpConnectionFactory@5b970f7[HTTP/1.1],AUTO}
11:58:43.542 [Test worker] DEBUG org.eclipse.jetty.server.AbstractConnector - NetworkTrafficServerConnector@4602c2a9{HTTP/1.1, (http/1.1)}{0.0.0.0:0} added HttpConnectionFactory@5b970f7[HTTP/1.1]
11:58:43.544 [Test worker] DEBUG org.eclipse.jetty.util.component.ContainerLifeCycle - NetworkTrafficServerConnector@4602c2a9{HTTP/1.1, (http/1.1)}{0.0.0.0:0} added {SelectorManager@NetworkTrafficServerConnector@4602c2a9{HTTP/1.1, (http/1.1)}{0.0.0.0:0},MANAGED}
11:58:43.544 [Test worker] DEBUG org.eclipse.jetty.util.component.ContainerLifeCycle - Server@48c35007{STOPPED}[9.4.31.v20200723] added {NetworkTrafficServerConnector@4602c2a9{HTTP/1.1, (http/1.1)}{0.0.0.0:8081},AUTO}
11:58:43.552 [Test worker] DEBUG org.eclipse.jetty.util.component.ContainerLifeCycle - Server@48c35007{STOPPED}[9.4.31.v20200723] added {o.e.j.s.ServletContextHandler@3a1d593e{/__admin,null,UNAVAILABLE},MANAGED}
11:58:43.554 [Test worker] DEBUG org.eclipse.jetty.util.DecoratedObjectFactory - Adding Decorator: org.eclipse.jetty.util.DeprecationWarning@32232e55
11:58:43.556 [Test worker] DEBUG org.eclipse.jetty.util.component.ContainerLifeCycle - o.e.j.s.ServletContextHandler@3a1d593e{/__admin,null,UNAVAILABLE} added {ServletHandler@18e7143f{STOPPED},MANAGED}
11:58:43.559 [Test worker] DEBUG org.eclipse.jetty.util.component.ContainerLifeCycle - ServletHandler@18e7143f{STOPPED} added {org.eclipse.jetty.servlet.DefaultServlet-f19c9d2@cdc90213==org.eclipse.jetty.servlet.DefaultServlet,jsp=null,order=-1,inst=false,async=true,AUTO}
11:58:43.559 [Test worker] DEBUG org.eclipse.jetty.util.component.ContainerLifeCycle - ServletHandler@18e7143f{STOPPED} added {[/swagger-ui/*]=>org.eclipse.jetty.servlet.DefaultServlet-f19c9d2,POJO}
11:58:43.560 [Test worker] DEBUG org.eclipse.jetty.util.component.ContainerLifeCycle - ServletHandler@18e7143f{STOPPED} added {org.eclipse.jetty.servlet.DefaultServlet-a1217f9@c4d0737c==org.eclipse.jetty.servlet.DefaultServlet,jsp=null,order=-1,inst=false,async=true,AUTO}
11:58:43.560 [Test worker] DEBUG org.eclipse.jetty.util.component.ContainerLifeCycle - ServletHandler@18e7143f{STOPPED} added {[/recorder/*]=>org.eclipse.jetty.servlet.DefaultServlet-a1217f9,POJO}
11:58:43.561 [Test worker] DEBUG org.eclipse.jetty.util.component.ContainerLifeCycle - ServletHandler@18e7143f{STOPPED} added {com.github.tomakehurst.wiremock.servlet.WireMockHandlerDispatchingServlet-2baa8d82@937f5784==com.github.tomakehurst.wiremock.servlet.WireMockHandlerDispatchingServlet,jsp=null,order=-1,inst=false,async=true,AUTO}
11:58:43.561 [Test worker] DEBUG org.eclipse.jetty.util.component.ContainerLifeCycle - ServletHandler@18e7143f{STOPPED} added {[/]=>com.github.tomakehurst.wiremock.servlet.WireMockHandlerDispatchingServlet-2baa8d82,POJO}
11:58:43.563 [Test worker] DEBUG org.eclipse.jetty.util.component.ContainerLifeCycle - ServletHandler@18e7143f{STOPPED} added {org.eclipse.jetty.servlets.CrossOriginFilter-49f5c307@49f5c307==org.eclipse.jetty.servlets.CrossOriginFilter,inst=false,async=true,AUTO}
11:58:43.566 [Test worker] DEBUG org.eclipse.jetty.util.component.ContainerLifeCycle - ServletHandler@18e7143f{STOPPED} added {[/*]/[]/[REQUEST]=>org.eclipse.jetty.servlets.CrossOriginFilter-49f5c307,POJO}
11:58:43.566 [Test worker] DEBUG org.eclipse.jetty.util.component.ContainerLifeCycle - Server@48c35007{STOPPED}[9.4.31.v20200723] added {o.e.j.s.ServletContextHandler@70fab835{/,null,UNAVAILABLE},MANAGED}
11:58:43.566 [Test worker] DEBUG org.eclipse.jetty.util.DecoratedObjectFactory - Adding Decorator: org.eclipse.jetty.util.DeprecationWarning@1b0a7baf
11:58:43.567 [Test worker] DEBUG org.eclipse.jetty.util.component.ContainerLifeCycle - o.e.j.s.ServletContextHandler@70fab835{/,null,UNAVAILABLE} added {ServletHandler@62417a16{STOPPED},MANAGED}
11:58:43.567 [Test worker] DEBUG org.eclipse.jetty.util.component.ContainerLifeCycle - ServletHandler@62417a16{STOPPED} added {org.eclipse.jetty.servlet.DefaultServlet-32057e6@450c48c5==org.eclipse.jetty.servlet.DefaultServlet,jsp=null,order=-1,inst=false,async=true,AUTO}
11:58:43.567 [Test worker] DEBUG org.eclipse.jetty.util.component.ContainerLifeCycle - ServletHandler@62417a16{STOPPED} added {[/__files/*]=>org.eclipse.jetty.servlet.DefaultServlet-32057e6,POJO}
11:58:43.568 [Test worker] DEBUG org.eclipse.jetty.util.component.ContainerLifeCycle - ServletHandler@62417a16{STOPPED} added {com.github.tomakehurst.wiremock.servlet.WireMockHandlerDispatchingServlet-2fd1731c@6991393d==com.github.tomakehurst.wiremock.servlet.WireMockHandlerDispatchingServlet,jsp=null,order=-1,inst=false,async=true,AUTO}
11:58:43.568 [Test worker] DEBUG org.eclipse.jetty.util.component.ContainerLifeCycle - ServletHandler@62417a16{STOPPED} added {[/]=>com.github.tomakehurst.wiremock.servlet.WireMockHandlerDispatchingServlet-2fd1731c,POJO}
11:58:43.571 [Test worker] DEBUG org.eclipse.jetty.http.PreEncodedHttpField - HttpField encoders loaded: [org.eclipse.jetty.http2.hpack.HpackFieldPreEncoder@16423501, org.eclipse.jetty.http.Http1FieldPreEncoder@4efcf8a]
11:58:43.582 [Test worker] DEBUG org.eclipse.jetty.util.component.ContainerLifeCycle - o.e.j.s.ServletContextHandler@70fab835{/,null,UNAVAILABLE} added {NotFoundHandler@7fb9f71f{STOPPED},MANAGED}
11:58:43.583 [Test worker] DEBUG org.eclipse.jetty.util.component.ContainerLifeCycle - ServletHandler@62417a16{STOPPED} added {com.github.tomakehurst.wiremock.servlet.ContentTypeSettingFilter-514eedd8@514eedd8==com.github.tomakehurst.wiremock.servlet.ContentTypeSettingFilter,inst=false,async=true,AUTO}
11:58:43.583 [Test worker] DEBUG org.eclipse.jetty.util.component.ContainerLifeCycle - ServletHandler@62417a16{STOPPED} added {[/__files/*]/[]/[FORWARD]=>com.github.tomakehurst.wiremock.servlet.ContentTypeSettingFilter-514eedd8,POJO}
11:58:43.583 [Test worker] DEBUG org.eclipse.jetty.util.component.ContainerLifeCycle - ServletHandler@62417a16{STOPPED} added {com.github.tomakehurst.wiremock.servlet.TrailingSlashFilter-3af4e0bf@3af4e0bf==com.github.tomakehurst.wiremock.servlet.TrailingSlashFilter,inst=false,async=true,AUTO}
11:58:43.583 [Test worker] DEBUG org.eclipse.jetty.util.component.ContainerLifeCycle - ServletHandler@62417a16{STOPPED} added {[/__files/*]/[]/[ASYNC, REQUEST, INCLUDE, FORWARD, ERROR]=>com.github.tomakehurst.wiremock.servlet.TrailingSlashFilter-3af4e0bf,POJO}
11:58:43.586 [Test worker] DEBUG org.eclipse.jetty.util.component.ContainerLifeCycle - HandlerCollection@3d3f761a{STOPPED} added {o.e.j.s.ServletContextHandler@3a1d593e{/__admin,null,UNAVAILABLE},AUTO}
11:58:43.590 [Test worker] DEBUG org.eclipse.jetty.http.pathmap.PathMappings - Added MappedResource[pathSpec=ServletPathSpec@4a69d1f9{*.svgz},resource=true] to PathMappings[size=1]
11:58:43.590 [Test worker] DEBUG org.eclipse.jetty.server.handler.gzip.GzipHandler - GzipHandler@77cf3f8b{STOPPED,min=32,inflate=-1} mime types IncludeExclude@1df98368{i=[],ip=CONTAINS,e=[image/ief, image/vnd.wap.wbmp, image/jpeg, application/bzip2, image/x-portable-graymap, application/brotli, image/bmp, image/gif, image/x-icon, audio/midi, video/x-msvideo, image/x-xbitmap, application/x-rar-compressed, image/x-portable-bitmap, image/x-rgb, image/x-cmu-raster, application/gzip, audio/x-wav, audio/x-pn-realaudio, audio/basic, application/compress, audio/x-aiff, video/x.ms.asx, video/x.ms.asf, image/png, video/vnd.rn-realvideo, image/x-xwindowdump, image/jpeg2000, video/x-sgi-movie, audio/mpeg, image/xcf, video/mpeg, image/x-portable-pixmap, image/tiff, image/x-portable-anymap, image/x-xpixmap, application/zip, video/quicktime, application/x-xz, video/mp4],ep=CONTAINS}
11:58:43.592 [Test worker] DEBUG org.eclipse.jetty.util.component.ContainerLifeCycle - GzipHandler@77cf3f8b{STOPPED,min=32,inflate=-1} added {o.e.j.s.ServletContextHandler@70fab835{/,null,UNAVAILABLE},MANAGED}
11:58:43.592 [Test worker] DEBUG org.eclipse.jetty.util.component.ContainerLifeCycle - HandlerCollection@3d3f761a{STOPPED} added {GzipHandler@77cf3f8b{STOPPED,min=32,inflate=-1},AUTO}
11:58:43.593 [Test worker] DEBUG org.eclipse.jetty.util.component.ContainerLifeCycle - Server@48c35007{STOPPED}[9.4.31.v20200723] added {HandlerCollection@3d3f761a{STOPPED},MANAGED}
11:58:43.596 [Test worker] DEBUG org.eclipse.jetty.util.component.AbstractLifeCycle - starting Server@48c35007{STOPPED}[9.4.31.v20200723]
11:58:43.597 [Test worker] DEBUG org.eclipse.jetty.util.component.ContainerLifeCycle - Server@48c35007{STARTING}[9.4.31.v20200723] added {ErrorHandler@7d373bcf{STOPPED},AUTO}
11:58:43.598 [Test worker] INFO org.eclipse.jetty.server.Server - jetty-9.4.31.v20200723; built: 2020-07-23T17:57:36.812Z; git: 450ba27947e13e66baa8cd1ce7e85a4461cacc1d; jvm 17.0.11+0
11:58:43.602 [Test worker] DEBUG org.eclipse.jetty.server.handler.AbstractHandler - starting Server@48c35007{STARTING}[9.4.31.v20200723]
11:58:43.602 [Test worker] DEBUG org.eclipse.jetty.util.component.AbstractLifeCycle - starting QueuedThreadPool[qtp878861517]@34625ccd{STOPPED,8<=0<=14,i=0,r=-1,q=0}[NO_TRY]
11:58:43.603 [Test worker] DEBUG org.eclipse.jetty.util.thread.ReservedThreadExecutor - ReservedThreadExecutor@35038141{s=0/1,p=0}
11:58:43.603 [Test worker] DEBUG org.eclipse.jetty.util.component.ContainerLifeCycle - QueuedThreadPool[qtp878861517]@34625ccd{STARTING,8<=0<=14,i=0,r=-1,q=0}[ReservedThreadExecutor@35038141{s=0/1,p=0}] added {ReservedThreadExecutor@35038141{s=0/1,p=0},AUTO}
11:58:43.603 [Test worker] DEBUG org.eclipse.jetty.util.component.AbstractLifeCycle - starting ReservedThreadExecutor@35038141{s=0/1,p=0}
11:58:43.605 [Test worker] DEBUG org.eclipse.jetty.util.component.AbstractLifeCycle - STARTED @849ms ReservedThreadExecutor@35038141{s=0/1,p=0}
11:58:43.605 [Test worker] DEBUG org.eclipse.jetty.util.thread.QueuedThreadPool - Starting Thread[qtp878861517-26,5,main]
11:58:43.605 [Test worker] DEBUG org.eclipse.jetty.util.thread.QueuedThreadPool - Starting Thread[qtp878861517-27,5,main]
11:58:43.605 [Test worker] DEBUG org.eclipse.jetty.util.thread.QueuedThreadPool - Starting Thread[qtp878861517-28,5,main]
11:58:43.605 [qtp878861517-26] DEBUG org.eclipse.jetty.util.thread.QueuedThreadPool - Runner started for QueuedThreadPool[qtp878861517]@34625ccd{STARTING,8<=2<=14,i=2,r=-1,q=0}[ReservedThreadExecutor@35038141{s=0/1,p=0}]
11:58:43.606 [Test worker] DEBUG org.eclipse.jetty.util.thread.QueuedThreadPool - Starting Thread[qtp878861517-29,5,main]
11:58:43.606 [qtp878861517-27] DEBUG org.eclipse.jetty.util.thread.QueuedThreadPool - Runner started for QueuedThreadPool[qtp878861517]@34625ccd{STARTING,8<=3<=14,i=3,r=-1,q=0}[ReservedThreadExecutor@35038141{s=0/1,p=0}]
11:58:43.606 [qtp878861517-28] DEBUG org.eclipse.jetty.util.thread.QueuedThreadPool - Runner started for QueuedThreadPool[qtp878861517]@34625ccd{STARTING,8<=4<=14,i=4,r=-1,q=0}[ReservedThreadExecutor@35038141{s=0/1,p=0}]
11:58:43.606 [Test worker] DEBUG org.eclipse.jetty.util.thread.QueuedThreadPool - Starting Thread[qtp878861517-30,5,main]
11:58:43.606 [qtp878861517-29] DEBUG org.eclipse.jetty.util.thread.QueuedThreadPool - Runner started for QueuedThreadPool[qtp878861517]@34625ccd{STARTING,8<=5<=14,i=5,r=-1,q=0}[ReservedThreadExecutor@35038141{s=0/1,p=0}]
11:58:43.606 [Test worker] DEBUG org.eclipse.jetty.util.thread.QueuedThreadPool - Starting Thread[qtp878861517-31,5,main]
11:58:43.607 [Test worker] DEBUG org.eclipse.jetty.util.thread.QueuedThreadPool - Starting Thread[qtp878861517-32,5,main]
11:58:43.607 [qtp878861517-30] DEBUG org.eclipse.jetty.util.thread.QueuedThreadPool - Runner started for QueuedThreadPool[qtp878861517]@34625ccd{STARTING,8<=6<=14,i=6,r=-1,q=0}[ReservedThreadExecutor@35038141{s=0/1,p=0}]
11:58:43.607 [qtp878861517-31] DEBUG org.eclipse.jetty.util.thread.QueuedThreadPool - Runner started for QueuedThreadPool[qtp878861517]@34625ccd{STARTING,8<=7<=14,i=7,r=-1,q=0}[ReservedThreadExecutor@35038141{s=0/1,p=0}]
11:58:43.607 [Test worker] DEBUG org.eclipse.jetty.util.thread.QueuedThreadPool - Starting Thread[qtp878861517-33,5,main]
11:58:43.607 [qtp878861517-32] DEBUG org.eclipse.jetty.util.thread.QueuedThreadPool - Runner started for QueuedThreadPool[qtp878861517]@34625ccd{STARTING,8<=8<=14,i=8,r=-1,q=0}[ReservedThreadExecutor@35038141{s=0/1,p=0}]
11:58:43.607 [Test worker] DEBUG org.eclipse.jetty.util.component.AbstractLifeCycle - STARTED @851ms QueuedThreadPool[qtp878861517]@34625ccd{STARTED,8<=8<=14,i=8,r=1,q=0}[ReservedThreadExecutor@35038141{s=0/1,p=0}]
11:58:43.607 [Test worker] DEBUG org.eclipse.jetty.util.component.AbstractLifeCycle - starting HandlerCollection@3d3f761a{STOPPED}
11:58:43.608 [qtp878861517-33] DEBUG org.eclipse.jetty.util.thread.QueuedThreadPool - Runner started for QueuedThreadPool[qtp878861517]@34625ccd{STARTED,8<=8<=14,i=8,r=1,q=0}[ReservedThreadExecutor@35038141{s=0/1,p=0}]
11:58:43.608 [Test worker] DEBUG org.eclipse.jetty.server.handler.AbstractHandler - starting HandlerCollection@3d3f761a{STARTING}
11:58:43.608 [Test worker] DEBUG org.eclipse.jetty.util.component.AbstractLifeCycle - starting o.e.j.s.ServletContextHandler@3a1d593e{/__admin,null,UNAVAILABLE}
11:58:43.609 [Test worker] DEBUG org.eclipse.jetty.server.handler.AbstractHandler - starting o.e.j.s.ServletContextHandler@3a1d593e{/__admin,null,STARTING}
11:58:43.609 [Test worker] DEBUG org.eclipse.jetty.util.component.AbstractLifeCycle - starting ServletHandler@18e7143f{STOPPED}
11:58:43.610 [Test worker] DEBUG org.eclipse.jetty.servlet.ServletHandler - Path=/recorder/*[EMBEDDED:null] mapped to servlet=org.eclipse.jetty.servlet.DefaultServlet-a1217f9[EMBEDDED:null]
11:58:43.610 [Test worker] DEBUG org.eclipse.jetty.http.pathmap.PathMappings - Added MappedResource[pathSpec=ServletPathSpec@81d248a7{/recorder/*},resource=org.eclipse.jetty.servlet.DefaultServlet-a1217f9@c4d0737c==org.eclipse.jetty.servlet.DefaultServlet,jsp=null,order=-1,inst=false,async=true] to PathMappings[size=1]
11:58:43.611 [Test worker] DEBUG org.eclipse.jetty.servlet.ServletHandler - Path=/swagger-ui/*[EMBEDDED:null] mapped to servlet=org.eclipse.jetty.servlet.DefaultServlet-f19c9d2[EMBEDDED:null]
11:58:43.611 [Test worker] DEBUG org.eclipse.jetty.http.pathmap.PathMappings - Added MappedResource[pathSpec=ServletPathSpec@1c2edfa0{/swagger-ui/*},resource=org.eclipse.jetty.servlet.DefaultServlet-f19c9d2@cdc90213==org.eclipse.jetty.servlet.DefaultServlet,jsp=null,order=-1,inst=false,async=true] to PathMappings[size=2]
11:58:43.611 [Test worker] DEBUG org.eclipse.jetty.servlet.ServletHandler - Path=/[EMBEDDED:null] mapped to servlet=com.github.tomakehurst.wiremock.servlet.WireMockHandlerDispatchingServlet-2baa8d82[EMBEDDED:null]
11:58:43.611 [Test worker] DEBUG org.eclipse.jetty.http.pathmap.PathMappings - Added MappedResource[pathSpec=ServletPathSpec@4e{/},resource=com.github.tomakehurst.wiremock.servlet.WireMockHandlerDispatchingServlet-2baa8d82@937f5784==com.github.tomakehurst.wiremock.servlet.WireMockHandlerDispatchingServlet,jsp=null,order=-1,inst=false,async=true] to PathMappings[size=3]
11:58:43.611 [Test worker] DEBUG org.eclipse.jetty.servlet.ServletHandler - filterNameMap={org.eclipse.jetty.servlets.CrossOriginFilter-49f5c307=org.eclipse.jetty.servlets.CrossOriginFilter-49f5c307@49f5c307==org.eclipse.jetty.servlets.CrossOriginFilter,inst=false,async=true}
11:58:43.611 [Test worker] DEBUG org.eclipse.jetty.servlet.ServletHandler - pathFilters=[[/*]/[]/[REQUEST]=>org.eclipse.jetty.servlets.CrossOriginFilter-49f5c307]
11:58:43.611 [Test worker] DEBUG org.eclipse.jetty.servlet.ServletHandler - servletFilterMap={}
11:58:43.612 [Test worker] DEBUG org.eclipse.jetty.servlet.ServletHandler - servletPathMap=PathMappings[size=3]
11:58:43.612 [Test worker] DEBUG org.eclipse.jetty.servlet.ServletHandler - servletNameMap={org.eclipse.jetty.servlet.DefaultServlet-f19c9d2=org.eclipse.jetty.servlet.DefaultServlet-f19c9d2@cdc90213==org.eclipse.jetty.servlet.DefaultServlet,jsp=null,order=-1,inst=false,async=true, com.github.tomakehurst.wiremock.servlet.WireMockHandlerDispatchingServlet-2baa8d82=com.github.tomakehurst.wiremock.servlet.WireMockHandlerDispatchingServlet-2baa8d82@937f5784==com.github.tomakehurst.wiremock.servlet.WireMockHandlerDispatchingServlet,jsp=null,order=-1,inst=false,async=true, org.eclipse.jetty.servlet.DefaultServlet-a1217f9=org.eclipse.jetty.servlet.DefaultServlet-a1217f9@c4d0737c==org.eclipse.jetty.servlet.DefaultServlet,jsp=null,order=-1,inst=false,async=true}
11:58:43.612 [Test worker] DEBUG org.eclipse.jetty.server.handler.AbstractHandler - starting ServletHandler@18e7143f{STARTING}
11:58:43.612 [Test worker] DEBUG org.eclipse.jetty.util.component.AbstractLifeCycle - STARTED @856ms ServletHandler@18e7143f{STARTED}
11:58:43.613 [Test worker] DEBUG org.eclipse.jetty.util.component.AbstractLifeCycle - starting org.eclipse.jetty.servlets.CrossOriginFilter-49f5c307@49f5c307==org.eclipse.jetty.servlets.CrossOriginFilter,inst=false,async=true
11:58:43.613 [Test worker] DEBUG org.eclipse.jetty.util.component.AbstractLifeCycle - STARTED @857ms org.eclipse.jetty.servlets.CrossOriginFilter-49f5c307@49f5c307==org.eclipse.jetty.servlets.CrossOriginFilter,inst=false,async=true
11:58:43.614 [Test worker] DEBUG org.eclipse.jetty.servlet.FilterHolder - Filter.init org.eclipse.jetty.servlets.CrossOriginFilter@15bcf458
11:58:43.615 [Test worker] DEBUG org.eclipse.jetty.servlets.CrossOriginFilter - Cross-origin filter configuration: allowedOrigins = *, allowedTimingOrigins = null, allowedMethods = OPTIONS,GET,POST,PUT,PATCH,DELETE, allowedHeaders = *, preflightMaxAge = 1800, allowCredentials = true,exposedHeaders = ,chainPreflight = false
11:58:43.615 [Test worker] DEBUG org.eclipse.jetty.util.component.AbstractLifeCycle - starting com.github.tomakehurst.wiremock.servlet.WireMockHandlerDispatchingServlet-2baa8d82@937f5784==com.github.tomakehurst.wiremock.servlet.WireMockHandlerDispatchingServlet,jsp=null,order=-1,inst=false,async=true
11:58:43.616 [Test worker] DEBUG org.eclipse.jetty.util.component.AbstractLifeCycle - STARTED @860ms com.github.tomakehurst.wiremock.servlet.WireMockHandlerDispatchingServlet-2baa8d82@937f5784==com.github.tomakehurst.wiremock.servlet.WireMockHandlerDispatchingServlet,jsp=null,order=-1,inst=false,async=true
11:58:43.616 [Test worker] DEBUG org.eclipse.jetty.util.component.AbstractLifeCycle - starting org.eclipse.jetty.servlet.DefaultServlet-a1217f9@c4d0737c==org.eclipse.jetty.servlet.DefaultServlet,jsp=null,order=-1,inst=false,async=true
11:58:43.616 [Test worker] DEBUG org.eclipse.jetty.util.component.AbstractLifeCycle - STARTED @860ms org.eclipse.jetty.servlet.DefaultServlet-a1217f9@c4d0737c==org.eclipse.jetty.servlet.DefaultServlet,jsp=null,order=-1,inst=false,async=true
11:58:43.616 [Test worker] DEBUG org.eclipse.jetty.util.component.AbstractLifeCycle - starting org.eclipse.jetty.servlet.DefaultServlet-f19c9d2@cdc90213==org.eclipse.jetty.servlet.DefaultServlet,jsp=null,order=-1,inst=false,async=true
11:58:43.616 [Test worker] DEBUG org.eclipse.jetty.util.component.AbstractLifeCycle - STARTED @860ms org.eclipse.jetty.servlet.DefaultServlet-f19c9d2@cdc90213==org.eclipse.jetty.servlet.DefaultServlet,jsp=null,order=-1,inst=false,async=true
11:58:43.616 [Test worker] INFO org.eclipse.jetty.server.handler.ContextHandler - Started o.e.j.s.ServletContextHandler@3a1d593e{/__admin,null,AVAILABLE}
11:58:43.616 [Test worker] DEBUG org.eclipse.jetty.util.component.AbstractLifeCycle - STARTED @860ms o.e.j.s.ServletContextHandler@3a1d593e{/__admin,null,AVAILABLE}
11:58:43.616 [Test worker] DEBUG org.eclipse.jetty.util.component.AbstractLifeCycle - starting GzipHandler@77cf3f8b{STOPPED,min=32,inflate=-1}
11:58:43.617 [Test worker] DEBUG org.eclipse.jetty.server.handler.AbstractHandler - starting GzipHandler@77cf3f8b{STARTING,min=32,inflate=-1}
11:58:43.617 [Test worker] DEBUG org.eclipse.jetty.util.component.AbstractLifeCycle - starting o.e.j.s.ServletContextHandler@70fab835{/,null,UNAVAILABLE}
11:58:43.618 [Test worker] DEBUG org.eclipse.jetty.server.handler.AbstractHandler - starting o.e.j.s.ServletContextHandler@70fab835{/,null,STARTING}
11:58:43.618 [Test worker] DEBUG org.eclipse.jetty.util.component.AbstractLifeCycle - starting ServletHandler@62417a16{STOPPED}
11:58:43.618 [Test worker] DEBUG org.eclipse.jetty.servlet.ServletHandler - Path=/__files/*[EMBEDDED:null] mapped to servlet=org.eclipse.jetty.servlet.DefaultServlet-32057e6[EMBEDDED:null]
11:58:43.618 [Test worker] DEBUG org.eclipse.jetty.http.pathmap.PathMappings - Added MappedResource[pathSpec=ServletPathSpec@387a9b82{/__files/*},resource=org.eclipse.jetty.servlet.DefaultServlet-32057e6@450c48c5==org.eclipse.jetty.servlet.DefaultServlet,jsp=null,order=-1,inst=false,async=true] to PathMappings[size=1]
11:58:43.618 [Test worker] DEBUG org.eclipse.jetty.servlet.ServletHandler - Path=/[EMBEDDED:null] mapped to servlet=com.github.tomakehurst.wiremock.servlet.WireMockHandlerDispatchingServlet-2fd1731c[EMBEDDED:null]
11:58:43.618 [Test worker] DEBUG org.eclipse.jetty.http.pathmap.PathMappings - Added MappedResource[pathSpec=ServletPathSpec@4e{/},resource=com.github.tomakehurst.wiremock.servlet.WireMockHandlerDispatchingServlet-2fd1731c@6991393d==com.github.tomakehurst.wiremock.servlet.WireMockHandlerDispatchingServlet,jsp=null,order=-1,inst=false,async=true] to PathMappings[size=2]
11:58:43.618 [Test worker] DEBUG org.eclipse.jetty.servlet.ServletHandler - filterNameMap={com.github.tomakehurst.wiremock.servlet.TrailingSlashFilter-3af4e0bf=com.github.tomakehurst.wiremock.servlet.TrailingSlashFilter-3af4e0bf@3af4e0bf==com.github.tomakehurst.wiremock.servlet.TrailingSlashFilter,inst=false,async=true, com.github.tomakehurst.wiremock.servlet.ContentTypeSettingFilter-514eedd8=com.github.tomakehurst.wiremock.servlet.ContentTypeSettingFilter-514eedd8@514eedd8==com.github.tomakehurst.wiremock.servlet.ContentTypeSettingFilter,inst=false,async=true}
11:58:43.619 [Test worker] DEBUG org.eclipse.jetty.servlet.ServletHandler - pathFilters=[[/__files/*]/[]/[FORWARD]=>com.github.tomakehurst.wiremock.servlet.ContentTypeSettingFilter-514eedd8, [/__files/*]/[]/[ASYNC, REQUEST, INCLUDE, FORWARD, ERROR]=>com.github.tomakehurst.wiremock.servlet.TrailingSlashFilter-3af4e0bf]
11:58:43.619 [Test worker] DEBUG org.eclipse.jetty.servlet.ServletHandler - servletFilterMap={}
11:58:43.619 [Test worker] DEBUG org.eclipse.jetty.servlet.ServletHandler - servletPathMap=PathMappings[size=2]
11:58:43.619 [Test worker] DEBUG org.eclipse.jetty.servlet.ServletHandler - servletNameMap={org.eclipse.jetty.servlet.DefaultServlet-32057e6=org.eclipse.jetty.servlet.DefaultServlet-32057e6@450c48c5==org.eclipse.jetty.servlet.DefaultServlet,jsp=null,order=-1,inst=false,async=true, com.github.tomakehurst.wiremock.servlet.WireMockHandlerDispatchingServlet-2fd1731c=com.github.tomakehurst.wiremock.servlet.WireMockHandlerDispatchingServlet-2fd1731c@6991393d==com.github.tomakehurst.wiremock.servlet.WireMockHandlerDispatchingServlet,jsp=null,order=-1,inst=false,async=true}
11:58:43.619 [Test worker] DEBUG org.eclipse.jetty.server.handler.AbstractHandler - starting ServletHandler@62417a16{STARTING}
11:58:43.619 [Test worker] DEBUG org.eclipse.jetty.util.component.AbstractLifeCycle - STARTED @863ms ServletHandler@62417a16{STARTED}
11:58:43.619 [Test worker] DEBUG org.eclipse.jetty.util.component.AbstractLifeCycle - starting NotFoundHandler@7fb9f71f{STOPPED}
11:58:43.619 [Test worker] DEBUG org.eclipse.jetty.server.handler.AbstractHandler - starting NotFoundHandler@7fb9f71f{STARTING}
11:58:43.619 [Test worker] DEBUG org.eclipse.jetty.util.component.AbstractLifeCycle - STARTED @863ms NotFoundHandler@7fb9f71f{STARTED}
11:58:43.619 [Test worker] DEBUG org.eclipse.jetty.util.component.AbstractLifeCycle - starting com.github.tomakehurst.wiremock.servlet.ContentTypeSettingFilter-514eedd8@514eedd8==com.github.tomakehurst.wiremock.servlet.ContentTypeSettingFilter,inst=false,async=true
11:58:43.620 [Test worker] DEBUG org.eclipse.jetty.util.component.AbstractLifeCycle - STARTED @864ms com.github.tomakehurst.wiremock.servlet.ContentTypeSettingFilter-514eedd8@514eedd8==com.github.tomakehurst.wiremock.servlet.ContentTypeSettingFilter,inst=false,async=true
11:58:43.620 [Test worker] DEBUG org.eclipse.jetty.servlet.FilterHolder - Filter.init com.github.tomakehurst.wiremock.servlet.ContentTypeSettingFilter@70e659aa
11:58:43.620 [Test worker] DEBUG org.eclipse.jetty.util.component.AbstractLifeCycle - starting com.github.tomakehurst.wiremock.servlet.TrailingSlashFilter-3af4e0bf@3af4e0bf==com.github.tomakehurst.wiremock.servlet.TrailingSlashFilter,inst=false,async=true
11:58:43.620 [Test worker] DEBUG org.eclipse.jetty.util.component.AbstractLifeCycle - STARTED @864ms com.github.tomakehurst.wiremock.servlet.TrailingSlashFilter-3af4e0bf@3af4e0bf==com.github.tomakehurst.wiremock.servlet.TrailingSlashFilter,inst=false,async=true
11:58:43.620 [Test worker] DEBUG org.eclipse.jetty.servlet.FilterHolder - Filter.init com.github.tomakehurst.wiremock.servlet.TrailingSlashFilter@285f09de
11:58:43.620 [Test worker] DEBUG org.eclipse.jetty.util.component.AbstractLifeCycle - starting com.github.tomakehurst.wiremock.servlet.WireMockHandlerDispatchingServlet-2fd1731c@6991393d==com.github.tomakehurst.wiremock.servlet.WireMockHandlerDispatchingServlet,jsp=null,order=-1,inst=false,async=true
11:58:43.620 [Test worker] DEBUG org.eclipse.jetty.util.component.AbstractLifeCycle - STARTED @864ms com.github.tomakehurst.wiremock.servlet.WireMockHandlerDispatchingServlet-2fd1731c@6991393d==com.github.tomakehurst.wiremock.servlet.WireMockHandlerDispatchingServlet,jsp=null,order=-1,inst=false,async=true
11:58:43.620 [Test worker] DEBUG org.eclipse.jetty.util.component.AbstractLifeCycle - starting org.eclipse.jetty.servlet.DefaultServlet-32057e6@450c48c5==org.eclipse.jetty.servlet.DefaultServlet,jsp=null,order=-1,inst=false,async=true
11:58:43.621 [Test worker] DEBUG org.eclipse.jetty.util.component.AbstractLifeCycle - STARTED @865ms org.eclipse.jetty.servlet.DefaultServlet-32057e6@450c48c5==org.eclipse.jetty.servlet.DefaultServlet,jsp=null,order=-1,inst=false,async=true
11:58:43.621 [Test worker] INFO org.eclipse.jetty.server.handler.ContextHandler - Started o.e.j.s.ServletContextHandler@70fab835{/,null,AVAILABLE}
11:58:43.621 [Test worker] DEBUG org.eclipse.jetty.util.component.AbstractLifeCycle - STARTED @865ms o.e.j.s.ServletContextHandler@70fab835{/,null,AVAILABLE}
11:58:43.621 [Test worker] DEBUG org.eclipse.jetty.util.component.AbstractLifeCycle - STARTED @865ms GzipHandler@77cf3f8b{STARTED,min=32,inflate=-1}
11:58:43.622 [Test worker] DEBUG org.eclipse.jetty.util.component.AbstractLifeCycle - STARTED @866ms HandlerCollection@3d3f761a{STARTED}
11:58:43.622 [Test worker] DEBUG org.eclipse.jetty.util.component.AbstractLifeCycle - starting ErrorHandler@7d373bcf{STOPPED}
11:58:43.622 [Test worker] DEBUG org.eclipse.jetty.server.handler.AbstractHandler - starting ErrorHandler@7d373bcf{STARTING}
11:58:43.622 [Test worker] DEBUG org.eclipse.jetty.util.component.AbstractLifeCycle - STARTED @866ms ErrorHandler@7d373bcf{STARTED}
11:58:43.622 [Test worker] DEBUG org.eclipse.jetty.util.component.AbstractLifeCycle - starting NetworkTrafficServerConnector@4602c2a9{HTTP/1.1, (http/1.1)}{0.0.0.0:8081}
11:58:43.624 [Test worker] DEBUG org.eclipse.jetty.util.component.ContainerLifeCycle - NetworkTrafficServerConnector@4602c2a9{HTTP/1.1, (http/1.1)}{0.0.0.0:8081} added {sun.nio.ch.ServerSocketChannelImpl[/[0:0:0:0:0:0:0:0]:8081],POJO}
11:58:43.625 [Test worker] DEBUG org.eclipse.jetty.util.component.AbstractLifeCycle - starting ScheduledExecutorScheduler@5b6813df{STOPPED}
11:58:43.626 [Test worker] DEBUG org.eclipse.jetty.util.component.AbstractLifeCycle - STARTED @871ms ScheduledExecutorScheduler@5b6813df{STARTED}
11:58:43.627 [Test worker] DEBUG org.eclipse.jetty.util.component.AbstractLifeCycle - starting HttpConnectionFactory@5b970f7[HTTP/1.1]
11:58:43.627 [Test worker] DEBUG org.eclipse.jetty.util.component.AbstractLifeCycle - STARTED @871ms HttpConnectionFactory@5b970f7[HTTP/1.1]
11:58:43.627 [Test worker] DEBUG org.eclipse.jetty.util.component.AbstractLifeCycle - starting SelectorManager@NetworkTrafficServerConnector@4602c2a9{HTTP/1.1, (http/1.1)}{0.0.0.0:8081}
11:58:43.633 [Test worker] DEBUG org.eclipse.jetty.util.component.ContainerLifeCycle - EatWhatYouKill@20312893/SelectorProducer@70eecdc2/IDLE/p=false/QueuedThreadPool[qtp878861517]@34625ccd{STARTED,8<=8<=14,i=8,r=1,q=0}[ReservedThreadExecutor@35038141{s=0/1,p=0}][pc=0,pic=0,pec=0,epc=0]@2024-05-10T11:58:43.632157+01:00 added {SelectorProducer@70eecdc2,POJO}
11:58:43.633 [Test worker] DEBUG org.eclipse.jetty.util.component.ContainerLifeCycle - EatWhatYouKill@20312893/SelectorProducer@70eecdc2/IDLE/p=false/QueuedThreadPool[qtp878861517]@34625ccd{STARTED,8<=8<=14,i=8,r=1,q=0}[ReservedThreadExecutor@35038141{s=0/1,p=0}][pc=0,pic=0,pec=0,epc=0]@2024-05-10T11:58:43.633719+01:00 added {QueuedThreadPool[qtp878861517]@34625ccd{STARTED,8<=8<=14,i=8,r=1,q=0}[ReservedThreadExecutor@35038141{s=0/1,p=0}],UNMANAGED}
11:58:43.634 [Test worker] DEBUG org.eclipse.jetty.util.thread.strategy.EatWhatYouKill - EatWhatYouKill@20312893/SelectorProducer@70eecdc2/IDLE/p=false/QueuedThreadPool[qtp878861517]@34625ccd{STARTED,8<=8<=14,i=8,r=1,q=0}[ReservedThreadExecutor@35038141{s=0/1,p=0}][pc=0,pic=0,pec=0,epc=0]@2024-05-10T11:58:43.634169+01:00 created
11:58:43.634 [Test worker] DEBUG org.eclipse.jetty.util.component.ContainerLifeCycle - ManagedSelector@669253b7{STOPPED} id=0 keys=-1 selected=-1 updates=0 added {EatWhatYouKill@20312893/SelectorProducer@70eecdc2/IDLE/p=false/QueuedThreadPool[qtp878861517]@34625ccd{STARTED,8<=8<=14,i=8,r=1,q=0}[ReservedThreadExecutor@35038141{s=0/1,p=0}][pc=0,pic=0,pec=0,epc=0]@2024-05-10T11:58:43.634819+01:00,MANAGED}
11:58:43.635 [Test worker] DEBUG org.eclipse.jetty.util.component.ContainerLifeCycle - SelectorManager@NetworkTrafficServerConnector@4602c2a9{HTTP/1.1, (http/1.1)}{0.0.0.0:8081} added {ManagedSelector@669253b7{STOPPED} id=0 keys=-1 selected=-1 updates=0,AUTO}
11:58:43.635 [Test worker] DEBUG org.eclipse.jetty.util.component.ContainerLifeCycle - EatWhatYouKill@5305c37d/SelectorProducer@51a06cbe/IDLE/p=false/QueuedThreadPool[qtp878861517]@34625ccd{STARTED,8<=8<=14,i=8,r=1,q=0}[ReservedThreadExecutor@35038141{s=0/1,p=0}][pc=0,pic=0,pec=0,epc=0]@2024-05-10T11:58:43.63579+01:00 added {SelectorProducer@51a06cbe,POJO}
11:58:43.636 [Test worker] DEBUG org.eclipse.jetty.util.component.ContainerLifeCycle - EatWhatYouKill@5305c37d/SelectorProducer@51a06cbe/IDLE/p=false/QueuedThreadPool[qtp878861517]@34625ccd{STARTED,8<=8<=14,i=8,r=1,q=0}[ReservedThreadExecutor@35038141{s=0/1,p=0}][pc=0,pic=0,pec=0,epc=0]@2024-05-10T11:58:43.636143+01:00 added {QueuedThreadPool[qtp878861517]@34625ccd{STARTED,8<=8<=14,i=8,r=1,q=0}[ReservedThreadExecutor@35038141{s=0/1,p=0}],UNMANAGED}
11:58:43.636 [Test worker] DEBUG org.eclipse.jetty.util.thread.strategy.EatWhatYouKill - EatWhatYouKill@5305c37d/SelectorProducer@51a06cbe/IDLE/p=false/QueuedThreadPool[qtp878861517]@34625ccd{STARTED,8<=8<=14,i=8,r=1,q=0}[ReservedThreadExecutor@35038141{s=0/1,p=0}][pc=0,pic=0,pec=0,epc=0]@2024-05-10T11:58:43.636638+01:00 created
11:58:43.637 [Test worker] DEBUG org.eclipse.jetty.util.component.ContainerLifeCycle - ManagedSelector@3dddbe65{STOPPED} id=1 keys=-1 selected=-1 updates=0 added {EatWhatYouKill@5305c37d/SelectorProducer@51a06cbe/IDLE/p=false/QueuedThreadPool[qtp878861517]@34625ccd{STARTED,8<=8<=14,i=8,r=1,q=0}[ReservedThreadExecutor@35038141{s=0/1,p=0}][pc=0,pic=0,pec=0,epc=0]@2024-05-10T11:58:43.63699+01:00,MANAGED}
11:58:43.637 [Test worker] DEBUG org.eclipse.jetty.util.component.ContainerLifeCycle - SelectorManager@NetworkTrafficServerConnector@4602c2a9{HTTP/1.1, (http/1.1)}{0.0.0.0:8081} added {ManagedSelector@3dddbe65{STOPPED} id=1 keys=-1 selected=-1 updates=0,AUTO}
11:58:43.637 [Test worker] DEBUG org.eclipse.jetty.util.component.AbstractLifeCycle - starting ManagedSelector@669253b7{STOPPED} id=0 keys=-1 selected=-1 updates=0
11:58:43.637 [Test worker] DEBUG org.eclipse.jetty.util.component.AbstractLifeCycle - starting EatWhatYouKill@20312893/SelectorProducer@70eecdc2/IDLE/p=false/QueuedThreadPool[qtp878861517]@34625ccd{STARTED,8<=8<=14,i=8,r=1,q=0}[ReservedThreadExecutor@35038141{s=0/1,p=0}][pc=0,pic=0,pec=0,epc=0]@2024-05-10T11:58:43.637675+01:00
11:58:43.638 [Test worker] DEBUG org.eclipse.jetty.util.component.AbstractLifeCycle - STARTED @881ms EatWhatYouKill@20312893/SelectorProducer@70eecdc2/IDLE/p=false/QueuedThreadPool[qtp878861517]@34625ccd{STARTED,8<=8<=14,i=8,r=1,q=0}[ReservedThreadExecutor@35038141{s=0/1,p=0}][pc=0,pic=0,pec=0,epc=0]@2024-05-10T11:58:43.638017+01:00
11:58:43.638 [Test worker] DEBUG org.eclipse.jetty.util.thread.QueuedThreadPool - queue org.eclipse.jetty.io.ManagedSelector$$Lambda$427/0x0000000122226bb8@344561e0 startThread=0
11:58:43.638 [qtp878861517-26] DEBUG org.eclipse.jetty.util.thread.QueuedThreadPool - run org.eclipse.jetty.io.ManagedSelector$$Lambda$427/0x0000000122226bb8@344561e0 in QueuedThreadPool[qtp878861517]@34625ccd{STARTED,8<=8<=14,i=7,r=1,q=0}[ReservedThreadExecutor@35038141{s=0/1,p=0}]
11:58:43.639 [qtp878861517-26] DEBUG org.eclipse.jetty.util.thread.strategy.EatWhatYouKill - EatWhatYouKill@20312893/SelectorProducer@70eecdc2/IDLE/p=false/QueuedThreadPool[qtp878861517]@34625ccd{STARTED,8<=8<=14,i=7,r=1,q=0}[ReservedThreadExecutor@35038141{s=0/1,p=0}][pc=0,pic=0,pec=0,epc=0]@2024-05-10T11:58:43.639099+01:00 tryProduce false
11:58:43.639 [Test worker] DEBUG org.eclipse.jetty.io.ManagedSelector - Queued change lazy=false org.eclipse.jetty.io.ManagedSelector$Start@52d10fb8 on ManagedSelector@669253b7{STARTING} id=0 keys=0 selected=0 updates=0
11:58:43.639 [qtp878861517-26] DEBUG org.eclipse.jetty.io.ManagedSelector - updateable 1
11:58:43.639 [qtp878861517-26] DEBUG org.eclipse.jetty.io.ManagedSelector - update org.eclipse.jetty.io.ManagedSelector$Start@52d10fb8
11:58:43.640 [qtp878861517-26] DEBUG org.eclipse.jetty.io.ManagedSelector - updates 0
11:58:43.640 [Test worker] DEBUG org.eclipse.jetty.util.component.AbstractLifeCycle - STARTED @884ms ManagedSelector@669253b7{STARTED} id=0 keys=0 selected=0 updates=0
11:58:43.640 [qtp878861517-26] DEBUG org.eclipse.jetty.io.ManagedSelector - Selector sun.nio.ch.KQueueSelectorImpl@1c2ddfe9 waiting with 0 keys
11:58:43.640 [Test worker] DEBUG org.eclipse.jetty.util.component.AbstractLifeCycle - starting ManagedSelector@3dddbe65{STOPPED} id=1 keys=-1 selected=-1 updates=0
11:58:43.640 [Test worker] DEBUG org.eclipse.jetty.util.component.AbstractLifeCycle - starting EatWhatYouKill@5305c37d/SelectorProducer@51a06cbe/IDLE/p=false/QueuedThreadPool[qtp878861517]@34625ccd{STARTED,8<=8<=14,i=7,r=1,q=0}[ReservedThreadExecutor@35038141{s=0/1,p=0}][pc=0,pic=0,pec=0,epc=0]@2024-05-10T11:58:43.640675+01:00
11:58:43.640 [Test worker] DEBUG org.eclipse.jetty.util.component.AbstractLifeCycle - STARTED @884ms EatWhatYouKill@5305c37d/SelectorProducer@51a06cbe/IDLE/p=false/QueuedThreadPool[qtp878861517]@34625ccd{STARTED,8<=8<=14,i=7,r=1,q=0}[ReservedThreadExecutor@35038141{s=0/1,p=0}][pc=0,pic=0,pec=0,epc=0]@2024-05-10T11:58:43.640922+01:00
11:58:43.641 [Test worker] DEBUG org.eclipse.jetty.util.thread.QueuedThreadPool - queue org.eclipse.jetty.io.ManagedSelector$$Lambda$427/0x0000000122226bb8@1fe8d51b startThread=0
11:58:43.641 [qtp878861517-27] DEBUG org.eclipse.jetty.util.thread.QueuedThreadPool - run org.eclipse.jetty.io.ManagedSelector$$Lambda$427/0x0000000122226bb8@1fe8d51b in QueuedThreadPool[qtp878861517]@34625ccd{STARTED,8<=8<=14,i=6,r=1,q=0}[ReservedThreadExecutor@35038141{s=0/1,p=0}]
11:58:43.641 [Test worker] DEBUG org.eclipse.jetty.io.ManagedSelector - Queued change lazy=false org.eclipse.jetty.io.ManagedSelector$Start@781e7326 on ManagedSelector@3dddbe65{STARTING} id=1 keys=0 selected=0 updates=0
11:58:43.641 [qtp878861517-27] DEBUG org.eclipse.jetty.util.thread.strategy.EatWhatYouKill - EatWhatYouKill@5305c37d/SelectorProducer@51a06cbe/IDLE/p=false/QueuedThreadPool[qtp878861517]@34625ccd{STARTED,8<=8<=14,i=6,r=1,q=0}[ReservedThreadExecutor@35038141{s=0/1,p=0}][pc=0,pic=0,pec=0,epc=0]@2024-05-10T11:58:43.641467+01:00 tryProduce false
11:58:43.641 [qtp878861517-27] DEBUG org.eclipse.jetty.io.ManagedSelector - updateable 1
11:58:43.641 [qtp878861517-27] DEBUG org.eclipse.jetty.io.ManagedSelector - update org.eclipse.jetty.io.ManagedSelector$Start@781e7326
11:58:43.641 [qtp878861517-27] DEBUG org.eclipse.jetty.io.ManagedSelector - updates 0
11:58:43.641 [qtp878861517-27] DEBUG org.eclipse.jetty.io.ManagedSelector - Selector sun.nio.ch.KQueueSelectorImpl@6a8f615e waiting with 0 keys
11:58:43.641 [Test worker] DEBUG org.eclipse.jetty.util.component.AbstractLifeCycle - STARTED @885ms ManagedSelector@3dddbe65{STARTED} id=1 keys=0 selected=0 updates=0
11:58:43.641 [Test worker] DEBUG org.eclipse.jetty.util.component.AbstractLifeCycle - STARTED @885ms SelectorManager@NetworkTrafficServerConnector@4602c2a9{HTTP/1.1, (http/1.1)}{0.0.0.0:8081}
11:58:43.642 [Test worker] DEBUG org.eclipse.jetty.util.component.ContainerLifeCycle - NetworkTrafficServerConnector@4602c2a9{HTTP/1.1, (http/1.1)}{0.0.0.0:8081} added {acceptor-0@324dcd31,POJO}
11:58:43.642 [Test worker] DEBUG org.eclipse.jetty.util.thread.QueuedThreadPool - queue acceptor-0@324dcd31 startThread=0
11:58:43.642 [Test worker] DEBUG org.eclipse.jetty.util.component.ContainerLifeCycle - NetworkTrafficServerConnector@4602c2a9{HTTP/1.1, (http/1.1)}{0.0.0.0:8081} added {acceptor-1@503d56b5,POJO}
11:58:43.642 [qtp878861517-28] DEBUG org.eclipse.jetty.util.thread.QueuedThreadPool - run acceptor-0@324dcd31 in QueuedThreadPool[qtp878861517]@34625ccd{STARTED,8<=8<=14,i=5,r=1,q=0}[ReservedThreadExecutor@35038141{s=0/1,p=0}]
11:58:43.642 [Test worker] DEBUG org.eclipse.jetty.util.thread.QueuedThreadPool - queue acceptor-1@503d56b5 startThread=0
11:58:43.643 [Test worker] DEBUG org.eclipse.jetty.util.component.ContainerLifeCycle - NetworkTrafficServerConnector@4602c2a9{HTTP/1.1, (http/1.1)}{0.0.0.0:8081} added {acceptor-2@72bca894,POJO}
11:58:43.643 [qtp878861517-29] DEBUG org.eclipse.jetty.util.thread.QueuedThreadPool - run acceptor-1@503d56b5 in QueuedThreadPool[qtp878861517]@34625ccd{STARTED,8<=8<=14,i=4,r=1,q=0}[ReservedThreadExecutor@35038141{s=0/1,p=0}]
11:58:43.643 [Test worker] DEBUG org.eclipse.jetty.util.thread.QueuedThreadPool - queue acceptor-2@72bca894 startThread=0
11:58:43.643 [Test worker] INFO org.eclipse.jetty.server.AbstractConnector - Started NetworkTrafficServerConnector@4602c2a9{HTTP/1.1, (http/1.1)}{0.0.0.0:8081}
11:58:43.643 [qtp878861517-30] DEBUG org.eclipse.jetty.util.thread.QueuedThreadPool - run acceptor-2@72bca894 in QueuedThreadPool[qtp878861517]@34625ccd{STARTED,8<=8<=14,i=3,r=1,q=0}[ReservedThreadExecutor@35038141{s=0/1,p=0}]
11:58:43.643 [Test worker] DEBUG org.eclipse.jetty.util.component.AbstractLifeCycle - STARTED @887ms NetworkTrafficServerConnector@4602c2a9{HTTP/1.1, (http/1.1)}{0.0.0.0:8081}
11:58:43.643 [Test worker] INFO org.eclipse.jetty.server.Server - Started @887ms
11:58:43.643 [Test worker] DEBUG org.eclipse.jetty.util.component.AbstractLifeCycle - STARTED @887ms Server@48c35007{STARTED}[9.4.31.v20200723]
11:58:43.822 [qtp878861517-28-acceptor-0@324dcd31-NetworkTrafficServerConnector@4602c2a9{HTTP/1.1, (http/1.1)}{0.0.0.0:8081}] DEBUG org.eclipse.jetty.io.ManagedSelector - Queued change lazy=false Accept@3ee6598d[java.nio.channels.SocketChannel[connected local=/127.0.0.1:8081 remote=/127.0.0.1:56539]] on ManagedSelector@3dddbe65{STARTED} id=1 keys=0 selected=0 updates=0
11:58:43.822 [qtp878861517-28-acceptor-0@324dcd31-NetworkTrafficServerConnector@4602c2a9{HTTP/1.1, (http/1.1)}{0.0.0.0:8081}] DEBUG org.eclipse.jetty.io.ManagedSelector - Wakeup on submit ManagedSelector@3dddbe65{STARTED} id=1 keys=0 selected=0 updates=1
11:58:43.822 [qtp878861517-27] DEBUG org.eclipse.jetty.io.ManagedSelector - Selector sun.nio.ch.KQueueSelectorImpl@6a8f615e woken with none selected
11:58:43.822 [qtp878861517-27] DEBUG org.eclipse.jetty.io.ManagedSelector - Selector sun.nio.ch.KQueueSelectorImpl@6a8f615e woken up from select, 0/0/0 selected
11:58:43.823 [qtp878861517-27] DEBUG org.eclipse.jetty.io.ManagedSelector - Selector sun.nio.ch.KQueueSelectorImpl@6a8f615e processing 0 keys, 1 updates
11:58:43.823 [qtp878861517-27] DEBUG org.eclipse.jetty.io.ManagedSelector - updateable 1
11:58:43.823 [qtp878861517-27] DEBUG org.eclipse.jetty.io.ManagedSelector - update Accept@3ee6598d[java.nio.channels.SocketChannel[connected local=/127.0.0.1:8081 remote=/127.0.0.1:56539]]
11:58:43.823 [qtp878861517-27] DEBUG org.eclipse.jetty.util.thread.QueuedThreadPool - queue Accept@3ee6598d[java.nio.channels.SocketChannel[connected local=/127.0.0.1:8081 remote=/127.0.0.1:56539]] startThread=0
11:58:43.823 [qtp878861517-27] DEBUG org.eclipse.jetty.io.ManagedSelector - updates 0
11:58:43.823 [qtp878861517-31] DEBUG org.eclipse.jetty.util.thread.QueuedThreadPool - run Accept@3ee6598d[java.nio.channels.SocketChannel[connected local=/127.0.0.1:8081 remote=/127.0.0.1:56539]] in QueuedThreadPool[qtp878861517]@34625ccd{STARTED,8<=8<=14,i=2,r=1,q=0}[ReservedThreadExecutor@35038141{s=0/1,p=0}]
11:58:43.823 [qtp878861517-27] DEBUG org.eclipse.jetty.io.ManagedSelector - Selector sun.nio.ch.KQueueSelectorImpl@6a8f615e waiting with 1 keys
11:58:43.828 [qtp878861517-31] DEBUG org.eclipse.jetty.io.IdleTimeout - NetworkTrafficSocketChannelEndPoint@1ef09cf9{l=/127.0.0.1:8081,r=/127.0.0.1:56539,OPEN,fill=-,flush=-,to=2/30000}{io=0/0,kio=0,kro=0}-><null> idle timeout check, elapsed: 2 ms, remaining: 29998 ms
11:58:43.853 [qtp878861517-31] DEBUG org.eclipse.jetty.server.HttpChannel - new HttpChannelOverHttp@294af61f{s=HttpChannelState@1bbe4c54{s=IDLE rs=BLOCKING os=OPEN is=IDLE awp=false se=false i=true al=0},r=0,c=false/false,a=IDLE,uri=null,age=0} -> NetworkTrafficSocketChannelEndPoint@1ef09cf9{l=/127.0.0.1:8081,r=/127.0.0.1:56539,OPEN,fill=-,flush=-,to=28/30000}{io=0/0,kio=0,kro=0}-><null>,null,HttpChannelState@1bbe4c54{s=IDLE rs=BLOCKING os=OPEN is=IDLE awp=false se=false i=true al=0}
11:58:43.858 [qtp878861517-31] DEBUG org.eclipse.jetty.server.HttpConnection - New HTTP Connection HttpConnection@7120f6fc::NetworkTrafficSocketChannelEndPoint@1ef09cf9{l=/127.0.0.1:8081,r=/127.0.0.1:56539,OPEN,fill=-,flush=-,to=33/30000}{io=0/0,kio=0,kro=0}-><null>
11:58:43.859 [qtp878861517-31] DEBUG org.eclipse.jetty.io.ManagedSelector - Queued change lazy=true org.eclipse.jetty.io.ManagedSelector$$Lambda$444/0x00000001222b6b50@4af9c745 on ManagedSelector@3dddbe65{STARTED} id=1 keys=1 selected=0 updates=0
11:58:43.860 [qtp878861517-31] DEBUG org.eclipse.jetty.io.AbstractEndPoint - onOpen NetworkTrafficSocketChannelEndPoint@1ef09cf9{l=/127.0.0.1:8081,r=/127.0.0.1:56539,OPEN,fill=-,flush=-,to=34/30000}{io=0/0,kio=0,kro=0}->HttpConnection@7120f6fc[p=HttpParser{s=START,0 of -1},g=HttpGenerator@6bd89070{s=START}]=>HttpChannelOverHttp@294af61f{s=HttpChannelState@1bbe4c54{s=IDLE rs=BLOCKING os=OPEN is=IDLE awp=false se=false i=true al=0},r=0,c=false/false,a=IDLE,uri=null,age=0}
11:58:43.860 [qtp878861517-31] DEBUG org.eclipse.jetty.io.AbstractConnection - onOpen HttpConnection@7120f6fc::NetworkTrafficSocketChannelEndPoint@1ef09cf9{l=/127.0.0.1:8081,r=/127.0.0.1:56539,OPEN,fill=-,flush=-,to=35/30000}{io=0/0,kio=0,kro=0}->HttpConnection@7120f6fc[p=HttpParser{s=START,0 of -1},g=HttpGenerator@6bd89070{s=START}]=>HttpChannelOverHttp@294af61f{s=HttpChannelState@1bbe4c54{s=IDLE rs=BLOCKING os=OPEN is=IDLE awp=false se=false i=true al=0},r=0,c=false/false,a=IDLE,uri=null,age=0}
11:58:43.860 [qtp878861517-31] DEBUG org.eclipse.jetty.io.AbstractConnection - fillInterested HttpConnection@7120f6fc::NetworkTrafficSocketChannelEndPoint@1ef09cf9{l=/127.0.0.1:8081,r=/127.0.0.1:56539,OPEN,fill=-,flush=-,to=35/30000}{io=0/0,kio=0,kro=0}->HttpConnection@7120f6fc[p=HttpParser{s=START,0 of -1},g=HttpGenerator@6bd89070{s=START}]=>HttpChannelOverHttp@294af61f{s=HttpChannelState@1bbe4c54{s=IDLE rs=BLOCKING os=OPEN is=IDLE awp=false se=false i=true al=0},r=0,c=false/false,a=IDLE,uri=null,age=0}
11:58:43.861 [qtp878861517-31] DEBUG org.eclipse.jetty.io.FillInterest - interested FillInterest@1ea3e955{AC.ReadCB@7120f6fc{HttpConnection@7120f6fc::NetworkTrafficSocketChannelEndPoint@1ef09cf9{l=/127.0.0.1:8081,r=/127.0.0.1:56539,OPEN,fill=FI,flush=-,to=0/30000}{io=0/0,kio=0,kro=0}->HttpConnection@7120f6fc[p=HttpParser{s=START,0 of -1},g=HttpGenerator@6bd89070{s=START}]=>HttpChannelOverHttp@294af61f{s=HttpChannelState@1bbe4c54{s=IDLE rs=BLOCKING os=OPEN is=IDLE awp=false se=false i=true al=0},r=0,c=false/false,a=IDLE,uri=null,age=0}}}
11:58:43.861 [qtp878861517-31] DEBUG org.eclipse.jetty.io.ChannelEndPoint - changeInterests p=false 0->1 for NetworkTrafficSocketChannelEndPoint@1ef09cf9{l=/127.0.0.1:8081,r=/127.0.0.1:56539,OPEN,fill=FI,flush=-,to=0/30000}{io=0/1,kio=0,kro=0}->HttpConnection@7120f6fc[p=HttpParser{s=START,0 of -1},g=HttpGenerator@6bd89070{s=START}]=>HttpChannelOverHttp@294af61f{s=HttpChannelState@1bbe4c54{s=IDLE rs=BLOCKING os=OPEN is=IDLE awp=false se=false i=true al=0},r=0,c=false/false,a=IDLE,uri=null,age=0}
11:58:43.861 [qtp878861517-31] DEBUG org.eclipse.jetty.io.ManagedSelector - Queued change lazy=false org.eclipse.jetty.io.ChannelEndPoint$$Lambda$437/0x00000001222a8418@60ccca1c on ManagedSelector@3dddbe65{STARTED} id=1 keys=1 selected=0 updates=1
11:58:43.861 [qtp878861517-31] DEBUG org.eclipse.jetty.io.ManagedSelector - Wakeup on submit ManagedSelector@3dddbe65{STARTED} id=1 keys=1 selected=0 updates=2
11:58:43.861 [qtp878861517-27] DEBUG org.eclipse.jetty.io.ManagedSelector - Selector sun.nio.ch.KQueueSelectorImpl@6a8f615e woken with none selected
11:58:43.861 [qtp878861517-27] DEBUG org.eclipse.jetty.io.ManagedSelector - Selector sun.nio.ch.KQueueSelectorImpl@6a8f615e woken up from select, 0/0/1 selected
11:58:43.861 [qtp878861517-31] DEBUG org.eclipse.jetty.io.ManagedSelector - Created NetworkTrafficSocketChannelEndPoint@1ef09cf9{l=/127.0.0.1:8081,r=/127.0.0.1:56539,OPEN,fill=FI,flush=-,to=0/30000}{io=0/1,kio=0,kro=0}->HttpConnection@7120f6fc[p=HttpParser{s=START,0 of -1},g=HttpGenerator@6bd89070{s=START}]=>HttpChannelOverHttp@294af61f{s=HttpChannelState@1bbe4c54{s=IDLE rs=BLOCKING os=OPEN is=IDLE awp=false se=false i=true al=0},r=0,c=false/false,a=IDLE,uri=null,age=0}
11:58:43.861 [qtp878861517-27] DEBUG org.eclipse.jetty.io.ManagedSelector - Selector sun.nio.ch.KQueueSelectorImpl@6a8f615e processing 0 keys, 2 updates
11:58:43.861 [qtp878861517-27] DEBUG org.eclipse.jetty.io.ManagedSelector - updateable 2
11:58:43.861 [qtp878861517-27] DEBUG org.eclipse.jetty.io.ManagedSelector - update org.eclipse.jetty.io.ManagedSelector$$Lambda$444/0x00000001222b6b50@4af9c745
11:58:43.862 [qtp878861517-31] DEBUG org.eclipse.jetty.util.thread.QueuedThreadPool - ran Accept@3ee6598d[java.nio.channels.SocketChannel[connected local=/127.0.0.1:8081 remote=/127.0.0.1:56539]] in QueuedThreadPool[qtp878861517]@34625ccd{STARTED,8<=8<=14,i=2,r=1,q=0}[ReservedThreadExecutor@35038141{s=0/1,p=0}]
11:58:43.862 [qtp878861517-27] DEBUG org.eclipse.jetty.io.ManagedSelector - update org.eclipse.jetty.io.ChannelEndPoint$$Lambda$437/0x00000001222a8418@60ccca1c
11:58:43.862 [qtp878861517-27] DEBUG org.eclipse.jetty.io.ChannelEndPoint - Key interests updated 0 -> 1 on NetworkTrafficSocketChannelEndPoint@1ef09cf9{l=/127.0.0.1:8081,r=/127.0.0.1:56539,OPEN,fill=FI,flush=-,to=1/30000}{io=1/1,kio=1,kro=0}->HttpConnection@7120f6fc[p=HttpParser{s=START,0 of -1},g=HttpGenerator@6bd89070{s=START}]=>HttpChannelOverHttp@294af61f{s=HttpChannelState@1bbe4c54{s=IDLE rs=BLOCKING os=OPEN is=IDLE awp=false se=false i=true al=0},r=0,c=false/false,a=IDLE,uri=null,age=0}
11:58:43.862 [qtp878861517-27] DEBUG org.eclipse.jetty.io.ManagedSelector - updates 0
11:58:43.862 [qtp878861517-27] DEBUG org.eclipse.jetty.io.ManagedSelector - Selector sun.nio.ch.KQueueSelectorImpl@6a8f615e waiting with 1 keys
11:58:43.862 [qtp878861517-27] DEBUG org.eclipse.jetty.io.ManagedSelector - Selector sun.nio.ch.KQueueSelectorImpl@6a8f615e woken up from select, 1/1/1 selected
11:58:43.862 [qtp878861517-27] DEBUG org.eclipse.jetty.io.ManagedSelector - Selector sun.nio.ch.KQueueSelectorImpl@6a8f615e processing 1 keys, 0 updates
11:58:43.862 [qtp878861517-27] DEBUG org.eclipse.jetty.io.ManagedSelector - selected 1 channel=java.nio.channels.SocketChannel[connected local=/127.0.0.1:8081 remote=/127.0.0.1:56539], selector=sun.nio.ch.KQueueSelectorImpl@6a8f615e, interestOps=1, readyOps=1 NetworkTrafficSocketChannelEndPoint@1ef09cf9{l=/127.0.0.1:8081,r=/127.0.0.1:56539,OPEN,fill=FI,flush=-,to=1/30000}{io=1/1,kio=1,kro=1}->HttpConnection@7120f6fc[p=HttpParser{s=START,0 of -1},g=HttpGenerator@6bd89070{s=START}]=>HttpChannelOverHttp@294af61f{s=HttpChannelState@1bbe4c54{s=IDLE rs=BLOCKING os=OPEN is=IDLE awp=false se=false i=true al=0},r=0,c=false/false,a=IDLE,uri=null,age=0} 
11:58:43.863 [qtp878861517-27] DEBUG org.eclipse.jetty.io.ChannelEndPoint - onSelected 1->0 r=true w=false for NetworkTrafficSocketChannelEndPoint@1ef09cf9{l=/127.0.0.1:8081,r=/127.0.0.1:56539,OPEN,fill=FI,flush=-,to=2/30000}{io=1/0,kio=1,kro=1}->HttpConnection@7120f6fc[p=HttpParser{s=START,0 of -1},g=HttpGenerator@6bd89070{s=START}]=>HttpChannelOverHttp@294af61f{s=HttpChannelState@1bbe4c54{s=IDLE rs=BLOCKING os=OPEN is=IDLE awp=false se=false i=true al=0},r=0,c=false/false,a=IDLE,uri=null,age=0}
11:58:43.863 [qtp878861517-27] DEBUG org.eclipse.jetty.io.ChannelEndPoint - task CEP:NetworkTrafficSocketChannelEndPoint@1ef09cf9{l=/127.0.0.1:8081,r=/127.0.0.1:56539,OPEN,fill=FI,flush=-,to=2/30000}{io=1/0,kio=1,kro=1}->HttpConnection@7120f6fc[p=HttpParser{s=START,0 of -1},g=HttpGenerator@6bd89070{s=START}]=>HttpChannelOverHttp@294af61f{s=HttpChannelState@1bbe4c54{s=IDLE rs=BLOCKING os=OPEN is=IDLE awp=false se=false i=true al=0},r=0,c=false/false,a=IDLE,uri=null,age=0}:runFillable:BLOCKING
11:58:43.863 [qtp878861517-27] DEBUG org.eclipse.jetty.util.thread.ReservedThreadExecutor - ReservedThreadExecutor@35038141{s=0/1,p=0} tryExecute EatWhatYouKill@5305c37d/SelectorProducer@51a06cbe/PRODUCING/p=false/QueuedThreadPool[qtp878861517]@34625ccd{STARTED,8<=8<=14,i=3,r=1,q=0}[ReservedThreadExecutor@35038141{s=0/1,p=0}][pc=0,pic=0,pec=0,epc=0]@2024-05-10T11:58:43.863455+01:00
11:58:43.863 [qtp878861517-27] DEBUG org.eclipse.jetty.util.thread.ReservedThreadExecutor - ReservedThreadExecutor@35038141{s=0/1,p=1} startReservedThread p=1
11:58:43.864 [qtp878861517-27] DEBUG org.eclipse.jetty.util.thread.QueuedThreadPool - queue ReservedThreadExecutor@35038141{s=0/1,p=1}@141aafac startThread=0
11:58:43.864 [qtp878861517-32] DEBUG org.eclipse.jetty.util.thread.QueuedThreadPool - run ReservedThreadExecutor@35038141{s=0/1,p=1}@141aafac in QueuedThreadPool[qtp878861517]@34625ccd{STARTED,8<=8<=14,i=2,r=1,q=0}[ReservedThreadExecutor@35038141{s=0/1,p=1}]
11:58:43.864 [qtp878861517-32] DEBUG org.eclipse.jetty.util.thread.ReservedThreadExecutor - ReservedThreadExecutor@35038141{s=1/1,p=1}@141aafac started
11:58:43.864 [qtp878861517-32] DEBUG org.eclipse.jetty.util.thread.ReservedThreadExecutor - ReservedThreadExecutor@35038141{s=1/1,p=0}@141aafac waiting
11:58:43.864 [qtp878861517-27] DEBUG org.eclipse.jetty.util.thread.strategy.EatWhatYouKill - EatWhatYouKill@5305c37d/SelectorProducer@51a06cbe/PRODUCING/p=false/QueuedThreadPool[qtp878861517]@34625ccd{STARTED,8<=8<=14,i=2,r=1,q=0}[ReservedThreadExecutor@35038141{s=1/1,p=1}][pc=0,pic=0,pec=0,epc=0]@2024-05-10T11:58:43.864321+01:00 m=PRODUCE_EXECUTE_CONSUME t=CEP:NetworkTrafficSocketChannelEndPoint@1ef09cf9{l=/127.0.0.1:8081,r=/127.0.0.1:56539,OPEN,fill=FI,flush=-,to=3/30000}{io=1/0,kio=1,kro=1}->HttpConnection@7120f6fc[p=HttpParser{s=START,0 of -1},g=HttpGenerator@6bd89070{s=START}]=>HttpChannelOverHttp@294af61f{s=HttpChannelState@1bbe4c54{s=IDLE rs=BLOCKING os=OPEN is=IDLE awp=false se=false i=true al=0},r=0,c=false/false,a=IDLE,uri=null,age=0}:runFillable:BLOCKING/BLOCKING
11:58:43.864 [qtp878861517-27] DEBUG org.eclipse.jetty.util.thread.QueuedThreadPool - queue CEP:NetworkTrafficSocketChannelEndPoint@1ef09cf9{l=/127.0.0.1:8081,r=/127.0.0.1:56539,OPEN,fill=FI,flush=-,to=3/30000}{io=1/0,kio=1,kro=1}->HttpConnection@7120f6fc[p=HttpParser{s=START,0 of -1},g=HttpGenerator@6bd89070{s=START}]=>HttpChannelOverHttp@294af61f{s=HttpChannelState@1bbe4c54{s=IDLE rs=BLOCKING os=OPEN is=IDLE awp=false se=false i=true al=0},r=0,c=false/false,a=IDLE,uri=null,age=0}:runFillable:BLOCKING startThread=0
11:58:43.864 [qtp878861517-27] DEBUG org.eclipse.jetty.io.ManagedSelector - updateable 0
11:58:43.864 [qtp878861517-33] DEBUG org.eclipse.jetty.util.thread.QueuedThreadPool - run CEP:NetworkTrafficSocketChannelEndPoint@1ef09cf9{l=/127.0.0.1:8081,r=/127.0.0.1:56539,OPEN,fill=FI,flush=-,to=3/30000}{io=1/0,kio=1,kro=1}->HttpConnection@7120f6fc[p=HttpParser{s=START,0 of -1},g=HttpGenerator@6bd89070{s=START}]=>HttpChannelOverHttp@294af61f{s=HttpChannelState@1bbe4c54{s=IDLE rs=BLOCKING os=OPEN is=IDLE awp=false se=false i=true al=0},r=0,c=false/false,a=IDLE,uri=null,age=0}:runFillable:BLOCKING in QueuedThreadPool[qtp878861517]@34625ccd{STARTED,8<=8<=14,i=1,r=1,q=0}[ReservedThreadExecutor@35038141{s=1/1,p=0}]
11:58:43.864 [qtp878861517-27] DEBUG org.eclipse.jetty.io.ManagedSelector - updates 0
11:58:43.865 [qtp878861517-33] DEBUG org.eclipse.jetty.io.FillInterest - fillable FillInterest@1ea3e955{AC.ReadCB@7120f6fc{HttpConnection@7120f6fc::NetworkTrafficSocketChannelEndPoint@1ef09cf9{l=/127.0.0.1:8081,r=/127.0.0.1:56539,OPEN,fill=FI,flush=-,to=4/30000}{io=1/0,kio=1,kro=1}->HttpConnection@7120f6fc[p=HttpParser{s=START,0 of -1},g=HttpGenerator@6bd89070{s=START}]=>HttpChannelOverHttp@294af61f{s=HttpChannelState@1bbe4c54{s=IDLE rs=BLOCKING os=OPEN is=IDLE awp=false se=false i=true al=0},r=0,c=false/false,a=IDLE,uri=null,age=0}}}
11:58:43.865 [qtp878861517-27] DEBUG org.eclipse.jetty.io.ChannelEndPoint - Key interests updated 1 -> 0 on NetworkTrafficSocketChannelEndPoint@1ef09cf9{l=/127.0.0.1:8081,r=/127.0.0.1:56539,OPEN,fill=FI,flush=-,to=4/30000}{io=0/0,kio=0,kro=1}->HttpConnection@7120f6fc[p=HttpParser{s=START,0 of -1},g=HttpGenerator@6bd89070{s=START}]=>HttpChannelOverHttp@294af61f{s=HttpChannelState@1bbe4c54{s=IDLE rs=BLOCKING os=OPEN is=IDLE awp=false se=false i=true al=0},r=0,c=false/false,a=IDLE,uri=null,age=0}
11:58:43.865 [qtp878861517-27] DEBUG org.eclipse.jetty.io.ManagedSelector - Selector sun.nio.ch.KQueueSelectorImpl@6a8f615e waiting with 1 keys
11:58:43.865 [qtp878861517-33] DEBUG org.eclipse.jetty.server.HttpConnection - HttpConnection@7120f6fc::NetworkTrafficSocketChannelEndPoint@1ef09cf9{l=/127.0.0.1:8081,r=/127.0.0.1:56539,OPEN,fill=-,flush=-,to=4/30000}{io=0/0,kio=0,kro=1}->HttpConnection@7120f6fc[p=HttpParser{s=START,0 of -1},g=HttpGenerator@6bd89070{s=START}]=>HttpChannelOverHttp@294af61f{s=HttpChannelState@1bbe4c54{s=IDLE rs=BLOCKING os=OPEN is=IDLE awp=false se=false i=true al=0},r=0,c=false/false,a=IDLE,uri=null,age=0} onFillable enter HttpChannelState@1bbe4c54{s=IDLE rs=BLOCKING os=OPEN is=IDLE awp=false se=false i=true al=0} null
11:58:43.866 [qtp878861517-33] DEBUG org.eclipse.jetty.io.ChannelEndPoint - filled 561 HeapByteBuffer@5b38ed52[p=0,l=561,c=8192,r=561]={<<<POST /__admin/mappings HT...32-8dee-edfece8fe75a"\n}>>>\x00\x00\x00\x00\x00\x00\x00\x00\x00...\x00\x00\x00\x00\x00\x00\x00}
11:58:43.866 [qtp878861517-33] DEBUG org.eclipse.jetty.server.HttpConnection - HttpConnection@7120f6fc::NetworkTrafficSocketChannelEndPoint@1ef09cf9{l=/127.0.0.1:8081,r=/127.0.0.1:56539,OPEN,fill=-,flush=-,to=0/30000}{io=0/0,kio=0,kro=1}->HttpConnection@7120f6fc[p=HttpParser{s=START,0 of -1},g=HttpGenerator@6bd89070{s=START}]=>HttpChannelOverHttp@294af61f{s=HttpChannelState@1bbe4c54{s=IDLE rs=BLOCKING os=OPEN is=IDLE awp=false se=false i=true al=0},r=0,c=false/false,a=IDLE,uri=null,age=0} filled 561 HeapByteBuffer@5b38ed52[p=0,l=561,c=8192,r=561]={<<<POST /__admin/mappings HT...32-8dee-edfece8fe75a"\n}>>>\x00\x00\x00\x00\x00\x00\x00\x00\x00...\x00\x00\x00\x00\x00\x00\x00}
11:58:43.866 [qtp878861517-33] DEBUG org.eclipse.jetty.server.HttpConnection - HttpConnection@7120f6fc::NetworkTrafficSocketChannelEndPoint@1ef09cf9{l=/127.0.0.1:8081,r=/127.0.0.1:56539,OPEN,fill=-,flush=-,to=0/30000}{io=0/0,kio=0,kro=1}->HttpConnection@7120f6fc[p=HttpParser{s=START,0 of -1},g=HttpGenerator@6bd89070{s=START}]=>HttpChannelOverHttp@294af61f{s=HttpChannelState@1bbe4c54{s=IDLE rs=BLOCKING os=OPEN is=IDLE awp=false se=false i=true al=0},r=0,c=false/false,a=IDLE,uri=null,age=0} parse HeapByteBuffer@5b38ed52[p=0,l=561,c=8192,r=561]={<<<POST /__admin/mappings HT...32-8dee-edfece8fe75a"\n}>>>\x00\x00\x00\x00\x00\x00\x00\x00\x00...\x00\x00\x00\x00\x00\x00\x00} {}
11:58:43.866 [qtp878861517-33] DEBUG org.eclipse.jetty.http.HttpParser - parseNext s=START HeapByteBuffer@5b38ed52[p=0,l=561,c=8192,r=561]={<<<POST /__admin/mappings HT...32-8dee-edfece8fe75a"\n}>>>\x00\x00\x00\x00\x00\x00\x00\x00\x00...\x00\x00\x00\x00\x00\x00\x00}
11:58:43.867 [qtp878861517-33] DEBUG org.eclipse.jetty.http.HttpParser - START --> SPACE1
11:58:43.868 [qtp878861517-33] DEBUG org.eclipse.jetty.http.HttpParser - SPACE1 --> URI
11:58:43.868 [qtp878861517-33] DEBUG org.eclipse.jetty.http.HttpParser - URI --> SPACE2
11:58:43.868 [qtp878861517-33] DEBUG org.eclipse.jetty.http.HttpParser - SPACE2 --> REQUEST_VERSION
11:58:43.869 [qtp878861517-33] DEBUG org.eclipse.jetty.http.HttpParser - REQUEST_VERSION --> HEADER
11:58:43.870 [qtp878861517-33] DEBUG org.eclipse.jetty.http.HttpParser - HEADER:Content-Length --> VALUE
11:58:43.870 [qtp878861517-33] DEBUG org.eclipse.jetty.http.HttpParser - HEADER:Content-Length --> IN_VALUE
11:58:43.870 [qtp878861517-33] DEBUG org.eclipse.jetty.http.HttpParser - HEADER:Content-Length --> FIELD
11:58:43.871 [qtp878861517-33] DEBUG org.eclipse.jetty.http.HttpParser - HEADER:Content-Type: text/plain; charset=UTF-8 --> IN_VALUE
11:58:43.871 [qtp878861517-33] DEBUG org.eclipse.jetty.http.HttpParser - HEADER:Content-Type: text/plain; charset=UTF-8 --> FIELD
11:58:43.871 [qtp878861517-33] DEBUG org.eclipse.jetty.http.HttpParser - HEADER:Host --> VALUE
11:58:43.871 [qtp878861517-33] DEBUG org.eclipse.jetty.http.HttpParser - HEADER:Host --> IN_VALUE
11:58:43.871 [qtp878861517-33] DEBUG org.eclipse.jetty.http.HttpParser - HEADER:Host --> FIELD
11:58:43.872 [qtp878861517-33] DEBUG org.eclipse.jetty.http.HttpParser - HEADER:Connection: keep-alive --> IN_VALUE
11:58:43.872 [qtp878861517-33] DEBUG org.eclipse.jetty.http.HttpParser - HEADER:Connection: keep-alive --> FIELD
11:58:43.874 [qtp878861517-33] DEBUG org.eclipse.jetty.http.HttpParser - HEADER:User-Agent --> VALUE
11:58:43.874 [qtp878861517-33] DEBUG org.eclipse.jetty.http.HttpParser - HEADER:User-Agent --> IN_VALUE
11:58:43.874 [qtp878861517-33] DEBUG org.eclipse.jetty.http.HttpParser - HEADER:User-Agent --> FIELD
11:58:43.874 [qtp878861517-33] DEBUG org.eclipse.jetty.http.HttpParser - HEADER --> CONTENT
11:58:43.875 [qtp878861517-33] DEBUG org.eclipse.jetty.server.HttpChannel - REQUEST for //localhost:8081/__admin/mappings on HttpChannelOverHttp@294af61f{s=HttpChannelState@1bbe4c54{s=IDLE rs=BLOCKING os=OPEN is=IDLE awp=false se=false i=true al=0},r=1,c=false/false,a=IDLE,uri=//localhost:8081/__admin/mappings,age=0}
POST //localhost:8081/__admin/mappings HTTP/1.1
Content-Length: 365
Content-Type: text/plain; charset=UTF-8
Host: localhost:8081
Connection: keep-alive
User-Agent: Apache-HttpClient/4.5.13 (Java/17.0.11)


11:58:43.875 [qtp878861517-33] DEBUG org.eclipse.jetty.server.HttpConnection - HttpConnection@7120f6fc::NetworkTrafficSocketChannelEndPoint@1ef09cf9{l=/127.0.0.1:8081,r=/127.0.0.1:56539,OPEN,fill=-,flush=-,to=9/30000}{io=0/0,kio=0,kro=1}->HttpConnection@7120f6fc[p=HttpParser{s=CONTENT,0 of 365},g=HttpGenerator@6bd89070{s=START}]=>HttpChannelOverHttp@294af61f{s=HttpChannelState@1bbe4c54{s=IDLE rs=BLOCKING os=OPEN is=IDLE awp=false se=false i=true al=0},r=1,c=false/false,a=IDLE,uri=//localhost:8081/__admin/mappings,age=1} parsed true HttpParser{s=CONTENT,0 of 365}
11:58:43.876 [qtp878861517-33] DEBUG org.eclipse.jetty.server.HttpChannel - handle //localhost:8081/__admin/mappings HttpChannelOverHttp@294af61f{s=HttpChannelState@1bbe4c54{s=IDLE rs=BLOCKING os=OPEN is=IDLE awp=false se=false i=true al=0},r=1,c=false/false,a=IDLE,uri=//localhost:8081/__admin/mappings,age=2} 
11:58:43.876 [qtp878861517-33] DEBUG org.eclipse.jetty.server.HttpChannelState - handling HttpChannelState@1bbe4c54{s=IDLE rs=BLOCKING os=OPEN is=IDLE awp=false se=false i=true al=0}
11:58:43.876 [qtp878861517-33] DEBUG org.eclipse.jetty.server.HttpChannel - action DISPATCH HttpChannelOverHttp@294af61f{s=HttpChannelState@1bbe4c54{s=HANDLING rs=BLOCKING os=OPEN is=IDLE awp=false se=false i=true al=0},r=1,c=false/false,a=HANDLING,uri=//localhost:8081/__admin/mappings,age=2}
11:58:43.878 [qtp878861517-33] DEBUG org.eclipse.jetty.server.Server - REQUEST POST /__admin/mappings on HttpChannelOverHttp@294af61f{s=HttpChannelState@1bbe4c54{s=HANDLING rs=BLOCKING os=OPEN is=IDLE awp=false se=false i=true al=0},r=1,c=false/false,a=HANDLING,uri=//localhost:8081/__admin/mappings,age=3}
11:58:43.878 [qtp878861517-33] DEBUG org.eclipse.jetty.server.handler.ContextHandler - scope null||/__admin/mappings @ o.e.j.s.ServletContextHandler@3a1d593e{/__admin,null,AVAILABLE}
11:58:43.878 [qtp878861517-33] DEBUG org.eclipse.jetty.server.handler.ContextHandler - context=/__admin||/mappings @ o.e.j.s.ServletContextHandler@3a1d593e{/__admin,null,AVAILABLE}
11:58:43.878 [qtp878861517-33] DEBUG org.eclipse.jetty.servlet.ServletHandler - servlet /__admin|/mappings|null -> com.github.tomakehurst.wiremock.servlet.WireMockHandlerDispatchingServlet-2baa8d82@937f5784==com.github.tomakehurst.wiremock.servlet.WireMockHandlerDispatchingServlet,jsp=null,order=-1,inst=false,async=true
11:58:43.880 [qtp878861517-33] DEBUG org.eclipse.jetty.servlet.ServletHandler - chain=org.eclipse.jetty.servlets.CrossOriginFilter-49f5c307@49f5c307==org.eclipse.jetty.servlets.CrossOriginFilter,inst=true,async=true->com.github.tomakehurst.wiremock.servlet.WireMockHandlerDispatchingServlet-2baa8d82@937f5784==com.github.tomakehurst.wiremock.servlet.WireMockHandlerDispatchingServlet,jsp=null,order=-1,inst=false,async=true
11:58:43.885 [qtp878861517-33] DEBUG org.eclipse.jetty.servlet.ServletHolder - Servlet.init com.github.tomakehurst.wiremock.servlet.WireMockHandlerDispatchingServlet@70816b38 for com.github.tomakehurst.wiremock.servlet.WireMockHandlerDispatchingServlet-2baa8d82
11:58:43.885 [qtp878861517-33] INFO org.eclipse.jetty.server.handler.ContextHandler.__admin - RequestHandlerClass from context returned com.github.tomakehurst.wiremock.http.AdminRequestHandler. Normalized mapped under returned 'null'
11:58:43.885 [qtp878861517-33] DEBUG org.eclipse.jetty.servlet.ServletHandler - call filter org.eclipse.jetty.servlets.CrossOriginFilter-49f5c307@49f5c307==org.eclipse.jetty.servlets.CrossOriginFilter,inst=true,async=true
11:58:43.886 [qtp878861517-33] DEBUG org.eclipse.jetty.servlet.ServletHandler - call servlet com.github.tomakehurst.wiremock.servlet.WireMockHandlerDispatchingServlet-2baa8d82@937f5784==com.github.tomakehurst.wiremock.servlet.WireMockHandlerDispatchingServlet,jsp=null,order=-1,inst=true,async=true
11:58:43.892 [qtp878861517-33] DEBUG org.eclipse.jetty.server.HttpConnection - HttpConnection@7120f6fc::NetworkTrafficSocketChannelEndPoint@1ef09cf9{l=/127.0.0.1:8081,r=/127.0.0.1:56539,OPEN,fill=-,flush=-,to=26/30000}{io=0/0,kio=0,kro=1}->HttpConnection@7120f6fc[p=HttpParser{s=CONTENT,0 of 365},g=HttpGenerator@6bd89070{s=START}]=>HttpChannelOverHttp@294af61f{s=HttpChannelState@1bbe4c54{s=HANDLING rs=BLOCKING os=OPEN is=IDLE awp=false se=false i=true al=0},r=1,c=false/false,a=HANDLING,uri=//localhost:8081/__admin/mappings,age=18} parse HeapByteBuffer@5b38ed52[p=196,l=561,c=8192,r=365]={POST /__a...11)\r\n\r\n<<<{\n  "id" : "e0bb5110-9d58...32-8dee-edfece8fe75a"\n}>>>\x00\x00\x00\x00\x00\x00\x00\x00\x00...\x00\x00\x00\x00\x00\x00\x00} {}
11:58:43.893 [qtp878861517-33] DEBUG org.eclipse.jetty.http.HttpParser - parseNext s=CONTENT HeapByteBuffer@5b38ed52[p=196,l=561,c=8192,r=365]={POST /__a...11)\r\n\r\n<<<{\n  "id" : "e0bb5110-9d58...32-8dee-edfece8fe75a"\n}>>>\x00\x00\x00\x00\x00\x00\x00\x00\x00...\x00\x00\x00\x00\x00\x00\x00}
11:58:43.893 [qtp878861517-33] DEBUG org.eclipse.jetty.server.HttpChannel - onContent HttpChannelOverHttp@294af61f{s=HttpChannelState@1bbe4c54{s=HANDLING rs=BLOCKING os=OPEN is=IDLE awp=false se=false i=true al=0},r=1,c=false/false,a=HANDLING,uri=//localhost:8081/__admin/mappings,age=19} Content@21465688{HeapByteBufferR@2505f35[p=196,l=561,c=8192,r=365]={POST /__a...11)\r\n\r\n<<<{\n  "id" : "e0bb5110-9d58...32-8dee-edfece8fe75a"\n}>>>\x00\x00\x00\x00\x00\x00\x00\x00\x00...\x00\x00\x00\x00\x00\x00\x00}}
11:58:43.893 [qtp878861517-33] DEBUG org.eclipse.jetty.server.HttpInput - HttpInputOverHTTP@2740d442[c=0,q=0,[0]=null,s=STREAM] addContent Content@21465688{HeapByteBufferR@2505f35[p=196,l=561,c=8192,r=365]={POST /__a...11)\r\n\r\n<<<{\n  "id" : "e0bb5110-9d58...32-8dee-edfece8fe75a"\n}>>>\x00\x00\x00\x00\x00\x00\x00\x00\x00...\x00\x00\x00\x00\x00\x00\x00}}
11:58:43.893 [qtp878861517-33] DEBUG org.eclipse.jetty.http.HttpParser - CONTENT --> CONTENT_END
11:58:43.893 [qtp878861517-33] DEBUG org.eclipse.jetty.server.HttpChannel - onContentComplete HttpChannelOverHttp@294af61f{s=HttpChannelState@1bbe4c54{s=HANDLING rs=BLOCKING os=OPEN is=IDLE awp=false se=false i=true al=0},r=1,c=false/false,a=HANDLING,uri=//localhost:8081/__admin/mappings,age=19}
11:58:43.893 [qtp878861517-33] DEBUG org.eclipse.jetty.http.HttpParser - CONTENT_END --> END
11:58:43.893 [qtp878861517-33] DEBUG org.eclipse.jetty.server.HttpChannel - onRequestComplete HttpChannelOverHttp@294af61f{s=HttpChannelState@1bbe4c54{s=HANDLING rs=BLOCKING os=OPEN is=IDLE awp=false se=false i=true al=0},r=1,c=false/false,a=HANDLING,uri=//localhost:8081/__admin/mappings,age=19}
11:58:43.893 [qtp878861517-33] DEBUG org.eclipse.jetty.server.HttpInput - HttpInputOverHTTP@2740d442[c=0,q=1,[0]=EOF,s=STREAM] addContent EOF
11:58:43.894 [qtp878861517-33] DEBUG org.eclipse.jetty.server.HttpConnection - HttpConnection@7120f6fc::NetworkTrafficSocketChannelEndPoint@1ef09cf9{l=/127.0.0.1:8081,r=/127.0.0.1:56539,OPEN,fill=-,flush=-,to=28/30000}{io=0/0,kio=0,kro=1}->HttpConnection@7120f6fc[p=HttpParser{s=END,365 of 365},g=HttpGenerator@6bd89070{s=START}]=>HttpChannelOverHttp@294af61f{s=HttpChannelState@1bbe4c54{s=HANDLING rs=BLOCKING os=OPEN is=IDLE awp=false se=false i=true al=0},r=1,c=false/false,a=HANDLING,uri=//localhost:8081/__admin/mappings,age=20} parsed false HttpParser{s=END,365 of 365}
11:58:43.894 [qtp878861517-33] DEBUG org.eclipse.jetty.server.HttpInput - HttpInputOverHTTP@2740d442[c=365,q=1,[0]=EOF,s=STREAM] read 365 from Content@21465688{HeapByteBufferR@2505f35[p=561,l=561,c=8192,r=0]={POST /__a...e75a"\n}<<<>>>\x00\x00\x00\x00\x00\x00\x00\x00\x00...\x00\x00\x00\x00\x00\x00\x00}}
11:58:43.894 [qtp878861517-33] DEBUG org.eclipse.jetty.server.HttpConnection - releaseRequestBuffer HttpConnection@7120f6fc::NetworkTrafficSocketChannelEndPoint@1ef09cf9{l=/127.0.0.1:8081,r=/127.0.0.1:56539,OPEN,fill=-,flush=-,to=28/30000}{io=0/0,kio=0,kro=1}->HttpConnection@7120f6fc[p=HttpParser{s=END,365 of 365},g=HttpGenerator@6bd89070{s=START}]=>HttpChannelOverHttp@294af61f{s=HttpChannelState@1bbe4c54{s=HANDLING rs=BLOCKING os=OPEN is=IDLE awp=false se=false i=true al=0},r=1,c=false/false,a=HANDLING,uri=//localhost:8081/__admin/mappings,age=20}
11:58:43.896 [qtp878861517-33] DEBUG org.eclipse.jetty.server.HttpChannelState - onEof HttpChannelState@1bbe4c54{s=HANDLING rs=BLOCKING os=OPEN is=IDLE awp=false se=false i=true al=0}
11:58:43.964 [qtp878861517-33] DEBUG org.eclipse.jetty.server.HttpOutput - write(array HeapByteBuffer@477c66c8[p=0,l=365,c=8192,r=365]={<<<{\n  "id" : "e0bb5110-9d58...32-8dee-edfece8fe75a"\n}>>>\x00\x00\x00\x00\x00\x00\x00\x00\x00...\x00\x00\x00\x00\x00\x00\x00})
11:58:43.965 [qtp878861517-33] DEBUG org.eclipse.jetty.server.HttpOutput - write(array) s=OPEN,api=BLOCKING,sc=false,e=null aggregated !flush DirectByteBuffer@71267a5[p=0,l=365,c=32768,r=365]={<<<{\n  "id" : "e0bb5110-9d58...32-8dee-edfece8fe75a"\n}>>>\x00\x00\x00\x00\x00\x00\x00\x00\x00...\x00\x00\x00\x00\x00\x00\x00}
11:58:43.965 [qtp878861517-33] DEBUG org.eclipse.jetty.server.HttpChannel - sendResponse info=null content=DirectByteBuffer@71267a5[p=0,l=365,c=32768,r=365]={<<<{\n  "id" : "e0bb5110-9d58...32-8dee-edfece8fe75a"\n}>>>\x00\x00\x00\x00\x00\x00\x00\x00\x00...\x00\x00\x00\x00\x00\x00\x00} complete=false committing=true callback=Blocker@6697fae2{null}
11:58:43.965 [qtp878861517-33] DEBUG org.eclipse.jetty.server.HttpChannel - COMMIT for /__admin/mappings on HttpChannelOverHttp@294af61f{s=HttpChannelState@1bbe4c54{s=HANDLING rs=BLOCKING os=COMMITTED is=READY awp=false se=false i=true al=0},r=1,c=false/false,a=HANDLING,uri=//localhost:8081/__admin/mappings,age=91}
201 null HTTP/1.1
Content-Type: application/json


11:58:43.967 [qtp878861517-33] DEBUG org.eclipse.jetty.server.HttpConnection - generate: NEED_HEADER for org.eclipse.jetty.server.HttpConnection$SendCallback@7795bc11[PROCESSING][i=HTTP/1.1{s=201,h=1,cl=-1},cb=org.eclipse.jetty.server.HttpChannel$SendCallback@36156586] (null,[p=0,l=365,c=32768,r=365],false)@START
11:58:43.968 [qtp878861517-33] DEBUG org.eclipse.jetty.http.HttpGenerator - generateHeaders HTTP/1.1{s=201,h=1,cl=-1} last=false content=DirectByteBuffer@71267a5[p=0,l=365,c=32768,r=365]={<<<{\n  "id" : "e0bb5110-9d58...32-8dee-edfece8fe75a"\n}>>>\x00\x00\x00\x00\x00\x00\x00\x00\x00...\x00\x00\x00\x00\x00\x00\x00}
11:58:43.968 [qtp878861517-33] DEBUG org.eclipse.jetty.http.HttpGenerator - Content-Type: application/json


11:58:43.968 [qtp878861517-33] DEBUG org.eclipse.jetty.http.HttpGenerator - CHUNKED_CONTENT
11:58:43.968 [qtp878861517-33] DEBUG org.eclipse.jetty.server.HttpConnection - generate: FLUSH for org.eclipse.jetty.server.HttpConnection$SendCallback@7795bc11[PROCESSING][i=HTTP/1.1{s=201,h=1,cl=-1},cb=org.eclipse.jetty.server.HttpChannel$SendCallback@36156586] ([p=0,l=89,c=8192,r=89],[p=0,l=365,c=32768,r=365],false)@COMMITTED
11:58:43.969 [qtp878861517-33] DEBUG org.eclipse.jetty.io.WriteFlusher - write: WriteFlusher@d6972f8{IDLE}->null [HeapByteBuffer@5b38ed52[p=0,l=89,c=8192,r=89]={<<<HTTP/1.1 201 Created\r\nCon...oding: chunked\r\n\r\n16D\r\n>>>TF-8\r\nHos...\x00\x00\x00\x00\x00\x00\x00},DirectByteBuffer@71267a5[p=0,l=365,c=32768,r=365]={<<<{\n  "id" : "e0bb5110-9d58...32-8dee-edfece8fe75a"\n}>>>\x00\x00\x00\x00\x00\x00\x00\x00\x00...\x00\x00\x00\x00\x00\x00\x00}]
11:58:43.969 [qtp878861517-33] DEBUG org.eclipse.jetty.io.WriteFlusher - update WriteFlusher@d6972f8{WRITING}->null:IDLE-->WRITING
11:58:43.969 [qtp878861517-33] DEBUG org.eclipse.jetty.io.ChannelEndPoint - flushed 89 NetworkTrafficSocketChannelEndPoint@1ef09cf9{l=/127.0.0.1:8081,r=/127.0.0.1:56539,OPEN,fill=-,flush=W,to=103/30000}{io=0/0,kio=0,kro=1}->HttpConnection@7120f6fc[p=HttpParser{s=END,365 of 365},g=HttpGenerator@6bd89070{s=COMMITTED}]=>HttpChannelOverHttp@294af61f{s=HttpChannelState@1bbe4c54{s=HANDLING rs=BLOCKING os=COMMITTED is=READY awp=false se=false i=true al=0},r=1,c=false/false,a=HANDLING,uri=//localhost:8081/__admin/mappings,age=95}
11:58:43.970 [qtp878861517-33] DEBUG org.eclipse.jetty.io.ChannelEndPoint - flushed 365 NetworkTrafficSocketChannelEndPoint@1ef09cf9{l=/127.0.0.1:8081,r=/127.0.0.1:56539,OPEN,fill=-,flush=W,to=0/30000}{io=0/0,kio=0,kro=1}->HttpConnection@7120f6fc[p=HttpParser{s=END,365 of 365},g=HttpGenerator@6bd89070{s=COMMITTED}]=>HttpChannelOverHttp@294af61f{s=HttpChannelState@1bbe4c54{s=HANDLING rs=BLOCKING os=COMMITTED is=READY awp=false se=false i=true al=0},r=1,c=false/false,a=HANDLING,uri=//localhost:8081/__admin/mappings,age=96}
11:58:43.970 [qtp878861517-33] DEBUG org.eclipse.jetty.io.WriteFlusher - Flushed=true written=454 remaining=0 WriteFlusher@d6972f8{WRITING}->null
11:58:43.970 [qtp878861517-33] DEBUG org.eclipse.jetty.io.WriteFlusher - update WriteFlusher@d6972f8{IDLE}->null:WRITING-->IDLE
11:58:43.970 [qtp878861517-33] DEBUG org.eclipse.jetty.server.HttpConnection - generate: DONE for org.eclipse.jetty.server.HttpConnection$SendCallback@7795bc11[PROCESSING][i=HTTP/1.1{s=201,h=1,cl=-1},cb=org.eclipse.jetty.server.HttpChannel$SendCallback@36156586] ([p=89,l=89,c=8192,r=0],[p=365,l=365,c=32768,r=0],false)@COMMITTED
11:58:43.970 [qtp878861517-33] DEBUG org.eclipse.jetty.server.HttpOutput - onWriteComplete(false,null) s=OPEN,api=BLOCKED,sc=false,e=null->s=OPEN,api=BLOCKING,sc=false,e=null c=null cb=null w=false
11:58:43.970 [qtp878861517-33] DEBUG org.eclipse.jetty.server.HttpOutput - close() s=CLOSING,api=BLOCKED,sc=false,e=null c=HeapByteBuffer@68c94543[p=0,l=0,c=0,r=0]={<<<>>>} b=Blocker@6697fae2{null}
11:58:43.970 [qtp878861517-33] DEBUG org.eclipse.jetty.server.HttpChannel - sendResponse info=null content=HeapByteBuffer@68c94543[p=0,l=0,c=0,r=0]={<<<>>>} complete=true committing=false callback=Blocker@6697fae2{null}
11:58:43.970 [qtp878861517-33] DEBUG org.eclipse.jetty.server.HttpConnection - generate: CONTINUE for org.eclipse.jetty.server.HttpConnection$SendCallback@7795bc11[PROCESSING][i=null,cb=org.eclipse.jetty.server.HttpChannel$SendCallback@68a14297] (null,[p=0,l=0,c=0,r=0],true)@COMPLETING
11:58:43.971 [qtp878861517-33] DEBUG org.eclipse.jetty.server.HttpConnection - generate: NEED_CHUNK for org.eclipse.jetty.server.HttpConnection$SendCallback@7795bc11[PROCESSING][i=null,cb=org.eclipse.jetty.server.HttpChannel$SendCallback@68a14297] (null,[p=0,l=0,c=0,r=0],true)@COMPLETING
11:58:43.971 [qtp878861517-33] DEBUG org.eclipse.jetty.server.HttpConnection - generate: FLUSH for org.eclipse.jetty.server.HttpConnection$SendCallback@7795bc11[PROCESSING][i=null,cb=org.eclipse.jetty.server.HttpChannel$SendCallback@68a14297] (null,[p=0,l=0,c=0,r=0],true)@COMPLETING
11:58:43.971 [qtp878861517-33] DEBUG org.eclipse.jetty.io.WriteFlusher - write: WriteFlusher@d6972f8{IDLE}->null [HeapByteBuffer@310db916[p=0,l=7,c=1024,r=7]={<<<\r\n0\r\n\r\n>>>\x00\x00\x00\x00\x00\x00\x00\x00\x00...\x00\x00\x00\x00\x00\x00\x00}]
11:58:43.971 [qtp878861517-33] DEBUG org.eclipse.jetty.io.WriteFlusher - update WriteFlusher@d6972f8{WRITING}->null:IDLE-->WRITING
11:58:43.971 [qtp878861517-33] DEBUG org.eclipse.jetty.io.ChannelEndPoint - flushed 7 NetworkTrafficSocketChannelEndPoint@1ef09cf9{l=/127.0.0.1:8081,r=/127.0.0.1:56539,OPEN,fill=-,flush=W,to=1/30000}{io=0/0,kio=0,kro=1}->HttpConnection@7120f6fc[p=HttpParser{s=END,365 of 365},g=HttpGenerator@6bd89070{s=COMPLETING}]=>HttpChannelOverHttp@294af61f{s=HttpChannelState@1bbe4c54{s=HANDLING rs=BLOCKING os=COMMITTED is=READY awp=false se=false i=true al=0},r=1,c=false/false,a=HANDLING,uri=//localhost:8081/__admin/mappings,age=97}
11:58:43.971 [qtp878861517-33] DEBUG org.eclipse.jetty.io.WriteFlusher - Flushed=true written=7 remaining=0 WriteFlusher@d6972f8{WRITING}->null
11:58:43.971 [qtp878861517-33] DEBUG org.eclipse.jetty.io.WriteFlusher - update WriteFlusher@d6972f8{IDLE}->null:WRITING-->IDLE
11:58:43.972 [qtp878861517-33] DEBUG org.eclipse.jetty.server.HttpConnection - generate: DONE for org.eclipse.jetty.server.HttpConnection$SendCallback@7795bc11[PROCESSING][i=null,cb=org.eclipse.jetty.server.HttpChannel$SendCallback@68a14297] (null,[p=0,l=0,c=0,r=0],true)@END
11:58:43.972 [qtp878861517-33] DEBUG org.eclipse.jetty.server.HttpOutput - onWriteComplete(true,null) s=CLOSING,api=BLOCKED,sc=false,e=null->s=CLOSED,api=BLOCKING,sc=false,e=null c=null cb=null w=false
11:58:43.972 [qtp878861517-33] DEBUG org.eclipse.jetty.server.handler.gzip.GzipHandler - GzipHandler@77cf3f8b{STARTED,min=32,inflate=-1} handle Request[POST //localhost:8081/__admin/mappings]@6c4b5507 in null
11:58:43.972 [qtp878861517-33] DEBUG org.eclipse.jetty.server.handler.ContextHandler - scope null||/__admin/mappings @ o.e.j.s.ServletContextHandler@70fab835{/,null,AVAILABLE}
11:58:43.973 [qtp878861517-33] DEBUG org.eclipse.jetty.server.Server - handled=true async=false committed=true on HttpChannelOverHttp@294af61f{s=HttpChannelState@1bbe4c54{s=HANDLING rs=BLOCKING os=COMPLETED is=READY awp=false se=false i=true al=0},r=1,c=false/true,a=HANDLING,uri=//localhost:8081/__admin/mappings,age=98}
11:58:43.973 [qtp878861517-33] DEBUG org.eclipse.jetty.server.HttpChannelState - unhandle HttpChannelState@1bbe4c54{s=HANDLING rs=BLOCKING os=COMPLETED is=READY awp=false se=false i=true al=0}
11:58:43.973 [qtp878861517-33] DEBUG org.eclipse.jetty.server.HttpChannelState - nextAction(false) COMPLETE HttpChannelState@1bbe4c54{s=HANDLING rs=COMPLETING os=COMPLETED is=READY awp=false se=false i=false al=0}
11:58:43.973 [qtp878861517-33] DEBUG org.eclipse.jetty.server.HttpChannel - action COMPLETE HttpChannelOverHttp@294af61f{s=HttpChannelState@1bbe4c54{s=HANDLING rs=COMPLETING os=COMPLETED is=READY awp=false se=false i=false al=0},r=1,c=false/true,a=HANDLING,uri=//localhost:8081/__admin/mappings,age=99}
11:58:43.974 [qtp878861517-33] DEBUG org.eclipse.jetty.server.HttpOutput - complete(org.eclipse.jetty.util.Callback$3@6a70c256) s=CLOSED,api=BLOCKING,sc=false,e=null s=true e=null, c=null
11:58:43.974 [qtp878861517-33] DEBUG org.eclipse.jetty.server.HttpChannelState - completed HttpChannelState@1bbe4c54{s=HANDLING rs=COMPLETING os=COMPLETED is=READY awp=false se=false i=false al=0}
11:58:43.974 [qtp878861517-33] DEBUG org.eclipse.jetty.server.HttpChannelState - unhandle HttpChannelState@1bbe4c54{s=HANDLING rs=COMPLETED os=COMPLETED is=READY awp=false se=false i=false al=0}
11:58:43.975 [qtp878861517-33] DEBUG org.eclipse.jetty.server.HttpChannelState - nextAction(false) TERMINATED HttpChannelState@1bbe4c54{s=IDLE rs=COMPLETED os=COMPLETED is=READY awp=false se=false i=false al=0}
11:58:43.975 [qtp878861517-33] DEBUG org.eclipse.jetty.server.HttpChannel - action TERMINATED HttpChannelOverHttp@294af61f{s=HttpChannelState@1bbe4c54{s=IDLE rs=COMPLETED os=COMPLETED is=READY awp=false se=false i=false al=0},r=1,c=true/true,a=IDLE,uri=//localhost:8081/__admin/mappings,age=101}
11:58:43.975 [qtp878861517-33] DEBUG org.eclipse.jetty.server.HttpChannel - onCompleted for /__admin/mappings written=365
11:58:43.977 [qtp878861517-33] DEBUG org.eclipse.jetty.server.HttpChannelState - recycle HttpChannelState@1bbe4c54{s=IDLE rs=COMPLETED os=COMPLETED is=READY awp=false se=false i=false al=0}
11:58:43.978 [qtp878861517-33] DEBUG org.eclipse.jetty.http.HttpParser - reset HttpParser{s=END,365 of 365}
11:58:43.978 [qtp878861517-33] DEBUG org.eclipse.jetty.http.HttpParser - END --> START
11:58:43.978 [qtp878861517-33] DEBUG org.eclipse.jetty.server.HttpChannel - !handle TERMINATED HttpChannelOverHttp@294af61f{s=HttpChannelState@1bbe4c54{s=IDLE rs=BLOCKING os=OPEN is=IDLE awp=false se=false i=true al=0},r=1,c=false/false,a=IDLE,uri=null,age=0}
11:58:43.978 [qtp878861517-33] DEBUG org.eclipse.jetty.io.ChannelEndPoint - filled 0 HeapByteBuffer@5b38ed52[p=0,l=0,c=8192,r=0]={<<<>>>HTTP/1.1 ...\x00\x00\x00\x00\x00\x00\x00}
11:58:43.979 [qtp878861517-33] DEBUG org.eclipse.jetty.io.ChannelEndPoint - filled 0 HeapByteBuffer@5b38ed52[p=0,l=0,c=8192,r=0]={<<<>>>HTTP/1.1 ...\x00\x00\x00\x00\x00\x00\x00}
11:58:43.979 [qtp878861517-33] DEBUG org.eclipse.jetty.server.HttpConnection - HttpConnection@7120f6fc::NetworkTrafficSocketChannelEndPoint@1ef09cf9{l=/127.0.0.1:8081,r=/127.0.0.1:56539,OPEN,fill=-,flush=-,to=7/30000}{io=0/0,kio=0,kro=1}->HttpConnection@7120f6fc[p=HttpParser{s=START,0 of -1},g=HttpGenerator@6bd89070{s=START}]=>HttpChannelOverHttp@294af61f{s=HttpChannelState@1bbe4c54{s=IDLE rs=BLOCKING os=OPEN is=IDLE awp=false se=false i=true al=0},r=1,c=false/false,a=IDLE,uri=null,age=0} filled 0 HeapByteBuffer@5b38ed52[p=0,l=0,c=8192,r=0]={<<<>>>HTTP/1.1 ...\x00\x00\x00\x00\x00\x00\x00}
11:58:43.979 [qtp878861517-33] DEBUG org.eclipse.jetty.server.HttpConnection - HttpConnection@7120f6fc::NetworkTrafficSocketChannelEndPoint@1ef09cf9{l=/127.0.0.1:8081,r=/127.0.0.1:56539,OPEN,fill=-,flush=-,to=7/30000}{io=0/0,kio=0,kro=1}->HttpConnection@7120f6fc[p=HttpParser{s=START,0 of -1},g=HttpGenerator@6bd89070{s=START}]=>HttpChannelOverHttp@294af61f{s=HttpChannelState@1bbe4c54{s=IDLE rs=BLOCKING os=OPEN is=IDLE awp=false se=false i=true al=0},r=1,c=false/false,a=IDLE,uri=null,age=0} parse HeapByteBuffer@5b38ed52[p=0,l=0,c=8192,r=0]={<<<>>>HTTP/1.1 ...\x00\x00\x00\x00\x00\x00\x00} {}
11:58:43.979 [qtp878861517-33] DEBUG org.eclipse.jetty.http.HttpParser - parseNext s=START HeapByteBuffer@5b38ed52[p=0,l=0,c=8192,r=0]={<<<>>>HTTP/1.1 ...\x00\x00\x00\x00\x00\x00\x00}
11:58:43.980 [qtp878861517-33] DEBUG org.eclipse.jetty.server.HttpConnection - HttpConnection@7120f6fc::NetworkTrafficSocketChannelEndPoint@1ef09cf9{l=/127.0.0.1:8081,r=/127.0.0.1:56539,OPEN,fill=-,flush=-,to=8/30000}{io=0/0,kio=0,kro=1}->HttpConnection@7120f6fc[p=HttpParser{s=START,0 of -1},g=HttpGenerator@6bd89070{s=START}]=>HttpChannelOverHttp@294af61f{s=HttpChannelState@1bbe4c54{s=IDLE rs=BLOCKING os=OPEN is=IDLE awp=false se=false i=true al=0},r=1,c=false/false,a=IDLE,uri=null,age=0} parsed false HttpParser{s=START,0 of -1}
11:58:43.980 [qtp878861517-33] DEBUG org.eclipse.jetty.server.HttpConnection - releaseRequestBuffer HttpConnection@7120f6fc::NetworkTrafficSocketChannelEndPoint@1ef09cf9{l=/127.0.0.1:8081,r=/127.0.0.1:56539,OPEN,fill=-,flush=-,to=8/30000}{io=0/0,kio=0,kro=1}->HttpConnection@7120f6fc[p=HttpParser{s=START,0 of -1},g=HttpGenerator@6bd89070{s=START}]=>HttpChannelOverHttp@294af61f{s=HttpChannelState@1bbe4c54{s=IDLE rs=BLOCKING os=OPEN is=IDLE awp=false se=false i=true al=0},r=1,c=false/false,a=IDLE,uri=null,age=0}
11:58:43.980 [qtp878861517-33] DEBUG org.eclipse.jetty.io.AbstractConnection - fillInterested HttpConnection@7120f6fc::NetworkTrafficSocketChannelEndPoint@1ef09cf9{l=/127.0.0.1:8081,r=/127.0.0.1:56539,OPEN,fill=-,flush=-,to=8/30000}{io=0/0,kio=0,kro=1}->HttpConnection@7120f6fc[p=HttpParser{s=START,0 of -1},g=HttpGenerator@6bd89070{s=START}]=>HttpChannelOverHttp@294af61f{s=HttpChannelState@1bbe4c54{s=IDLE rs=BLOCKING os=OPEN is=IDLE awp=false se=false i=true al=0},r=1,c=false/false,a=IDLE,uri=null,age=0}
11:58:43.980 [qtp878861517-33] DEBUG org.eclipse.jetty.io.FillInterest - interested FillInterest@1ea3e955{AC.ReadCB@7120f6fc{HttpConnection@7120f6fc::NetworkTrafficSocketChannelEndPoint@1ef09cf9{l=/127.0.0.1:8081,r=/127.0.0.1:56539,OPEN,fill=FI,flush=-,to=0/30000}{io=0/0,kio=0,kro=1}->HttpConnection@7120f6fc[p=HttpParser{s=START,0 of -1},g=HttpGenerator@6bd89070{s=START}]=>HttpChannelOverHttp@294af61f{s=HttpChannelState@1bbe4c54{s=IDLE rs=BLOCKING os=OPEN is=IDLE awp=false se=false i=true al=0},r=1,c=false/false,a=IDLE,uri=null,age=0}}}
11:58:43.981 [qtp878861517-33] DEBUG org.eclipse.jetty.io.ChannelEndPoint - changeInterests p=false 0->1 for NetworkTrafficSocketChannelEndPoint@1ef09cf9{l=/127.0.0.1:8081,r=/127.0.0.1:56539,OPEN,fill=FI,flush=-,to=0/30000}{io=0/1,kio=0,kro=1}->HttpConnection@7120f6fc[p=HttpParser{s=START,0 of -1},g=HttpGenerator@6bd89070{s=START}]=>HttpChannelOverHttp@294af61f{s=HttpChannelState@1bbe4c54{s=IDLE rs=BLOCKING os=OPEN is=IDLE awp=false se=false i=true al=0},r=1,c=false/false,a=IDLE,uri=null,age=0}
11:58:43.981 [qtp878861517-33] DEBUG org.eclipse.jetty.io.ManagedSelector - Queued change lazy=false org.eclipse.jetty.io.ChannelEndPoint$$Lambda$437/0x00000001222a8418@60ccca1c on ManagedSelector@3dddbe65{STARTED} id=1 keys=1 selected=0 updates=0
11:58:43.981 [qtp878861517-33] DEBUG org.eclipse.jetty.io.ManagedSelector - Wakeup on submit ManagedSelector@3dddbe65{STARTED} id=1 keys=1 selected=0 updates=1
11:58:43.981 [qtp878861517-27] DEBUG org.eclipse.jetty.io.ManagedSelector - Selector sun.nio.ch.KQueueSelectorImpl@6a8f615e woken with none selected
11:58:43.981 [qtp878861517-27] DEBUG org.eclipse.jetty.io.ManagedSelector - Selector sun.nio.ch.KQueueSelectorImpl@6a8f615e woken up from select, 0/0/1 selected
11:58:43.981 [qtp878861517-33] DEBUG org.eclipse.jetty.server.HttpConnection - HttpConnection@7120f6fc::NetworkTrafficSocketChannelEndPoint@1ef09cf9{l=/127.0.0.1:8081,r=/127.0.0.1:56539,OPEN,fill=FI,flush=-,to=0/30000}{io=0/1,kio=0,kro=1}->HttpConnection@7120f6fc[p=HttpParser{s=START,0 of -1},g=HttpGenerator@6bd89070{s=START}]=>HttpChannelOverHttp@294af61f{s=HttpChannelState@1bbe4c54{s=IDLE rs=BLOCKING os=OPEN is=IDLE awp=false se=false i=true al=0},r=1,c=false/false,a=IDLE,uri=null,age=0} onFillable exit HttpChannelState@1bbe4c54{s=IDLE rs=BLOCKING os=OPEN is=IDLE awp=false se=false i=true al=0} null
11:58:43.981 [qtp878861517-27] DEBUG org.eclipse.jetty.io.ManagedSelector - Selector sun.nio.ch.KQueueSelectorImpl@6a8f615e processing 0 keys, 1 updates
11:58:43.981 [qtp878861517-27] DEBUG org.eclipse.jetty.io.ManagedSelector - updateable 1
11:58:43.982 [qtp878861517-27] DEBUG org.eclipse.jetty.io.ManagedSelector - update org.eclipse.jetty.io.ChannelEndPoint$$Lambda$437/0x00000001222a8418@60ccca1c
11:58:43.982 [qtp878861517-33] DEBUG org.eclipse.jetty.util.thread.QueuedThreadPool - ran CEP:NetworkTrafficSocketChannelEndPoint@1ef09cf9{l=/127.0.0.1:8081,r=/127.0.0.1:56539,OPEN,fill=FI,flush=-,to=1/30000}{io=0/1,kio=0,kro=1}->HttpConnection@7120f6fc[p=HttpParser{s=START,0 of -1},g=HttpGenerator@6bd89070{s=START}]=>HttpChannelOverHttp@294af61f{s=HttpChannelState@1bbe4c54{s=IDLE rs=BLOCKING os=OPEN is=IDLE awp=false se=false i=true al=0},r=1,c=false/false,a=IDLE,uri=null,age=0}:runFillable:BLOCKING in QueuedThreadPool[qtp878861517]@34625ccd{STARTED,8<=8<=14,i=1,r=1,q=0}[ReservedThreadExecutor@35038141{s=1/1,p=0}]
11:58:43.982 [qtp878861517-27] DEBUG org.eclipse.jetty.io.ChannelEndPoint - Key interests updated 0 -> 1 on NetworkTrafficSocketChannelEndPoint@1ef09cf9{l=/127.0.0.1:8081,r=/127.0.0.1:56539,OPEN,fill=FI,flush=-,to=1/30000}{io=1/1,kio=1,kro=1}->HttpConnection@7120f6fc[p=HttpParser{s=START,0 of -1},g=HttpGenerator@6bd89070{s=START}]=>HttpChannelOverHttp@294af61f{s=HttpChannelState@1bbe4c54{s=IDLE rs=BLOCKING os=OPEN is=IDLE awp=false se=false i=true al=0},r=1,c=false/false,a=IDLE,uri=null,age=0}
11:58:43.982 [qtp878861517-27] DEBUG org.eclipse.jetty.io.ManagedSelector - updates 0
11:58:43.982 [qtp878861517-27] DEBUG org.eclipse.jetty.io.ManagedSelector - Selector sun.nio.ch.KQueueSelectorImpl@6a8f615e waiting with 1 keys
11:58:43.987 [qtp878861517-29-acceptor-1@503d56b5-NetworkTrafficServerConnector@4602c2a9{HTTP/1.1, (http/1.1)}{0.0.0.0:8081}] DEBUG org.eclipse.jetty.io.ManagedSelector - Queued change lazy=false Accept@2122fb75[java.nio.channels.SocketChannel[connected local=/127.0.0.1:8081 remote=/127.0.0.1:56540]] on ManagedSelector@669253b7{STARTED} id=0 keys=0 selected=0 updates=0
11:58:43.987 [qtp878861517-29-acceptor-1@503d56b5-NetworkTrafficServerConnector@4602c2a9{HTTP/1.1, (http/1.1)}{0.0.0.0:8081}] DEBUG org.eclipse.jetty.io.ManagedSelector - Wakeup on submit ManagedSelector@669253b7{STARTED} id=0 keys=0 selected=0 updates=1
11:58:43.987 [qtp878861517-26] DEBUG org.eclipse.jetty.io.ManagedSelector - Selector sun.nio.ch.KQueueSelectorImpl@1c2ddfe9 woken with none selected
11:58:43.987 [qtp878861517-26] DEBUG org.eclipse.jetty.io.ManagedSelector - Selector sun.nio.ch.KQueueSelectorImpl@1c2ddfe9 woken up from select, 0/0/0 selected
11:58:43.987 [qtp878861517-26] DEBUG org.eclipse.jetty.io.ManagedSelector - Selector sun.nio.ch.KQueueSelectorImpl@1c2ddfe9 processing 0 keys, 1 updates
11:58:43.987 [qtp878861517-26] DEBUG org.eclipse.jetty.io.ManagedSelector - updateable 1
11:58:43.987 [qtp878861517-26] DEBUG org.eclipse.jetty.io.ManagedSelector - update Accept@2122fb75[java.nio.channels.SocketChannel[connected local=/127.0.0.1:8081 remote=/127.0.0.1:56540]]
11:58:43.988 [qtp878861517-26] DEBUG org.eclipse.jetty.util.thread.QueuedThreadPool - queue Accept@2122fb75[java.nio.channels.SocketChannel[connected local=/127.0.0.1:8081 remote=/127.0.0.1:56540]] startThread=0
11:58:43.988 [qtp878861517-31] DEBUG org.eclipse.jetty.util.thread.QueuedThreadPool - run Accept@2122fb75[java.nio.channels.SocketChannel[connected local=/127.0.0.1:8081 remote=/127.0.0.1:56540]] in QueuedThreadPool[qtp878861517]@34625ccd{STARTED,8<=8<=14,i=1,r=1,q=0}[ReservedThreadExecutor@35038141{s=1/1,p=0}]
11:58:43.988 [qtp878861517-26] DEBUG org.eclipse.jetty.io.ManagedSelector - updates 0
11:58:43.988 [qtp878861517-26] DEBUG org.eclipse.jetty.io.ManagedSelector - Selector sun.nio.ch.KQueueSelectorImpl@1c2ddfe9 waiting with 1 keys
11:58:43.988 [qtp878861517-31] DEBUG org.eclipse.jetty.io.IdleTimeout - NetworkTrafficSocketChannelEndPoint@640beaaf{l=/127.0.0.1:8081,r=/127.0.0.1:56540,OPEN,fill=-,flush=-,to=0/30000}{io=0/0,kio=0,kro=0}-><null> idle timeout check, elapsed: 0 ms, remaining: 30000 ms
11:58:43.988 [qtp878861517-31] DEBUG org.eclipse.jetty.server.HttpChannel - new HttpChannelOverHttp@4bffad4e{s=HttpChannelState@4a971c25{s=IDLE rs=BLOCKING os=OPEN is=IDLE awp=false se=false i=true al=0},r=0,c=false/false,a=IDLE,uri=null,age=0} -> NetworkTrafficSocketChannelEndPoint@640beaaf{l=/127.0.0.1:8081,r=/127.0.0.1:56540,OPEN,fill=-,flush=-,to=0/30000}{io=0/0,kio=0,kro=0}-><null>,null,HttpChannelState@4a971c25{s=IDLE rs=BLOCKING os=OPEN is=IDLE awp=false se=false i=true al=0}
11:58:43.989 [qtp878861517-31] DEBUG org.eclipse.jetty.server.HttpConnection - New HTTP Connection HttpConnection@4c0da341::NetworkTrafficSocketChannelEndPoint@640beaaf{l=/127.0.0.1:8081,r=/127.0.0.1:56540,OPEN,fill=-,flush=-,to=0/30000}{io=0/0,kio=0,kro=0}-><null>
11:58:43.989 [qtp878861517-31] DEBUG org.eclipse.jetty.io.ManagedSelector - Queued change lazy=true org.eclipse.jetty.io.ManagedSelector$$Lambda$444/0x00000001222b6b50@776866fd on ManagedSelector@669253b7{STARTED} id=0 keys=1 selected=0 updates=0
11:58:43.989 [qtp878861517-31] DEBUG org.eclipse.jetty.io.AbstractEndPoint - onOpen NetworkTrafficSocketChannelEndPoint@640beaaf{l=/127.0.0.1:8081,r=/127.0.0.1:56540,OPEN,fill=-,flush=-,to=0/30000}{io=0/0,kio=0,kro=0}->HttpConnection@4c0da341[p=HttpParser{s=START,0 of -1},g=HttpGenerator@41cb2083{s=START}]=>HttpChannelOverHttp@4bffad4e{s=HttpChannelState@4a971c25{s=IDLE rs=BLOCKING os=OPEN is=IDLE awp=false se=false i=true al=0},r=0,c=false/false,a=IDLE,uri=null,age=0}
11:58:43.989 [qtp878861517-31] DEBUG org.eclipse.jetty.io.AbstractConnection - onOpen HttpConnection@4c0da341::NetworkTrafficSocketChannelEndPoint@640beaaf{l=/127.0.0.1:8081,r=/127.0.0.1:56540,OPEN,fill=-,flush=-,to=1/30000}{io=0/0,kio=0,kro=0}->HttpConnection@4c0da341[p=HttpParser{s=START,0 of -1},g=HttpGenerator@41cb2083{s=START}]=>HttpChannelOverHttp@4bffad4e{s=HttpChannelState@4a971c25{s=IDLE rs=BLOCKING os=OPEN is=IDLE awp=false se=false i=true al=0},r=0,c=false/false,a=IDLE,uri=null,age=0}
11:58:43.990 [qtp878861517-31] DEBUG org.eclipse.jetty.io.AbstractConnection - fillInterested HttpConnection@4c0da341::NetworkTrafficSocketChannelEndPoint@640beaaf{l=/127.0.0.1:8081,r=/127.0.0.1:56540,OPEN,fill=-,flush=-,to=1/30000}{io=0/0,kio=0,kro=0}->HttpConnection@4c0da341[p=HttpParser{s=START,0 of -1},g=HttpGenerator@41cb2083{s=START}]=>HttpChannelOverHttp@4bffad4e{s=HttpChannelState@4a971c25{s=IDLE rs=BLOCKING os=OPEN is=IDLE awp=false se=false i=true al=0},r=0,c=false/false,a=IDLE,uri=null,age=0}
11:58:43.990 [qtp878861517-31] DEBUG org.eclipse.jetty.io.FillInterest - interested FillInterest@334f6aab{AC.ReadCB@4c0da341{HttpConnection@4c0da341::NetworkTrafficSocketChannelEndPoint@640beaaf{l=/127.0.0.1:8081,r=/127.0.0.1:56540,OPEN,fill=FI,flush=-,to=0/30000}{io=0/0,kio=0,kro=0}->HttpConnection@4c0da341[p=HttpParser{s=START,0 of -1},g=HttpGenerator@41cb2083{s=START}]=>HttpChannelOverHttp@4bffad4e{s=HttpChannelState@4a971c25{s=IDLE rs=BLOCKING os=OPEN is=IDLE awp=false se=false i=true al=0},r=0,c=false/false,a=IDLE,uri=null,age=0}}}
11:58:43.990 [qtp878861517-31] DEBUG org.eclipse.jetty.io.ChannelEndPoint - changeInterests p=false 0->1 for NetworkTrafficSocketChannelEndPoint@640beaaf{l=/127.0.0.1:8081,r=/127.0.0.1:56540,OPEN,fill=FI,flush=-,to=0/30000}{io=0/1,kio=0,kro=0}->HttpConnection@4c0da341[p=HttpParser{s=START,0 of -1},g=HttpGenerator@41cb2083{s=START}]=>HttpChannelOverHttp@4bffad4e{s=HttpChannelState@4a971c25{s=IDLE rs=BLOCKING os=OPEN is=IDLE awp=false se=false i=true al=0},r=0,c=false/false,a=IDLE,uri=null,age=0}
11:58:43.991 [qtp878861517-31] DEBUG org.eclipse.jetty.io.ManagedSelector - Queued change lazy=false org.eclipse.jetty.io.ChannelEndPoint$$Lambda$437/0x00000001222a8418@1279c028 on ManagedSelector@669253b7{STARTED} id=0 keys=1 selected=0 updates=1
11:58:43.991 [qtp878861517-31] DEBUG org.eclipse.jetty.io.ManagedSelector - Wakeup on submit ManagedSelector@669253b7{STARTED} id=0 keys=1 selected=0 updates=2
11:58:43.991 [qtp878861517-26] DEBUG org.eclipse.jetty.io.ManagedSelector - Selector sun.nio.ch.KQueueSelectorImpl@1c2ddfe9 woken with none selected
11:58:43.991 [qtp878861517-26] DEBUG org.eclipse.jetty.io.ManagedSelector - Selector sun.nio.ch.KQueueSelectorImpl@1c2ddfe9 woken up from select, 0/0/1 selected
11:58:43.991 [qtp878861517-31] DEBUG org.eclipse.jetty.io.ManagedSelector - Created NetworkTrafficSocketChannelEndPoint@640beaaf{l=/127.0.0.1:8081,r=/127.0.0.1:56540,OPEN,fill=FI,flush=-,to=0/30000}{io=0/1,kio=0,kro=0}->HttpConnection@4c0da341[p=HttpParser{s=START,0 of -1},g=HttpGenerator@41cb2083{s=START}]=>HttpChannelOverHttp@4bffad4e{s=HttpChannelState@4a971c25{s=IDLE rs=BLOCKING os=OPEN is=IDLE awp=false se=false i=true al=0},r=0,c=false/false,a=IDLE,uri=null,age=0}
11:58:43.991 [qtp878861517-26] DEBUG org.eclipse.jetty.io.ManagedSelector - Selector sun.nio.ch.KQueueSelectorImpl@1c2ddfe9 processing 0 keys, 2 updates
11:58:43.991 [qtp878861517-26] DEBUG org.eclipse.jetty.io.ManagedSelector - updateable 2
11:58:43.991 [qtp878861517-31] DEBUG org.eclipse.jetty.util.thread.QueuedThreadPool - ran Accept@2122fb75[java.nio.channels.SocketChannel[connected local=/127.0.0.1:8081 remote=/127.0.0.1:56540]] in QueuedThreadPool[qtp878861517]@34625ccd{STARTED,8<=8<=14,i=1,r=1,q=0}[ReservedThreadExecutor@35038141{s=1/1,p=0}]
11:58:43.991 [qtp878861517-26] DEBUG org.eclipse.jetty.io.ManagedSelector - update org.eclipse.jetty.io.ManagedSelector$$Lambda$444/0x00000001222b6b50@776866fd
11:58:43.991 [qtp878861517-26] DEBUG org.eclipse.jetty.io.ManagedSelector - update org.eclipse.jetty.io.ChannelEndPoint$$Lambda$437/0x00000001222a8418@1279c028
11:58:43.992 [qtp878861517-26] DEBUG org.eclipse.jetty.io.ChannelEndPoint - Key interests updated 0 -> 1 on NetworkTrafficSocketChannelEndPoint@640beaaf{l=/127.0.0.1:8081,r=/127.0.0.1:56540,OPEN,fill=FI,flush=-,to=1/30000}{io=1/1,kio=1,kro=0}->HttpConnection@4c0da341[p=HttpParser{s=START,0 of -1},g=HttpGenerator@41cb2083{s=START}]=>HttpChannelOverHttp@4bffad4e{s=HttpChannelState@4a971c25{s=IDLE rs=BLOCKING os=OPEN is=IDLE awp=false se=false i=true al=0},r=0,c=false/false,a=IDLE,uri=null,age=0}
11:58:43.992 [qtp878861517-26] DEBUG org.eclipse.jetty.io.ManagedSelector - updates 0
11:58:43.992 [qtp878861517-26] DEBUG org.eclipse.jetty.io.ManagedSelector - Selector sun.nio.ch.KQueueSelectorImpl@1c2ddfe9 waiting with 1 keys
11:58:43.992 [qtp878861517-26] DEBUG org.eclipse.jetty.io.ManagedSelector - Selector sun.nio.ch.KQueueSelectorImpl@1c2ddfe9 woken up from select, 1/1/1 selected
11:58:43.992 [qtp878861517-26] DEBUG org.eclipse.jetty.io.ManagedSelector - Selector sun.nio.ch.KQueueSelectorImpl@1c2ddfe9 processing 1 keys, 0 updates
11:58:43.992 [qtp878861517-26] DEBUG org.eclipse.jetty.io.ManagedSelector - selected 1 channel=java.nio.channels.SocketChannel[connected local=/127.0.0.1:8081 remote=/127.0.0.1:56540], selector=sun.nio.ch.KQueueSelectorImpl@1c2ddfe9, interestOps=1, readyOps=1 NetworkTrafficSocketChannelEndPoint@640beaaf{l=/127.0.0.1:8081,r=/127.0.0.1:56540,OPEN,fill=FI,flush=-,to=2/30000}{io=1/1,kio=1,kro=1}->HttpConnection@4c0da341[p=HttpParser{s=START,0 of -1},g=HttpGenerator@41cb2083{s=START}]=>HttpChannelOverHttp@4bffad4e{s=HttpChannelState@4a971c25{s=IDLE rs=BLOCKING os=OPEN is=IDLE awp=false se=false i=true al=0},r=0,c=false/false,a=IDLE,uri=null,age=0} 
11:58:43.993 [qtp878861517-26] DEBUG org.eclipse.jetty.io.ChannelEndPoint - onSelected 1->0 r=true w=false for NetworkTrafficSocketChannelEndPoint@640beaaf{l=/127.0.0.1:8081,r=/127.0.0.1:56540,OPEN,fill=FI,flush=-,to=2/30000}{io=1/0,kio=1,kro=1}->HttpConnection@4c0da341[p=HttpParser{s=START,0 of -1},g=HttpGenerator@41cb2083{s=START}]=>HttpChannelOverHttp@4bffad4e{s=HttpChannelState@4a971c25{s=IDLE rs=BLOCKING os=OPEN is=IDLE awp=false se=false i=true al=0},r=0,c=false/false,a=IDLE,uri=null,age=0}
11:58:43.993 [qtp878861517-26] DEBUG org.eclipse.jetty.io.ChannelEndPoint - task CEP:NetworkTrafficSocketChannelEndPoint@640beaaf{l=/127.0.0.1:8081,r=/127.0.0.1:56540,OPEN,fill=FI,flush=-,to=3/30000}{io=1/0,kio=1,kro=1}->HttpConnection@4c0da341[p=HttpParser{s=START,0 of -1},g=HttpGenerator@41cb2083{s=START}]=>HttpChannelOverHttp@4bffad4e{s=HttpChannelState@4a971c25{s=IDLE rs=BLOCKING os=OPEN is=IDLE awp=false se=false i=true al=0},r=0,c=false/false,a=IDLE,uri=null,age=0}:runFillable:BLOCKING
11:58:43.993 [qtp878861517-26] DEBUG org.eclipse.jetty.util.thread.ReservedThreadExecutor - ReservedThreadExecutor@35038141{s=1/1,p=0} tryExecute EatWhatYouKill@20312893/SelectorProducer@70eecdc2/PRODUCING/p=false/QueuedThreadPool[qtp878861517]@34625ccd{STARTED,8<=8<=14,i=2,r=1,q=0}[ReservedThreadExecutor@35038141{s=1/1,p=0}][pc=0,pic=0,pec=0,epc=0]@2024-05-10T11:58:43.993854+01:00
11:58:43.994 [qtp878861517-26] DEBUG org.eclipse.jetty.util.thread.ReservedThreadExecutor - ReservedThreadExecutor@35038141{s=0/1,p=0}@141aafac offer EatWhatYouKill@20312893/SelectorProducer@70eecdc2/PRODUCING/p=false/QueuedThreadPool[qtp878861517]@34625ccd{STARTED,8<=8<=14,i=2,r=1,q=0}[ReservedThreadExecutor@35038141{s=0/1,p=0}][pc=0,pic=0,pec=0,epc=0]@2024-05-10T11:58:43.994239+01:00
11:58:43.994 [qtp878861517-26] DEBUG org.eclipse.jetty.util.thread.ReservedThreadExecutor - ReservedThreadExecutor@35038141{s=0/1,p=1} startReservedThread p=1
11:58:43.994 [qtp878861517-26] DEBUG org.eclipse.jetty.util.thread.QueuedThreadPool - queue ReservedThreadExecutor@35038141{s=0/1,p=1}@3abc0924 startThread=0
11:58:43.994 [qtp878861517-33] DEBUG org.eclipse.jetty.util.thread.QueuedThreadPool - run ReservedThreadExecutor@35038141{s=0/1,p=1}@3abc0924 in QueuedThreadPool[qtp878861517]@34625ccd{STARTED,8<=8<=14,i=1,r=1,q=0}[ReservedThreadExecutor@35038141{s=0/1,p=1}]
11:58:43.994 [qtp878861517-33] DEBUG org.eclipse.jetty.util.thread.ReservedThreadExecutor - ReservedThreadExecutor@35038141{s=1/1,p=1}@3abc0924 started
11:58:43.994 [qtp878861517-33] DEBUG org.eclipse.jetty.util.thread.ReservedThreadExecutor - ReservedThreadExecutor@35038141{s=1/1,p=0}@3abc0924 waiting
11:58:43.995 [qtp878861517-32] DEBUG org.eclipse.jetty.util.thread.ReservedThreadExecutor - ReservedThreadExecutor@35038141{s=0/1,p=1}@141aafac task=EatWhatYouKill@20312893/SelectorProducer@70eecdc2/IDLE/p=true/QueuedThreadPool[qtp878861517]@34625ccd{STARTED,8<=8<=14,i=1,r=1,q=0}[ReservedThreadExecutor@35038141{s=1/1,p=1}][pc=0,pic=0,pec=0,epc=0]@2024-05-10T11:58:43.994926+01:00
11:58:43.995 [qtp878861517-32] DEBUG org.eclipse.jetty.util.thread.strategy.EatWhatYouKill - EatWhatYouKill@20312893/SelectorProducer@70eecdc2/IDLE/p=true/QueuedThreadPool[qtp878861517]@34625ccd{STARTED,8<=8<=14,i=1,r=1,q=0}[ReservedThreadExecutor@35038141{s=1/1,p=0}][pc=0,pic=0,pec=0,epc=0]@2024-05-10T11:58:43.995296+01:00 tryProduce true
11:58:43.995 [qtp878861517-32] DEBUG org.eclipse.jetty.io.ManagedSelector - updateable 0
11:58:43.995 [qtp878861517-26] DEBUG org.eclipse.jetty.util.thread.strategy.EatWhatYouKill - EatWhatYouKill@20312893/SelectorProducer@70eecdc2/IDLE/p=true/QueuedThreadPool[qtp878861517]@34625ccd{STARTED,8<=8<=14,i=1,r=1,q=0}[ReservedThreadExecutor@35038141{s=1/1,p=0}][pc=0,pic=0,pec=0,epc=0]@2024-05-10T11:58:43.995158+01:00 m=EXECUTE_PRODUCE_CONSUME t=CEP:NetworkTrafficSocketChannelEndPoint@640beaaf{l=/127.0.0.1:8081,r=/127.0.0.1:56540,OPEN,fill=FI,flush=-,to=4/30000}{io=1/0,kio=1,kro=1}->HttpConnection@4c0da341[p=HttpParser{s=START,0 of -1},g=HttpGenerator@41cb2083{s=START}]=>HttpChannelOverHttp@4bffad4e{s=HttpChannelState@4a971c25{s=IDLE rs=BLOCKING os=OPEN is=IDLE awp=false se=false i=true al=0},r=0,c=false/false,a=IDLE,uri=null,age=0}:runFillable:BLOCKING/BLOCKING
11:58:43.995 [qtp878861517-32] DEBUG org.eclipse.jetty.io.ManagedSelector - updates 0
11:58:43.995 [qtp878861517-32] DEBUG org.eclipse.jetty.io.ChannelEndPoint - Key interests updated 1 -> 0 on NetworkTrafficSocketChannelEndPoint@640beaaf{l=/127.0.0.1:8081,r=/127.0.0.1:56540,OPEN,fill=FI,flush=-,to=5/30000}{io=0/0,kio=0,kro=1}->HttpConnection@4c0da341[p=HttpParser{s=START,0 of -1},g=HttpGenerator@41cb2083{s=START}]=>HttpChannelOverHttp@4bffad4e{s=HttpChannelState@4a971c25{s=IDLE rs=BLOCKING os=OPEN is=IDLE awp=false se=false i=true al=0},r=0,c=false/false,a=IDLE,uri=null,age=0}
11:58:43.995 [qtp878861517-26] DEBUG org.eclipse.jetty.io.FillInterest - fillable FillInterest@334f6aab{AC.ReadCB@4c0da341{HttpConnection@4c0da341::NetworkTrafficSocketChannelEndPoint@640beaaf{l=/127.0.0.1:8081,r=/127.0.0.1:56540,OPEN,fill=FI,flush=-,to=5/30000}{io=0/0,kio=0,kro=1}->HttpConnection@4c0da341[p=HttpParser{s=START,0 of -1},g=HttpGenerator@41cb2083{s=START}]=>HttpChannelOverHttp@4bffad4e{s=HttpChannelState@4a971c25{s=IDLE rs=BLOCKING os=OPEN is=IDLE awp=false se=false i=true al=0},r=0,c=false/false,a=IDLE,uri=null,age=0}}}
11:58:43.996 [qtp878861517-32] DEBUG org.eclipse.jetty.io.ManagedSelector - Selector sun.nio.ch.KQueueSelectorImpl@1c2ddfe9 waiting with 1 keys
11:58:43.996 [qtp878861517-26] DEBUG org.eclipse.jetty.server.HttpConnection - HttpConnection@4c0da341::NetworkTrafficSocketChannelEndPoint@640beaaf{l=/127.0.0.1:8081,r=/127.0.0.1:56540,OPEN,fill=-,flush=-,to=5/30000}{io=0/0,kio=0,kro=1}->HttpConnection@4c0da341[p=HttpParser{s=START,0 of -1},g=HttpGenerator@41cb2083{s=START}]=>HttpChannelOverHttp@4bffad4e{s=HttpChannelState@4a971c25{s=IDLE rs=BLOCKING os=OPEN is=IDLE awp=false se=false i=true al=0},r=0,c=false/false,a=IDLE,uri=null,age=0} onFillable enter HttpChannelState@4a971c25{s=IDLE rs=BLOCKING os=OPEN is=IDLE awp=false se=false i=true al=0} null
11:58:43.996 [qtp878861517-26] DEBUG org.eclipse.jetty.io.ChannelEndPoint - filled 158 HeapByteBuffer@5b38ed52[p=0,l=158,c=8192,r=158]={<<<GET /Admissions HTTP/1.1\r...oding: gzip,deflate\r\n\r\n>>>e-HttpCli...\x00\x00\x00\x00\x00\x00\x00}
11:58:43.996 [qtp878861517-26] DEBUG org.eclipse.jetty.server.HttpConnection - HttpConnection@4c0da341::NetworkTrafficSocketChannelEndPoint@640beaaf{l=/127.0.0.1:8081,r=/127.0.0.1:56540,OPEN,fill=-,flush=-,to=0/30000}{io=0/0,kio=0,kro=1}->HttpConnection@4c0da341[p=HttpParser{s=START,0 of -1},g=HttpGenerator@41cb2083{s=START}]=>HttpChannelOverHttp@4bffad4e{s=HttpChannelState@4a971c25{s=IDLE rs=BLOCKING os=OPEN is=IDLE awp=false se=false i=true al=0},r=0,c=false/false,a=IDLE,uri=null,age=0} filled 158 HeapByteBuffer@5b38ed52[p=0,l=158,c=8192,r=158]={<<<GET /Admissions HTTP/1.1\r...oding: gzip,deflate\r\n\r\n>>>e-HttpCli...\x00\x00\x00\x00\x00\x00\x00}
11:58:43.996 [qtp878861517-26] DEBUG org.eclipse.jetty.server.HttpConnection - HttpConnection@4c0da341::NetworkTrafficSocketChannelEndPoint@640beaaf{l=/127.0.0.1:8081,r=/127.0.0.1:56540,OPEN,fill=-,flush=-,to=0/30000}{io=0/0,kio=0,kro=1}->HttpConnection@4c0da341[p=HttpParser{s=START,0 of -1},g=HttpGenerator@41cb2083{s=START}]=>HttpChannelOverHttp@4bffad4e{s=HttpChannelState@4a971c25{s=IDLE rs=BLOCKING os=OPEN is=IDLE awp=false se=false i=true al=0},r=0,c=false/false,a=IDLE,uri=null,age=0} parse HeapByteBuffer@5b38ed52[p=0,l=158,c=8192,r=158]={<<<GET /Admissions HTTP/1.1\r...oding: gzip,deflate\r\n\r\n>>>e-HttpCli...\x00\x00\x00\x00\x00\x00\x00} {}
11:58:43.996 [qtp878861517-26] DEBUG org.eclipse.jetty.http.HttpParser - parseNext s=START HeapByteBuffer@5b38ed52[p=0,l=158,c=8192,r=158]={<<<GET /Admissions HTTP/1.1\r...oding: gzip,deflate\r\n\r\n>>>e-HttpCli...\x00\x00\x00\x00\x00\x00\x00}
11:58:43.997 [qtp878861517-26] DEBUG org.eclipse.jetty.http.HttpParser - START --> SPACE1
11:58:43.997 [qtp878861517-26] DEBUG org.eclipse.jetty.http.HttpParser - SPACE1 --> URI
11:58:43.997 [qtp878861517-26] DEBUG org.eclipse.jetty.http.HttpParser - URI --> SPACE2
11:58:43.997 [qtp878861517-26] DEBUG org.eclipse.jetty.http.HttpParser - SPACE2 --> REQUEST_VERSION
11:58:43.997 [qtp878861517-26] DEBUG org.eclipse.jetty.http.HttpParser - REQUEST_VERSION --> HEADER
11:58:43.997 [qtp878861517-26] DEBUG org.eclipse.jetty.http.HttpParser - HEADER:Host --> VALUE
11:58:43.997 [qtp878861517-26] DEBUG org.eclipse.jetty.http.HttpParser - HEADER:Host --> IN_VALUE
11:58:43.997 [qtp878861517-26] DEBUG org.eclipse.jetty.http.HttpParser - HEADER:Host --> FIELD
11:58:43.997 [qtp878861517-26] DEBUG org.eclipse.jetty.http.HttpParser - HEADER:Connection: keep-alive --> IN_VALUE
11:58:43.997 [qtp878861517-26] DEBUG org.eclipse.jetty.http.HttpParser - HEADER:Connection: keep-alive --> FIELD
11:58:43.997 [qtp878861517-26] DEBUG org.eclipse.jetty.http.HttpParser - HEADER:User-Agent --> VALUE
11:58:43.997 [qtp878861517-26] DEBUG org.eclipse.jetty.http.HttpParser - HEADER:User-Agent --> IN_VALUE
11:58:43.997 [qtp878861517-26] DEBUG org.eclipse.jetty.http.HttpParser - HEADER:User-Agent --> FIELD
11:58:43.997 [qtp878861517-26] DEBUG org.eclipse.jetty.http.HttpParser - HEADER:Accept-Encoding --> IN_VALUE
11:58:43.997 [qtp878861517-26] DEBUG org.eclipse.jetty.http.HttpParser - HEADER:Accept-Encoding --> FIELD
11:58:43.997 [qtp878861517-26] DEBUG org.eclipse.jetty.http.HttpParser - HEADER --> CONTENT
11:58:43.997 [qtp878861517-26] DEBUG org.eclipse.jetty.server.HttpChannel - REQUEST for //localhost:8081/Admissions on HttpChannelOverHttp@4bffad4e{s=HttpChannelState@4a971c25{s=IDLE rs=BLOCKING os=OPEN is=IDLE awp=false se=false i=true al=0},r=1,c=false/false,a=IDLE,uri=//localhost:8081/Admissions,age=0}
GET //localhost:8081/Admissions HTTP/1.1
Host: localhost:8081
Connection: keep-alive
User-Agent: Apache-HttpClient/4.5.13 (Java/17.0.11)
Accept-Encoding: gzip,deflate


11:58:43.998 [qtp878861517-26] DEBUG org.eclipse.jetty.server.HttpConnection - HttpConnection@4c0da341::NetworkTrafficSocketChannelEndPoint@640beaaf{l=/127.0.0.1:8081,r=/127.0.0.1:56540,OPEN,fill=-,flush=-,to=1/30000}{io=0/0,kio=0,kro=1}->HttpConnection@4c0da341[p=HttpParser{s=CONTENT,0 of -1},g=HttpGenerator@41cb2083{s=START}]=>HttpChannelOverHttp@4bffad4e{s=HttpChannelState@4a971c25{s=IDLE rs=BLOCKING os=OPEN is=IDLE awp=false se=false i=true al=0},r=1,c=false/false,a=IDLE,uri=//localhost:8081/Admissions,age=1} parsed true HttpParser{s=CONTENT,0 of -1}
11:58:43.998 [qtp878861517-26] DEBUG org.eclipse.jetty.server.HttpConnection - releaseRequestBuffer HttpConnection@4c0da341::NetworkTrafficSocketChannelEndPoint@640beaaf{l=/127.0.0.1:8081,r=/127.0.0.1:56540,OPEN,fill=-,flush=-,to=1/30000}{io=0/0,kio=0,kro=1}->HttpConnection@4c0da341[p=HttpParser{s=CONTENT,0 of -1},g=HttpGenerator@41cb2083{s=START}]=>HttpChannelOverHttp@4bffad4e{s=HttpChannelState@4a971c25{s=IDLE rs=BLOCKING os=OPEN is=IDLE awp=false se=false i=true al=0},r=1,c=false/false,a=IDLE,uri=//localhost:8081/Admissions,age=1}
11:58:43.998 [qtp878861517-26] DEBUG org.eclipse.jetty.server.HttpChannel - handle //localhost:8081/Admissions HttpChannelOverHttp@4bffad4e{s=HttpChannelState@4a971c25{s=IDLE rs=BLOCKING os=OPEN is=IDLE awp=false se=false i=true al=0},r=1,c=false/false,a=IDLE,uri=//localhost:8081/Admissions,age=1} 
11:58:43.998 [qtp878861517-26] DEBUG org.eclipse.jetty.server.HttpChannelState - handling HttpChannelState@4a971c25{s=IDLE rs=BLOCKING os=OPEN is=IDLE awp=false se=false i=true al=0}
11:58:43.998 [qtp878861517-26] DEBUG org.eclipse.jetty.server.HttpChannel - action DISPATCH HttpChannelOverHttp@4bffad4e{s=HttpChannelState@4a971c25{s=HANDLING rs=BLOCKING os=OPEN is=IDLE awp=false se=false i=true al=0},r=1,c=false/false,a=HANDLING,uri=//localhost:8081/Admissions,age=1}
11:58:43.998 [qtp878861517-26] DEBUG org.eclipse.jetty.server.Server - REQUEST GET /Admissions on HttpChannelOverHttp@4bffad4e{s=HttpChannelState@4a971c25{s=HANDLING rs=BLOCKING os=OPEN is=IDLE awp=false se=false i=true al=0},r=1,c=false/false,a=HANDLING,uri=//localhost:8081/Admissions,age=1}
11:58:43.998 [qtp878861517-26] DEBUG org.eclipse.jetty.server.handler.ContextHandler - scope null||/Admissions @ o.e.j.s.ServletContextHandler@3a1d593e{/__admin,null,AVAILABLE}
11:58:43.998 [qtp878861517-26] DEBUG org.eclipse.jetty.server.handler.gzip.GzipHandler - GzipHandler@77cf3f8b{STARTED,min=32,inflate=-1} handle Request(GET //localhost:8081/Admissions)@2076d7c9 in null
11:58:43.998 [qtp878861517-26] DEBUG org.eclipse.jetty.server.handler.ContextHandler - scope null||/Admissions @ o.e.j.s.ServletContextHandler@70fab835{/,null,AVAILABLE}
11:58:43.998 [qtp878861517-26] DEBUG org.eclipse.jetty.server.handler.ContextHandler - context=||/Admissions @ o.e.j.s.ServletContextHandler@70fab835{/,null,AVAILABLE}
11:58:43.998 [qtp878861517-26] DEBUG org.eclipse.jetty.servlet.ServletHandler - servlet |/Admissions|null -> com.github.tomakehurst.wiremock.servlet.WireMockHandlerDispatchingServlet-2fd1731c@6991393d==com.github.tomakehurst.wiremock.servlet.WireMockHandlerDispatchingServlet,jsp=null,order=-1,inst=false,async=true
11:58:43.998 [qtp878861517-26] DEBUG org.eclipse.jetty.servlet.ServletHandler - chain=null
11:58:43.998 [qtp878861517-26] DEBUG org.eclipse.jetty.servlet.ServletHolder - Servlet.init com.github.tomakehurst.wiremock.servlet.WireMockHandlerDispatchingServlet@525696b9 for com.github.tomakehurst.wiremock.servlet.WireMockHandlerDispatchingServlet-2fd1731c
11:58:43.998 [qtp878861517-26] INFO org.eclipse.jetty.server.handler.ContextHandler.ROOT - RequestHandlerClass from context returned com.github.tomakehurst.wiremock.http.StubRequestHandler. Normalized mapped under returned 'null'
11:58:44.000 [qtp878861517-26] DEBUG org.eclipse.jetty.io.ChannelEndPoint - filled 0 HeapByteBuffer@5b38ed52[p=0,l=0,c=8192,r=0]={<<<>>>GET /Admi...\x00\x00\x00\x00\x00\x00\x00}
11:58:44.000 [qtp878861517-26] DEBUG org.eclipse.jetty.io.ChannelEndPoint - filled 0 HeapByteBuffer@5b38ed52[p=0,l=0,c=8192,r=0]={<<<>>>GET /Admi...\x00\x00\x00\x00\x00\x00\x00}
11:58:44.000 [qtp878861517-26] DEBUG org.eclipse.jetty.server.HttpConnection - HttpConnection@4c0da341::NetworkTrafficSocketChannelEndPoint@640beaaf{l=/127.0.0.1:8081,r=/127.0.0.1:56540,OPEN,fill=-,flush=-,to=4/30000}{io=0/0,kio=0,kro=1}->HttpConnection@4c0da341[p=HttpParser{s=CONTENT,0 of -1},g=HttpGenerator@41cb2083{s=START}]=>HttpChannelOverHttp@4bffad4e{s=HttpChannelState@4a971c25{s=HANDLING rs=BLOCKING os=OPEN is=IDLE awp=false se=false i=true al=0},r=1,c=false/false,a=HANDLING,uri=//localhost:8081/Admissions,age=3} filled 0 HeapByteBuffer@5b38ed52[p=0,l=0,c=8192,r=0]={<<<>>>GET /Admi...\x00\x00\x00\x00\x00\x00\x00}
11:58:44.000 [qtp878861517-26] DEBUG org.eclipse.jetty.server.HttpConnection - HttpConnection@4c0da341::NetworkTrafficSocketChannelEndPoint@640beaaf{l=/127.0.0.1:8081,r=/127.0.0.1:56540,OPEN,fill=-,flush=-,to=4/30000}{io=0/0,kio=0,kro=1}->HttpConnection@4c0da341[p=HttpParser{s=CONTENT,0 of -1},g=HttpGenerator@41cb2083{s=START}]=>HttpChannelOverHttp@4bffad4e{s=HttpChannelState@4a971c25{s=HANDLING rs=BLOCKING os=OPEN is=IDLE awp=false se=false i=true al=0},r=1,c=false/false,a=HANDLING,uri=//localhost:8081/Admissions,age=3} parse HeapByteBuffer@5b38ed52[p=0,l=0,c=8192,r=0]={<<<>>>GET /Admi...\x00\x00\x00\x00\x00\x00\x00} {}
11:58:44.001 [qtp878861517-26] DEBUG org.eclipse.jetty.http.HttpParser - parseNext s=CONTENT HeapByteBuffer@5b38ed52[p=0,l=0,c=8192,r=0]={<<<>>>GET /Admi...\x00\x00\x00\x00\x00\x00\x00}
11:58:44.001 [qtp878861517-26] DEBUG org.eclipse.jetty.http.HttpParser - CONTENT --> CONTENT_END
11:58:44.001 [qtp878861517-26] DEBUG org.eclipse.jetty.server.HttpChannel - onContentComplete HttpChannelOverHttp@4bffad4e{s=HttpChannelState@4a971c25{s=HANDLING rs=BLOCKING os=OPEN is=IDLE awp=false se=false i=true al=0},r=1,c=false/false,a=HANDLING,uri=//localhost:8081/Admissions,age=4}
11:58:44.001 [qtp878861517-26] DEBUG org.eclipse.jetty.http.HttpParser - CONTENT_END --> END
11:58:44.001 [qtp878861517-26] DEBUG org.eclipse.jetty.server.HttpChannel - onRequestComplete HttpChannelOverHttp@4bffad4e{s=HttpChannelState@4a971c25{s=HANDLING rs=BLOCKING os=OPEN is=IDLE awp=false se=false i=true al=0},r=1,c=false/false,a=HANDLING,uri=//localhost:8081/Admissions,age=4}
11:58:44.001 [qtp878861517-26] DEBUG org.eclipse.jetty.server.HttpInput - HttpInputOverHTTP@6d255b7f[c=0,q=0,[0]=null,s=STREAM] addContent EOF
11:58:44.001 [qtp878861517-26] DEBUG org.eclipse.jetty.server.HttpConnection - HttpConnection@4c0da341::NetworkTrafficSocketChannelEndPoint@640beaaf{l=/127.0.0.1:8081,r=/127.0.0.1:56540,OPEN,fill=-,flush=-,to=4/30000}{io=0/0,kio=0,kro=1}->HttpConnection@4c0da341[p=HttpParser{s=END,0 of -1},g=HttpGenerator@41cb2083{s=START}]=>HttpChannelOverHttp@4bffad4e{s=HttpChannelState@4a971c25{s=HANDLING rs=BLOCKING os=OPEN is=IDLE awp=false se=false i=true al=0},r=1,c=false/false,a=HANDLING,uri=//localhost:8081/Admissions,age=4} parsed false HttpParser{s=END,0 of -1}
11:58:44.001 [qtp878861517-26] DEBUG org.eclipse.jetty.server.HttpConnection - releaseRequestBuffer HttpConnection@4c0da341::NetworkTrafficSocketChannelEndPoint@640beaaf{l=/127.0.0.1:8081,r=/127.0.0.1:56540,OPEN,fill=-,flush=-,to=5/30000}{io=0/0,kio=0,kro=1}->HttpConnection@4c0da341[p=HttpParser{s=END,0 of -1},g=HttpGenerator@41cb2083{s=START}]=>HttpChannelOverHttp@4bffad4e{s=HttpChannelState@4a971c25{s=HANDLING rs=BLOCKING os=OPEN is=IDLE awp=false se=false i=true al=0},r=1,c=false/false,a=HANDLING,uri=//localhost:8081/Admissions,age=4}
11:58:44.001 [qtp878861517-26] DEBUG org.eclipse.jetty.server.HttpChannelState - onEof HttpChannelState@4a971c25{s=HANDLING rs=BLOCKING os=OPEN is=IDLE awp=false se=false i=true al=0}
11:58:44.006 [qtp878861517-26] DEBUG org.eclipse.jetty.server.HttpOutput - write(array HeapByteBuffer@25cad172[p=0,l=57,c=8192,r=57]={<<<[{"id":1,"dischargeDate":...:3,"dischargeDate":""}]>>>\x00\x00\x00\x00\x00\x00\x00\x00\x00...\x00\x00\x00\x00\x00\x00\x00})
11:58:44.007 [qtp878861517-26] DEBUG org.eclipse.jetty.server.HttpOutput - write(array) s=OPEN,api=BLOCKING,sc=false,e=null aggregated !flush HeapByteBuffer@2367b69a[p=0,l=57,c=32768,r=57]={<<<[{"id":1,"dischargeDate":...:3,"dischargeDate":""}]>>>\x00\x00\x00\x00\x00\x00\x00\x00\x00...\x00\x00\x00\x00\x00\x00\x00}
11:58:44.008 [qtp878861517-26] DEBUG org.eclipse.jetty.server.handler.gzip.GzipHttpOutputInterceptor - org.eclipse.jetty.server.handler.gzip.GzipHttpOutputInterceptor@1b58c768 compressing java.util.zip.Deflater@6ae03e27
11:58:44.010 [qtp878861517-26] DEBUG org.eclipse.jetty.server.HttpChannel - sendResponse info=null content=HeapByteBuffer@23adba11[p=0,l=10,c=32768,r=10]={<<<\x1f\x8b\x08\x00\x00\x00\x00\x00\x00\x00>>>\x00\x00\x00\x00\x00\x00\x00\x00\x00...\x00\x00\x00\x00\x00\x00\x00} complete=false committing=true callback=GzipBufferCB@1eed53d[content=HeapByteBuffer@2367b69a[p=57,l=57,c=32768,r=0]={[{"id":1,...e":""}]<<<>>>\x00\x00\x00\x00\x00\x00\x00\x00\x00...\x00\x00\x00\x00\x00\x00\x00} last=false copy=null buffer=HeapByteBuffer@23adba11[p=0,l=10,c=32768,r=10]={<<<\x1f\x8b\x08\x00\x00\x00\x00\x00\x00\x00>>>\x00\x00\x00\x00\x00\x00\x00\x00\x00...\x00\x00\x00\x00\x00\x00\x00} deflate=java.util.zip.Deflater@6ae03e27 ]
11:58:44.010 [qtp878861517-26] DEBUG org.eclipse.jetty.server.HttpChannel - COMMIT for /Admissions on HttpChannelOverHttp@4bffad4e{s=HttpChannelState@4a971c25{s=HANDLING rs=BLOCKING os=COMMITTED is=READY awp=false se=false i=true al=0},r=1,c=false/false,a=HANDLING,uri=//localhost:8081/Admissions,age=13}
200 null HTTP/1.1
Content-Type: application/json
Matched-Stub-Id: e0bb5110-9d58-4f32-8dee-edfece8fe75a
Vary: Accept-Encoding, User-Agent
Content-Encoding: gzip


11:58:44.010 [qtp878861517-26] DEBUG org.eclipse.jetty.server.HttpConnection - generate: NEED_HEADER for org.eclipse.jetty.server.HttpConnection$SendCallback@3dc12ad7[PROCESSING][i=HTTP/1.1{s=200,h=4,cl=-1},cb=org.eclipse.jetty.server.HttpChannel$SendCallback@184f0763] (null,[p=0,l=10,c=32768,r=10],false)@START
11:58:44.010 [qtp878861517-26] DEBUG org.eclipse.jetty.http.HttpGenerator - generateHeaders HTTP/1.1{s=200,h=4,cl=-1} last=false content=HeapByteBuffer@23adba11[p=0,l=10,c=32768,r=10]={<<<\x1f\x8b\x08\x00\x00\x00\x00\x00\x00\x00>>>\x00\x00\x00\x00\x00\x00\x00\x00\x00...\x00\x00\x00\x00\x00\x00\x00}
11:58:44.010 [qtp878861517-26] DEBUG org.eclipse.jetty.http.HttpGenerator - Content-Type: application/json
Matched-Stub-Id: e0bb5110-9d58-4f32-8dee-edfece8fe75a
Vary: Accept-Encoding, User-Agent
Content-Encoding: gzip


11:58:44.010 [qtp878861517-26] DEBUG org.eclipse.jetty.http.HttpGenerator - CHUNKED_CONTENT
11:58:44.010 [qtp878861517-26] DEBUG org.eclipse.jetty.server.HttpConnection - generate: FLUSH for org.eclipse.jetty.server.HttpConnection$SendCallback@3dc12ad7[PROCESSING][i=HTTP/1.1{s=200,h=4,cl=-1},cb=org.eclipse.jetty.server.HttpChannel$SendCallback@184f0763] ([p=0,l=196,c=8192,r=196],[p=0,l=10,c=32768,r=10],false)@COMMITTED
11:58:44.010 [qtp878861517-26] DEBUG org.eclipse.jetty.io.WriteFlusher - write: WriteFlusher@56fc4b49{IDLE}->null [HeapByteBuffer@5b38ed52[p=0,l=196,c=8192,r=196]={<<<HTTP/1.1 200 OK\r\nContent-...ncoding: chunked\r\n\r\nA\r\n>>>{\n  "id" ...\x00\x00\x00\x00\x00\x00\x00},HeapByteBuffer@23adba11[p=0,l=10,c=32768,r=10]={<<<\x1f\x8b\x08\x00\x00\x00\x00\x00\x00\x00>>>\x00\x00\x00\x00\x00\x00\x00\x00\x00...\x00\x00\x00\x00\x00\x00\x00}]
11:58:44.010 [qtp878861517-26] DEBUG org.eclipse.jetty.io.WriteFlusher - update WriteFlusher@56fc4b49{WRITING}->null:IDLE-->WRITING
11:58:44.011 [qtp878861517-26] DEBUG org.eclipse.jetty.io.ChannelEndPoint - flushed 196 NetworkTrafficSocketChannelEndPoint@640beaaf{l=/127.0.0.1:8081,r=/127.0.0.1:56540,OPEN,fill=-,flush=W,to=14/30000}{io=0/0,kio=0,kro=1}->HttpConnection@4c0da341[p=HttpParser{s=END,0 of -1},g=HttpGenerator@41cb2083{s=COMMITTED}]=>HttpChannelOverHttp@4bffad4e{s=HttpChannelState@4a971c25{s=HANDLING rs=BLOCKING os=COMMITTED is=READY awp=false se=false i=true al=0},r=1,c=false/false,a=HANDLING,uri=//localhost:8081/Admissions,age=14}
11:58:44.011 [qtp878861517-26] DEBUG org.eclipse.jetty.io.ChannelEndPoint - flushed 10 NetworkTrafficSocketChannelEndPoint@640beaaf{l=/127.0.0.1:8081,r=/127.0.0.1:56540,OPEN,fill=-,flush=W,to=0/30000}{io=0/0,kio=0,kro=1}->HttpConnection@4c0da341[p=HttpParser{s=END,0 of -1},g=HttpGenerator@41cb2083{s=COMMITTED}]=>HttpChannelOverHttp@4bffad4e{s=HttpChannelState@4a971c25{s=HANDLING rs=BLOCKING os=COMMITTED is=READY awp=false se=false i=true al=0},r=1,c=false/false,a=HANDLING,uri=//localhost:8081/Admissions,age=14}
11:58:44.011 [qtp878861517-26] DEBUG org.eclipse.jetty.io.WriteFlusher - Flushed=true written=206 remaining=0 WriteFlusher@56fc4b49{WRITING}->null
11:58:44.011 [qtp878861517-26] DEBUG org.eclipse.jetty.io.WriteFlusher - update WriteFlusher@56fc4b49{IDLE}->null:WRITING-->IDLE
11:58:44.011 [qtp878861517-26] DEBUG org.eclipse.jetty.server.HttpConnection - generate: DONE for org.eclipse.jetty.server.HttpConnection$SendCallback@3dc12ad7[PROCESSING][i=HTTP/1.1{s=200,h=4,cl=-1},cb=org.eclipse.jetty.server.HttpChannel$SendCallback@184f0763] ([p=196,l=196,c=8192,r=0],[p=10,l=10,c=32768,r=0],false)@COMMITTED
11:58:44.011 [qtp878861517-26] DEBUG org.eclipse.jetty.server.HttpOutput - onWriteComplete(false,null) s=OPEN,api=BLOCKED,sc=false,e=null->s=OPEN,api=BLOCKING,sc=false,e=null c=null cb=null w=false
11:58:44.011 [qtp878861517-26] DEBUG org.eclipse.jetty.server.HttpOutput - close() s=CLOSING,api=BLOCKED,sc=false,e=null c=HeapByteBuffer@68c94543[p=0,l=0,c=0,r=0]={<<<>>>} b=Blocker@21cc2b96{null}
11:58:44.012 [qtp878861517-26] DEBUG org.eclipse.jetty.server.HttpChannel - sendResponse info=null content=HeapByteBuffer@23adba11[p=0,l=45,c=32768,r=45]={<<<\x8b\xAeV\xCaLQ\xB22\xD4QJ\xC9,N\xCeH,JOuI,IU\xB2RR\xAa\xD5\x81\xC8\x19c\x93\x8b\x05\x00\xD2\xFd\xFa\xDf9\x00\x00\x00>>>\x00\x00\x00\x00\x00\x00\x00\x00\x00...\x00\x00\x00\x00\x00\x00\x00} complete=true committing=false callback=GzipBufferCB@15ef3aea[content=HeapByteBuffer@68c94543[p=0,l=0,c=0,r=0]={<<<>>>} last=true copy=null buffer=HeapByteBuffer@23adba11[p=0,l=45,c=32768,r=45]={<<<\x8b\xAeV\xCaLQ\xB22\xD4QJ\xC9,N\xCeH,JOuI,IU\xB2RR\xAa\xD5\x81\xC8\x19c\x93\x8b\x05\x00\xD2\xFd\xFa\xDf9\x00\x00\x00>>>\x00\x00\x00\x00\x00\x00\x00\x00\x00...\x00\x00\x00\x00\x00\x00\x00} deflate=null ]
11:58:44.012 [qtp878861517-26] DEBUG org.eclipse.jetty.server.HttpConnection - generate: NEED_CHUNK for org.eclipse.jetty.server.HttpConnection$SendCallback@3dc12ad7[PROCESSING][i=null,cb=org.eclipse.jetty.server.HttpChannel$SendCallback@75fb532b] (null,[p=0,l=45,c=32768,r=45],true)@COMMITTED
11:58:44.012 [qtp878861517-26] DEBUG org.eclipse.jetty.server.HttpConnection - generate: FLUSH for org.eclipse.jetty.server.HttpConnection$SendCallback@3dc12ad7[PROCESSING][i=null,cb=org.eclipse.jetty.server.HttpChannel$SendCallback@75fb532b] (null,[p=0,l=45,c=32768,r=45],true)@COMPLETING
11:58:44.012 [qtp878861517-26] DEBUG org.eclipse.jetty.io.WriteFlusher - write: WriteFlusher@56fc4b49{IDLE}->null [HeapByteBuffer@310db916[p=0,l=6,c=1024,r=6]={<<<\r\n2D\r\n>>>\n\x00\x00\x00\x00\x00\x00\x00\x00...\x00\x00\x00\x00\x00\x00\x00},HeapByteBuffer@23adba11[p=0,l=45,c=32768,r=45]={<<<\x8b\xAeV\xCaLQ\xB22\xD4QJ\xC9,N\xCeH,JOuI,IU\xB2RR\xAa\xD5\x81\xC8\x19c\x93\x8b\x05\x00\xD2\xFd\xFa\xDf9\x00\x00\x00>>>\x00\x00\x00\x00\x00\x00\x00\x00\x00...\x00\x00\x00\x00\x00\x00\x00}]
11:58:44.013 [qtp878861517-26] DEBUG org.eclipse.jetty.io.WriteFlusher - update WriteFlusher@56fc4b49{WRITING}->null:IDLE-->WRITING
11:58:44.013 [qtp878861517-26] DEBUG org.eclipse.jetty.io.ChannelEndPoint - flushed 6 NetworkTrafficSocketChannelEndPoint@640beaaf{l=/127.0.0.1:8081,r=/127.0.0.1:56540,OPEN,fill=-,flush=W,to=1/30000}{io=0/0,kio=0,kro=1}->HttpConnection@4c0da341[p=HttpParser{s=END,0 of -1},g=HttpGenerator@41cb2083{s=COMPLETING}]=>HttpChannelOverHttp@4bffad4e{s=HttpChannelState@4a971c25{s=HANDLING rs=BLOCKING os=COMMITTED is=READY awp=false se=false i=true al=0},r=1,c=false/false,a=HANDLING,uri=//localhost:8081/Admissions,age=16}
11:58:44.013 [qtp878861517-26] DEBUG org.eclipse.jetty.io.ChannelEndPoint - flushed 45 NetworkTrafficSocketChannelEndPoint@640beaaf{l=/127.0.0.1:8081,r=/127.0.0.1:56540,OPEN,fill=-,flush=W,to=0/30000}{io=0/0,kio=0,kro=1}->HttpConnection@4c0da341[p=HttpParser{s=END,0 of -1},g=HttpGenerator@41cb2083{s=COMPLETING}]=>HttpChannelOverHttp@4bffad4e{s=HttpChannelState@4a971c25{s=HANDLING rs=BLOCKING os=COMMITTED is=READY awp=false se=false i=true al=0},r=1,c=false/false,a=HANDLING,uri=//localhost:8081/Admissions,age=16}
11:58:44.013 [qtp878861517-26] DEBUG org.eclipse.jetty.io.WriteFlusher - Flushed=true written=51 remaining=0 WriteFlusher@56fc4b49{WRITING}->null
11:58:44.013 [qtp878861517-26] DEBUG org.eclipse.jetty.io.WriteFlusher - update WriteFlusher@56fc4b49{IDLE}->null:WRITING-->IDLE
11:58:44.013 [qtp878861517-26] DEBUG org.eclipse.jetty.server.HttpConnection - generate: FLUSH for org.eclipse.jetty.server.HttpConnection$SendCallback@3dc12ad7[PROCESSING][i=null,cb=org.eclipse.jetty.server.HttpChannel$SendCallback@75fb532b] (null,[p=45,l=45,c=32768,r=0],true)@COMPLETING
11:58:44.013 [qtp878861517-26] DEBUG org.eclipse.jetty.io.WriteFlusher - write: WriteFlusher@56fc4b49{IDLE}->null [HeapByteBuffer@310db916[p=0,l=7,c=1024,r=7]={<<<\r\n0\r\n\r\n>>>\x00\x00\x00\x00\x00\x00\x00\x00\x00...\x00\x00\x00\x00\x00\x00\x00}]
11:58:44.013 [qtp878861517-26] DEBUG org.eclipse.jetty.io.WriteFlusher - update WriteFlusher@56fc4b49{WRITING}->null:IDLE-->WRITING
11:58:44.014 [qtp878861517-26] DEBUG org.eclipse.jetty.io.ChannelEndPoint - flushed 7 NetworkTrafficSocketChannelEndPoint@640beaaf{l=/127.0.0.1:8081,r=/127.0.0.1:56540,OPEN,fill=-,flush=W,to=0/30000}{io=0/0,kio=0,kro=1}->HttpConnection@4c0da341[p=HttpParser{s=END,0 of -1},g=HttpGenerator@41cb2083{s=COMPLETING}]=>HttpChannelOverHttp@4bffad4e{s=HttpChannelState@4a971c25{s=HANDLING rs=BLOCKING os=COMMITTED is=READY awp=false se=false i=true al=0},r=1,c=false/false,a=HANDLING,uri=//localhost:8081/Admissions,age=16}
11:58:44.014 [qtp878861517-26] DEBUG org.eclipse.jetty.io.WriteFlusher - Flushed=true written=7 remaining=0 WriteFlusher@56fc4b49{WRITING}->null
11:58:44.014 [qtp878861517-26] DEBUG org.eclipse.jetty.io.WriteFlusher - update WriteFlusher@56fc4b49{IDLE}->null:WRITING-->IDLE
11:58:44.014 [qtp878861517-26] DEBUG org.eclipse.jetty.server.HttpConnection - generate: DONE for org.eclipse.jetty.server.HttpConnection$SendCallback@3dc12ad7[PROCESSING][i=null,cb=org.eclipse.jetty.server.HttpChannel$SendCallback@75fb532b] (null,[p=45,l=45,c=32768,r=0],true)@END
11:58:44.014 [qtp878861517-26] DEBUG org.eclipse.jetty.server.HttpOutput - onWriteComplete(true,null) s=CLOSING,api=BLOCKED,sc=false,e=null->s=CLOSED,api=BLOCKING,sc=false,e=null c=null cb=null w=false
11:58:44.014 [qtp878861517-26] DEBUG org.eclipse.jetty.server.Server - handled=true async=false committed=true on HttpChannelOverHttp@4bffad4e{s=HttpChannelState@4a971c25{s=HANDLING rs=BLOCKING os=COMPLETED is=READY awp=false se=false i=true al=0},r=1,c=false/true,a=HANDLING,uri=//localhost:8081/Admissions,age=17}
11:58:44.014 [qtp878861517-26] DEBUG org.eclipse.jetty.server.HttpChannelState - unhandle HttpChannelState@4a971c25{s=HANDLING rs=BLOCKING os=COMPLETED is=READY awp=false se=false i=true al=0}
11:58:44.014 [qtp878861517-26] DEBUG org.eclipse.jetty.server.HttpChannelState - nextAction(false) COMPLETE HttpChannelState@4a971c25{s=HANDLING rs=COMPLETING os=COMPLETED is=READY awp=false se=false i=false al=0}
11:58:44.014 [qtp878861517-26] DEBUG org.eclipse.jetty.server.HttpChannel - action COMPLETE HttpChannelOverHttp@4bffad4e{s=HttpChannelState@4a971c25{s=HANDLING rs=COMPLETING os=COMPLETED is=READY awp=false se=false i=false al=0},r=1,c=false/true,a=HANDLING,uri=//localhost:8081/Admissions,age=17}
11:58:44.014 [qtp878861517-26] DEBUG org.eclipse.jetty.server.HttpOutput - complete(org.eclipse.jetty.util.Callback$3@4169f8de) s=CLOSED,api=BLOCKING,sc=false,e=null s=true e=null, c=null
11:58:44.014 [qtp878861517-26] DEBUG org.eclipse.jetty.server.HttpChannelState - completed HttpChannelState@4a971c25{s=HANDLING rs=COMPLETING os=COMPLETED is=READY awp=false se=false i=false al=0}
11:58:44.014 [qtp878861517-26] DEBUG org.eclipse.jetty.server.HttpChannelState - unhandle HttpChannelState@4a971c25{s=HANDLING rs=COMPLETED os=COMPLETED is=READY awp=false se=false i=false al=0}
11:58:44.014 [qtp878861517-26] DEBUG org.eclipse.jetty.server.HttpChannelState - nextAction(false) TERMINATED HttpChannelState@4a971c25{s=IDLE rs=COMPLETED os=COMPLETED is=READY awp=false se=false i=false al=0}
11:58:44.014 [qtp878861517-26] DEBUG org.eclipse.jetty.server.HttpChannel - action TERMINATED HttpChannelOverHttp@4bffad4e{s=HttpChannelState@4a971c25{s=IDLE rs=COMPLETED os=COMPLETED is=READY awp=false se=false i=false al=0},r=1,c=true/true,a=IDLE,uri=//localhost:8081/Admissions,age=17}
11:58:44.014 [qtp878861517-26] DEBUG org.eclipse.jetty.server.HttpChannel - onCompleted for /Admissions written=55
11:58:44.014 [qtp878861517-26] DEBUG org.eclipse.jetty.server.HttpChannelState - recycle HttpChannelState@4a971c25{s=IDLE rs=COMPLETED os=COMPLETED is=READY awp=false se=false i=false al=0}
11:58:44.014 [qtp878861517-26] DEBUG org.eclipse.jetty.http.HttpParser - reset HttpParser{s=END,0 of -1}
11:58:44.015 [qtp878861517-26] DEBUG org.eclipse.jetty.http.HttpParser - END --> START
11:58:44.015 [qtp878861517-26] DEBUG org.eclipse.jetty.server.HttpChannel - !handle TERMINATED HttpChannelOverHttp@4bffad4e{s=HttpChannelState@4a971c25{s=IDLE rs=BLOCKING os=OPEN is=IDLE awp=false se=false i=true al=0},r=1,c=false/false,a=IDLE,uri=null,age=0}
11:58:44.015 [qtp878861517-26] DEBUG org.eclipse.jetty.io.ChannelEndPoint - filled 0 HeapByteBuffer@5b38ed52[p=0,l=0,c=8192,r=0]={<<<>>>HTTP/1.1 ...\x00\x00\x00\x00\x00\x00\x00}
11:58:44.015 [qtp878861517-26] DEBUG org.eclipse.jetty.io.ChannelEndPoint - filled 0 HeapByteBuffer@5b38ed52[p=0,l=0,c=8192,r=0]={<<<>>>HTTP/1.1 ...\x00\x00\x00\x00\x00\x00\x00}
11:58:44.015 [qtp878861517-26] DEBUG org.eclipse.jetty.server.HttpConnection - HttpConnection@4c0da341::NetworkTrafficSocketChannelEndPoint@640beaaf{l=/127.0.0.1:8081,r=/127.0.0.1:56540,OPEN,fill=-,flush=-,to=1/30000}{io=0/0,kio=0,kro=1}->HttpConnection@4c0da341[p=HttpParser{s=START,0 of -1},g=HttpGenerator@41cb2083{s=START}]=>HttpChannelOverHttp@4bffad4e{s=HttpChannelState@4a971c25{s=IDLE rs=BLOCKING os=OPEN is=IDLE awp=false se=false i=true al=0},r=1,c=false/false,a=IDLE,uri=null,age=0} filled 0 HeapByteBuffer@5b38ed52[p=0,l=0,c=8192,r=0]={<<<>>>HTTP/1.1 ...\x00\x00\x00\x00\x00\x00\x00}
11:58:44.015 [qtp878861517-26] DEBUG org.eclipse.jetty.server.HttpConnection - HttpConnection@4c0da341::NetworkTrafficSocketChannelEndPoint@640beaaf{l=/127.0.0.1:8081,r=/127.0.0.1:56540,OPEN,fill=-,flush=-,to=1/30000}{io=0/0,kio=0,kro=1}->HttpConnection@4c0da341[p=HttpParser{s=START,0 of -1},g=HttpGenerator@41cb2083{s=START}]=>HttpChannelOverHttp@4bffad4e{s=HttpChannelState@4a971c25{s=IDLE rs=BLOCKING os=OPEN is=IDLE awp=false se=false i=true al=0},r=1,c=false/false,a=IDLE,uri=null,age=0} parse HeapByteBuffer@5b38ed52[p=0,l=0,c=8192,r=0]={<<<>>>HTTP/1.1 ...\x00\x00\x00\x00\x00\x00\x00} {}
11:58:44.015 [qtp878861517-26] DEBUG org.eclipse.jetty.http.HttpParser - parseNext s=START HeapByteBuffer@5b38ed52[p=0,l=0,c=8192,r=0]={<<<>>>HTTP/1.1 ...\x00\x00\x00\x00\x00\x00\x00}
11:58:44.015 [qtp878861517-26] DEBUG org.eclipse.jetty.server.HttpConnection - HttpConnection@4c0da341::NetworkTrafficSocketChannelEndPoint@640beaaf{l=/127.0.0.1:8081,r=/127.0.0.1:56540,OPEN,fill=-,flush=-,to=1/30000}{io=0/0,kio=0,kro=1}->HttpConnection@4c0da341[p=HttpParser{s=START,0 of -1},g=HttpGenerator@41cb2083{s=START}]=>HttpChannelOverHttp@4bffad4e{s=HttpChannelState@4a971c25{s=IDLE rs=BLOCKING os=OPEN is=IDLE awp=false se=false i=true al=0},r=1,c=false/false,a=IDLE,uri=null,age=0} parsed false HttpParser{s=START,0 of -1}
11:58:44.016 [qtp878861517-26] DEBUG org.eclipse.jetty.server.HttpConnection - releaseRequestBuffer HttpConnection@4c0da341::NetworkTrafficSocketChannelEndPoint@640beaaf{l=/127.0.0.1:8081,r=/127.0.0.1:56540,OPEN,fill=-,flush=-,to=1/30000}{io=0/0,kio=0,kro=1}->HttpConnection@4c0da341[p=HttpParser{s=START,0 of -1},g=HttpGenerator@41cb2083{s=START}]=>HttpChannelOverHttp@4bffad4e{s=HttpChannelState@4a971c25{s=IDLE rs=BLOCKING os=OPEN is=IDLE awp=false se=false i=true al=0},r=1,c=false/false,a=IDLE,uri=null,age=0}
11:58:44.016 [qtp878861517-26] DEBUG org.eclipse.jetty.io.AbstractConnection - fillInterested HttpConnection@4c0da341::NetworkTrafficSocketChannelEndPoint@640beaaf{l=/127.0.0.1:8081,r=/127.0.0.1:56540,OPEN,fill=-,flush=-,to=2/30000}{io=0/0,kio=0,kro=1}->HttpConnection@4c0da341[p=HttpParser{s=START,0 of -1},g=HttpGenerator@41cb2083{s=START}]=>HttpChannelOverHttp@4bffad4e{s=HttpChannelState@4a971c25{s=IDLE rs=BLOCKING os=OPEN is=IDLE awp=false se=false i=true al=0},r=1,c=false/false,a=IDLE,uri=null,age=0}
11:58:44.016 [qtp878861517-26] DEBUG org.eclipse.jetty.io.FillInterest - interested FillInterest@334f6aab{AC.ReadCB@4c0da341{HttpConnection@4c0da341::NetworkTrafficSocketChannelEndPoint@640beaaf{l=/127.0.0.1:8081,r=/127.0.0.1:56540,OPEN,fill=FI,flush=-,to=0/30000}{io=0/0,kio=0,kro=1}->HttpConnection@4c0da341[p=HttpParser{s=START,0 of -1},g=HttpGenerator@41cb2083{s=START}]=>HttpChannelOverHttp@4bffad4e{s=HttpChannelState@4a971c25{s=IDLE rs=BLOCKING os=OPEN is=IDLE awp=false se=false i=true al=0},r=1,c=false/false,a=IDLE,uri=null,age=0}}}
11:58:44.016 [qtp878861517-26] DEBUG org.eclipse.jetty.io.ChannelEndPoint - changeInterests p=false 0->1 for NetworkTrafficSocketChannelEndPoint@640beaaf{l=/127.0.0.1:8081,r=/127.0.0.1:56540,OPEN,fill=FI,flush=-,to=0/30000}{io=0/1,kio=0,kro=1}->HttpConnection@4c0da341[p=HttpParser{s=START,0 of -1},g=HttpGenerator@41cb2083{s=START}]=>HttpChannelOverHttp@4bffad4e{s=HttpChannelState@4a971c25{s=IDLE rs=BLOCKING os=OPEN is=IDLE awp=false se=false i=true al=0},r=1,c=false/false,a=IDLE,uri=null,age=0}
11:58:44.016 [qtp878861517-26] DEBUG org.eclipse.jetty.io.ManagedSelector - Queued change lazy=false org.eclipse.jetty.io.ChannelEndPoint$$Lambda$437/0x00000001222a8418@1279c028 on ManagedSelector@669253b7{STARTED} id=0 keys=1 selected=0 updates=0
11:58:44.016 [qtp878861517-26] DEBUG org.eclipse.jetty.io.ManagedSelector - Wakeup on submit ManagedSelector@669253b7{STARTED} id=0 keys=1 selected=0 updates=1
11:58:44.016 [qtp878861517-32] DEBUG org.eclipse.jetty.io.ManagedSelector - Selector sun.nio.ch.KQueueSelectorImpl@1c2ddfe9 woken with none selected
11:58:44.016 [qtp878861517-32] DEBUG org.eclipse.jetty.io.ManagedSelector - Selector sun.nio.ch.KQueueSelectorImpl@1c2ddfe9 woken up from select, 0/0/1 selected
11:58:44.016 [qtp878861517-32] DEBUG org.eclipse.jetty.io.ManagedSelector - Selector sun.nio.ch.KQueueSelectorImpl@1c2ddfe9 processing 0 keys, 1 updates
11:58:44.016 [qtp878861517-32] DEBUG org.eclipse.jetty.io.ManagedSelector - updateable 1
11:58:44.016 [qtp878861517-26] DEBUG org.eclipse.jetty.server.HttpConnection - HttpConnection@4c0da341::NetworkTrafficSocketChannelEndPoint@640beaaf{l=/127.0.0.1:8081,r=/127.0.0.1:56540,OPEN,fill=FI,flush=-,to=0/30000}{io=0/1,kio=0,kro=1}->HttpConnection@4c0da341[p=HttpParser{s=START,0 of -1},g=HttpGenerator@41cb2083{s=START}]=>HttpChannelOverHttp@4bffad4e{s=HttpChannelState@4a971c25{s=IDLE rs=BLOCKING os=OPEN is=IDLE awp=false se=false i=true al=0},r=1,c=false/false,a=IDLE,uri=null,age=0} onFillable exit HttpChannelState@4a971c25{s=IDLE rs=BLOCKING os=OPEN is=IDLE awp=false se=false i=true al=0} null
11:58:44.016 [qtp878861517-32] DEBUG org.eclipse.jetty.io.ManagedSelector - update org.eclipse.jetty.io.ChannelEndPoint$$Lambda$437/0x00000001222a8418@1279c028
11:58:44.016 [qtp878861517-26] DEBUG org.eclipse.jetty.util.thread.QueuedThreadPool - ran org.eclipse.jetty.io.ManagedSelector$$Lambda$427/0x0000000122226bb8@344561e0 in QueuedThreadPool[qtp878861517]@34625ccd{STARTED,8<=8<=14,i=1,r=1,q=0}[ReservedThreadExecutor@35038141{s=1/1,p=0}]
11:58:44.017 [qtp878861517-32] DEBUG org.eclipse.jetty.io.ChannelEndPoint - Key interests updated 0 -> 1 on NetworkTrafficSocketChannelEndPoint@640beaaf{l=/127.0.0.1:8081,r=/127.0.0.1:56540,OPEN,fill=FI,flush=-,to=0/30000}{io=1/1,kio=1,kro=1}->HttpConnection@4c0da341[p=HttpParser{s=START,0 of -1},g=HttpGenerator@41cb2083{s=START}]=>HttpChannelOverHttp@4bffad4e{s=HttpChannelState@4a971c25{s=IDLE rs=BLOCKING os=OPEN is=IDLE awp=false se=false i=true al=0},r=1,c=false/false,a=IDLE,uri=null,age=0}
11:58:44.017 [qtp878861517-32] DEBUG org.eclipse.jetty.io.ManagedSelector - updates 0
11:58:44.017 [qtp878861517-32] DEBUG org.eclipse.jetty.io.ManagedSelector - Selector sun.nio.ch.KQueueSelectorImpl@1c2ddfe9 waiting with 1 keys
11:58:44.018 [qtp878861517-32] DEBUG org.eclipse.jetty.io.ManagedSelector - Selector sun.nio.ch.KQueueSelectorImpl@1c2ddfe9 woken up from select, 1/1/1 selected
11:58:44.019 [qtp878861517-32] DEBUG org.eclipse.jetty.io.ManagedSelector - Selector sun.nio.ch.KQueueSelectorImpl@1c2ddfe9 processing 1 keys, 0 updates
11:58:44.019 [qtp878861517-32] DEBUG org.eclipse.jetty.io.ManagedSelector - selected 1 channel=java.nio.channels.SocketChannel[connected local=/127.0.0.1:8081 remote=/127.0.0.1:56540], selector=sun.nio.ch.KQueueSelectorImpl@1c2ddfe9, interestOps=1, readyOps=1 NetworkTrafficSocketChannelEndPoint@640beaaf{l=/127.0.0.1:8081,r=/127.0.0.1:56540,OPEN,fill=FI,flush=-,to=2/30000}{io=1/1,kio=1,kro=1}->HttpConnection@4c0da341[p=HttpParser{s=START,0 of -1},g=HttpGenerator@41cb2083{s=START}]=>HttpChannelOverHttp@4bffad4e{s=HttpChannelState@4a971c25{s=IDLE rs=BLOCKING os=OPEN is=IDLE awp=false se=false i=true al=0},r=1,c=false/false,a=IDLE,uri=null,age=0} 
11:58:44.019 [qtp878861517-32] DEBUG org.eclipse.jetty.io.ChannelEndPoint - onSelected 1->0 r=true w=false for NetworkTrafficSocketChannelEndPoint@640beaaf{l=/127.0.0.1:8081,r=/127.0.0.1:56540,OPEN,fill=FI,flush=-,to=3/30000}{io=1/0,kio=1,kro=1}->HttpConnection@4c0da341[p=HttpParser{s=START,0 of -1},g=HttpGenerator@41cb2083{s=START}]=>HttpChannelOverHttp@4bffad4e{s=HttpChannelState@4a971c25{s=IDLE rs=BLOCKING os=OPEN is=IDLE awp=false se=false i=true al=0},r=1,c=false/false,a=IDLE,uri=null,age=0}
11:58:44.019 [qtp878861517-32] DEBUG org.eclipse.jetty.io.ChannelEndPoint - task CEP:NetworkTrafficSocketChannelEndPoint@640beaaf{l=/127.0.0.1:8081,r=/127.0.0.1:56540,OPEN,fill=FI,flush=-,to=3/30000}{io=1/0,kio=1,kro=1}->HttpConnection@4c0da341[p=HttpParser{s=START,0 of -1},g=HttpGenerator@41cb2083{s=START}]=>HttpChannelOverHttp@4bffad4e{s=HttpChannelState@4a971c25{s=IDLE rs=BLOCKING os=OPEN is=IDLE awp=false se=false i=true al=0},r=1,c=false/false,a=IDLE,uri=null,age=0}:runFillable:BLOCKING
11:58:44.020 [qtp878861517-32] DEBUG org.eclipse.jetty.util.thread.ReservedThreadExecutor - ReservedThreadExecutor@35038141{s=1/1,p=0} tryExecute EatWhatYouKill@20312893/SelectorProducer@70eecdc2/PRODUCING/p=false/QueuedThreadPool[qtp878861517]@34625ccd{STARTED,8<=8<=14,i=2,r=1,q=0}[ReservedThreadExecutor@35038141{s=1/1,p=0}][pc=0,pic=0,pec=0,epc=1]@2024-05-10T11:58:44.020064+01:00
11:58:44.020 [qtp878861517-32] DEBUG org.eclipse.jetty.util.thread.ReservedThreadExecutor - ReservedThreadExecutor@35038141{s=0/1,p=0}@3abc0924 offer EatWhatYouKill@20312893/SelectorProducer@70eecdc2/PRODUCING/p=false/QueuedThreadPool[qtp878861517]@34625ccd{STARTED,8<=8<=14,i=2,r=1,q=0}[ReservedThreadExecutor@35038141{s=0/1,p=0}][pc=0,pic=0,pec=0,epc=1]@2024-05-10T11:58:44.020379+01:00
11:58:44.020 [qtp878861517-32] DEBUG org.eclipse.jetty.util.thread.ReservedThreadExecutor - ReservedThreadExecutor@35038141{s=0/1,p=1} startReservedThread p=1
11:58:44.020 [qtp878861517-32] DEBUG org.eclipse.jetty.util.thread.QueuedThreadPool - queue ReservedThreadExecutor@35038141{s=0/1,p=1}@170368af startThread=0
11:58:44.020 [qtp878861517-31] DEBUG org.eclipse.jetty.util.thread.QueuedThreadPool - run ReservedThreadExecutor@35038141{s=0/1,p=1}@170368af in QueuedThreadPool[qtp878861517]@34625ccd{STARTED,8<=8<=14,i=1,r=1,q=0}[ReservedThreadExecutor@35038141{s=0/1,p=1}]
11:58:44.020 [qtp878861517-31] DEBUG org.eclipse.jetty.util.thread.ReservedThreadExecutor - ReservedThreadExecutor@35038141{s=1/1,p=1}@170368af started
11:58:44.020 [qtp878861517-33] DEBUG org.eclipse.jetty.util.thread.ReservedThreadExecutor - ReservedThreadExecutor@35038141{s=0/1,p=1}@3abc0924 task=EatWhatYouKill@20312893/SelectorProducer@70eecdc2/IDLE/p=true/QueuedThreadPool[qtp878861517]@34625ccd{STARTED,8<=8<=14,i=1,r=1,q=0}[ReservedThreadExecutor@35038141{s=0/1,p=1}][pc=0,pic=0,pec=0,epc=1]@2024-05-10T11:58:44.020824+01:00
11:58:44.020 [qtp878861517-31] DEBUG org.eclipse.jetty.util.thread.ReservedThreadExecutor - ReservedThreadExecutor@35038141{s=1/1,p=0}@170368af waiting
11:58:44.021 [qtp878861517-32] DEBUG org.eclipse.jetty.util.thread.strategy.EatWhatYouKill - EatWhatYouKill@20312893/SelectorProducer@70eecdc2/IDLE/p=true/QueuedThreadPool[qtp878861517]@34625ccd{STARTED,8<=8<=14,i=1,r=1,q=0}[ReservedThreadExecutor@35038141{s=1/1,p=0}][pc=0,pic=0,pec=0,epc=1]@2024-05-10T11:58:44.021006+01:00 m=EXECUTE_PRODUCE_CONSUME t=CEP:NetworkTrafficSocketChannelEndPoint@640beaaf{l=/127.0.0.1:8081,r=/127.0.0.1:56540,OPEN,fill=FI,flush=-,to=4/30000}{io=1/0,kio=1,kro=1}->HttpConnection@4c0da341[p=HttpParser{s=START,0 of -1},g=HttpGenerator@41cb2083{s=START}]=>HttpChannelOverHttp@4bffad4e{s=HttpChannelState@4a971c25{s=IDLE rs=BLOCKING os=OPEN is=IDLE awp=false se=false i=true al=0},r=1,c=false/false,a=IDLE,uri=null,age=0}:runFillable:BLOCKING/BLOCKING
11:58:44.021 [qtp878861517-33] DEBUG org.eclipse.jetty.util.thread.strategy.EatWhatYouKill - EatWhatYouKill@20312893/SelectorProducer@70eecdc2/IDLE/p=true/QueuedThreadPool[qtp878861517]@34625ccd{STARTED,8<=8<=14,i=1,r=1,q=0}[ReservedThreadExecutor@35038141{s=1/1,p=0}][pc=0,pic=0,pec=0,epc=1]@2024-05-10T11:58:44.021217+01:00 tryProduce true
11:58:44.021 [qtp878861517-33] DEBUG org.eclipse.jetty.io.ManagedSelector - updateable 0
11:58:44.021 [qtp878861517-33] DEBUG org.eclipse.jetty.io.ManagedSelector - updates 0
11:58:44.021 [qtp878861517-32] DEBUG org.eclipse.jetty.io.FillInterest - fillable FillInterest@334f6aab{AC.ReadCB@4c0da341{HttpConnection@4c0da341::NetworkTrafficSocketChannelEndPoint@640beaaf{l=/127.0.0.1:8081,r=/127.0.0.1:56540,OPEN,fill=FI,flush=-,to=5/30000}{io=1/0,kio=1,kro=1}->HttpConnection@4c0da341[p=HttpParser{s=START,0 of -1},g=HttpGenerator@41cb2083{s=START}]=>HttpChannelOverHttp@4bffad4e{s=HttpChannelState@4a971c25{s=IDLE rs=BLOCKING os=OPEN is=IDLE awp=false se=false i=true al=0},r=1,c=false/false,a=IDLE,uri=null,age=0}}}
11:58:44.021 [qtp878861517-33] DEBUG org.eclipse.jetty.io.ChannelEndPoint - Key interests updated 1 -> 0 on NetworkTrafficSocketChannelEndPoint@640beaaf{l=/127.0.0.1:8081,r=/127.0.0.1:56540,OPEN,fill=FI,flush=-,to=5/30000}{io=0/0,kio=0,kro=1}->HttpConnection@4c0da341[p=HttpParser{s=START,0 of -1},g=HttpGenerator@41cb2083{s=START}]=>HttpChannelOverHttp@4bffad4e{s=HttpChannelState@4a971c25{s=IDLE rs=BLOCKING os=OPEN is=IDLE awp=false se=false i=true al=0},r=1,c=false/false,a=IDLE,uri=null,age=0}
11:58:44.021 [qtp878861517-32] DEBUG org.eclipse.jetty.server.HttpConnection - HttpConnection@4c0da341::NetworkTrafficSocketChannelEndPoint@640beaaf{l=/127.0.0.1:8081,r=/127.0.0.1:56540,OPEN,fill=-,flush=-,to=5/30000}{io=0/0,kio=0,kro=1}->HttpConnection@4c0da341[p=HttpParser{s=START,0 of -1},g=HttpGenerator@41cb2083{s=START}]=>HttpChannelOverHttp@4bffad4e{s=HttpChannelState@4a971c25{s=IDLE rs=BLOCKING os=OPEN is=IDLE awp=false se=false i=true al=0},r=1,c=false/false,a=IDLE,uri=null,age=0} onFillable enter HttpChannelState@4a971c25{s=IDLE rs=BLOCKING os=OPEN is=IDLE awp=false se=false i=true al=0} null
11:58:44.021 [qtp878861517-33] DEBUG org.eclipse.jetty.io.ManagedSelector - Selector sun.nio.ch.KQueueSelectorImpl@1c2ddfe9 waiting with 1 keys
11:58:44.022 [qtp878861517-32] DEBUG org.eclipse.jetty.io.AbstractEndPoint - shutdownInput NetworkTrafficSocketChannelEndPoint@640beaaf{l=/127.0.0.1:8081,r=/127.0.0.1:56540,OPEN,fill=-,flush=-,to=5/30000}{io=0/0,kio=0,kro=1}->HttpConnection@4c0da341[p=HttpParser{s=START,0 of -1},g=HttpGenerator@41cb2083{s=START}]=>HttpChannelOverHttp@4bffad4e{s=HttpChannelState@4a971c25{s=IDLE rs=BLOCKING os=OPEN is=IDLE awp=false se=false i=true al=0},r=1,c=false/false,a=IDLE,uri=null,age=0}
11:58:44.022 [qtp878861517-32] DEBUG org.eclipse.jetty.io.ChannelEndPoint - filled -1 HeapByteBuffer@5b38ed52[p=0,l=0,c=8192,r=0]={<<<>>>HTTP/1.1 ...\x00\x00\x00\x00\x00\x00\x00}
11:58:44.022 [qtp878861517-32] DEBUG org.eclipse.jetty.http.HttpParser - atEOF HttpParser{s=START,0 of -1}
11:58:44.022 [qtp878861517-32] DEBUG org.eclipse.jetty.server.HttpConnection - HttpConnection@4c0da341::NetworkTrafficSocketChannelEndPoint@640beaaf{l=/127.0.0.1:8081,r=/127.0.0.1:56540,ISHUT,fill=-,flush=-,to=6/30000}{io=0/0,kio=0,kro=1}->HttpConnection@4c0da341[p=HttpParser{s=START,0 of -1},g=HttpGenerator@41cb2083{s=START}]=>HttpChannelOverHttp@4bffad4e{s=HttpChannelState@4a971c25{s=IDLE rs=BLOCKING os=OPEN is=IDLE awp=false se=false i=true al=0},r=1,c=false/false,a=IDLE,uri=null,age=0} filled -1 HeapByteBuffer@5b38ed52[p=0,l=0,c=8192,r=0]={<<<>>>HTTP/1.1 ...\x00\x00\x00\x00\x00\x00\x00}
11:58:44.023 [qtp878861517-32] DEBUG org.eclipse.jetty.server.HttpConnection - HttpConnection@4c0da341::NetworkTrafficSocketChannelEndPoint@640beaaf{l=/127.0.0.1:8081,r=/127.0.0.1:56540,ISHUT,fill=-,flush=-,to=6/30000}{io=0/0,kio=0,kro=1}->HttpConnection@4c0da341[p=HttpParser{s=START,0 of -1},g=HttpGenerator@41cb2083{s=START}]=>HttpChannelOverHttp@4bffad4e{s=HttpChannelState@4a971c25{s=IDLE rs=BLOCKING os=OPEN is=IDLE awp=false se=false i=true al=0},r=1,c=false/false,a=IDLE,uri=null,age=0} parse HeapByteBuffer@5b38ed52[p=0,l=0,c=8192,r=0]={<<<>>>HTTP/1.1 ...\x00\x00\x00\x00\x00\x00\x00} {}
11:58:44.023 [qtp878861517-32] DEBUG org.eclipse.jetty.http.HttpParser - parseNext s=START HeapByteBuffer@5b38ed52[p=0,l=0,c=8192,r=0]={<<<>>>HTTP/1.1 ...\x00\x00\x00\x00\x00\x00\x00}
11:58:44.023 [qtp878861517-32] DEBUG org.eclipse.jetty.http.HttpParser - START --> CLOSED
11:58:44.023 [qtp878861517-32] DEBUG org.eclipse.jetty.io.AbstractEndPoint - close NetworkTrafficSocketChannelEndPoint@640beaaf{l=/127.0.0.1:8081,r=/127.0.0.1:56540,ISHUT,fill=-,flush=-,to=7/30000}{io=0/0,kio=0,kro=1}->HttpConnection@4c0da341[p=HttpParser{s=CLOSED,0 of -1},g=HttpGenerator@41cb2083{s=START}]=>HttpChannelOverHttp@4bffad4e{s=HttpChannelState@4a971c25{s=IDLE rs=BLOCKING os=OPEN is=IDLE awp=false se=false i=true al=0},r=1,c=false/false,a=IDLE,uri=null,age=0}
11:58:44.023 [qtp878861517-32] DEBUG org.eclipse.jetty.io.AbstractEndPoint - close(null) NetworkTrafficSocketChannelEndPoint@640beaaf{l=/127.0.0.1:8081,r=/127.0.0.1:56540,ISHUT,fill=-,flush=-,to=7/30000}{io=0/0,kio=0,kro=1}->HttpConnection@4c0da341[p=HttpParser{s=CLOSED,0 of -1},g=HttpGenerator@41cb2083{s=START}]=>HttpChannelOverHttp@4bffad4e{s=HttpChannelState@4a971c25{s=IDLE rs=BLOCKING os=OPEN is=IDLE awp=false se=false i=true al=0},r=1,c=false/false,a=IDLE,uri=null,age=0}
11:58:44.023 [qtp878861517-32] DEBUG org.eclipse.jetty.io.ChannelEndPoint - doClose NetworkTrafficSocketChannelEndPoint@640beaaf{l=/127.0.0.1:8081,r=/127.0.0.1:56540,CLOSED,fill=-,flush=-,to=7/30000}{io=0/0,kio=0,kro=1}->HttpConnection@4c0da341[p=HttpParser{s=CLOSED,0 of -1},g=HttpGenerator@41cb2083{s=START}]=>HttpChannelOverHttp@4bffad4e{s=HttpChannelState@4a971c25{s=IDLE rs=BLOCKING os=OPEN is=IDLE awp=false se=false i=true al=0},r=1,c=false/false,a=IDLE,uri=null,age=0}
11:58:44.024 [qtp878861517-32] DEBUG org.eclipse.jetty.io.FillInterest - onClose FillInterest@334f6aab{null}
11:58:44.024 [qtp878861517-32] DEBUG org.eclipse.jetty.io.ManagedSelector - Wakeup ManagedSelector@669253b7{STARTED} id=0 keys=1 selected=0 updates=0
11:58:44.024 [qtp878861517-33] DEBUG org.eclipse.jetty.io.ManagedSelector - Selector sun.nio.ch.KQueueSelectorImpl@1c2ddfe9 woken with none selected
11:58:44.024 [qtp878861517-33] DEBUG org.eclipse.jetty.io.ManagedSelector - Selector sun.nio.ch.KQueueSelectorImpl@1c2ddfe9 woken up from select, 0/0/0 selected
11:58:44.024 [qtp878861517-33] DEBUG org.eclipse.jetty.io.ManagedSelector - Selector sun.nio.ch.KQueueSelectorImpl@1c2ddfe9 processing 0 keys, 0 updates
11:58:44.024 [qtp878861517-33] DEBUG org.eclipse.jetty.io.ManagedSelector - updateable 0
11:58:44.024 [qtp878861517-33] DEBUG org.eclipse.jetty.io.ManagedSelector - updates 0
11:58:44.024 [qtp878861517-33] DEBUG org.eclipse.jetty.io.ManagedSelector - Selector sun.nio.ch.KQueueSelectorImpl@1c2ddfe9 waiting with 0 keys
11:58:44.025 [qtp878861517-32] DEBUG org.eclipse.jetty.util.thread.QueuedThreadPool - queue org.eclipse.jetty.io.ManagedSelector$DestroyEndPoint@67a2f5cb startThread=0
11:58:44.025 [qtp878861517-26] DEBUG org.eclipse.jetty.util.thread.QueuedThreadPool - run org.eclipse.jetty.io.ManagedSelector$DestroyEndPoint@67a2f5cb in QueuedThreadPool[qtp878861517]@34625ccd{STARTED,8<=8<=14,i=0,r=1,q=0}[ReservedThreadExecutor@35038141{s=1/1,p=0}]
11:58:44.025 [qtp878861517-26] DEBUG org.eclipse.jetty.io.ManagedSelector - Destroyed NetworkTrafficSocketChannelEndPoint@640beaaf{l=/127.0.0.1:8081,r=/127.0.0.1:56540,CLOSED,fill=-,flush=-,to=8/30000}{io=0/0,kio=-1,kro=-1}->HttpConnection@4c0da341[p=HttpParser{s=CLOSED,0 of -1},g=HttpGenerator@41cb2083{s=START}]=>HttpChannelOverHttp@4bffad4e{s=HttpChannelState@4a971c25{s=IDLE rs=BLOCKING os=OPEN is=IDLE awp=false se=false i=true al=0},r=1,c=false/false,a=IDLE,uri=null,age=0}
11:58:44.025 [qtp878861517-32] DEBUG org.eclipse.jetty.server.HttpConnection - HttpConnection@4c0da341::NetworkTrafficSocketChannelEndPoint@640beaaf{l=/127.0.0.1:8081,r=/127.0.0.1:56540,CLOSED,fill=-,flush=-,to=8/30000}{io=0/0,kio=-1,kro=-1}->HttpConnection@4c0da341[p=HttpParser{s=CLOSED,0 of -1},g=HttpGenerator@41cb2083{s=START}]=>HttpChannelOverHttp@4bffad4e{s=HttpChannelState@4a971c25{s=IDLE rs=BLOCKING os=OPEN is=IDLE awp=false se=false i=true al=0},r=1,c=false/false,a=IDLE,uri=null,age=0} parsed false HttpParser{s=CLOSED,0 of -1}
11:58:44.025 [qtp878861517-26] DEBUG org.eclipse.jetty.io.AbstractConnection - onClose HttpConnection@4c0da341::NetworkTrafficSocketChannelEndPoint@640beaaf{l=/127.0.0.1:8081,r=/127.0.0.1:56540,CLOSED,fill=-,flush=-,to=9/30000}{io=0/0,kio=-1,kro=-1}->HttpConnection@4c0da341[p=HttpParser{s=CLOSED,0 of -1},g=HttpGenerator@41cb2083{s=START}]=>HttpChannelOverHttp@4bffad4e{s=HttpChannelState@4a971c25{s=IDLE rs=BLOCKING os=OPEN is=IDLE awp=false se=false i=true al=0},r=1,c=false/false,a=IDLE,uri=null,age=0}
11:58:44.025 [qtp878861517-26] DEBUG org.eclipse.jetty.util.thread.QueuedThreadPool - ran org.eclipse.jetty.io.ManagedSelector$DestroyEndPoint@67a2f5cb in QueuedThreadPool[qtp878861517]@34625ccd{STARTED,8<=8<=14,i=0,r=1,q=0}[ReservedThreadExecutor@35038141{s=1/1,p=0}]
11:58:44.025 [qtp878861517-32] DEBUG org.eclipse.jetty.server.HttpConnection - releaseRequestBuffer HttpConnection@4c0da341::NetworkTrafficSocketChannelEndPoint@640beaaf{l=/127.0.0.1:8081,r=/127.0.0.1:56540,CLOSED,fill=-,flush=-,to=9/30000}{io=0/0,kio=-1,kro=-1}->HttpConnection@4c0da341[p=HttpParser{s=CLOSED,0 of -1},g=HttpGenerator@41cb2083{s=START}]=>HttpChannelOverHttp@4bffad4e{s=HttpChannelState@4a971c25{s=IDLE rs=BLOCKING os=OPEN is=IDLE awp=false se=false i=true al=0},r=1,c=false/false,a=IDLE,uri=null,age=0}
11:58:44.026 [qtp878861517-32] DEBUG org.eclipse.jetty.io.AbstractEndPoint - shutdownOutput NetworkTrafficSocketChannelEndPoint@640beaaf{l=/127.0.0.1:8081,r=/127.0.0.1:56540,CLOSED,fill=-,flush=-,to=9/30000}{io=0/0,kio=-1,kro=-1}->HttpConnection@4c0da341[p=HttpParser{s=CLOSED,0 of -1},g=HttpGenerator@41cb2083{s=START}]=>HttpChannelOverHttp@4bffad4e{s=HttpChannelState@4a971c25{s=IDLE rs=BLOCKING os=OPEN is=IDLE awp=false se=false i=true al=0},r=1,c=false/false,a=IDLE,uri=null,age=0}
11:58:44.026 [qtp878861517-32] DEBUG org.eclipse.jetty.server.HttpConnection - HttpConnection@4c0da341::NetworkTrafficSocketChannelEndPoint@640beaaf{l=/127.0.0.1:8081,r=/127.0.0.1:56540,CLOSED,fill=-,flush=-,to=9/30000}{io=0/0,kio=-1,kro=-1}->HttpConnection@4c0da341[p=HttpParser{s=CLOSED,0 of -1},g=HttpGenerator@41cb2083{s=START}]=>HttpChannelOverHttp@4bffad4e{s=HttpChannelState@4a971c25{s=IDLE rs=BLOCKING os=OPEN is=IDLE awp=false se=false i=true al=0},r=1,c=false/false,a=IDLE,uri=null,age=0} onFillable exit HttpChannelState@4a971c25{s=IDLE rs=BLOCKING os=OPEN is=IDLE awp=false se=false i=true al=0} null
11:58:44.026 [qtp878861517-32] DEBUG org.eclipse.jetty.util.thread.ReservedThreadExecutor - ReservedThreadExecutor@35038141{s=1/1,p=0}@141aafac size 1 > capacity
11:58:44.026 [qtp878861517-32] DEBUG org.eclipse.jetty.util.thread.QueuedThreadPool - ran ReservedThreadExecutor@35038141{s=1/1,p=0}@141aafac in QueuedThreadPool[qtp878861517]@34625ccd{STARTED,8<=8<=14,i=1,r=1,q=0}[ReservedThreadExecutor@35038141{s=1/1,p=0}]
11:58:44.027 [Test worker] DEBUG org.eclipse.jetty.util.component.AbstractLifeCycle - stopping Server@48c35007{STARTED}[9.4.31.v20200723]
11:58:44.027 [Test worker] DEBUG org.eclipse.jetty.server.Server - doStop Server@48c35007{STOPPING}[9.4.31.v20200723]
11:58:44.028 [qtp878861517-30] DEBUG org.eclipse.jetty.util.thread.QueuedThreadPool - ran qtp878861517-30-acceptor-2@72bca894-NetworkTrafficServerConnector@4602c2a9{HTTP/1.1, (http/1.1)}{0.0.0.0:8081} in QueuedThreadPool[qtp878861517]@34625ccd{STARTED,8<=8<=14,i=2,r=1,q=0}[ReservedThreadExecutor@35038141{s=1/1,p=0}]
11:58:44.028 [qtp878861517-29] DEBUG org.eclipse.jetty.util.thread.QueuedThreadPool - ran qtp878861517-29-acceptor-1@503d56b5-NetworkTrafficServerConnector@4602c2a9{HTTP/1.1, (http/1.1)}{0.0.0.0:8081} in QueuedThreadPool[qtp878861517]@34625ccd{STARTED,8<=8<=14,i=2,r=1,q=0}[ReservedThreadExecutor@35038141{s=1/1,p=0}]
11:58:44.028 [qtp878861517-28] DEBUG org.eclipse.jetty.util.thread.QueuedThreadPool - ran qtp878861517-28-acceptor-0@324dcd31-NetworkTrafficServerConnector@4602c2a9{HTTP/1.1, (http/1.1)}{0.0.0.0:8081} in QueuedThreadPool[qtp878861517]@34625ccd{STARTED,8<=8<=14,i=2,r=1,q=0}[ReservedThreadExecutor@35038141{s=1/1,p=0}]
11:58:44.029 [Test worker] DEBUG org.eclipse.jetty.server.handler.AbstractHandlerContainer - Graceful shutdown Server@48c35007{STOPPING}[9.4.31.v20200723] by 
11:58:44.029 [Test worker] DEBUG org.eclipse.jetty.util.component.AbstractLifeCycle - stopping NetworkTrafficServerConnector@4602c2a9{HTTP/1.1, (http/1.1)}{0.0.0.0:8081}
11:58:44.029 [Test worker] DEBUG org.eclipse.jetty.util.component.AbstractLifeCycle - stopping SelectorManager@NetworkTrafficServerConnector@4602c2a9{HTTP/1.1, (http/1.1)}{0.0.0.0:8081}
11:58:44.029 [Test worker] DEBUG org.eclipse.jetty.util.component.AbstractLifeCycle - stopping ManagedSelector@3dddbe65{STARTED} id=1 keys=1 selected=0 updates=0
11:58:44.029 [Test worker] DEBUG org.eclipse.jetty.io.ManagedSelector - Queued change lazy=false org.eclipse.jetty.io.ManagedSelector$CloseConnections@68dcfd52 on ManagedSelector@3dddbe65{STOPPING} id=1 keys=1 selected=0 updates=0
11:58:44.030 [Test worker] DEBUG org.eclipse.jetty.io.ManagedSelector - Wakeup on submit ManagedSelector@3dddbe65{STOPPING} id=1 keys=1 selected=0 updates=1
11:58:44.030 [qtp878861517-27] DEBUG org.eclipse.jetty.io.ManagedSelector - Selector sun.nio.ch.KQueueSelectorImpl@6a8f615e woken with none selected
11:58:44.030 [qtp878861517-27] DEBUG org.eclipse.jetty.io.ManagedSelector - Selector sun.nio.ch.KQueueSelectorImpl@6a8f615e woken up from select, 0/0/1 selected
11:58:44.030 [qtp878861517-27] DEBUG org.eclipse.jetty.io.ManagedSelector - Selector sun.nio.ch.KQueueSelectorImpl@6a8f615e processing 0 keys, 1 updates
11:58:44.030 [qtp878861517-27] DEBUG org.eclipse.jetty.io.ManagedSelector - updateable 1
11:58:44.030 [qtp878861517-27] DEBUG org.eclipse.jetty.io.ManagedSelector - update org.eclipse.jetty.io.ManagedSelector$CloseConnections@68dcfd52
11:58:44.030 [qtp878861517-27] DEBUG org.eclipse.jetty.io.ManagedSelector - Closing 1 connections on ManagedSelector@3dddbe65{STOPPING} id=1 keys=1 selected=0 updates=0
11:58:44.031 [qtp878861517-27] DEBUG org.eclipse.jetty.io.AbstractEndPoint - close NetworkTrafficSocketChannelEndPoint@1ef09cf9{l=/127.0.0.1:8081,r=/127.0.0.1:56539,OPEN,fill=FI,flush=-,to=50/30000}{io=1/1,kio=1,kro=1}->HttpConnection@7120f6fc[p=HttpParser{s=START,0 of -1},g=HttpGenerator@6bd89070{s=START}]=>HttpChannelOverHttp@294af61f{s=HttpChannelState@1bbe4c54{s=IDLE rs=BLOCKING os=OPEN is=IDLE awp=false se=false i=true al=0},r=1,c=false/false,a=IDLE,uri=null,age=0}
11:58:44.031 [qtp878861517-27] DEBUG org.eclipse.jetty.io.AbstractEndPoint - close(null) NetworkTrafficSocketChannelEndPoint@1ef09cf9{l=/127.0.0.1:8081,r=/127.0.0.1:56539,OPEN,fill=FI,flush=-,to=51/30000}{io=1/1,kio=1,kro=1}->HttpConnection@7120f6fc[p=HttpParser{s=START,0 of -1},g=HttpGenerator@6bd89070{s=START}]=>HttpChannelOverHttp@294af61f{s=HttpChannelState@1bbe4c54{s=IDLE rs=BLOCKING os=OPEN is=IDLE awp=false se=false i=true al=0},r=1,c=false/false,a=IDLE,uri=null,age=0}
11:58:44.032 [qtp878861517-27] DEBUG org.eclipse.jetty.io.ChannelEndPoint - doClose NetworkTrafficSocketChannelEndPoint@1ef09cf9{l=/127.0.0.1:8081,r=/127.0.0.1:56539,CLOSED,fill=FI,flush=-,to=51/30000}{io=1/1,kio=1,kro=1}->HttpConnection@7120f6fc[p=HttpParser{s=START,0 of -1},g=HttpGenerator@6bd89070{s=START}]=>HttpChannelOverHttp@294af61f{s=HttpChannelState@1bbe4c54{s=IDLE rs=BLOCKING os=OPEN is=IDLE awp=false se=false i=true al=0},r=1,c=false/false,a=IDLE,uri=null,age=0}
11:58:44.032 [qtp878861517-27] DEBUG org.eclipse.jetty.io.FillInterest - onClose FillInterest@1ea3e955{AC.ReadCB@7120f6fc{HttpConnection@7120f6fc::NetworkTrafficSocketChannelEndPoint@1ef09cf9{l=/127.0.0.1:8081,r=/127.0.0.1:56539,CLOSED,fill=FI,flush=-,to=51/30000}{io=1/1,kio=-1,kro=-1}->HttpConnection@7120f6fc[p=HttpParser{s=START,0 of -1},g=HttpGenerator@6bd89070{s=START}]=>HttpChannelOverHttp@294af61f{s=HttpChannelState@1bbe4c54{s=IDLE rs=BLOCKING os=OPEN is=IDLE awp=false se=false i=true al=0},r=1,c=false/false,a=IDLE,uri=null,age=0}}}
11:58:44.032 [qtp878861517-27] DEBUG org.eclipse.jetty.http.HttpParser - close HttpParser{s=START,0 of -1}
11:58:44.032 [qtp878861517-27] DEBUG org.eclipse.jetty.http.HttpParser - START --> CLOSE
11:58:44.032 [qtp878861517-27] DEBUG org.eclipse.jetty.io.AbstractConnection - HttpConnection@7120f6fc::NetworkTrafficSocketChannelEndPoint@1ef09cf9{l=/127.0.0.1:8081,r=/127.0.0.1:56539,CLOSED,fill=-,flush=-,to=51/30000}{io=1/1,kio=-1,kro=-1}->HttpConnection@7120f6fc[p=HttpParser{s=CLOSE,0 of -1},g=HttpGenerator@6bd89070{s=START}]=>HttpChannelOverHttp@294af61f{s=HttpChannelState@1bbe4c54{s=IDLE rs=BLOCKING os=OPEN is=IDLE awp=false se=false i=true al=0},r=1,c=false/false,a=IDLE,uri=null,age=0} onFillInterestedFailed {}
11:58:44.032 [qtp878861517-27] DEBUG org.eclipse.jetty.io.ManagedSelector - Wakeup ManagedSelector@3dddbe65{STOPPING} id=1 keys=1 selected=0 updates=0
11:58:44.032 [qtp878861517-27] DEBUG org.eclipse.jetty.util.thread.QueuedThreadPool - queue org.eclipse.jetty.io.ManagedSelector$DestroyEndPoint@1351079f startThread=0
11:58:44.032 [qtp878861517-26] DEBUG org.eclipse.jetty.util.thread.QueuedThreadPool - run org.eclipse.jetty.io.ManagedSelector$DestroyEndPoint@1351079f in QueuedThreadPool[qtp878861517]@34625ccd{STARTED,8<=8<=14,i=4,r=1,q=0}[ReservedThreadExecutor@35038141{s=1/1,p=0}]
11:58:44.032 [qtp878861517-27] DEBUG org.eclipse.jetty.io.ManagedSelector - updates 0
11:58:44.032 [qtp878861517-27] DEBUG org.eclipse.jetty.io.ManagedSelector - Selector sun.nio.ch.KQueueSelectorImpl@6a8f615e waiting with 1 keys
11:58:44.032 [qtp878861517-26] DEBUG org.eclipse.jetty.io.ManagedSelector - Destroyed NetworkTrafficSocketChannelEndPoint@1ef09cf9{l=/127.0.0.1:8081,r=/127.0.0.1:56539,CLOSED,fill=-,flush=-,to=51/30000}{io=1/1,kio=-1,kro=-1}->HttpConnection@7120f6fc[p=HttpParser{s=CLOSE,0 of -1},g=HttpGenerator@6bd89070{s=START}]=>HttpChannelOverHttp@294af61f{s=HttpChannelState@1bbe4c54{s=IDLE rs=BLOCKING os=OPEN is=IDLE awp=false se=false i=true al=0},r=1,c=false/false,a=IDLE,uri=null,age=0}
11:58:44.032 [Test worker] DEBUG org.eclipse.jetty.io.ManagedSelector - Queued change lazy=false org.eclipse.jetty.io.ManagedSelector$StopSelector@cc239ba on ManagedSelector@3dddbe65{STOPPING} id=1 keys=0 selected=0 updates=0
11:58:44.032 [qtp878861517-26] DEBUG org.eclipse.jetty.io.AbstractConnection - onClose HttpConnection@7120f6fc::NetworkTrafficSocketChannelEndPoint@1ef09cf9{l=/127.0.0.1:8081,r=/127.0.0.1:56539,CLOSED,fill=-,flush=-,to=52/30000}{io=1/1,kio=-1,kro=-1}->HttpConnection@7120f6fc[p=HttpParser{s=CLOSE,0 of -1},g=HttpGenerator@6bd89070{s=START}]=>HttpChannelOverHttp@294af61f{s=HttpChannelState@1bbe4c54{s=IDLE rs=BLOCKING os=OPEN is=IDLE awp=false se=false i=true al=0},r=1,c=false/false,a=IDLE,uri=null,age=0}
11:58:44.032 [Test worker] DEBUG org.eclipse.jetty.io.ManagedSelector - Wakeup on submit ManagedSelector@3dddbe65{STOPPING} id=1 keys=0 selected=0 updates=1
11:58:44.033 [qtp878861517-26] DEBUG org.eclipse.jetty.util.thread.QueuedThreadPool - ran org.eclipse.jetty.io.ManagedSelector$DestroyEndPoint@1351079f in QueuedThreadPool[qtp878861517]@34625ccd{STARTED,8<=8<=14,i=4,r=1,q=0}[ReservedThreadExecutor@35038141{s=1/1,p=0}]
11:58:44.033 [qtp878861517-27] DEBUG org.eclipse.jetty.io.ManagedSelector - Selector sun.nio.ch.KQueueSelectorImpl@6a8f615e woken with none selected
11:58:44.033 [qtp878861517-27] DEBUG org.eclipse.jetty.io.ManagedSelector - Selector sun.nio.ch.KQueueSelectorImpl@6a8f615e woken up from select, 0/0/0 selected
11:58:44.033 [qtp878861517-27] DEBUG org.eclipse.jetty.io.ManagedSelector - Selector sun.nio.ch.KQueueSelectorImpl@6a8f615e processing 0 keys, 1 updates
11:58:44.033 [qtp878861517-27] DEBUG org.eclipse.jetty.io.ManagedSelector - updateable 1
11:58:44.033 [qtp878861517-27] DEBUG org.eclipse.jetty.io.ManagedSelector - update org.eclipse.jetty.io.ManagedSelector$StopSelector@cc239ba
11:58:44.033 [qtp878861517-27] DEBUG org.eclipse.jetty.io.ManagedSelector - updates 0
11:58:44.033 [Test worker] DEBUG org.eclipse.jetty.util.component.AbstractLifeCycle - stopping EatWhatYouKill@5305c37d/SelectorProducer@51a06cbe/PRODUCING/p=false/QueuedThreadPool[qtp878861517]@34625ccd{STARTED,8<=8<=14,i=5,r=1,q=0}[ReservedThreadExecutor@35038141{s=1/1,p=0}][pc=0,pic=0,pec=1,epc=0]@2024-05-10T11:58:44.033671+01:00
11:58:44.033 [qtp878861517-27] DEBUG org.eclipse.jetty.util.thread.QueuedThreadPool - ran org.eclipse.jetty.io.ManagedSelector$$Lambda$427/0x0000000122226bb8@1fe8d51b in QueuedThreadPool[qtp878861517]@34625ccd{STARTED,8<=8<=14,i=5,r=1,q=0}[ReservedThreadExecutor@35038141{s=1/1,p=0}]
11:58:44.033 [Test worker] DEBUG org.eclipse.jetty.util.component.AbstractLifeCycle - STOPPED EatWhatYouKill@5305c37d/SelectorProducer@51a06cbe/IDLE/p=false/QueuedThreadPool[qtp878861517]@34625ccd{STARTED,8<=8<=14,i=5,r=1,q=0}[ReservedThreadExecutor@35038141{s=1/1,p=0}][pc=0,pic=0,pec=1,epc=0]@2024-05-10T11:58:44.033885+01:00
11:58:44.033 [Test worker] DEBUG org.eclipse.jetty.util.component.AbstractLifeCycle - STOPPED ManagedSelector@3dddbe65{STOPPED} id=1 keys=-1 selected=-1 updates=0
11:58:44.034 [Test worker] DEBUG org.eclipse.jetty.util.component.AbstractLifeCycle - stopping ManagedSelector@669253b7{STARTED} id=0 keys=0 selected=0 updates=0
11:58:44.034 [Test worker] DEBUG org.eclipse.jetty.io.ManagedSelector - Queued change lazy=false org.eclipse.jetty.io.ManagedSelector$CloseConnections@7d37f1c on ManagedSelector@669253b7{STOPPING} id=0 keys=0 selected=0 updates=0
11:58:44.034 [Test worker] DEBUG org.eclipse.jetty.io.ManagedSelector - Wakeup on submit ManagedSelector@669253b7{STOPPING} id=0 keys=0 selected=0 updates=1
11:58:44.034 [qtp878861517-33] DEBUG org.eclipse.jetty.io.ManagedSelector - Selector sun.nio.ch.KQueueSelectorImpl@1c2ddfe9 woken with none selected
11:58:44.034 [qtp878861517-33] DEBUG org.eclipse.jetty.io.ManagedSelector - Selector sun.nio.ch.KQueueSelectorImpl@1c2ddfe9 woken up from select, 0/0/0 selected
11:58:44.034 [qtp878861517-33] DEBUG org.eclipse.jetty.io.ManagedSelector - Selector sun.nio.ch.KQueueSelectorImpl@1c2ddfe9 processing 0 keys, 1 updates
11:58:44.034 [qtp878861517-33] DEBUG org.eclipse.jetty.io.ManagedSelector - updateable 1
11:58:44.034 [qtp878861517-33] DEBUG org.eclipse.jetty.io.ManagedSelector - update org.eclipse.jetty.io.ManagedSelector$CloseConnections@7d37f1c
11:58:44.034 [qtp878861517-33] DEBUG org.eclipse.jetty.io.ManagedSelector - Closing 0 connections on ManagedSelector@669253b7{STOPPING} id=0 keys=0 selected=0 updates=0
11:58:44.034 [qtp878861517-33] DEBUG org.eclipse.jetty.io.ManagedSelector - updates 0
11:58:44.034 [qtp878861517-33] DEBUG org.eclipse.jetty.io.ManagedSelector - Selector sun.nio.ch.KQueueSelectorImpl@1c2ddfe9 waiting with 0 keys
11:58:44.034 [Test worker] DEBUG org.eclipse.jetty.io.ManagedSelector - Queued change lazy=false org.eclipse.jetty.io.ManagedSelector$StopSelector@69d6a7cd on ManagedSelector@669253b7{STOPPING} id=0 keys=0 selected=0 updates=0
11:58:44.034 [Test worker] DEBUG org.eclipse.jetty.io.ManagedSelector - Wakeup on submit ManagedSelector@669253b7{STOPPING} id=0 keys=0 selected=0 updates=1
11:58:44.034 [qtp878861517-33] DEBUG org.eclipse.jetty.io.ManagedSelector - Selector sun.nio.ch.KQueueSelectorImpl@1c2ddfe9 woken with none selected
11:58:44.034 [qtp878861517-33] DEBUG org.eclipse.jetty.io.ManagedSelector - Selector sun.nio.ch.KQueueSelectorImpl@1c2ddfe9 woken up from select, 0/0/0 selected
11:58:44.034 [qtp878861517-33] DEBUG org.eclipse.jetty.io.ManagedSelector - Selector sun.nio.ch.KQueueSelectorImpl@1c2ddfe9 processing 0 keys, 1 updates
11:58:44.034 [qtp878861517-33] DEBUG org.eclipse.jetty.io.ManagedSelector - updateable 1
11:58:44.034 [qtp878861517-33] DEBUG org.eclipse.jetty.io.ManagedSelector - update org.eclipse.jetty.io.ManagedSelector$StopSelector@69d6a7cd
11:58:44.034 [qtp878861517-33] DEBUG org.eclipse.jetty.io.ManagedSelector - updates 0
11:58:44.034 [qtp878861517-33] DEBUG org.eclipse.jetty.util.thread.ReservedThreadExecutor - ReservedThreadExecutor@35038141{s=1/1,p=0}@3abc0924 size 1 > capacity
11:58:44.034 [qtp878861517-33] DEBUG org.eclipse.jetty.util.thread.QueuedThreadPool - ran ReservedThreadExecutor@35038141{s=1/1,p=0}@3abc0924 in QueuedThreadPool[qtp878861517]@34625ccd{STARTED,8<=8<=14,i=6,r=1,q=0}[ReservedThreadExecutor@35038141{s=1/1,p=0}]
11:58:44.034 [Test worker] DEBUG org.eclipse.jetty.util.component.AbstractLifeCycle - stopping EatWhatYouKill@20312893/SelectorProducer@70eecdc2/IDLE/p=false/QueuedThreadPool[qtp878861517]@34625ccd{STARTED,8<=8<=14,i=6,r=1,q=0}[ReservedThreadExecutor@35038141{s=1/1,p=0}][pc=0,pic=0,pec=0,epc=2]@2024-05-10T11:58:44.034697+01:00
11:58:44.034 [Test worker] DEBUG org.eclipse.jetty.util.component.AbstractLifeCycle - STOPPED EatWhatYouKill@20312893/SelectorProducer@70eecdc2/IDLE/p=false/QueuedThreadPool[qtp878861517]@34625ccd{STARTED,8<=8<=14,i=7,r=1,q=0}[ReservedThreadExecutor@35038141{s=1/1,p=0}][pc=0,pic=0,pec=0,epc=2]@2024-05-10T11:58:44.03484+01:00
11:58:44.034 [Test worker] DEBUG org.eclipse.jetty.util.component.AbstractLifeCycle - STOPPED ManagedSelector@669253b7{STOPPED} id=0 keys=-1 selected=-1 updates=0
11:58:44.035 [Test worker] DEBUG org.eclipse.jetty.util.component.AbstractLifeCycle - STOPPED SelectorManager@NetworkTrafficServerConnector@4602c2a9{HTTP/1.1, (http/1.1)}{0.0.0.0:8081}
11:58:44.035 [Test worker] DEBUG org.eclipse.jetty.util.component.AbstractLifeCycle - stopping HttpConnectionFactory@5b970f7[HTTP/1.1]
11:58:44.035 [Test worker] DEBUG org.eclipse.jetty.util.component.AbstractLifeCycle - STOPPED HttpConnectionFactory@5b970f7[HTTP/1.1]
11:58:44.035 [Test worker] DEBUG org.eclipse.jetty.util.component.AbstractLifeCycle - stopping ScheduledExecutorScheduler@5b6813df{STARTED}
11:58:44.035 [Test worker] DEBUG org.eclipse.jetty.util.component.AbstractLifeCycle - STOPPED ScheduledExecutorScheduler@5b6813df{STOPPED}
11:58:44.035 [Test worker] INFO org.eclipse.jetty.server.AbstractConnector - Stopped NetworkTrafficServerConnector@4602c2a9{HTTP/1.1, (http/1.1)}{0.0.0.0:8081}
11:58:44.035 [Test worker] DEBUG org.eclipse.jetty.util.component.AbstractLifeCycle - STOPPED NetworkTrafficServerConnector@4602c2a9{HTTP/1.1, (http/1.1)}{0.0.0.0:8081}
11:58:44.035 [Test worker] DEBUG org.eclipse.jetty.server.handler.AbstractHandler - stopping Server@48c35007{STOPPING}[9.4.31.v20200723]
11:58:44.035 [Test worker] DEBUG org.eclipse.jetty.util.component.AbstractLifeCycle - stopping ErrorHandler@7d373bcf{STARTED}
11:58:44.035 [Test worker] DEBUG org.eclipse.jetty.server.handler.AbstractHandler - stopping ErrorHandler@7d373bcf{STOPPING}
11:58:44.035 [Test worker] DEBUG org.eclipse.jetty.util.component.AbstractLifeCycle - STOPPED ErrorHandler@7d373bcf{STOPPED}
11:58:44.035 [Test worker] DEBUG org.eclipse.jetty.util.component.AbstractLifeCycle - stopping HandlerCollection@3d3f761a{STARTED}
11:58:44.035 [Test worker] DEBUG org.eclipse.jetty.server.handler.AbstractHandler - stopping HandlerCollection@3d3f761a{STOPPING}
11:58:44.035 [Test worker] DEBUG org.eclipse.jetty.util.component.AbstractLifeCycle - stopping GzipHandler@77cf3f8b{STARTED,min=32,inflate=-1}
11:58:44.035 [Test worker] DEBUG org.eclipse.jetty.server.handler.AbstractHandler - stopping GzipHandler@77cf3f8b{STOPPING,min=32,inflate=-1}
11:58:44.035 [Test worker] DEBUG org.eclipse.jetty.util.component.AbstractLifeCycle - stopping o.e.j.s.ServletContextHandler@70fab835{/,null,SHUTDOWN}
11:58:44.035 [Test worker] DEBUG org.eclipse.jetty.server.handler.AbstractHandlerContainer - Graceful shutdown o.e.j.s.ServletContextHandler@70fab835{/,null,SHUTDOWN} by 
11:58:44.035 [Test worker] DEBUG org.eclipse.jetty.server.handler.AbstractHandler - stopping o.e.j.s.ServletContextHandler@70fab835{/,null,UNAVAILABLE}
11:58:44.035 [Test worker] DEBUG org.eclipse.jetty.util.component.AbstractLifeCycle - stopping NotFoundHandler@7fb9f71f{STARTED}
11:58:44.035 [Test worker] DEBUG org.eclipse.jetty.server.handler.AbstractHandler - stopping NotFoundHandler@7fb9f71f{STOPPING}
11:58:44.035 [Test worker] DEBUG org.eclipse.jetty.util.component.AbstractLifeCycle - STOPPED NotFoundHandler@7fb9f71f{STOPPED}
11:58:44.035 [Test worker] DEBUG org.eclipse.jetty.util.component.AbstractLifeCycle - stopping ServletHandler@62417a16{STARTED}
11:58:44.035 [Test worker] DEBUG org.eclipse.jetty.server.handler.AbstractHandler - stopping ServletHandler@62417a16{STOPPING}
11:58:44.035 [Test worker] DEBUG org.eclipse.jetty.util.component.AbstractLifeCycle - stopping com.github.tomakehurst.wiremock.servlet.TrailingSlashFilter-3af4e0bf@3af4e0bf==com.github.tomakehurst.wiremock.servlet.TrailingSlashFilter,inst=true,async=true
11:58:44.035 [Test worker] DEBUG org.eclipse.jetty.util.component.AbstractLifeCycle - STOPPED com.github.tomakehurst.wiremock.servlet.TrailingSlashFilter-3af4e0bf@3af4e0bf==com.github.tomakehurst.wiremock.servlet.TrailingSlashFilter,inst=false,async=true
11:58:44.035 [Test worker] DEBUG org.eclipse.jetty.util.component.AbstractLifeCycle - stopping com.github.tomakehurst.wiremock.servlet.ContentTypeSettingFilter-514eedd8@514eedd8==com.github.tomakehurst.wiremock.servlet.ContentTypeSettingFilter,inst=true,async=true
11:58:44.035 [Test worker] DEBUG org.eclipse.jetty.util.component.AbstractLifeCycle - STOPPED com.github.tomakehurst.wiremock.servlet.ContentTypeSettingFilter-514eedd8@514eedd8==com.github.tomakehurst.wiremock.servlet.ContentTypeSettingFilter,inst=false,async=true
11:58:44.036 [Test worker] DEBUG org.eclipse.jetty.util.component.AbstractLifeCycle - stopping com.github.tomakehurst.wiremock.servlet.WireMockHandlerDispatchingServlet-2fd1731c@6991393d==com.github.tomakehurst.wiremock.servlet.WireMockHandlerDispatchingServlet,jsp=null,order=-1,inst=true,async=true
11:58:44.036 [Test worker] DEBUG org.eclipse.jetty.util.component.AbstractLifeCycle - STOPPED com.github.tomakehurst.wiremock.servlet.WireMockHandlerDispatchingServlet-2fd1731c@6991393d==com.github.tomakehurst.wiremock.servlet.WireMockHandlerDispatchingServlet,jsp=null,order=-1,inst=false,async=true
11:58:44.036 [Test worker] DEBUG org.eclipse.jetty.util.component.AbstractLifeCycle - stopping org.eclipse.jetty.servlet.DefaultServlet-32057e6@450c48c5==org.eclipse.jetty.servlet.DefaultServlet,jsp=null,order=-1,inst=false,async=true
11:58:44.036 [Test worker] DEBUG org.eclipse.jetty.util.component.AbstractLifeCycle - STOPPED org.eclipse.jetty.servlet.DefaultServlet-32057e6@450c48c5==org.eclipse.jetty.servlet.DefaultServlet,jsp=null,order=-1,inst=false,async=true
11:58:44.037 [Test worker] DEBUG org.eclipse.jetty.util.component.AbstractLifeCycle - STOPPED ServletHandler@62417a16{STOPPED}
11:58:44.037 [Test worker] INFO org.eclipse.jetty.server.handler.ContextHandler - Stopped o.e.j.s.ServletContextHandler@70fab835{/,null,UNAVAILABLE}
11:58:44.037 [Test worker] DEBUG org.eclipse.jetty.util.component.AbstractLifeCycle - STOPPED o.e.j.s.ServletContextHandler@70fab835{/,null,UNAVAILABLE}
11:58:44.037 [Test worker] DEBUG org.eclipse.jetty.util.component.AbstractLifeCycle - STOPPED GzipHandler@77cf3f8b{STOPPED,min=32,inflate=-1}
11:58:44.037 [Test worker] DEBUG org.eclipse.jetty.util.component.AbstractLifeCycle - stopping o.e.j.s.ServletContextHandler@3a1d593e{/__admin,null,SHUTDOWN}
11:58:44.037 [Test worker] DEBUG org.eclipse.jetty.server.handler.AbstractHandlerContainer - Graceful shutdown o.e.j.s.ServletContextHandler@3a1d593e{/__admin,null,SHUTDOWN} by 
11:58:44.037 [Test worker] DEBUG org.eclipse.jetty.server.handler.AbstractHandler - stopping o.e.j.s.ServletContextHandler@3a1d593e{/__admin,null,UNAVAILABLE}
11:58:44.037 [Test worker] DEBUG org.eclipse.jetty.util.component.AbstractLifeCycle - stopping ServletHandler@18e7143f{STARTED}
11:58:44.037 [Test worker] DEBUG org.eclipse.jetty.server.handler.AbstractHandler - stopping ServletHandler@18e7143f{STOPPING}
11:58:44.037 [Test worker] DEBUG org.eclipse.jetty.util.component.AbstractLifeCycle - stopping org.eclipse.jetty.servlets.CrossOriginFilter-49f5c307@49f5c307==org.eclipse.jetty.servlets.CrossOriginFilter,inst=true,async=true
11:58:44.037 [Test worker] DEBUG org.eclipse.jetty.util.component.AbstractLifeCycle - STOPPED org.eclipse.jetty.servlets.CrossOriginFilter-49f5c307@49f5c307==org.eclipse.jetty.servlets.CrossOriginFilter,inst=false,async=true
11:58:44.037 [Test worker] DEBUG org.eclipse.jetty.util.component.AbstractLifeCycle - stopping com.github.tomakehurst.wiremock.servlet.WireMockHandlerDispatchingServlet-2baa8d82@937f5784==com.github.tomakehurst.wiremock.servlet.WireMockHandlerDispatchingServlet,jsp=null,order=-1,inst=true,async=true
11:58:44.037 [Test worker] DEBUG org.eclipse.jetty.util.component.AbstractLifeCycle - STOPPED com.github.tomakehurst.wiremock.servlet.WireMockHandlerDispatchingServlet-2baa8d82@937f5784==com.github.tomakehurst.wiremock.servlet.WireMockHandlerDispatchingServlet,jsp=null,order=-1,inst=false,async=true
11:58:44.037 [Test worker] DEBUG org.eclipse.jetty.util.component.AbstractLifeCycle - stopping org.eclipse.jetty.servlet.DefaultServlet-a1217f9@c4d0737c==org.eclipse.jetty.servlet.DefaultServlet,jsp=null,order=-1,inst=false,async=true
11:58:44.037 [Test worker] DEBUG org.eclipse.jetty.util.component.AbstractLifeCycle - STOPPED org.eclipse.jetty.servlet.DefaultServlet-a1217f9@c4d0737c==org.eclipse.jetty.servlet.DefaultServlet,jsp=null,order=-1,inst=false,async=true
11:58:44.037 [Test worker] DEBUG org.eclipse.jetty.util.component.AbstractLifeCycle - stopping org.eclipse.jetty.servlet.DefaultServlet-f19c9d2@cdc90213==org.eclipse.jetty.servlet.DefaultServlet,jsp=null,order=-1,inst=false,async=true
11:58:44.037 [Test worker] DEBUG org.eclipse.jetty.util.component.AbstractLifeCycle - STOPPED org.eclipse.jetty.servlet.DefaultServlet-f19c9d2@cdc90213==org.eclipse.jetty.servlet.DefaultServlet,jsp=null,order=-1,inst=false,async=true
11:58:44.037 [Test worker] DEBUG org.eclipse.jetty.util.component.AbstractLifeCycle - STOPPED ServletHandler@18e7143f{STOPPED}
11:58:44.037 [Test worker] INFO org.eclipse.jetty.server.handler.ContextHandler - Stopped o.e.j.s.ServletContextHandler@3a1d593e{/__admin,null,UNAVAILABLE}
11:58:44.037 [Test worker] DEBUG org.eclipse.jetty.util.component.AbstractLifeCycle - STOPPED o.e.j.s.ServletContextHandler@3a1d593e{/__admin,null,UNAVAILABLE}
11:58:44.037 [Test worker] DEBUG org.eclipse.jetty.util.component.AbstractLifeCycle - STOPPED HandlerCollection@3d3f761a{STOPPED}
11:58:44.038 [Test worker] DEBUG org.eclipse.jetty.util.component.AbstractLifeCycle - stopping QueuedThreadPool[qtp878861517]@34625ccd{STARTED,8<=8<=14,i=7,r=1,q=0}[ReservedThreadExecutor@35038141{s=1/1,p=0}]
11:58:44.038 [Test worker] DEBUG org.eclipse.jetty.util.thread.QueuedThreadPool - Stopping QueuedThreadPool[qtp878861517]@34625ccd{STOPPING,8<=8<=14,i=7,r=-1,q=0}[ReservedThreadExecutor@35038141{s=1/1,p=0}]
11:58:44.038 [Test worker] DEBUG org.eclipse.jetty.util.component.AbstractLifeCycle - stopping ReservedThreadExecutor@35038141{s=1/1,p=0}
11:58:44.038 [Test worker] DEBUG org.eclipse.jetty.util.thread.ReservedThreadExecutor - ReservedThreadExecutor@35038141{s=0/1,p=0}@170368af offer STOP!
11:58:44.038 [Test worker] DEBUG org.eclipse.jetty.util.component.AbstractLifeCycle - STOPPED ReservedThreadExecutor@35038141{s=-1/1,p=0}
11:58:44.038 [qtp878861517-31] DEBUG org.eclipse.jetty.util.thread.ReservedThreadExecutor - ReservedThreadExecutor@35038141{s=-1/1,p=0}@170368af task=STOP!
11:58:44.038 [qtp878861517-31] DEBUG org.eclipse.jetty.util.thread.ReservedThreadExecutor - ReservedThreadExecutor@35038141{s=-1/1,p=0}@170368af Exited
11:58:44.038 [Test worker] DEBUG org.eclipse.jetty.util.thread.QueuedThreadPool - Waiting for Thread[qtp878861517-26,5,main] for 499
11:58:44.038 [qtp878861517-30] DEBUG org.eclipse.jetty.util.thread.QueuedThreadPool - run org.eclipse.jetty.util.thread.QueuedThreadPool$$Lambda$409/0x00000001221f0b18@36119ddb in QueuedThreadPool[qtp878861517]@34625ccd{STOPPING,8<=0<=14,i=7,r=-1,q=0}[NO_TRY]
11:58:44.038 [qtp878861517-31] DEBUG org.eclipse.jetty.util.thread.QueuedThreadPool - ran ReservedThreadExecutor@35038141{s=-1/1,p=0}@170368af in QueuedThreadPool[qtp878861517]@34625ccd{STOPPING,8<=0<=14,i=7,r=-1,q=0}[NO_TRY]
11:58:44.038 [qtp878861517-28] DEBUG org.eclipse.jetty.util.thread.QueuedThreadPool - run org.eclipse.jetty.util.thread.QueuedThreadPool$$Lambda$409/0x00000001221f0b18@36119ddb in QueuedThreadPool[qtp878861517]@34625ccd{STOPPING,8<=0<=14,i=7,r=-1,q=0}[NO_TRY]
11:58:44.038 [qtp878861517-32] DEBUG org.eclipse.jetty.util.thread.QueuedThreadPool - run org.eclipse.jetty.util.thread.QueuedThreadPool$$Lambda$409/0x00000001221f0b18@36119ddb in QueuedThreadPool[qtp878861517]@34625ccd{STOPPING,8<=0<=14,i=7,r=-1,q=0}[NO_TRY]
11:58:44.038 [qtp878861517-27] DEBUG org.eclipse.jetty.util.thread.QueuedThreadPool - run org.eclipse.jetty.util.thread.QueuedThreadPool$$Lambda$409/0x00000001221f0b18@36119ddb in QueuedThreadPool[qtp878861517]@34625ccd{STOPPING,8<=0<=14,i=7,r=-1,q=0}[NO_TRY]
11:58:44.038 [qtp878861517-33] DEBUG org.eclipse.jetty.util.thread.QueuedThreadPool - run org.eclipse.jetty.util.thread.QueuedThreadPool$$Lambda$409/0x00000001221f0b18@36119ddb in QueuedThreadPool[qtp878861517]@34625ccd{STOPPING,8<=0<=14,i=7,r=-1,q=0}[NO_TRY]
11:58:44.038 [qtp878861517-28] DEBUG org.eclipse.jetty.util.thread.QueuedThreadPool - ran org.eclipse.jetty.util.thread.QueuedThreadPool$$Lambda$409/0x00000001221f0b18@36119ddb in QueuedThreadPool[qtp878861517]@34625ccd{STOPPING,8<=0<=14,i=7,r=-1,q=0}[NO_TRY]
11:58:44.038 [qtp878861517-29] DEBUG org.eclipse.jetty.util.thread.QueuedThreadPool - run org.eclipse.jetty.util.thread.QueuedThreadPool$$Lambda$409/0x00000001221f0b18@36119ddb in QueuedThreadPool[qtp878861517]@34625ccd{STOPPING,8<=0<=14,i=7,r=-1,q=0}[NO_TRY]
11:58:44.038 [qtp878861517-32] DEBUG org.eclipse.jetty.util.thread.QueuedThreadPool - ran org.eclipse.jetty.util.thread.QueuedThreadPool$$Lambda$409/0x00000001221f0b18@36119ddb in QueuedThreadPool[qtp878861517]@34625ccd{STOPPING,8<=0<=14,i=7,r=-1,q=0}[NO_TRY]
11:58:44.038 [qtp878861517-26] DEBUG org.eclipse.jetty.util.thread.QueuedThreadPool - run org.eclipse.jetty.util.thread.QueuedThreadPool$$Lambda$409/0x00000001221f0b18@36119ddb in QueuedThreadPool[qtp878861517]@34625ccd{STOPPING,8<=0<=14,i=7,r=-1,q=0}[NO_TRY]
11:58:44.038 [qtp878861517-30] DEBUG org.eclipse.jetty.util.thread.QueuedThreadPool - ran org.eclipse.jetty.util.thread.QueuedThreadPool$$Lambda$409/0x00000001221f0b18@36119ddb in QueuedThreadPool[qtp878861517]@34625ccd{STOPPING,8<=0<=14,i=7,r=-1,q=0}[NO_TRY]
11:58:44.038 [qtp878861517-32] DEBUG org.eclipse.jetty.util.thread.QueuedThreadPool - Thread[qtp878861517-32,5,main] exited for QueuedThreadPool[qtp878861517]@34625ccd{STOPPING,8<=0<=14,i=7,r=-1,q=0}[NO_TRY]
11:58:44.038 [qtp878861517-31] DEBUG org.eclipse.jetty.util.thread.QueuedThreadPool - Thread[qtp878861517-31,5,main] exited for QueuedThreadPool[qtp878861517]@34625ccd{STOPPING,8<=0<=14,i=7,r=-1,q=0}[NO_TRY]
11:58:44.038 [qtp878861517-27] DEBUG org.eclipse.jetty.util.thread.QueuedThreadPool - ran org.eclipse.jetty.util.thread.QueuedThreadPool$$Lambda$409/0x00000001221f0b18@36119ddb in QueuedThreadPool[qtp878861517]@34625ccd{STOPPING,8<=0<=14,i=7,r=-1,q=0}[NO_TRY]
11:58:44.038 [qtp878861517-28] DEBUG org.eclipse.jetty.util.thread.QueuedThreadPool - Thread[qtp878861517-28,5,main] exited for QueuedThreadPool[qtp878861517]@34625ccd{STOPPING,8<=0<=14,i=7,r=-1,q=0}[NO_TRY]
11:58:44.038 [qtp878861517-29] DEBUG org.eclipse.jetty.util.thread.QueuedThreadPool - ran org.eclipse.jetty.util.thread.QueuedThreadPool$$Lambda$409/0x00000001221f0b18@36119ddb in QueuedThreadPool[qtp878861517]@34625ccd{STOPPING,8<=0<=14,i=7,r=-1,q=0}[NO_TRY]
11:58:44.038 [qtp878861517-33] DEBUG org.eclipse.jetty.util.thread.QueuedThreadPool - ran org.eclipse.jetty.util.thread.QueuedThreadPool$$Lambda$409/0x00000001221f0b18@36119ddb in QueuedThreadPool[qtp878861517]@34625ccd{STOPPING,8<=0<=14,i=7,r=-1,q=0}[NO_TRY]
11:58:44.038 [qtp878861517-27] DEBUG org.eclipse.jetty.util.thread.QueuedThreadPool - Thread[qtp878861517-27,5,main] exited for QueuedThreadPool[qtp878861517]@34625ccd{STOPPING,8<=0<=14,i=7,r=-1,q=0}[NO_TRY]
11:58:44.038 [qtp878861517-26] DEBUG org.eclipse.jetty.util.thread.QueuedThreadPool - ran org.eclipse.jetty.util.thread.QueuedThreadPool$$Lambda$409/0x00000001221f0b18@36119ddb in QueuedThreadPool[qtp878861517]@34625ccd{STOPPING,8<=0<=14,i=7,r=-1,q=0}[NO_TRY]
11:58:44.038 [qtp878861517-30] DEBUG org.eclipse.jetty.util.thread.QueuedThreadPool - Thread[qtp878861517-30,5,main] exited for QueuedThreadPool[qtp878861517]@34625ccd{STOPPING,8<=0<=14,i=7,r=-1,q=0}[NO_TRY]
11:58:44.038 [qtp878861517-29] DEBUG org.eclipse.jetty.util.thread.QueuedThreadPool - Thread[qtp878861517-29,5,main] exited for QueuedThreadPool[qtp878861517]@34625ccd{STOPPING,8<=0<=14,i=7,r=-1,q=0}[NO_TRY]
11:58:44.038 [qtp878861517-33] DEBUG org.eclipse.jetty.util.thread.QueuedThreadPool - Thread[qtp878861517-33,5,main] exited for QueuedThreadPool[qtp878861517]@34625ccd{STOPPING,8<=0<=14,i=7,r=-1,q=0}[NO_TRY]
11:58:44.039 [qtp878861517-26] DEBUG org.eclipse.jetty.util.thread.QueuedThreadPool - Thread[qtp878861517-26,5,main] exited for QueuedThreadPool[qtp878861517]@34625ccd{STOPPING,8<=0<=14,i=7,r=-1,q=0}[NO_TRY]
11:58:44.039 [Test worker] DEBUG org.eclipse.jetty.util.thread.QueuedThreadPool - Waiting for Thread[qtp878861517-27,5,] for 499
11:58:44.039 [Test worker] DEBUG org.eclipse.jetty.util.component.AbstractLifeCycle - STOPPED QueuedThreadPool[qtp878861517]@34625ccd{STOPPED,8<=0<=14,i=7,r=-1,q=0}[NO_TRY]
11:58:44.039 [Test worker] DEBUG org.eclipse.jetty.util.component.AbstractLifeCycle - STOPPED Server@48c35007{STOPPED}[9.4.31.v20200723]
11:58:44.050 [Test worker] DEBUG org.eclipse.jetty.util.component.ContainerLifeCycle - Server@2b61a019{STOPPED}[9.4.31.v20200723] added {QueuedThreadPool[qtp1238339624]@49cf9028{STOPPED,8<=0<=14,i=0,r=-1,q=0}[NO_TRY],AUTO}
11:58:44.050 [Test worker] DEBUG org.eclipse.jetty.util.component.ContainerLifeCycle - HttpConnectionFactory@11a00961[HTTP/1.1] added {HttpConfiguration@7ce9e05a{32768/8192,8192/8192,https://:0,[SecureRequestCustomizer@4992613f]},POJO}
11:58:44.050 [Test worker] DEBUG org.eclipse.jetty.util.component.ContainerLifeCycle - NetworkTrafficServerConnector@6fd5717c{null, ()}{0.0.0.0:0} added {Server@2b61a019{STOPPED}[9.4.31.v20200723],UNMANAGED}
11:58:44.050 [Test worker] DEBUG org.eclipse.jetty.util.component.ContainerLifeCycle - NetworkTrafficServerConnector@6fd5717c{null, ()}{0.0.0.0:0} added {QueuedThreadPool[qtp1238339624]@49cf9028{STOPPED,8<=0<=14,i=0,r=-1,q=0}[NO_TRY],AUTO}
11:58:44.050 [Test worker] DEBUG org.eclipse.jetty.util.component.ContainerLifeCycle - NetworkTrafficServerConnector@6fd5717c{null, ()}{0.0.0.0:0} added {ScheduledExecutorScheduler@7e2f86e6{STOPPED},AUTO}
11:58:44.050 [Test worker] DEBUG org.eclipse.jetty.util.component.ContainerLifeCycle - NetworkTrafficServerConnector@6fd5717c{null, ()}{0.0.0.0:0} added {org.eclipse.jetty.io.ArrayByteBufferPool@4d774249,POJO}
11:58:44.050 [Test worker] DEBUG org.eclipse.jetty.util.component.ContainerLifeCycle - NetworkTrafficServerConnector@6fd5717c{null, (http/1.1)}{0.0.0.0:0} added {HttpConnectionFactory@11a00961[HTTP/1.1],AUTO}
11:58:44.050 [Test worker] DEBUG org.eclipse.jetty.server.AbstractConnector - NetworkTrafficServerConnector@6fd5717c{HTTP/1.1, (http/1.1)}{0.0.0.0:0} added HttpConnectionFactory@11a00961[HTTP/1.1]
11:58:44.051 [Test worker] DEBUG org.eclipse.jetty.util.component.ContainerLifeCycle - NetworkTrafficServerConnector@6fd5717c{HTTP/1.1, (http/1.1)}{0.0.0.0:0} added {SelectorManager@NetworkTrafficServerConnector@6fd5717c{HTTP/1.1, (http/1.1)}{0.0.0.0:0},MANAGED}
11:58:44.051 [Test worker] DEBUG org.eclipse.jetty.util.component.ContainerLifeCycle - Server@2b61a019{STOPPED}[9.4.31.v20200723] added {NetworkTrafficServerConnector@6fd5717c{HTTP/1.1, (http/1.1)}{0.0.0.0:8081},AUTO}
11:58:44.051 [Test worker] DEBUG org.eclipse.jetty.util.component.ContainerLifeCycle - Server@2b61a019{STOPPED}[9.4.31.v20200723] added {o.e.j.s.ServletContextHandler@17b64941{/__admin,null,UNAVAILABLE},MANAGED}
11:58:44.051 [Test worker] DEBUG org.eclipse.jetty.util.DecoratedObjectFactory - Adding Decorator: org.eclipse.jetty.util.DeprecationWarning@53ac845a
11:58:44.051 [Test worker] DEBUG org.eclipse.jetty.util.component.ContainerLifeCycle - o.e.j.s.ServletContextHandler@17b64941{/__admin,null,UNAVAILABLE} added {ServletHandler@5136207f{STOPPED},MANAGED}
11:58:44.051 [Test worker] DEBUG org.eclipse.jetty.util.component.ContainerLifeCycle - ServletHandler@5136207f{STOPPED} added {org.eclipse.jetty.servlet.DefaultServlet-26a4551a@1bc251c6==org.eclipse.jetty.servlet.DefaultServlet,jsp=null,order=-1,inst=false,async=true,AUTO}
11:58:44.051 [Test worker] DEBUG org.eclipse.jetty.util.component.ContainerLifeCycle - ServletHandler@5136207f{STOPPED} added {[/swagger-ui/*]=>org.eclipse.jetty.servlet.DefaultServlet-26a4551a,POJO}
11:58:44.051 [Test worker] DEBUG org.eclipse.jetty.util.component.ContainerLifeCycle - ServletHandler@5136207f{STOPPED} added {org.eclipse.jetty.servlet.DefaultServlet-3fdecce@a0bb8632==org.eclipse.jetty.servlet.DefaultServlet,jsp=null,order=-1,inst=false,async=true,AUTO}
11:58:44.051 [Test worker] DEBUG org.eclipse.jetty.util.component.ContainerLifeCycle - ServletHandler@5136207f{STOPPED} added {[/recorder/*]=>org.eclipse.jetty.servlet.DefaultServlet-3fdecce,POJO}
11:58:44.051 [Test worker] DEBUG org.eclipse.jetty.util.component.ContainerLifeCycle - ServletHandler@5136207f{STOPPED} added {com.github.tomakehurst.wiremock.servlet.WireMockHandlerDispatchingServlet-344426bf@2aba4777==com.github.tomakehurst.wiremock.servlet.WireMockHandlerDispatchingServlet,jsp=null,order=-1,inst=false,async=true,AUTO}
11:58:44.051 [Test worker] DEBUG org.eclipse.jetty.util.component.ContainerLifeCycle - ServletHandler@5136207f{STOPPED} added {[/]=>com.github.tomakehurst.wiremock.servlet.WireMockHandlerDispatchingServlet-344426bf,POJO}
11:58:44.051 [Test worker] DEBUG org.eclipse.jetty.util.component.ContainerLifeCycle - ServletHandler@5136207f{STOPPED} added {org.eclipse.jetty.servlets.CrossOriginFilter-5411dd90@5411dd90==org.eclipse.jetty.servlets.CrossOriginFilter,inst=false,async=true,AUTO}
11:58:44.051 [Test worker] DEBUG org.eclipse.jetty.util.component.ContainerLifeCycle - ServletHandler@5136207f{STOPPED} added {[/*]/[]/[REQUEST]=>org.eclipse.jetty.servlets.CrossOriginFilter-5411dd90,POJO}
11:58:44.052 [Test worker] DEBUG org.eclipse.jetty.util.component.ContainerLifeCycle - Server@2b61a019{STOPPED}[9.4.31.v20200723] added {o.e.j.s.ServletContextHandler@50194e8d{/,null,UNAVAILABLE},MANAGED}
11:58:44.052 [Test worker] DEBUG org.eclipse.jetty.util.DecoratedObjectFactory - Adding Decorator: org.eclipse.jetty.util.DeprecationWarning@3cee53dc
11:58:44.052 [Test worker] DEBUG org.eclipse.jetty.util.component.ContainerLifeCycle - o.e.j.s.ServletContextHandler@50194e8d{/,null,UNAVAILABLE} added {ServletHandler@290aeb20{STOPPED},MANAGED}
11:58:44.052 [Test worker] DEBUG org.eclipse.jetty.util.component.ContainerLifeCycle - ServletHandler@290aeb20{STOPPED} added {org.eclipse.jetty.servlet.DefaultServlet-73ad4ecc@871a2e6f==org.eclipse.jetty.servlet.DefaultServlet,jsp=null,order=-1,inst=false,async=true,AUTO}
11:58:44.052 [Test worker] DEBUG org.eclipse.jetty.util.component.ContainerLifeCycle - ServletHandler@290aeb20{STOPPED} added {[/__files/*]=>org.eclipse.jetty.servlet.DefaultServlet-73ad4ecc,POJO}
11:58:44.052 [Test worker] DEBUG org.eclipse.jetty.util.component.ContainerLifeCycle - ServletHandler@290aeb20{STOPPED} added {com.github.tomakehurst.wiremock.servlet.WireMockHandlerDispatchingServlet-69da0b12@bf3f6c21==com.github.tomakehurst.wiremock.servlet.WireMockHandlerDispatchingServlet,jsp=null,order=-1,inst=false,async=true,AUTO}
11:58:44.052 [Test worker] DEBUG org.eclipse.jetty.util.component.ContainerLifeCycle - ServletHandler@290aeb20{STOPPED} added {[/]=>com.github.tomakehurst.wiremock.servlet.WireMockHandlerDispatchingServlet-69da0b12,POJO}
11:58:44.052 [Test worker] DEBUG org.eclipse.jetty.util.component.ContainerLifeCycle - o.e.j.s.ServletContextHandler@50194e8d{/,null,UNAVAILABLE} added {NotFoundHandler@2764c546{STOPPED},MANAGED}
11:58:44.052 [Test worker] DEBUG org.eclipse.jetty.util.component.ContainerLifeCycle - ServletHandler@290aeb20{STOPPED} added {com.github.tomakehurst.wiremock.servlet.ContentTypeSettingFilter-59496961@59496961==com.github.tomakehurst.wiremock.servlet.ContentTypeSettingFilter,inst=false,async=true,AUTO}
11:58:44.052 [Test worker] DEBUG org.eclipse.jetty.util.component.ContainerLifeCycle - ServletHandler@290aeb20{STOPPED} added {[/__files/*]/[]/[FORWARD]=>com.github.tomakehurst.wiremock.servlet.ContentTypeSettingFilter-59496961,POJO}
11:58:44.052 [Test worker] DEBUG org.eclipse.jetty.util.component.ContainerLifeCycle - ServletHandler@290aeb20{STOPPED} added {com.github.tomakehurst.wiremock.servlet.TrailingSlashFilter-408b87aa@408b87aa==com.github.tomakehurst.wiremock.servlet.TrailingSlashFilter,inst=false,async=true,AUTO}
11:58:44.052 [Test worker] DEBUG org.eclipse.jetty.util.component.ContainerLifeCycle - ServletHandler@290aeb20{STOPPED} added {[/__files/*]/[]/[ASYNC, REQUEST, INCLUDE, FORWARD, ERROR]=>com.github.tomakehurst.wiremock.servlet.TrailingSlashFilter-408b87aa,POJO}
11:58:44.052 [Test worker] DEBUG org.eclipse.jetty.util.component.ContainerLifeCycle - HandlerCollection@79b08632{STOPPED} added {o.e.j.s.ServletContextHandler@17b64941{/__admin,null,UNAVAILABLE},AUTO}
11:58:44.053 [Test worker] DEBUG org.eclipse.jetty.http.pathmap.PathMappings - Added MappedResource[pathSpec=ServletPathSpec@4a69d1f9{*.svgz},resource=true] to PathMappings[size=1]
11:58:44.053 [Test worker] DEBUG org.eclipse.jetty.server.handler.gzip.GzipHandler - GzipHandler@787f32b7{STOPPED,min=32,inflate=-1} mime types IncludeExclude@6aef4eb8{i=[],ip=CONTAINS,e=[image/ief, image/vnd.wap.wbmp, image/jpeg, application/bzip2, image/x-portable-graymap, application/brotli, image/bmp, image/gif, image/x-icon, audio/midi, video/x-msvideo, image/x-xbitmap, application/x-rar-compressed, image/x-portable-bitmap, image/x-rgb, image/x-cmu-raster, application/gzip, audio/x-wav, audio/x-pn-realaudio, audio/basic, application/compress, audio/x-aiff, video/x.ms.asx, video/x.ms.asf, image/png, video/vnd.rn-realvideo, image/x-xwindowdump, image/jpeg2000, video/x-sgi-movie, audio/mpeg, image/xcf, video/mpeg, image/x-portable-pixmap, image/tiff, image/x-portable-anymap, image/x-xpixmap, application/zip, video/quicktime, application/x-xz, video/mp4],ep=CONTAINS}
11:58:44.053 [Test worker] DEBUG org.eclipse.jetty.util.component.ContainerLifeCycle - GzipHandler@787f32b7{STOPPED,min=32,inflate=-1} added {o.e.j.s.ServletContextHandler@50194e8d{/,null,UNAVAILABLE},MANAGED}
11:58:44.053 [Test worker] DEBUG org.eclipse.jetty.util.component.ContainerLifeCycle - HandlerCollection@79b08632{STOPPED} added {GzipHandler@787f32b7{STOPPED,min=32,inflate=-1},AUTO}
11:58:44.053 [Test worker] DEBUG org.eclipse.jetty.util.component.ContainerLifeCycle - Server@2b61a019{STOPPED}[9.4.31.v20200723] added {HandlerCollection@79b08632{STOPPED},MANAGED}
11:58:44.054 [Test worker] DEBUG org.eclipse.jetty.util.component.AbstractLifeCycle - starting Server@2b61a019{STOPPED}[9.4.31.v20200723]
11:58:44.054 [Test worker] DEBUG org.eclipse.jetty.util.component.ContainerLifeCycle - Server@2b61a019{STARTING}[9.4.31.v20200723] added {ErrorHandler@76c52298{STOPPED},AUTO}
11:58:44.054 [Test worker] INFO org.eclipse.jetty.server.Server - jetty-9.4.31.v20200723; built: 2020-07-23T17:57:36.812Z; git: 450ba27947e13e66baa8cd1ce7e85a4461cacc1d; jvm 17.0.11+0
11:58:44.054 [Test worker] DEBUG org.eclipse.jetty.server.handler.AbstractHandler - starting Server@2b61a019{STARTING}[9.4.31.v20200723]
11:58:44.054 [Test worker] DEBUG org.eclipse.jetty.util.component.AbstractLifeCycle - starting QueuedThreadPool[qtp1238339624]@49cf9028{STOPPED,8<=0<=14,i=0,r=-1,q=0}[NO_TRY]
11:58:44.054 [Test worker] DEBUG org.eclipse.jetty.util.thread.ReservedThreadExecutor - ReservedThreadExecutor@bb9ab64{s=0/1,p=0}
11:58:44.054 [Test worker] DEBUG org.eclipse.jetty.util.component.ContainerLifeCycle - QueuedThreadPool[qtp1238339624]@49cf9028{STARTING,8<=0<=14,i=0,r=-1,q=0}[ReservedThreadExecutor@bb9ab64{s=0/1,p=0}] added {ReservedThreadExecutor@bb9ab64{s=0/1,p=0},AUTO}
11:58:44.054 [Test worker] DEBUG org.eclipse.jetty.util.component.AbstractLifeCycle - starting ReservedThreadExecutor@bb9ab64{s=0/1,p=0}
11:58:44.054 [Test worker] DEBUG org.eclipse.jetty.util.component.AbstractLifeCycle - STARTED @1298ms ReservedThreadExecutor@bb9ab64{s=0/1,p=0}
11:58:44.054 [Test worker] DEBUG org.eclipse.jetty.util.thread.QueuedThreadPool - Starting Thread[qtp1238339624-35,5,main]
11:58:44.054 [Test worker] DEBUG org.eclipse.jetty.util.thread.QueuedThreadPool - Starting Thread[qtp1238339624-36,5,main]
11:58:44.054 [qtp1238339624-35] DEBUG org.eclipse.jetty.util.thread.QueuedThreadPool - Runner started for QueuedThreadPool[qtp1238339624]@49cf9028{STARTING,8<=2<=14,i=2,r=-1,q=0}[ReservedThreadExecutor@bb9ab64{s=0/1,p=0}]
11:58:44.055 [Test worker] DEBUG org.eclipse.jetty.util.thread.QueuedThreadPool - Starting Thread[qtp1238339624-37,5,main]
11:58:44.055 [qtp1238339624-36] DEBUG org.eclipse.jetty.util.thread.QueuedThreadPool - Runner started for QueuedThreadPool[qtp1238339624]@49cf9028{STARTING,8<=3<=14,i=3,r=-1,q=0}[ReservedThreadExecutor@bb9ab64{s=0/1,p=0}]
11:58:44.055 [Test worker] DEBUG org.eclipse.jetty.util.thread.QueuedThreadPool - Starting Thread[qtp1238339624-38,5,main]
11:58:44.055 [qtp1238339624-37] DEBUG org.eclipse.jetty.util.thread.QueuedThreadPool - Runner started for QueuedThreadPool[qtp1238339624]@49cf9028{STARTING,8<=4<=14,i=4,r=-1,q=0}[ReservedThreadExecutor@bb9ab64{s=0/1,p=0}]
11:58:44.055 [Test worker] DEBUG org.eclipse.jetty.util.thread.QueuedThreadPool - Starting Thread[qtp1238339624-39,5,main]
11:58:44.055 [qtp1238339624-38] DEBUG org.eclipse.jetty.util.thread.QueuedThreadPool - Runner started for QueuedThreadPool[qtp1238339624]@49cf9028{STARTING,8<=5<=14,i=5,r=-1,q=0}[ReservedThreadExecutor@bb9ab64{s=0/1,p=0}]
11:58:44.055 [Test worker] DEBUG org.eclipse.jetty.util.thread.QueuedThreadPool - Starting Thread[qtp1238339624-40,5,main]
11:58:44.055 [qtp1238339624-39] DEBUG org.eclipse.jetty.util.thread.QueuedThreadPool - Runner started for QueuedThreadPool[qtp1238339624]@49cf9028{STARTING,8<=6<=14,i=6,r=-1,q=0}[ReservedThreadExecutor@bb9ab64{s=0/1,p=0}]
11:58:44.056 [Test worker] DEBUG org.eclipse.jetty.util.thread.QueuedThreadPool - Starting Thread[qtp1238339624-41,5,main]
11:58:44.056 [qtp1238339624-40] DEBUG org.eclipse.jetty.util.thread.QueuedThreadPool - Runner started for QueuedThreadPool[qtp1238339624]@49cf9028{STARTING,8<=7<=14,i=7,r=-1,q=0}[ReservedThreadExecutor@bb9ab64{s=0/1,p=0}]
11:58:44.056 [Test worker] DEBUG org.eclipse.jetty.util.thread.QueuedThreadPool - Starting Thread[qtp1238339624-42,5,main]
11:58:44.056 [qtp1238339624-41] DEBUG org.eclipse.jetty.util.thread.QueuedThreadPool - Runner started for QueuedThreadPool[qtp1238339624]@49cf9028{STARTING,8<=8<=14,i=8,r=-1,q=0}[ReservedThreadExecutor@bb9ab64{s=0/1,p=0}]
11:58:44.056 [Test worker] DEBUG org.eclipse.jetty.util.component.AbstractLifeCycle - STARTED @1300ms QueuedThreadPool[qtp1238339624]@49cf9028{STARTED,8<=8<=14,i=8,r=1,q=0}[ReservedThreadExecutor@bb9ab64{s=0/1,p=0}]
11:58:44.056 [qtp1238339624-42] DEBUG org.eclipse.jetty.util.thread.QueuedThreadPool - Runner started for QueuedThreadPool[qtp1238339624]@49cf9028{STARTED,8<=8<=14,i=8,r=1,q=0}[ReservedThreadExecutor@bb9ab64{s=0/1,p=0}]
11:58:44.056 [Test worker] DEBUG org.eclipse.jetty.util.component.AbstractLifeCycle - starting HandlerCollection@79b08632{STOPPED}
11:58:44.056 [Test worker] DEBUG org.eclipse.jetty.server.handler.AbstractHandler - starting HandlerCollection@79b08632{STARTING}
11:58:44.056 [Test worker] DEBUG org.eclipse.jetty.util.component.AbstractLifeCycle - starting o.e.j.s.ServletContextHandler@17b64941{/__admin,null,UNAVAILABLE}
11:58:44.056 [Test worker] DEBUG org.eclipse.jetty.server.handler.AbstractHandler - starting o.e.j.s.ServletContextHandler@17b64941{/__admin,null,STARTING}
11:58:44.056 [Test worker] DEBUG org.eclipse.jetty.util.component.AbstractLifeCycle - starting ServletHandler@5136207f{STOPPED}
11:58:44.056 [Test worker] DEBUG org.eclipse.jetty.servlet.ServletHandler - Path=/recorder/*[EMBEDDED:null] mapped to servlet=org.eclipse.jetty.servlet.DefaultServlet-3fdecce[EMBEDDED:null]
11:58:44.057 [Test worker] DEBUG org.eclipse.jetty.http.pathmap.PathMappings - Added MappedResource[pathSpec=ServletPathSpec@81d248a7{/recorder/*},resource=org.eclipse.jetty.servlet.DefaultServlet-3fdecce@a0bb8632==org.eclipse.jetty.servlet.DefaultServlet,jsp=null,order=-1,inst=false,async=true] to PathMappings[size=1]
11:58:44.057 [Test worker] DEBUG org.eclipse.jetty.servlet.ServletHandler - Path=/swagger-ui/*[EMBEDDED:null] mapped to servlet=org.eclipse.jetty.servlet.DefaultServlet-26a4551a[EMBEDDED:null]
11:58:44.057 [Test worker] DEBUG org.eclipse.jetty.http.pathmap.PathMappings - Added MappedResource[pathSpec=ServletPathSpec@1c2edfa0{/swagger-ui/*},resource=org.eclipse.jetty.servlet.DefaultServlet-26a4551a@1bc251c6==org.eclipse.jetty.servlet.DefaultServlet,jsp=null,order=-1,inst=false,async=true] to PathMappings[size=2]
11:58:44.057 [Test worker] DEBUG org.eclipse.jetty.servlet.ServletHandler - Path=/[EMBEDDED:null] mapped to servlet=com.github.tomakehurst.wiremock.servlet.WireMockHandlerDispatchingServlet-344426bf[EMBEDDED:null]
11:58:44.057 [Test worker] DEBUG org.eclipse.jetty.http.pathmap.PathMappings - Added MappedResource[pathSpec=ServletPathSpec@4e{/},resource=com.github.tomakehurst.wiremock.servlet.WireMockHandlerDispatchingServlet-344426bf@2aba4777==com.github.tomakehurst.wiremock.servlet.WireMockHandlerDispatchingServlet,jsp=null,order=-1,inst=false,async=true] to PathMappings[size=3]
11:58:44.057 [Test worker] DEBUG org.eclipse.jetty.servlet.ServletHandler - filterNameMap={org.eclipse.jetty.servlets.CrossOriginFilter-5411dd90=org.eclipse.jetty.servlets.CrossOriginFilter-5411dd90@5411dd90==org.eclipse.jetty.servlets.CrossOriginFilter,inst=false,async=true}
11:58:44.057 [Test worker] DEBUG org.eclipse.jetty.servlet.ServletHandler - pathFilters=[[/*]/[]/[REQUEST]=>org.eclipse.jetty.servlets.CrossOriginFilter-5411dd90]
11:58:44.057 [Test worker] DEBUG org.eclipse.jetty.servlet.ServletHandler - servletFilterMap={}
11:58:44.057 [Test worker] DEBUG org.eclipse.jetty.servlet.ServletHandler - servletPathMap=PathMappings[size=3]
11:58:44.057 [Test worker] DEBUG org.eclipse.jetty.servlet.ServletHandler - servletNameMap={org.eclipse.jetty.servlet.DefaultServlet-26a4551a=org.eclipse.jetty.servlet.DefaultServlet-26a4551a@1bc251c6==org.eclipse.jetty.servlet.DefaultServlet,jsp=null,order=-1,inst=false,async=true, org.eclipse.jetty.servlet.DefaultServlet-3fdecce=org.eclipse.jetty.servlet.DefaultServlet-3fdecce@a0bb8632==org.eclipse.jetty.servlet.DefaultServlet,jsp=null,order=-1,inst=false,async=true, com.github.tomakehurst.wiremock.servlet.WireMockHandlerDispatchingServlet-344426bf=com.github.tomakehurst.wiremock.servlet.WireMockHandlerDispatchingServlet-344426bf@2aba4777==com.github.tomakehurst.wiremock.servlet.WireMockHandlerDispatchingServlet,jsp=null,order=-1,inst=false,async=true}
11:58:44.057 [Test worker] DEBUG org.eclipse.jetty.server.handler.AbstractHandler - starting ServletHandler@5136207f{STARTING}
11:58:44.057 [Test worker] DEBUG org.eclipse.jetty.util.component.AbstractLifeCycle - STARTED @1301ms ServletHandler@5136207f{STARTED}
11:58:44.057 [Test worker] DEBUG org.eclipse.jetty.util.component.AbstractLifeCycle - starting org.eclipse.jetty.servlets.CrossOriginFilter-5411dd90@5411dd90==org.eclipse.jetty.servlets.CrossOriginFilter,inst=false,async=true
11:58:44.057 [Test worker] DEBUG org.eclipse.jetty.util.component.AbstractLifeCycle - STARTED @1301ms org.eclipse.jetty.servlets.CrossOriginFilter-5411dd90@5411dd90==org.eclipse.jetty.servlets.CrossOriginFilter,inst=false,async=true
11:58:44.057 [Test worker] DEBUG org.eclipse.jetty.servlet.FilterHolder - Filter.init org.eclipse.jetty.servlets.CrossOriginFilter@507d20bb
11:58:44.057 [Test worker] DEBUG org.eclipse.jetty.servlets.CrossOriginFilter - Cross-origin filter configuration: allowedOrigins = *, allowedTimingOrigins = null, allowedMethods = OPTIONS,GET,POST,PUT,PATCH,DELETE, allowedHeaders = *, preflightMaxAge = 1800, allowCredentials = true,exposedHeaders = ,chainPreflight = false
11:58:44.057 [Test worker] DEBUG org.eclipse.jetty.util.component.AbstractLifeCycle - starting com.github.tomakehurst.wiremock.servlet.WireMockHandlerDispatchingServlet-344426bf@2aba4777==com.github.tomakehurst.wiremock.servlet.WireMockHandlerDispatchingServlet,jsp=null,order=-1,inst=false,async=true
11:58:44.057 [Test worker] DEBUG org.eclipse.jetty.util.component.AbstractLifeCycle - STARTED @1301ms com.github.tomakehurst.wiremock.servlet.WireMockHandlerDispatchingServlet-344426bf@2aba4777==com.github.tomakehurst.wiremock.servlet.WireMockHandlerDispatchingServlet,jsp=null,order=-1,inst=false,async=true
11:58:44.057 [Test worker] DEBUG org.eclipse.jetty.util.component.AbstractLifeCycle - starting org.eclipse.jetty.servlet.DefaultServlet-26a4551a@1bc251c6==org.eclipse.jetty.servlet.DefaultServlet,jsp=null,order=-1,inst=false,async=true
11:58:44.057 [Test worker] DEBUG org.eclipse.jetty.util.component.AbstractLifeCycle - STARTED @1301ms org.eclipse.jetty.servlet.DefaultServlet-26a4551a@1bc251c6==org.eclipse.jetty.servlet.DefaultServlet,jsp=null,order=-1,inst=false,async=true
11:58:44.057 [Test worker] DEBUG org.eclipse.jetty.util.component.AbstractLifeCycle - starting org.eclipse.jetty.servlet.DefaultServlet-3fdecce@a0bb8632==org.eclipse.jetty.servlet.DefaultServlet,jsp=null,order=-1,inst=false,async=true
11:58:44.057 [Test worker] DEBUG org.eclipse.jetty.util.component.AbstractLifeCycle - STARTED @1301ms org.eclipse.jetty.servlet.DefaultServlet-3fdecce@a0bb8632==org.eclipse.jetty.servlet.DefaultServlet,jsp=null,order=-1,inst=false,async=true
11:58:44.057 [Test worker] INFO org.eclipse.jetty.server.handler.ContextHandler - Started o.e.j.s.ServletContextHandler@17b64941{/__admin,null,AVAILABLE}
11:58:44.057 [Test worker] DEBUG org.eclipse.jetty.util.component.AbstractLifeCycle - STARTED @1301ms o.e.j.s.ServletContextHandler@17b64941{/__admin,null,AVAILABLE}
11:58:44.057 [Test worker] DEBUG org.eclipse.jetty.util.component.AbstractLifeCycle - starting GzipHandler@787f32b7{STOPPED,min=32,inflate=-1}
11:58:44.057 [Test worker] DEBUG org.eclipse.jetty.server.handler.AbstractHandler - starting GzipHandler@787f32b7{STARTING,min=32,inflate=-1}
11:58:44.057 [Test worker] DEBUG org.eclipse.jetty.util.component.AbstractLifeCycle - starting o.e.j.s.ServletContextHandler@50194e8d{/,null,UNAVAILABLE}
11:58:44.057 [Test worker] DEBUG org.eclipse.jetty.server.handler.AbstractHandler - starting o.e.j.s.ServletContextHandler@50194e8d{/,null,STARTING}
11:58:44.057 [Test worker] DEBUG org.eclipse.jetty.util.component.AbstractLifeCycle - starting ServletHandler@290aeb20{STOPPED}
11:58:44.057 [Test worker] DEBUG org.eclipse.jetty.servlet.ServletHandler - Path=/__files/*[EMBEDDED:null] mapped to servlet=org.eclipse.jetty.servlet.DefaultServlet-73ad4ecc[EMBEDDED:null]
11:58:44.058 [Test worker] DEBUG org.eclipse.jetty.http.pathmap.PathMappings - Added MappedResource[pathSpec=ServletPathSpec@387a9b82{/__files/*},resource=org.eclipse.jetty.servlet.DefaultServlet-73ad4ecc@871a2e6f==org.eclipse.jetty.servlet.DefaultServlet,jsp=null,order=-1,inst=false,async=true] to PathMappings[size=1]
11:58:44.058 [Test worker] DEBUG org.eclipse.jetty.servlet.ServletHandler - Path=/[EMBEDDED:null] mapped to servlet=com.github.tomakehurst.wiremock.servlet.WireMockHandlerDispatchingServlet-69da0b12[EMBEDDED:null]
11:58:44.058 [Test worker] DEBUG org.eclipse.jetty.http.pathmap.PathMappings - Added MappedResource[pathSpec=ServletPathSpec@4e{/},resource=com.github.tomakehurst.wiremock.servlet.WireMockHandlerDispatchingServlet-69da0b12@bf3f6c21==com.github.tomakehurst.wiremock.servlet.WireMockHandlerDispatchingServlet,jsp=null,order=-1,inst=false,async=true] to PathMappings[size=2]
11:58:44.058 [Test worker] DEBUG org.eclipse.jetty.servlet.ServletHandler - filterNameMap={com.github.tomakehurst.wiremock.servlet.ContentTypeSettingFilter-59496961=com.github.tomakehurst.wiremock.servlet.ContentTypeSettingFilter-59496961@59496961==com.github.tomakehurst.wiremock.servlet.ContentTypeSettingFilter,inst=false,async=true, com.github.tomakehurst.wiremock.servlet.TrailingSlashFilter-408b87aa=com.github.tomakehurst.wiremock.servlet.TrailingSlashFilter-408b87aa@408b87aa==com.github.tomakehurst.wiremock.servlet.TrailingSlashFilter,inst=false,async=true}
11:58:44.058 [Test worker] DEBUG org.eclipse.jetty.servlet.ServletHandler - pathFilters=[[/__files/*]/[]/[FORWARD]=>com.github.tomakehurst.wiremock.servlet.ContentTypeSettingFilter-59496961, [/__files/*]/[]/[ASYNC, REQUEST, INCLUDE, FORWARD, ERROR]=>com.github.tomakehurst.wiremock.servlet.TrailingSlashFilter-408b87aa]
11:58:44.058 [Test worker] DEBUG org.eclipse.jetty.servlet.ServletHandler - servletFilterMap={}
11:58:44.058 [Test worker] DEBUG org.eclipse.jetty.servlet.ServletHandler - servletPathMap=PathMappings[size=2]
11:58:44.058 [Test worker] DEBUG org.eclipse.jetty.servlet.ServletHandler - servletNameMap={org.eclipse.jetty.servlet.DefaultServlet-73ad4ecc=org.eclipse.jetty.servlet.DefaultServlet-73ad4ecc@871a2e6f==org.eclipse.jetty.servlet.DefaultServlet,jsp=null,order=-1,inst=false,async=true, com.github.tomakehurst.wiremock.servlet.WireMockHandlerDispatchingServlet-69da0b12=com.github.tomakehurst.wiremock.servlet.WireMockHandlerDispatchingServlet-69da0b12@bf3f6c21==com.github.tomakehurst.wiremock.servlet.WireMockHandlerDispatchingServlet,jsp=null,order=-1,inst=false,async=true}
11:58:44.058 [Test worker] DEBUG org.eclipse.jetty.server.handler.AbstractHandler - starting ServletHandler@290aeb20{STARTING}
11:58:44.058 [Test worker] DEBUG org.eclipse.jetty.util.component.AbstractLifeCycle - STARTED @1302ms ServletHandler@290aeb20{STARTED}
11:58:44.058 [Test worker] DEBUG org.eclipse.jetty.util.component.AbstractLifeCycle - starting NotFoundHandler@2764c546{STOPPED}
11:58:44.058 [Test worker] DEBUG org.eclipse.jetty.server.handler.AbstractHandler - starting NotFoundHandler@2764c546{STARTING}
11:58:44.058 [Test worker] DEBUG org.eclipse.jetty.util.component.AbstractLifeCycle - STARTED @1302ms NotFoundHandler@2764c546{STARTED}
11:58:44.058 [Test worker] DEBUG org.eclipse.jetty.util.component.AbstractLifeCycle - starting com.github.tomakehurst.wiremock.servlet.ContentTypeSettingFilter-59496961@59496961==com.github.tomakehurst.wiremock.servlet.ContentTypeSettingFilter,inst=false,async=true
11:58:44.058 [Test worker] DEBUG org.eclipse.jetty.util.component.AbstractLifeCycle - STARTED @1302ms com.github.tomakehurst.wiremock.servlet.ContentTypeSettingFilter-59496961@59496961==com.github.tomakehurst.wiremock.servlet.ContentTypeSettingFilter,inst=false,async=true
11:58:44.058 [Test worker] DEBUG org.eclipse.jetty.servlet.FilterHolder - Filter.init com.github.tomakehurst.wiremock.servlet.ContentTypeSettingFilter@9fec931
11:58:44.058 [Test worker] DEBUG org.eclipse.jetty.util.component.AbstractLifeCycle - starting com.github.tomakehurst.wiremock.servlet.TrailingSlashFilter-408b87aa@408b87aa==com.github.tomakehurst.wiremock.servlet.TrailingSlashFilter,inst=false,async=true
11:58:44.058 [Test worker] DEBUG org.eclipse.jetty.util.component.AbstractLifeCycle - STARTED @1303ms com.github.tomakehurst.wiremock.servlet.TrailingSlashFilter-408b87aa@408b87aa==com.github.tomakehurst.wiremock.servlet.TrailingSlashFilter,inst=false,async=true
11:58:44.058 [Test worker] DEBUG org.eclipse.jetty.servlet.FilterHolder - Filter.init com.github.tomakehurst.wiremock.servlet.TrailingSlashFilter@5cbd159f
11:58:44.058 [Test worker] DEBUG org.eclipse.jetty.util.component.AbstractLifeCycle - starting com.github.tomakehurst.wiremock.servlet.WireMockHandlerDispatchingServlet-69da0b12@bf3f6c21==com.github.tomakehurst.wiremock.servlet.WireMockHandlerDispatchingServlet,jsp=null,order=-1,inst=false,async=true
11:58:44.059 [Test worker] DEBUG org.eclipse.jetty.util.component.AbstractLifeCycle - STARTED @1303ms com.github.tomakehurst.wiremock.servlet.WireMockHandlerDispatchingServlet-69da0b12@bf3f6c21==com.github.tomakehurst.wiremock.servlet.WireMockHandlerDispatchingServlet,jsp=null,order=-1,inst=false,async=true
11:58:44.059 [Test worker] DEBUG org.eclipse.jetty.util.component.AbstractLifeCycle - starting org.eclipse.jetty.servlet.DefaultServlet-73ad4ecc@871a2e6f==org.eclipse.jetty.servlet.DefaultServlet,jsp=null,order=-1,inst=false,async=true
11:58:44.059 [Test worker] DEBUG org.eclipse.jetty.util.component.AbstractLifeCycle - STARTED @1303ms org.eclipse.jetty.servlet.DefaultServlet-73ad4ecc@871a2e6f==org.eclipse.jetty.servlet.DefaultServlet,jsp=null,order=-1,inst=false,async=true
11:58:44.059 [Test worker] INFO org.eclipse.jetty.server.handler.ContextHandler - Started o.e.j.s.ServletContextHandler@50194e8d{/,null,AVAILABLE}
11:58:44.059 [Test worker] DEBUG org.eclipse.jetty.util.component.AbstractLifeCycle - STARTED @1303ms o.e.j.s.ServletContextHandler@50194e8d{/,null,AVAILABLE}
11:58:44.059 [Test worker] DEBUG org.eclipse.jetty.util.component.AbstractLifeCycle - STARTED @1303ms GzipHandler@787f32b7{STARTED,min=32,inflate=-1}
11:58:44.059 [Test worker] DEBUG org.eclipse.jetty.util.component.AbstractLifeCycle - STARTED @1303ms HandlerCollection@79b08632{STARTED}
11:58:44.059 [Test worker] DEBUG org.eclipse.jetty.util.component.AbstractLifeCycle - starting ErrorHandler@76c52298{STOPPED}
11:58:44.059 [Test worker] DEBUG org.eclipse.jetty.server.handler.AbstractHandler - starting ErrorHandler@76c52298{STARTING}
11:58:44.059 [Test worker] DEBUG org.eclipse.jetty.util.component.AbstractLifeCycle - STARTED @1303ms ErrorHandler@76c52298{STARTED}
11:58:44.059 [Test worker] DEBUG org.eclipse.jetty.util.component.AbstractLifeCycle - starting NetworkTrafficServerConnector@6fd5717c{HTTP/1.1, (http/1.1)}{0.0.0.0:8081}
11:58:44.059 [Test worker] DEBUG org.eclipse.jetty.util.component.ContainerLifeCycle - NetworkTrafficServerConnector@6fd5717c{HTTP/1.1, (http/1.1)}{0.0.0.0:8081} added {sun.nio.ch.ServerSocketChannelImpl[/[0:0:0:0:0:0:0:0]:8081],POJO}
11:58:44.059 [Test worker] DEBUG org.eclipse.jetty.util.component.AbstractLifeCycle - starting ScheduledExecutorScheduler@7e2f86e6{STOPPED}
11:58:44.059 [Test worker] DEBUG org.eclipse.jetty.util.component.AbstractLifeCycle - STARTED @1303ms ScheduledExecutorScheduler@7e2f86e6{STARTED}
11:58:44.059 [Test worker] DEBUG org.eclipse.jetty.util.component.AbstractLifeCycle - starting HttpConnectionFactory@11a00961[HTTP/1.1]
11:58:44.059 [Test worker] DEBUG org.eclipse.jetty.util.component.AbstractLifeCycle - STARTED @1303ms HttpConnectionFactory@11a00961[HTTP/1.1]
11:58:44.059 [Test worker] DEBUG org.eclipse.jetty.util.component.AbstractLifeCycle - starting SelectorManager@NetworkTrafficServerConnector@6fd5717c{HTTP/1.1, (http/1.1)}{0.0.0.0:8081}
11:58:44.059 [Test worker] DEBUG org.eclipse.jetty.util.component.ContainerLifeCycle - EatWhatYouKill@3b05a99b/SelectorProducer@2c43eb8/IDLE/p=false/QueuedThreadPool[qtp1238339624]@49cf9028{STARTED,8<=8<=14,i=8,r=1,q=0}[ReservedThreadExecutor@bb9ab64{s=0/1,p=0}][pc=0,pic=0,pec=0,epc=0]@2024-05-10T11:58:44.059897+01:00 added {SelectorProducer@2c43eb8,POJO}
11:58:44.060 [Test worker] DEBUG org.eclipse.jetty.util.component.ContainerLifeCycle - EatWhatYouKill@3b05a99b/SelectorProducer@2c43eb8/IDLE/p=false/QueuedThreadPool[qtp1238339624]@49cf9028{STARTED,8<=8<=14,i=8,r=1,q=0}[ReservedThreadExecutor@bb9ab64{s=0/1,p=0}][pc=0,pic=0,pec=0,epc=0]@2024-05-10T11:58:44.060034+01:00 added {QueuedThreadPool[qtp1238339624]@49cf9028{STARTED,8<=8<=14,i=8,r=1,q=0}[ReservedThreadExecutor@bb9ab64{s=0/1,p=0}],UNMANAGED}
11:58:44.060 [Test worker] DEBUG org.eclipse.jetty.util.thread.strategy.EatWhatYouKill - EatWhatYouKill@3b05a99b/SelectorProducer@2c43eb8/IDLE/p=false/QueuedThreadPool[qtp1238339624]@49cf9028{STARTED,8<=8<=14,i=8,r=1,q=0}[ReservedThreadExecutor@bb9ab64{s=0/1,p=0}][pc=0,pic=0,pec=0,epc=0]@2024-05-10T11:58:44.060213+01:00 created
11:58:44.060 [Test worker] DEBUG org.eclipse.jetty.util.component.ContainerLifeCycle - ManagedSelector@7d0cc890{STOPPED} id=0 keys=-1 selected=-1 updates=0 added {EatWhatYouKill@3b05a99b/SelectorProducer@2c43eb8/IDLE/p=false/QueuedThreadPool[qtp1238339624]@49cf9028{STARTED,8<=8<=14,i=8,r=1,q=0}[ReservedThreadExecutor@bb9ab64{s=0/1,p=0}][pc=0,pic=0,pec=0,epc=0]@2024-05-10T11:58:44.060356+01:00,MANAGED}
11:58:44.060 [Test worker] DEBUG org.eclipse.jetty.util.component.ContainerLifeCycle - SelectorManager@NetworkTrafficServerConnector@6fd5717c{HTTP/1.1, (http/1.1)}{0.0.0.0:8081} added {ManagedSelector@7d0cc890{STOPPED} id=0 keys=-1 selected=-1 updates=0,AUTO}
11:58:44.060 [Test worker] DEBUG org.eclipse.jetty.util.component.ContainerLifeCycle - EatWhatYouKill@49293b43/SelectorProducer@5ff60a8c/IDLE/p=false/QueuedThreadPool[qtp1238339624]@49cf9028{STARTED,8<=8<=14,i=8,r=1,q=0}[ReservedThreadExecutor@bb9ab64{s=0/1,p=0}][pc=0,pic=0,pec=0,epc=0]@2024-05-10T11:58:44.060545+01:00 added {SelectorProducer@5ff60a8c,POJO}
11:58:44.060 [Test worker] DEBUG org.eclipse.jetty.util.component.ContainerLifeCycle - EatWhatYouKill@49293b43/SelectorProducer@5ff60a8c/IDLE/p=false/QueuedThreadPool[qtp1238339624]@49cf9028{STARTED,8<=8<=14,i=8,r=1,q=0}[ReservedThreadExecutor@bb9ab64{s=0/1,p=0}][pc=0,pic=0,pec=0,epc=0]@2024-05-10T11:58:44.060651+01:00 added {QueuedThreadPool[qtp1238339624]@49cf9028{STARTED,8<=8<=14,i=8,r=1,q=0}[ReservedThreadExecutor@bb9ab64{s=0/1,p=0}],UNMANAGED}
11:58:44.060 [Test worker] DEBUG org.eclipse.jetty.util.thread.strategy.EatWhatYouKill - EatWhatYouKill@49293b43/SelectorProducer@5ff60a8c/IDLE/p=false/QueuedThreadPool[qtp1238339624]@49cf9028{STARTED,8<=8<=14,i=8,r=1,q=0}[ReservedThreadExecutor@bb9ab64{s=0/1,p=0}][pc=0,pic=0,pec=0,epc=0]@2024-05-10T11:58:44.060775+01:00 created
11:58:44.060 [Test worker] DEBUG org.eclipse.jetty.util.component.ContainerLifeCycle - ManagedSelector@7ce4de34{STOPPED} id=1 keys=-1 selected=-1 updates=0 added {EatWhatYouKill@49293b43/SelectorProducer@5ff60a8c/IDLE/p=false/QueuedThreadPool[qtp1238339624]@49cf9028{STARTED,8<=8<=14,i=8,r=1,q=0}[ReservedThreadExecutor@bb9ab64{s=0/1,p=0}][pc=0,pic=0,pec=0,epc=0]@2024-05-10T11:58:44.060898+01:00,MANAGED}
11:58:44.061 [Test worker] DEBUG org.eclipse.jetty.util.component.ContainerLifeCycle - SelectorManager@NetworkTrafficServerConnector@6fd5717c{HTTP/1.1, (http/1.1)}{0.0.0.0:8081} added {ManagedSelector@7ce4de34{STOPPED} id=1 keys=-1 selected=-1 updates=0,AUTO}
11:58:44.061 [Test worker] DEBUG org.eclipse.jetty.util.component.AbstractLifeCycle - starting ManagedSelector@7d0cc890{STOPPED} id=0 keys=-1 selected=-1 updates=0
11:58:44.061 [Test worker] DEBUG org.eclipse.jetty.util.component.AbstractLifeCycle - starting EatWhatYouKill@3b05a99b/SelectorProducer@2c43eb8/IDLE/p=false/QueuedThreadPool[qtp1238339624]@49cf9028{STARTED,8<=8<=14,i=8,r=1,q=0}[ReservedThreadExecutor@bb9ab64{s=0/1,p=0}][pc=0,pic=0,pec=0,epc=0]@2024-05-10T11:58:44.061223+01:00
11:58:44.061 [Test worker] DEBUG org.eclipse.jetty.util.component.AbstractLifeCycle - STARTED @1305ms EatWhatYouKill@3b05a99b/SelectorProducer@2c43eb8/IDLE/p=false/QueuedThreadPool[qtp1238339624]@49cf9028{STARTED,8<=8<=14,i=8,r=1,q=0}[ReservedThreadExecutor@bb9ab64{s=0/1,p=0}][pc=0,pic=0,pec=0,epc=0]@2024-05-10T11:58:44.061348+01:00
11:58:44.061 [Test worker] DEBUG org.eclipse.jetty.util.thread.QueuedThreadPool - queue org.eclipse.jetty.io.ManagedSelector$$Lambda$427/0x0000000122226bb8@67b7c170 startThread=0
11:58:44.061 [Test worker] DEBUG org.eclipse.jetty.io.ManagedSelector - Queued change lazy=false org.eclipse.jetty.io.ManagedSelector$Start@67440de6 on ManagedSelector@7d0cc890{STARTING} id=0 keys=0 selected=0 updates=0
11:58:44.061 [qtp1238339624-35] DEBUG org.eclipse.jetty.util.thread.QueuedThreadPool - run org.eclipse.jetty.io.ManagedSelector$$Lambda$427/0x0000000122226bb8@67b7c170 in QueuedThreadPool[qtp1238339624]@49cf9028{STARTED,8<=8<=14,i=7,r=1,q=0}[ReservedThreadExecutor@bb9ab64{s=0/1,p=0}]
11:58:44.061 [qtp1238339624-35] DEBUG org.eclipse.jetty.util.thread.strategy.EatWhatYouKill - EatWhatYouKill@3b05a99b/SelectorProducer@2c43eb8/IDLE/p=false/QueuedThreadPool[qtp1238339624]@49cf9028{STARTED,8<=8<=14,i=7,r=1,q=0}[ReservedThreadExecutor@bb9ab64{s=0/1,p=0}][pc=0,pic=0,pec=0,epc=0]@2024-05-10T11:58:44.061728+01:00 tryProduce false
11:58:44.061 [qtp1238339624-35] DEBUG org.eclipse.jetty.io.ManagedSelector - updateable 1
11:58:44.061 [qtp1238339624-35] DEBUG org.eclipse.jetty.io.ManagedSelector - update org.eclipse.jetty.io.ManagedSelector$Start@67440de6
11:58:44.061 [qtp1238339624-35] DEBUG org.eclipse.jetty.io.ManagedSelector - updates 0
11:58:44.061 [qtp1238339624-35] DEBUG org.eclipse.jetty.io.ManagedSelector - Selector sun.nio.ch.KQueueSelectorImpl@36d5d993 waiting with 0 keys
11:58:44.061 [Test worker] DEBUG org.eclipse.jetty.util.component.AbstractLifeCycle - STARTED @1305ms ManagedSelector@7d0cc890{STARTED} id=0 keys=0 selected=0 updates=0
11:58:44.061 [Test worker] DEBUG org.eclipse.jetty.util.component.AbstractLifeCycle - starting ManagedSelector@7ce4de34{STOPPED} id=1 keys=-1 selected=-1 updates=0
11:58:44.062 [Test worker] DEBUG org.eclipse.jetty.util.component.AbstractLifeCycle - starting EatWhatYouKill@49293b43/SelectorProducer@5ff60a8c/IDLE/p=false/QueuedThreadPool[qtp1238339624]@49cf9028{STARTED,8<=8<=14,i=7,r=1,q=0}[ReservedThreadExecutor@bb9ab64{s=0/1,p=0}][pc=0,pic=0,pec=0,epc=0]@2024-05-10T11:58:44.062042+01:00
11:58:44.062 [Test worker] DEBUG org.eclipse.jetty.util.component.AbstractLifeCycle - STARTED @1306ms EatWhatYouKill@49293b43/SelectorProducer@5ff60a8c/IDLE/p=false/QueuedThreadPool[qtp1238339624]@49cf9028{STARTED,8<=8<=14,i=7,r=1,q=0}[ReservedThreadExecutor@bb9ab64{s=0/1,p=0}][pc=0,pic=0,pec=0,epc=0]@2024-05-10T11:58:44.062186+01:00
11:58:44.062 [Test worker] DEBUG org.eclipse.jetty.util.thread.QueuedThreadPool - queue org.eclipse.jetty.io.ManagedSelector$$Lambda$427/0x0000000122226bb8@889d9e8 startThread=0
11:58:44.062 [Test worker] DEBUG org.eclipse.jetty.io.ManagedSelector - Queued change lazy=false org.eclipse.jetty.io.ManagedSelector$Start@5246a3b3 on ManagedSelector@7ce4de34{STARTING} id=1 keys=0 selected=0 updates=0
11:58:44.062 [qtp1238339624-36] DEBUG org.eclipse.jetty.util.thread.QueuedThreadPool - run org.eclipse.jetty.io.ManagedSelector$$Lambda$427/0x0000000122226bb8@889d9e8 in QueuedThreadPool[qtp1238339624]@49cf9028{STARTED,8<=8<=14,i=6,r=1,q=0}[ReservedThreadExecutor@bb9ab64{s=0/1,p=0}]
11:58:44.062 [qtp1238339624-36] DEBUG org.eclipse.jetty.util.thread.strategy.EatWhatYouKill - EatWhatYouKill@49293b43/SelectorProducer@5ff60a8c/IDLE/p=false/QueuedThreadPool[qtp1238339624]@49cf9028{STARTED,8<=8<=14,i=6,r=1,q=0}[ReservedThreadExecutor@bb9ab64{s=0/1,p=0}][pc=0,pic=0,pec=0,epc=0]@2024-05-10T11:58:44.062422+01:00 tryProduce false
11:58:44.062 [qtp1238339624-36] DEBUG org.eclipse.jetty.io.ManagedSelector - updateable 1
11:58:44.062 [qtp1238339624-36] DEBUG org.eclipse.jetty.io.ManagedSelector - update org.eclipse.jetty.io.ManagedSelector$Start@5246a3b3
11:58:44.062 [qtp1238339624-36] DEBUG org.eclipse.jetty.io.ManagedSelector - updates 0
11:58:44.062 [qtp1238339624-36] DEBUG org.eclipse.jetty.io.ManagedSelector - Selector sun.nio.ch.KQueueSelectorImpl@6c63a39b waiting with 0 keys
11:58:44.062 [Test worker] DEBUG org.eclipse.jetty.util.component.AbstractLifeCycle - STARTED @1306ms ManagedSelector@7ce4de34{STARTED} id=1 keys=0 selected=0 updates=0
11:58:44.062 [Test worker] DEBUG org.eclipse.jetty.util.component.AbstractLifeCycle - STARTED @1306ms SelectorManager@NetworkTrafficServerConnector@6fd5717c{HTTP/1.1, (http/1.1)}{0.0.0.0:8081}
11:58:44.062 [Test worker] DEBUG org.eclipse.jetty.util.component.ContainerLifeCycle - NetworkTrafficServerConnector@6fd5717c{HTTP/1.1, (http/1.1)}{0.0.0.0:8081} added {acceptor-0@ba354ca,POJO}
11:58:44.062 [Test worker] DEBUG org.eclipse.jetty.util.thread.QueuedThreadPool - queue acceptor-0@ba354ca startThread=0
11:58:44.062 [Test worker] DEBUG org.eclipse.jetty.util.component.ContainerLifeCycle - NetworkTrafficServerConnector@6fd5717c{HTTP/1.1, (http/1.1)}{0.0.0.0:8081} added {acceptor-1@4c4f4365,POJO}
11:58:44.062 [Test worker] DEBUG org.eclipse.jetty.util.thread.QueuedThreadPool - queue acceptor-1@4c4f4365 startThread=0
11:58:44.062 [qtp1238339624-37] DEBUG org.eclipse.jetty.util.thread.QueuedThreadPool - run acceptor-0@ba354ca in QueuedThreadPool[qtp1238339624]@49cf9028{STARTED,8<=8<=14,i=5,r=1,q=0}[ReservedThreadExecutor@bb9ab64{s=0/1,p=0}]
11:58:44.062 [Test worker] DEBUG org.eclipse.jetty.util.component.ContainerLifeCycle - NetworkTrafficServerConnector@6fd5717c{HTTP/1.1, (http/1.1)}{0.0.0.0:8081} added {acceptor-2@acf859d,POJO}
11:58:44.063 [qtp1238339624-38] DEBUG org.eclipse.jetty.util.thread.QueuedThreadPool - run acceptor-1@4c4f4365 in QueuedThreadPool[qtp1238339624]@49cf9028{STARTED,8<=8<=14,i=4,r=1,q=0}[ReservedThreadExecutor@bb9ab64{s=0/1,p=0}]
11:58:44.063 [Test worker] DEBUG org.eclipse.jetty.util.thread.QueuedThreadPool - queue acceptor-2@acf859d startThread=0
11:58:44.063 [qtp1238339624-39] DEBUG org.eclipse.jetty.util.thread.QueuedThreadPool - run acceptor-2@acf859d in QueuedThreadPool[qtp1238339624]@49cf9028{STARTED,8<=8<=14,i=3,r=1,q=0}[ReservedThreadExecutor@bb9ab64{s=0/1,p=0}]
11:58:44.063 [Test worker] INFO org.eclipse.jetty.server.AbstractConnector - Started NetworkTrafficServerConnector@6fd5717c{HTTP/1.1, (http/1.1)}{0.0.0.0:8081}
11:58:44.063 [Test worker] DEBUG org.eclipse.jetty.util.component.AbstractLifeCycle - STARTED @1307ms NetworkTrafficServerConnector@6fd5717c{HTTP/1.1, (http/1.1)}{0.0.0.0:8081}
11:58:44.063 [Test worker] INFO org.eclipse.jetty.server.Server - Started @1307ms
11:58:44.063 [Test worker] DEBUG org.eclipse.jetty.util.component.AbstractLifeCycle - STARTED @1307ms Server@2b61a019{STARTED}[9.4.31.v20200723]
11:58:44.067 [qtp1238339624-37-acceptor-0@ba354ca-NetworkTrafficServerConnector@6fd5717c{HTTP/1.1, (http/1.1)}{0.0.0.0:8081}] DEBUG org.eclipse.jetty.io.ManagedSelector - Queued change lazy=false Accept@4c3370ce[java.nio.channels.SocketChannel[connected local=/127.0.0.1:8081 remote=/127.0.0.1:56541]] on ManagedSelector@7ce4de34{STARTED} id=1 keys=0 selected=0 updates=0
11:58:44.067 [qtp1238339624-37-acceptor-0@ba354ca-NetworkTrafficServerConnector@6fd5717c{HTTP/1.1, (http/1.1)}{0.0.0.0:8081}] DEBUG org.eclipse.jetty.io.ManagedSelector - Wakeup on submit ManagedSelector@7ce4de34{STARTED} id=1 keys=0 selected=0 updates=1
11:58:44.067 [qtp1238339624-36] DEBUG org.eclipse.jetty.io.ManagedSelector - Selector sun.nio.ch.KQueueSelectorImpl@6c63a39b woken with none selected
11:58:44.067 [qtp1238339624-36] DEBUG org.eclipse.jetty.io.ManagedSelector - Selector sun.nio.ch.KQueueSelectorImpl@6c63a39b woken up from select, 0/0/0 selected
11:58:44.067 [qtp1238339624-36] DEBUG org.eclipse.jetty.io.ManagedSelector - Selector sun.nio.ch.KQueueSelectorImpl@6c63a39b processing 0 keys, 1 updates
11:58:44.067 [qtp1238339624-36] DEBUG org.eclipse.jetty.io.ManagedSelector - updateable 1
11:58:44.067 [qtp1238339624-36] DEBUG org.eclipse.jetty.io.ManagedSelector - update Accept@4c3370ce[java.nio.channels.SocketChannel[connected local=/127.0.0.1:8081 remote=/127.0.0.1:56541]]
11:58:44.067 [qtp1238339624-36] DEBUG org.eclipse.jetty.util.thread.QueuedThreadPool - queue Accept@4c3370ce[java.nio.channels.SocketChannel[connected local=/127.0.0.1:8081 remote=/127.0.0.1:56541]] startThread=0
11:58:44.067 [qtp1238339624-36] DEBUG org.eclipse.jetty.io.ManagedSelector - updates 0
11:58:44.067 [qtp1238339624-36] DEBUG org.eclipse.jetty.io.ManagedSelector - Selector sun.nio.ch.KQueueSelectorImpl@6c63a39b waiting with 1 keys
11:58:44.068 [qtp1238339624-40] DEBUG org.eclipse.jetty.util.thread.QueuedThreadPool - run Accept@4c3370ce[java.nio.channels.SocketChannel[connected local=/127.0.0.1:8081 remote=/127.0.0.1:56541]] in QueuedThreadPool[qtp1238339624]@49cf9028{STARTED,8<=8<=14,i=2,r=1,q=0}[ReservedThreadExecutor@bb9ab64{s=0/1,p=0}]
11:58:44.068 [qtp1238339624-40] DEBUG org.eclipse.jetty.io.IdleTimeout - NetworkTrafficSocketChannelEndPoint@45ab6351{l=/127.0.0.1:8081,r=/127.0.0.1:56541,OPEN,fill=-,flush=-,to=0/30000}{io=0/0,kio=0,kro=0}-><null> idle timeout check, elapsed: 0 ms, remaining: 30000 ms
11:58:44.068 [qtp1238339624-40] DEBUG org.eclipse.jetty.server.HttpChannel - new HttpChannelOverHttp@4f530821{s=HttpChannelState@a518faf{s=IDLE rs=BLOCKING os=OPEN is=IDLE awp=false se=false i=true al=0},r=0,c=false/false,a=IDLE,uri=null,age=0} -> NetworkTrafficSocketChannelEndPoint@45ab6351{l=/127.0.0.1:8081,r=/127.0.0.1:56541,OPEN,fill=-,flush=-,to=0/30000}{io=0/0,kio=0,kro=0}-><null>,null,HttpChannelState@a518faf{s=IDLE rs=BLOCKING os=OPEN is=IDLE awp=false se=false i=true al=0}
11:58:44.068 [qtp1238339624-40] DEBUG org.eclipse.jetty.server.HttpConnection - New HTTP Connection HttpConnection@147ed45f::NetworkTrafficSocketChannelEndPoint@45ab6351{l=/127.0.0.1:8081,r=/127.0.0.1:56541,OPEN,fill=-,flush=-,to=0/30000}{io=0/0,kio=0,kro=0}-><null>
11:58:44.069 [qtp1238339624-40] DEBUG org.eclipse.jetty.io.ManagedSelector - Queued change lazy=true org.eclipse.jetty.io.ManagedSelector$$Lambda$444/0x00000001222b6b50@3b11a361 on ManagedSelector@7ce4de34{STARTED} id=1 keys=1 selected=0 updates=0
11:58:44.069 [qtp1238339624-40] DEBUG org.eclipse.jetty.io.AbstractEndPoint - onOpen NetworkTrafficSocketChannelEndPoint@45ab6351{l=/127.0.0.1:8081,r=/127.0.0.1:56541,OPEN,fill=-,flush=-,to=1/30000}{io=0/0,kio=0,kro=0}->HttpConnection@147ed45f[p=HttpParser{s=START,0 of -1},g=HttpGenerator@6cd4a622{s=START}]=>HttpChannelOverHttp@4f530821{s=HttpChannelState@a518faf{s=IDLE rs=BLOCKING os=OPEN is=IDLE awp=false se=false i=true al=0},r=0,c=false/false,a=IDLE,uri=null,age=0}
11:58:44.069 [qtp1238339624-40] DEBUG org.eclipse.jetty.io.AbstractConnection - onOpen HttpConnection@147ed45f::NetworkTrafficSocketChannelEndPoint@45ab6351{l=/127.0.0.1:8081,r=/127.0.0.1:56541,OPEN,fill=-,flush=-,to=1/30000}{io=0/0,kio=0,kro=0}->HttpConnection@147ed45f[p=HttpParser{s=START,0 of -1},g=HttpGenerator@6cd4a622{s=START}]=>HttpChannelOverHttp@4f530821{s=HttpChannelState@a518faf{s=IDLE rs=BLOCKING os=OPEN is=IDLE awp=false se=false i=true al=0},r=0,c=false/false,a=IDLE,uri=null,age=0}
11:58:44.069 [qtp1238339624-40] DEBUG org.eclipse.jetty.io.AbstractConnection - fillInterested HttpConnection@147ed45f::NetworkTrafficSocketChannelEndPoint@45ab6351{l=/127.0.0.1:8081,r=/127.0.0.1:56541,OPEN,fill=-,flush=-,to=1/30000}{io=0/0,kio=0,kro=0}->HttpConnection@147ed45f[p=HttpParser{s=START,0 of -1},g=HttpGenerator@6cd4a622{s=START}]=>HttpChannelOverHttp@4f530821{s=HttpChannelState@a518faf{s=IDLE rs=BLOCKING os=OPEN is=IDLE awp=false se=false i=true al=0},r=0,c=false/false,a=IDLE,uri=null,age=0}
11:58:44.070 [qtp1238339624-40] DEBUG org.eclipse.jetty.io.FillInterest - interested FillInterest@6a7e70e0{AC.ReadCB@147ed45f{HttpConnection@147ed45f::NetworkTrafficSocketChannelEndPoint@45ab6351{l=/127.0.0.1:8081,r=/127.0.0.1:56541,OPEN,fill=FI,flush=-,to=0/30000}{io=0/0,kio=0,kro=0}->HttpConnection@147ed45f[p=HttpParser{s=START,0 of -1},g=HttpGenerator@6cd4a622{s=START}]=>HttpChannelOverHttp@4f530821{s=HttpChannelState@a518faf{s=IDLE rs=BLOCKING os=OPEN is=IDLE awp=false se=false i=true al=0},r=0,c=false/false,a=IDLE,uri=null,age=0}}}
11:58:44.070 [qtp1238339624-40] DEBUG org.eclipse.jetty.io.ChannelEndPoint - changeInterests p=false 0->1 for NetworkTrafficSocketChannelEndPoint@45ab6351{l=/127.0.0.1:8081,r=/127.0.0.1:56541,OPEN,fill=FI,flush=-,to=0/30000}{io=0/1,kio=0,kro=0}->HttpConnection@147ed45f[p=HttpParser{s=START,0 of -1},g=HttpGenerator@6cd4a622{s=START}]=>HttpChannelOverHttp@4f530821{s=HttpChannelState@a518faf{s=IDLE rs=BLOCKING os=OPEN is=IDLE awp=false se=false i=true al=0},r=0,c=false/false,a=IDLE,uri=null,age=0}
11:58:44.070 [qtp1238339624-40] DEBUG org.eclipse.jetty.io.ManagedSelector - Queued change lazy=false org.eclipse.jetty.io.ChannelEndPoint$$Lambda$437/0x00000001222a8418@8c09ddc on ManagedSelector@7ce4de34{STARTED} id=1 keys=1 selected=0 updates=1
11:58:44.070 [qtp1238339624-40] DEBUG org.eclipse.jetty.io.ManagedSelector - Wakeup on submit ManagedSelector@7ce4de34{STARTED} id=1 keys=1 selected=0 updates=2
11:58:44.070 [qtp1238339624-36] DEBUG org.eclipse.jetty.io.ManagedSelector - Selector sun.nio.ch.KQueueSelectorImpl@6c63a39b woken with none selected
11:58:44.070 [qtp1238339624-36] DEBUG org.eclipse.jetty.io.ManagedSelector - Selector sun.nio.ch.KQueueSelectorImpl@6c63a39b woken up from select, 0/0/1 selected
11:58:44.070 [qtp1238339624-36] DEBUG org.eclipse.jetty.io.ManagedSelector - Selector sun.nio.ch.KQueueSelectorImpl@6c63a39b processing 0 keys, 2 updates
11:58:44.070 [qtp1238339624-36] DEBUG org.eclipse.jetty.io.ManagedSelector - updateable 2
11:58:44.070 [qtp1238339624-40] DEBUG org.eclipse.jetty.io.ManagedSelector - Created NetworkTrafficSocketChannelEndPoint@45ab6351{l=/127.0.0.1:8081,r=/127.0.0.1:56541,OPEN,fill=FI,flush=-,to=0/30000}{io=0/1,kio=0,kro=0}->HttpConnection@147ed45f[p=HttpParser{s=START,0 of -1},g=HttpGenerator@6cd4a622{s=START}]=>HttpChannelOverHttp@4f530821{s=HttpChannelState@a518faf{s=IDLE rs=BLOCKING os=OPEN is=IDLE awp=false se=false i=true al=0},r=0,c=false/false,a=IDLE,uri=null,age=0}
11:58:44.071 [qtp1238339624-36] DEBUG org.eclipse.jetty.io.ManagedSelector - update org.eclipse.jetty.io.ManagedSelector$$Lambda$444/0x00000001222b6b50@3b11a361
11:58:44.071 [qtp1238339624-40] DEBUG org.eclipse.jetty.util.thread.QueuedThreadPool - ran Accept@4c3370ce[java.nio.channels.SocketChannel[connected local=/127.0.0.1:8081 remote=/127.0.0.1:56541]] in QueuedThreadPool[qtp1238339624]@49cf9028{STARTED,8<=8<=14,i=2,r=1,q=0}[ReservedThreadExecutor@bb9ab64{s=0/1,p=0}]
11:58:44.071 [qtp1238339624-36] DEBUG org.eclipse.jetty.io.ManagedSelector - update org.eclipse.jetty.io.ChannelEndPoint$$Lambda$437/0x00000001222a8418@8c09ddc
11:58:44.071 [qtp1238339624-36] DEBUG org.eclipse.jetty.io.ChannelEndPoint - Key interests updated 0 -> 1 on NetworkTrafficSocketChannelEndPoint@45ab6351{l=/127.0.0.1:8081,r=/127.0.0.1:56541,OPEN,fill=FI,flush=-,to=1/30000}{io=1/1,kio=1,kro=0}->HttpConnection@147ed45f[p=HttpParser{s=START,0 of -1},g=HttpGenerator@6cd4a622{s=START}]=>HttpChannelOverHttp@4f530821{s=HttpChannelState@a518faf{s=IDLE rs=BLOCKING os=OPEN is=IDLE awp=false se=false i=true al=0},r=0,c=false/false,a=IDLE,uri=null,age=0}
11:58:44.071 [qtp1238339624-36] DEBUG org.eclipse.jetty.io.ManagedSelector - updates 0
11:58:44.071 [qtp1238339624-36] DEBUG org.eclipse.jetty.io.ManagedSelector - Selector sun.nio.ch.KQueueSelectorImpl@6c63a39b waiting with 1 keys
11:58:44.071 [qtp1238339624-36] DEBUG org.eclipse.jetty.io.ManagedSelector - Selector sun.nio.ch.KQueueSelectorImpl@6c63a39b woken up from select, 1/1/1 selected
11:58:44.071 [qtp1238339624-36] DEBUG org.eclipse.jetty.io.ManagedSelector - Selector sun.nio.ch.KQueueSelectorImpl@6c63a39b processing 1 keys, 0 updates
11:58:44.071 [qtp1238339624-36] DEBUG org.eclipse.jetty.io.ManagedSelector - selected 1 channel=java.nio.channels.SocketChannel[connected local=/127.0.0.1:8081 remote=/127.0.0.1:56541], selector=sun.nio.ch.KQueueSelectorImpl@6c63a39b, interestOps=1, readyOps=1 NetworkTrafficSocketChannelEndPoint@45ab6351{l=/127.0.0.1:8081,r=/127.0.0.1:56541,OPEN,fill=FI,flush=-,to=1/30000}{io=1/1,kio=1,kro=1}->HttpConnection@147ed45f[p=HttpParser{s=START,0 of -1},g=HttpGenerator@6cd4a622{s=START}]=>HttpChannelOverHttp@4f530821{s=HttpChannelState@a518faf{s=IDLE rs=BLOCKING os=OPEN is=IDLE awp=false se=false i=true al=0},r=0,c=false/false,a=IDLE,uri=null,age=0} 
11:58:44.071 [qtp1238339624-36] DEBUG org.eclipse.jetty.io.ChannelEndPoint - onSelected 1->0 r=true w=false for NetworkTrafficSocketChannelEndPoint@45ab6351{l=/127.0.0.1:8081,r=/127.0.0.1:56541,OPEN,fill=FI,flush=-,to=1/30000}{io=1/0,kio=1,kro=1}->HttpConnection@147ed45f[p=HttpParser{s=START,0 of -1},g=HttpGenerator@6cd4a622{s=START}]=>HttpChannelOverHttp@4f530821{s=HttpChannelState@a518faf{s=IDLE rs=BLOCKING os=OPEN is=IDLE awp=false se=false i=true al=0},r=0,c=false/false,a=IDLE,uri=null,age=0}
11:58:44.072 [qtp1238339624-36] DEBUG org.eclipse.jetty.io.ChannelEndPoint - task CEP:NetworkTrafficSocketChannelEndPoint@45ab6351{l=/127.0.0.1:8081,r=/127.0.0.1:56541,OPEN,fill=FI,flush=-,to=1/30000}{io=1/0,kio=1,kro=1}->HttpConnection@147ed45f[p=HttpParser{s=START,0 of -1},g=HttpGenerator@6cd4a622{s=START}]=>HttpChannelOverHttp@4f530821{s=HttpChannelState@a518faf{s=IDLE rs=BLOCKING os=OPEN is=IDLE awp=false se=false i=true al=0},r=0,c=false/false,a=IDLE,uri=null,age=0}:runFillable:BLOCKING
11:58:44.072 [qtp1238339624-36] DEBUG org.eclipse.jetty.util.thread.ReservedThreadExecutor - ReservedThreadExecutor@bb9ab64{s=0/1,p=0} tryExecute EatWhatYouKill@49293b43/SelectorProducer@5ff60a8c/PRODUCING/p=false/QueuedThreadPool[qtp1238339624]@49cf9028{STARTED,8<=8<=14,i=3,r=1,q=0}[ReservedThreadExecutor@bb9ab64{s=0/1,p=0}][pc=0,pic=0,pec=0,epc=0]@2024-05-10T11:58:44.072274+01:00
11:58:44.072 [qtp1238339624-36] DEBUG org.eclipse.jetty.util.thread.ReservedThreadExecutor - ReservedThreadExecutor@bb9ab64{s=0/1,p=1} startReservedThread p=1
11:58:44.072 [qtp1238339624-36] DEBUG org.eclipse.jetty.util.thread.QueuedThreadPool - queue ReservedThreadExecutor@bb9ab64{s=0/1,p=1}@669bc8eb startThread=0
11:58:44.072 [qtp1238339624-41] DEBUG org.eclipse.jetty.util.thread.QueuedThreadPool - run ReservedThreadExecutor@bb9ab64{s=0/1,p=1}@669bc8eb in QueuedThreadPool[qtp1238339624]@49cf9028{STARTED,8<=8<=14,i=2,r=1,q=0}[ReservedThreadExecutor@bb9ab64{s=0/1,p=1}]
11:58:44.072 [qtp1238339624-41] DEBUG org.eclipse.jetty.util.thread.ReservedThreadExecutor - ReservedThreadExecutor@bb9ab64{s=1/1,p=1}@669bc8eb started
11:58:44.072 [qtp1238339624-41] DEBUG org.eclipse.jetty.util.thread.ReservedThreadExecutor - ReservedThreadExecutor@bb9ab64{s=1/1,p=0}@669bc8eb waiting
11:58:44.072 [qtp1238339624-36] DEBUG org.eclipse.jetty.util.thread.strategy.EatWhatYouKill - EatWhatYouKill@49293b43/SelectorProducer@5ff60a8c/PRODUCING/p=false/QueuedThreadPool[qtp1238339624]@49cf9028{STARTED,8<=8<=14,i=2,r=1,q=0}[ReservedThreadExecutor@bb9ab64{s=0/1,p=1}][pc=0,pic=0,pec=0,epc=0]@2024-05-10T11:58:44.072589+01:00 m=PRODUCE_EXECUTE_CONSUME t=CEP:NetworkTrafficSocketChannelEndPoint@45ab6351{l=/127.0.0.1:8081,r=/127.0.0.1:56541,OPEN,fill=FI,flush=-,to=2/30000}{io=1/0,kio=1,kro=1}->HttpConnection@147ed45f[p=HttpParser{s=START,0 of -1},g=HttpGenerator@6cd4a622{s=START}]=>HttpChannelOverHttp@4f530821{s=HttpChannelState@a518faf{s=IDLE rs=BLOCKING os=OPEN is=IDLE awp=false se=false i=true al=0},r=0,c=false/false,a=IDLE,uri=null,age=0}:runFillable:BLOCKING/BLOCKING
11:58:44.072 [qtp1238339624-36] DEBUG org.eclipse.jetty.util.thread.QueuedThreadPool - queue CEP:NetworkTrafficSocketChannelEndPoint@45ab6351{l=/127.0.0.1:8081,r=/127.0.0.1:56541,OPEN,fill=FI,flush=-,to=2/30000}{io=1/0,kio=1,kro=1}->HttpConnection@147ed45f[p=HttpParser{s=START,0 of -1},g=HttpGenerator@6cd4a622{s=START}]=>HttpChannelOverHttp@4f530821{s=HttpChannelState@a518faf{s=IDLE rs=BLOCKING os=OPEN is=IDLE awp=false se=false i=true al=0},r=0,c=false/false,a=IDLE,uri=null,age=0}:runFillable:BLOCKING startThread=0
11:58:44.072 [qtp1238339624-36] DEBUG org.eclipse.jetty.io.ManagedSelector - updateable 0
11:58:44.072 [qtp1238339624-36] DEBUG org.eclipse.jetty.io.ManagedSelector - updates 0
11:58:44.073 [qtp1238339624-42] DEBUG org.eclipse.jetty.util.thread.QueuedThreadPool - run CEP:NetworkTrafficSocketChannelEndPoint@45ab6351{l=/127.0.0.1:8081,r=/127.0.0.1:56541,OPEN,fill=FI,flush=-,to=2/30000}{io=1/0,kio=1,kro=1}->HttpConnection@147ed45f[p=HttpParser{s=START,0 of -1},g=HttpGenerator@6cd4a622{s=START}]=>HttpChannelOverHttp@4f530821{s=HttpChannelState@a518faf{s=IDLE rs=BLOCKING os=OPEN is=IDLE awp=false se=false i=true al=0},r=0,c=false/false,a=IDLE,uri=null,age=0}:runFillable:BLOCKING in QueuedThreadPool[qtp1238339624]@49cf9028{STARTED,8<=8<=14,i=1,r=1,q=0}[ReservedThreadExecutor@bb9ab64{s=1/1,p=0}]
11:58:44.073 [qtp1238339624-36] DEBUG org.eclipse.jetty.io.ChannelEndPoint - Key interests updated 1 -> 0 on NetworkTrafficSocketChannelEndPoint@45ab6351{l=/127.0.0.1:8081,r=/127.0.0.1:56541,OPEN,fill=FI,flush=-,to=2/30000}{io=0/0,kio=0,kro=1}->HttpConnection@147ed45f[p=HttpParser{s=START,0 of -1},g=HttpGenerator@6cd4a622{s=START}]=>HttpChannelOverHttp@4f530821{s=HttpChannelState@a518faf{s=IDLE rs=BLOCKING os=OPEN is=IDLE awp=false se=false i=true al=0},r=0,c=false/false,a=IDLE,uri=null,age=0}
11:58:44.073 [qtp1238339624-36] DEBUG org.eclipse.jetty.io.ManagedSelector - Selector sun.nio.ch.KQueueSelectorImpl@6c63a39b waiting with 1 keys
11:58:44.073 [qtp1238339624-42] DEBUG org.eclipse.jetty.io.FillInterest - fillable FillInterest@6a7e70e0{AC.ReadCB@147ed45f{HttpConnection@147ed45f::NetworkTrafficSocketChannelEndPoint@45ab6351{l=/127.0.0.1:8081,r=/127.0.0.1:56541,OPEN,fill=FI,flush=-,to=3/30000}{io=0/0,kio=0,kro=1}->HttpConnection@147ed45f[p=HttpParser{s=START,0 of -1},g=HttpGenerator@6cd4a622{s=START}]=>HttpChannelOverHttp@4f530821{s=HttpChannelState@a518faf{s=IDLE rs=BLOCKING os=OPEN is=IDLE awp=false se=false i=true al=0},r=0,c=false/false,a=IDLE,uri=null,age=0}}}
11:58:44.073 [qtp1238339624-42] DEBUG org.eclipse.jetty.server.HttpConnection - HttpConnection@147ed45f::NetworkTrafficSocketChannelEndPoint@45ab6351{l=/127.0.0.1:8081,r=/127.0.0.1:56541,OPEN,fill=-,flush=-,to=3/30000}{io=0/0,kio=0,kro=1}->HttpConnection@147ed45f[p=HttpParser{s=START,0 of -1},g=HttpGenerator@6cd4a622{s=START}]=>HttpChannelOverHttp@4f530821{s=HttpChannelState@a518faf{s=IDLE rs=BLOCKING os=OPEN is=IDLE awp=false se=false i=true al=0},r=0,c=false/false,a=IDLE,uri=null,age=0} onFillable enter HttpChannelState@a518faf{s=IDLE rs=BLOCKING os=OPEN is=IDLE awp=false se=false i=true al=0} null
11:58:44.073 [qtp1238339624-42] DEBUG org.eclipse.jetty.io.ChannelEndPoint - filled 408 HeapByteBuffer@7591085a[p=0,l=408,c=8192,r=408]={<<<POST /__admin/mappings HT...e9-9243-558b0816b2c6"\n}>>>\x00\x00\x00\x00\x00\x00\x00\x00\x00...\x00\x00\x00\x00\x00\x00\x00}
11:58:44.073 [qtp1238339624-42] DEBUG org.eclipse.jetty.server.HttpConnection - HttpConnection@147ed45f::NetworkTrafficSocketChannelEndPoint@45ab6351{l=/127.0.0.1:8081,r=/127.0.0.1:56541,OPEN,fill=-,flush=-,to=0/30000}{io=0/0,kio=0,kro=1}->HttpConnection@147ed45f[p=HttpParser{s=START,0 of -1},g=HttpGenerator@6cd4a622{s=START}]=>HttpChannelOverHttp@4f530821{s=HttpChannelState@a518faf{s=IDLE rs=BLOCKING os=OPEN is=IDLE awp=false se=false i=true al=0},r=0,c=false/false,a=IDLE,uri=null,age=0} filled 408 HeapByteBuffer@7591085a[p=0,l=408,c=8192,r=408]={<<<POST /__admin/mappings HT...e9-9243-558b0816b2c6"\n}>>>\x00\x00\x00\x00\x00\x00\x00\x00\x00...\x00\x00\x00\x00\x00\x00\x00}
11:58:44.073 [qtp1238339624-42] DEBUG org.eclipse.jetty.server.HttpConnection - HttpConnection@147ed45f::NetworkTrafficSocketChannelEndPoint@45ab6351{l=/127.0.0.1:8081,r=/127.0.0.1:56541,OPEN,fill=-,flush=-,to=0/30000}{io=0/0,kio=0,kro=1}->HttpConnection@147ed45f[p=HttpParser{s=START,0 of -1},g=HttpGenerator@6cd4a622{s=START}]=>HttpChannelOverHttp@4f530821{s=HttpChannelState@a518faf{s=IDLE rs=BLOCKING os=OPEN is=IDLE awp=false se=false i=true al=0},r=0,c=false/false,a=IDLE,uri=null,age=0} parse HeapByteBuffer@7591085a[p=0,l=408,c=8192,r=408]={<<<POST /__admin/mappings HT...e9-9243-558b0816b2c6"\n}>>>\x00\x00\x00\x00\x00\x00\x00\x00\x00...\x00\x00\x00\x00\x00\x00\x00} {}
11:58:44.073 [qtp1238339624-42] DEBUG org.eclipse.jetty.http.HttpParser - parseNext s=START HeapByteBuffer@7591085a[p=0,l=408,c=8192,r=408]={<<<POST /__admin/mappings HT...e9-9243-558b0816b2c6"\n}>>>\x00\x00\x00\x00\x00\x00\x00\x00\x00...\x00\x00\x00\x00\x00\x00\x00}
11:58:44.073 [qtp1238339624-42] DEBUG org.eclipse.jetty.http.HttpParser - START --> SPACE1
11:58:44.073 [qtp1238339624-42] DEBUG org.eclipse.jetty.http.HttpParser - SPACE1 --> URI
11:58:44.073 [qtp1238339624-42] DEBUG org.eclipse.jetty.http.HttpParser - URI --> SPACE2
11:58:44.073 [qtp1238339624-42] DEBUG org.eclipse.jetty.http.HttpParser - SPACE2 --> REQUEST_VERSION
11:58:44.073 [qtp1238339624-42] DEBUG org.eclipse.jetty.http.HttpParser - REQUEST_VERSION --> HEADER
11:58:44.073 [qtp1238339624-42] DEBUG org.eclipse.jetty.http.HttpParser - HEADER:Content-Length --> VALUE
11:58:44.073 [qtp1238339624-42] DEBUG org.eclipse.jetty.http.HttpParser - HEADER:Content-Length --> IN_VALUE
11:58:44.073 [qtp1238339624-42] DEBUG org.eclipse.jetty.http.HttpParser - HEADER:Content-Length --> FIELD
11:58:44.073 [qtp1238339624-42] DEBUG org.eclipse.jetty.http.HttpParser - HEADER:Content-Type: text/plain; charset=UTF-8 --> IN_VALUE
11:58:44.073 [qtp1238339624-42] DEBUG org.eclipse.jetty.http.HttpParser - HEADER:Content-Type: text/plain; charset=UTF-8 --> FIELD
11:58:44.073 [qtp1238339624-42] DEBUG org.eclipse.jetty.http.HttpParser - HEADER:Host --> VALUE
11:58:44.073 [qtp1238339624-42] DEBUG org.eclipse.jetty.http.HttpParser - HEADER:Host --> IN_VALUE
11:58:44.073 [qtp1238339624-42] DEBUG org.eclipse.jetty.http.HttpParser - HEADER:Host --> FIELD
11:58:44.074 [qtp1238339624-42] DEBUG org.eclipse.jetty.http.HttpParser - HEADER:Connection: keep-alive --> IN_VALUE
11:58:44.074 [qtp1238339624-42] DEBUG org.eclipse.jetty.http.HttpParser - HEADER:Connection: keep-alive --> FIELD
11:58:44.074 [qtp1238339624-42] DEBUG org.eclipse.jetty.http.HttpParser - HEADER:User-Agent --> VALUE
11:58:44.074 [qtp1238339624-42] DEBUG org.eclipse.jetty.http.HttpParser - HEADER:User-Agent --> IN_VALUE
11:58:44.074 [qtp1238339624-42] DEBUG org.eclipse.jetty.http.HttpParser - HEADER:User-Agent --> FIELD
11:58:44.074 [qtp1238339624-42] DEBUG org.eclipse.jetty.http.HttpParser - HEADER --> CONTENT
11:58:44.074 [qtp1238339624-42] DEBUG org.eclipse.jetty.server.HttpChannel - REQUEST for //localhost:8081/__admin/mappings on HttpChannelOverHttp@4f530821{s=HttpChannelState@a518faf{s=IDLE rs=BLOCKING os=OPEN is=IDLE awp=false se=false i=true al=0},r=1,c=false/false,a=IDLE,uri=//localhost:8081/__admin/mappings,age=0}
POST //localhost:8081/__admin/mappings HTTP/1.1
Content-Length: 212
Content-Type: text/plain; charset=UTF-8
Host: localhost:8081
Connection: keep-alive
User-Agent: Apache-HttpClient/4.5.13 (Java/17.0.11)


11:58:44.074 [qtp1238339624-42] DEBUG org.eclipse.jetty.server.HttpConnection - HttpConnection@147ed45f::NetworkTrafficSocketChannelEndPoint@45ab6351{l=/127.0.0.1:8081,r=/127.0.0.1:56541,OPEN,fill=-,flush=-,to=0/30000}{io=0/0,kio=0,kro=1}->HttpConnection@147ed45f[p=HttpParser{s=CONTENT,0 of 212},g=HttpGenerator@6cd4a622{s=START}]=>HttpChannelOverHttp@4f530821{s=HttpChannelState@a518faf{s=IDLE rs=BLOCKING os=OPEN is=IDLE awp=false se=false i=true al=0},r=1,c=false/false,a=IDLE,uri=//localhost:8081/__admin/mappings,age=0} parsed true HttpParser{s=CONTENT,0 of 212}
11:58:44.074 [qtp1238339624-42] DEBUG org.eclipse.jetty.server.HttpChannel - handle //localhost:8081/__admin/mappings HttpChannelOverHttp@4f530821{s=HttpChannelState@a518faf{s=IDLE rs=BLOCKING os=OPEN is=IDLE awp=false se=false i=true al=0},r=1,c=false/false,a=IDLE,uri=//localhost:8081/__admin/mappings,age=0} 
11:58:44.074 [qtp1238339624-42] DEBUG org.eclipse.jetty.server.HttpChannelState - handling HttpChannelState@a518faf{s=IDLE rs=BLOCKING os=OPEN is=IDLE awp=false se=false i=true al=0}
11:58:44.074 [qtp1238339624-42] DEBUG org.eclipse.jetty.server.HttpChannel - action DISPATCH HttpChannelOverHttp@4f530821{s=HttpChannelState@a518faf{s=HANDLING rs=BLOCKING os=OPEN is=IDLE awp=false se=false i=true al=0},r=1,c=false/false,a=HANDLING,uri=//localhost:8081/__admin/mappings,age=0}
11:58:44.074 [qtp1238339624-42] DEBUG org.eclipse.jetty.server.Server - REQUEST POST /__admin/mappings on HttpChannelOverHttp@4f530821{s=HttpChannelState@a518faf{s=HANDLING rs=BLOCKING os=OPEN is=IDLE awp=false se=false i=true al=0},r=1,c=false/false,a=HANDLING,uri=//localhost:8081/__admin/mappings,age=0}
11:58:44.074 [qtp1238339624-42] DEBUG org.eclipse.jetty.server.handler.ContextHandler - scope null||/__admin/mappings @ o.e.j.s.ServletContextHandler@17b64941{/__admin,null,AVAILABLE}
11:58:44.074 [qtp1238339624-42] DEBUG org.eclipse.jetty.server.handler.ContextHandler - context=/__admin||/mappings @ o.e.j.s.ServletContextHandler@17b64941{/__admin,null,AVAILABLE}
11:58:44.074 [qtp1238339624-42] DEBUG org.eclipse.jetty.servlet.ServletHandler - servlet /__admin|/mappings|null -> com.github.tomakehurst.wiremock.servlet.WireMockHandlerDispatchingServlet-344426bf@2aba4777==com.github.tomakehurst.wiremock.servlet.WireMockHandlerDispatchingServlet,jsp=null,order=-1,inst=false,async=true
11:58:44.074 [qtp1238339624-42] DEBUG org.eclipse.jetty.servlet.ServletHandler - chain=org.eclipse.jetty.servlets.CrossOriginFilter-5411dd90@5411dd90==org.eclipse.jetty.servlets.CrossOriginFilter,inst=true,async=true->com.github.tomakehurst.wiremock.servlet.WireMockHandlerDispatchingServlet-344426bf@2aba4777==com.github.tomakehurst.wiremock.servlet.WireMockHandlerDispatchingServlet,jsp=null,order=-1,inst=false,async=true
11:58:44.074 [qtp1238339624-42] DEBUG org.eclipse.jetty.servlet.ServletHolder - Servlet.init com.github.tomakehurst.wiremock.servlet.WireMockHandlerDispatchingServlet@7b56e898 for com.github.tomakehurst.wiremock.servlet.WireMockHandlerDispatchingServlet-344426bf
11:58:44.074 [qtp1238339624-42] INFO org.eclipse.jetty.server.handler.ContextHandler.__admin - RequestHandlerClass from context returned com.github.tomakehurst.wiremock.http.AdminRequestHandler. Normalized mapped under returned 'null'
11:58:44.074 [qtp1238339624-42] DEBUG org.eclipse.jetty.servlet.ServletHandler - call filter org.eclipse.jetty.servlets.CrossOriginFilter-5411dd90@5411dd90==org.eclipse.jetty.servlets.CrossOriginFilter,inst=true,async=true
11:58:44.074 [qtp1238339624-42] DEBUG org.eclipse.jetty.servlet.ServletHandler - call servlet com.github.tomakehurst.wiremock.servlet.WireMockHandlerDispatchingServlet-344426bf@2aba4777==com.github.tomakehurst.wiremock.servlet.WireMockHandlerDispatchingServlet,jsp=null,order=-1,inst=true,async=true
11:58:44.075 [qtp1238339624-42] DEBUG org.eclipse.jetty.server.HttpConnection - HttpConnection@147ed45f::NetworkTrafficSocketChannelEndPoint@45ab6351{l=/127.0.0.1:8081,r=/127.0.0.1:56541,OPEN,fill=-,flush=-,to=1/30000}{io=0/0,kio=0,kro=1}->HttpConnection@147ed45f[p=HttpParser{s=CONTENT,0 of 212},g=HttpGenerator@6cd4a622{s=START}]=>HttpChannelOverHttp@4f530821{s=HttpChannelState@a518faf{s=HANDLING rs=BLOCKING os=OPEN is=IDLE awp=false se=false i=true al=0},r=1,c=false/false,a=HANDLING,uri=//localhost:8081/__admin/mappings,age=1} parse HeapByteBuffer@7591085a[p=196,l=408,c=8192,r=212]={POST /__a...11)\r\n\r\n<<<{\n  "id" : "511b8382-165a...e9-9243-558b0816b2c6"\n}>>>\x00\x00\x00\x00\x00\x00\x00\x00\x00...\x00\x00\x00\x00\x00\x00\x00} {}
11:58:44.075 [qtp1238339624-42] DEBUG org.eclipse.jetty.http.HttpParser - parseNext s=CONTENT HeapByteBuffer@7591085a[p=196,l=408,c=8192,r=212]={POST /__a...11)\r\n\r\n<<<{\n  "id" : "511b8382-165a...e9-9243-558b0816b2c6"\n}>>>\x00\x00\x00\x00\x00\x00\x00\x00\x00...\x00\x00\x00\x00\x00\x00\x00}
11:58:44.075 [qtp1238339624-42] DEBUG org.eclipse.jetty.server.HttpChannel - onContent HttpChannelOverHttp@4f530821{s=HttpChannelState@a518faf{s=HANDLING rs=BLOCKING os=OPEN is=IDLE awp=false se=false i=true al=0},r=1,c=false/false,a=HANDLING,uri=//localhost:8081/__admin/mappings,age=1} Content@7f69632a{HeapByteBufferR@3a6be2a3[p=196,l=408,c=8192,r=212]={POST /__a...11)\r\n\r\n<<<{\n  "id" : "511b8382-165a...e9-9243-558b0816b2c6"\n}>>>\x00\x00\x00\x00\x00\x00\x00\x00\x00...\x00\x00\x00\x00\x00\x00\x00}}
11:58:44.075 [qtp1238339624-42] DEBUG org.eclipse.jetty.server.HttpInput - HttpInputOverHTTP@47c5ee6c[c=0,q=0,[0]=null,s=STREAM] addContent Content@7f69632a{HeapByteBufferR@3a6be2a3[p=196,l=408,c=8192,r=212]={POST /__a...11)\r\n\r\n<<<{\n  "id" : "511b8382-165a...e9-9243-558b0816b2c6"\n}>>>\x00\x00\x00\x00\x00\x00\x00\x00\x00...\x00\x00\x00\x00\x00\x00\x00}}
11:58:44.075 [qtp1238339624-42] DEBUG org.eclipse.jetty.http.HttpParser - CONTENT --> CONTENT_END
11:58:44.075 [qtp1238339624-42] DEBUG org.eclipse.jetty.server.HttpChannel - onContentComplete HttpChannelOverHttp@4f530821{s=HttpChannelState@a518faf{s=HANDLING rs=BLOCKING os=OPEN is=IDLE awp=false se=false i=true al=0},r=1,c=false/false,a=HANDLING,uri=//localhost:8081/__admin/mappings,age=1}
11:58:44.075 [qtp1238339624-42] DEBUG org.eclipse.jetty.http.HttpParser - CONTENT_END --> END
11:58:44.075 [qtp1238339624-42] DEBUG org.eclipse.jetty.server.HttpChannel - onRequestComplete HttpChannelOverHttp@4f530821{s=HttpChannelState@a518faf{s=HANDLING rs=BLOCKING os=OPEN is=IDLE awp=false se=false i=true al=0},r=1,c=false/false,a=HANDLING,uri=//localhost:8081/__admin/mappings,age=1}
11:58:44.075 [qtp1238339624-42] DEBUG org.eclipse.jetty.server.HttpInput - HttpInputOverHTTP@47c5ee6c[c=0,q=1,[0]=EOF,s=STREAM] addContent EOF
11:58:44.080 [qtp1238339624-42] DEBUG org.eclipse.jetty.server.HttpConnection - HttpConnection@147ed45f::NetworkTrafficSocketChannelEndPoint@45ab6351{l=/127.0.0.1:8081,r=/127.0.0.1:56541,OPEN,fill=-,flush=-,to=2/30000}{io=0/0,kio=0,kro=1}->HttpConnection@147ed45f[p=HttpParser{s=END,212 of 212},g=HttpGenerator@6cd4a622{s=START}]=>HttpChannelOverHttp@4f530821{s=HttpChannelState@a518faf{s=HANDLING rs=BLOCKING os=OPEN is=IDLE awp=false se=false i=true al=0},r=1,c=false/false,a=HANDLING,uri=//localhost:8081/__admin/mappings,age=1} parsed false HttpParser{s=END,212 of 212}
11:58:44.080 [qtp1238339624-42] DEBUG org.eclipse.jetty.server.HttpInput - HttpInputOverHTTP@47c5ee6c[c=212,q=1,[0]=EOF,s=STREAM] read 212 from Content@7f69632a{HeapByteBufferR@3a6be2a3[p=408,l=408,c=8192,r=0]={POST /__a...b2c6"\n}<<<>>>\x00\x00\x00\x00\x00\x00\x00\x00\x00...\x00\x00\x00\x00\x00\x00\x00}}
11:58:44.080 [qtp1238339624-42] DEBUG org.eclipse.jetty.server.HttpConnection - releaseRequestBuffer HttpConnection@147ed45f::NetworkTrafficSocketChannelEndPoint@45ab6351{l=/127.0.0.1:8081,r=/127.0.0.1:56541,OPEN,fill=-,flush=-,to=7/30000}{io=0/0,kio=0,kro=1}->HttpConnection@147ed45f[p=HttpParser{s=END,212 of 212},g=HttpGenerator@6cd4a622{s=START}]=>HttpChannelOverHttp@4f530821{s=HttpChannelState@a518faf{s=HANDLING rs=BLOCKING os=OPEN is=IDLE awp=false se=false i=true al=0},r=1,c=false/false,a=HANDLING,uri=//localhost:8081/__admin/mappings,age=6}
11:58:44.080 [qtp1238339624-42] DEBUG org.eclipse.jetty.server.HttpChannelState - onEof HttpChannelState@a518faf{s=HANDLING rs=BLOCKING os=OPEN is=IDLE awp=false se=false i=true al=0}
11:58:44.107 [qtp1238339624-42] DEBUG org.eclipse.jetty.server.HttpOutput - write(array HeapByteBuffer@b1bdc24[p=0,l=212,c=8192,r=212]={<<<{\n  "id" : "511b8382-165a...e9-9243-558b0816b2c6"\n}>>>\x00\x00\x00\x00\x00\x00\x00\x00\x00...\x00\x00\x00\x00\x00\x00\x00})
11:58:44.107 [qtp1238339624-42] DEBUG org.eclipse.jetty.server.HttpOutput - write(array) s=OPEN,api=BLOCKING,sc=false,e=null aggregated !flush DirectByteBuffer@3f5f8e5e[p=0,l=212,c=32768,r=212]={<<<{\n  "id" : "511b8382-165a...e9-9243-558b0816b2c6"\n}>>>\x00\x00\x00\x00\x00\x00\x00\x00\x00...\x00\x00\x00\x00\x00\x00\x00}
11:58:44.108 [qtp1238339624-42] DEBUG org.eclipse.jetty.server.HttpChannel - sendResponse info=null content=DirectByteBuffer@3f5f8e5e[p=0,l=212,c=32768,r=212]={<<<{\n  "id" : "511b8382-165a...e9-9243-558b0816b2c6"\n}>>>\x00\x00\x00\x00\x00\x00\x00\x00\x00...\x00\x00\x00\x00\x00\x00\x00} complete=false committing=true callback=Blocker@5a441dec{null}
11:58:44.108 [qtp1238339624-42] DEBUG org.eclipse.jetty.server.HttpChannel - COMMIT for /__admin/mappings on HttpChannelOverHttp@4f530821{s=HttpChannelState@a518faf{s=HANDLING rs=BLOCKING os=COMMITTED is=READY awp=false se=false i=true al=0},r=1,c=false/false,a=HANDLING,uri=//localhost:8081/__admin/mappings,age=34}
201 null HTTP/1.1
Content-Type: application/json


11:58:44.108 [qtp1238339624-42] DEBUG org.eclipse.jetty.server.HttpConnection - generate: NEED_HEADER for org.eclipse.jetty.server.HttpConnection$SendCallback@329a3e46[PROCESSING][i=HTTP/1.1{s=201,h=1,cl=-1},cb=org.eclipse.jetty.server.HttpChannel$SendCallback@67352ecd] (null,[p=0,l=212,c=32768,r=212],false)@START
11:58:44.108 [qtp1238339624-42] DEBUG org.eclipse.jetty.http.HttpGenerator - generateHeaders HTTP/1.1{s=201,h=1,cl=-1} last=false content=DirectByteBuffer@3f5f8e5e[p=0,l=212,c=32768,r=212]={<<<{\n  "id" : "511b8382-165a...e9-9243-558b0816b2c6"\n}>>>\x00\x00\x00\x00\x00\x00\x00\x00\x00...\x00\x00\x00\x00\x00\x00\x00}
11:58:44.108 [qtp1238339624-42] DEBUG org.eclipse.jetty.http.HttpGenerator - Content-Type: application/json


11:58:44.108 [qtp1238339624-42] DEBUG org.eclipse.jetty.http.HttpGenerator - CHUNKED_CONTENT
11:58:44.108 [qtp1238339624-42] DEBUG org.eclipse.jetty.server.HttpConnection - generate: FLUSH for org.eclipse.jetty.server.HttpConnection$SendCallback@329a3e46[PROCESSING][i=HTTP/1.1{s=201,h=1,cl=-1},cb=org.eclipse.jetty.server.HttpChannel$SendCallback@67352ecd] ([p=0,l=88,c=8192,r=88],[p=0,l=212,c=32768,r=212],false)@COMMITTED
11:58:44.108 [qtp1238339624-42] DEBUG org.eclipse.jetty.io.WriteFlusher - write: WriteFlusher@245b610b{IDLE}->null [HeapByteBuffer@7591085a[p=0,l=88,c=8192,r=88]={<<<HTTP/1.1 201 Created\r\nCon...coding: chunked\r\n\r\nD4\r\n>>>UTF-8\r\nHo...\x00\x00\x00\x00\x00\x00\x00},DirectByteBuffer@3f5f8e5e[p=0,l=212,c=32768,r=212]={<<<{\n  "id" : "511b8382-165a...e9-9243-558b0816b2c6"\n}>>>\x00\x00\x00\x00\x00\x00\x00\x00\x00...\x00\x00\x00\x00\x00\x00\x00}]
11:58:44.108 [qtp1238339624-42] DEBUG org.eclipse.jetty.io.WriteFlusher - update WriteFlusher@245b610b{WRITING}->null:IDLE-->WRITING
11:58:44.108 [qtp1238339624-42] DEBUG org.eclipse.jetty.io.ChannelEndPoint - flushed 88 NetworkTrafficSocketChannelEndPoint@45ab6351{l=/127.0.0.1:8081,r=/127.0.0.1:56541,OPEN,fill=-,flush=W,to=35/30000}{io=0/0,kio=0,kro=1}->HttpConnection@147ed45f[p=HttpParser{s=END,212 of 212},g=HttpGenerator@6cd4a622{s=COMMITTED}]=>HttpChannelOverHttp@4f530821{s=HttpChannelState@a518faf{s=HANDLING rs=BLOCKING os=COMMITTED is=READY awp=false se=false i=true al=0},r=1,c=false/false,a=HANDLING,uri=//localhost:8081/__admin/mappings,age=34}
11:58:44.109 [qtp1238339624-42] DEBUG org.eclipse.jetty.io.ChannelEndPoint - flushed 212 NetworkTrafficSocketChannelEndPoint@45ab6351{l=/127.0.0.1:8081,r=/127.0.0.1:56541,OPEN,fill=-,flush=W,to=0/30000}{io=0/0,kio=0,kro=1}->HttpConnection@147ed45f[p=HttpParser{s=END,212 of 212},g=HttpGenerator@6cd4a622{s=COMMITTED}]=>HttpChannelOverHttp@4f530821{s=HttpChannelState@a518faf{s=HANDLING rs=BLOCKING os=COMMITTED is=READY awp=false se=false i=true al=0},r=1,c=false/false,a=HANDLING,uri=//localhost:8081/__admin/mappings,age=34}
11:58:44.109 [qtp1238339624-42] DEBUG org.eclipse.jetty.io.WriteFlusher - Flushed=true written=300 remaining=0 WriteFlusher@245b610b{WRITING}->null
11:58:44.109 [qtp1238339624-42] DEBUG org.eclipse.jetty.io.WriteFlusher - update WriteFlusher@245b610b{IDLE}->null:WRITING-->IDLE
11:58:44.109 [qtp1238339624-42] DEBUG org.eclipse.jetty.server.HttpConnection - generate: DONE for org.eclipse.jetty.server.HttpConnection$SendCallback@329a3e46[PROCESSING][i=HTTP/1.1{s=201,h=1,cl=-1},cb=org.eclipse.jetty.server.HttpChannel$SendCallback@67352ecd] ([p=88,l=88,c=8192,r=0],[p=212,l=212,c=32768,r=0],false)@COMMITTED
11:58:44.109 [qtp1238339624-42] DEBUG org.eclipse.jetty.server.HttpOutput - onWriteComplete(false,null) s=OPEN,api=BLOCKED,sc=false,e=null->s=OPEN,api=BLOCKING,sc=false,e=null c=null cb=null w=false
11:58:44.109 [qtp1238339624-42] DEBUG org.eclipse.jetty.server.HttpOutput - close() s=CLOSING,api=BLOCKED,sc=false,e=null c=HeapByteBuffer@68c94543[p=0,l=0,c=0,r=0]={<<<>>>} b=Blocker@5a441dec{null}
11:58:44.109 [qtp1238339624-42] DEBUG org.eclipse.jetty.server.HttpChannel - sendResponse info=null content=HeapByteBuffer@68c94543[p=0,l=0,c=0,r=0]={<<<>>>} complete=true committing=false callback=Blocker@5a441dec{null}
11:58:44.109 [qtp1238339624-42] DEBUG org.eclipse.jetty.server.HttpConnection - generate: CONTINUE for org.eclipse.jetty.server.HttpConnection$SendCallback@329a3e46[PROCESSING][i=null,cb=org.eclipse.jetty.server.HttpChannel$SendCallback@5e0aa311] (null,[p=0,l=0,c=0,r=0],true)@COMPLETING
11:58:44.109 [qtp1238339624-42] DEBUG org.eclipse.jetty.server.HttpConnection - generate: NEED_CHUNK for org.eclipse.jetty.server.HttpConnection$SendCallback@329a3e46[PROCESSING][i=null,cb=org.eclipse.jetty.server.HttpChannel$SendCallback@5e0aa311] (null,[p=0,l=0,c=0,r=0],true)@COMPLETING
11:58:44.109 [qtp1238339624-42] DEBUG org.eclipse.jetty.server.HttpConnection - generate: FLUSH for org.eclipse.jetty.server.HttpConnection$SendCallback@329a3e46[PROCESSING][i=null,cb=org.eclipse.jetty.server.HttpChannel$SendCallback@5e0aa311] (null,[p=0,l=0,c=0,r=0],true)@COMPLETING
11:58:44.109 [qtp1238339624-42] DEBUG org.eclipse.jetty.io.WriteFlusher - write: WriteFlusher@245b610b{IDLE}->null [HeapByteBuffer@3d01ce98[p=0,l=7,c=1024,r=7]={<<<\r\n0\r\n\r\n>>>\x00\x00\x00\x00\x00\x00\x00\x00\x00...\x00\x00\x00\x00\x00\x00\x00}]
11:58:44.109 [qtp1238339624-42] DEBUG org.eclipse.jetty.io.WriteFlusher - update WriteFlusher@245b610b{WRITING}->null:IDLE-->WRITING
11:58:44.110 [qtp1238339624-42] DEBUG org.eclipse.jetty.io.ChannelEndPoint - flushed 7 NetworkTrafficSocketChannelEndPoint@45ab6351{l=/127.0.0.1:8081,r=/127.0.0.1:56541,OPEN,fill=-,flush=W,to=0/30000}{io=0/0,kio=0,kro=1}->HttpConnection@147ed45f[p=HttpParser{s=END,212 of 212},g=HttpGenerator@6cd4a622{s=COMPLETING}]=>HttpChannelOverHttp@4f530821{s=HttpChannelState@a518faf{s=HANDLING rs=BLOCKING os=COMMITTED is=READY awp=false se=false i=true al=0},r=1,c=false/false,a=HANDLING,uri=//localhost:8081/__admin/mappings,age=36}
11:58:44.110 [qtp1238339624-42] DEBUG org.eclipse.jetty.io.WriteFlusher - Flushed=true written=7 remaining=0 WriteFlusher@245b610b{WRITING}->null
11:58:44.110 [qtp1238339624-42] DEBUG org.eclipse.jetty.io.WriteFlusher - update WriteFlusher@245b610b{IDLE}->null:WRITING-->IDLE
11:58:44.110 [qtp1238339624-42] DEBUG org.eclipse.jetty.server.HttpConnection - generate: DONE for org.eclipse.jetty.server.HttpConnection$SendCallback@329a3e46[PROCESSING][i=null,cb=org.eclipse.jetty.server.HttpChannel$SendCallback@5e0aa311] (null,[p=0,l=0,c=0,r=0],true)@END
11:58:44.110 [qtp1238339624-42] DEBUG org.eclipse.jetty.server.HttpOutput - onWriteComplete(true,null) s=CLOSING,api=BLOCKED,sc=false,e=null->s=CLOSED,api=BLOCKING,sc=false,e=null c=null cb=null w=false
11:58:44.110 [qtp1238339624-42] DEBUG org.eclipse.jetty.server.handler.gzip.GzipHandler - GzipHandler@787f32b7{STARTED,min=32,inflate=-1} handle Request[POST //localhost:8081/__admin/mappings]@730cccb3 in null
11:58:44.110 [qtp1238339624-42] DEBUG org.eclipse.jetty.server.handler.ContextHandler - scope null||/__admin/mappings @ o.e.j.s.ServletContextHandler@50194e8d{/,null,AVAILABLE}
11:58:44.110 [qtp1238339624-42] DEBUG org.eclipse.jetty.server.Server - handled=true async=false committed=true on HttpChannelOverHttp@4f530821{s=HttpChannelState@a518faf{s=HANDLING rs=BLOCKING os=COMPLETED is=READY awp=false se=false i=true al=0},r=1,c=false/true,a=HANDLING,uri=//localhost:8081/__admin/mappings,age=36}
11:58:44.110 [qtp1238339624-42] DEBUG org.eclipse.jetty.server.HttpChannelState - unhandle HttpChannelState@a518faf{s=HANDLING rs=BLOCKING os=COMPLETED is=READY awp=false se=false i=true al=0}
11:58:44.110 [qtp1238339624-42] DEBUG org.eclipse.jetty.server.HttpChannelState - nextAction(false) COMPLETE HttpChannelState@a518faf{s=HANDLING rs=COMPLETING os=COMPLETED is=READY awp=false se=false i=false al=0}
11:58:44.110 [qtp1238339624-42] DEBUG org.eclipse.jetty.server.HttpChannel - action COMPLETE HttpChannelOverHttp@4f530821{s=HttpChannelState@a518faf{s=HANDLING rs=COMPLETING os=COMPLETED is=READY awp=false se=false i=false al=0},r=1,c=false/true,a=HANDLING,uri=//localhost:8081/__admin/mappings,age=36}
11:58:44.110 [qtp1238339624-42] DEBUG org.eclipse.jetty.server.HttpOutput - complete(org.eclipse.jetty.util.Callback$3@c20a8e0) s=CLOSED,api=BLOCKING,sc=false,e=null s=true e=null, c=null
11:58:44.110 [qtp1238339624-42] DEBUG org.eclipse.jetty.server.HttpChannelState - completed HttpChannelState@a518faf{s=HANDLING rs=COMPLETING os=COMPLETED is=READY awp=false se=false i=false al=0}
11:58:44.111 [qtp1238339624-42] DEBUG org.eclipse.jetty.server.HttpChannelState - unhandle HttpChannelState@a518faf{s=HANDLING rs=COMPLETED os=COMPLETED is=READY awp=false se=false i=false al=0}
11:58:44.111 [qtp1238339624-42] DEBUG org.eclipse.jetty.server.HttpChannelState - nextAction(false) TERMINATED HttpChannelState@a518faf{s=IDLE rs=COMPLETED os=COMPLETED is=READY awp=false se=false i=false al=0}
11:58:44.111 [qtp1238339624-42] DEBUG org.eclipse.jetty.server.HttpChannel - action TERMINATED HttpChannelOverHttp@4f530821{s=HttpChannelState@a518faf{s=IDLE rs=COMPLETED os=COMPLETED is=READY awp=false se=false i=false al=0},r=1,c=true/true,a=IDLE,uri=//localhost:8081/__admin/mappings,age=37}
11:58:44.111 [qtp1238339624-42] DEBUG org.eclipse.jetty.server.HttpChannel - onCompleted for /__admin/mappings written=212
11:58:44.111 [qtp1238339624-42] DEBUG org.eclipse.jetty.server.HttpChannelState - recycle HttpChannelState@a518faf{s=IDLE rs=COMPLETED os=COMPLETED is=READY awp=false se=false i=false al=0}
11:58:44.111 [qtp1238339624-42] DEBUG org.eclipse.jetty.http.HttpParser - reset HttpParser{s=END,212 of 212}
11:58:44.111 [qtp1238339624-42] DEBUG org.eclipse.jetty.http.HttpParser - END --> START
11:58:44.111 [qtp1238339624-42] DEBUG org.eclipse.jetty.server.HttpChannel - !handle TERMINATED HttpChannelOverHttp@4f530821{s=HttpChannelState@a518faf{s=IDLE rs=BLOCKING os=OPEN is=IDLE awp=false se=false i=true al=0},r=1,c=false/false,a=IDLE,uri=null,age=0}
11:58:44.111 [qtp1238339624-42] DEBUG org.eclipse.jetty.io.ChannelEndPoint - filled 0 HeapByteBuffer@7591085a[p=0,l=0,c=8192,r=0]={<<<>>>HTTP/1.1 ...\x00\x00\x00\x00\x00\x00\x00}
11:58:44.111 [qtp1238339624-42] DEBUG org.eclipse.jetty.io.ChannelEndPoint - filled 0 HeapByteBuffer@7591085a[p=0,l=0,c=8192,r=0]={<<<>>>HTTP/1.1 ...\x00\x00\x00\x00\x00\x00\x00}
11:58:44.111 [qtp1238339624-42] DEBUG org.eclipse.jetty.server.HttpConnection - HttpConnection@147ed45f::NetworkTrafficSocketChannelEndPoint@45ab6351{l=/127.0.0.1:8081,r=/127.0.0.1:56541,OPEN,fill=-,flush=-,to=1/30000}{io=0/0,kio=0,kro=1}->HttpConnection@147ed45f[p=HttpParser{s=START,0 of -1},g=HttpGenerator@6cd4a622{s=START}]=>HttpChannelOverHttp@4f530821{s=HttpChannelState@a518faf{s=IDLE rs=BLOCKING os=OPEN is=IDLE awp=false se=false i=true al=0},r=1,c=false/false,a=IDLE,uri=null,age=0} filled 0 HeapByteBuffer@7591085a[p=0,l=0,c=8192,r=0]={<<<>>>HTTP/1.1 ...\x00\x00\x00\x00\x00\x00\x00}
11:58:44.111 [qtp1238339624-42] DEBUG org.eclipse.jetty.server.HttpConnection - HttpConnection@147ed45f::NetworkTrafficSocketChannelEndPoint@45ab6351{l=/127.0.0.1:8081,r=/127.0.0.1:56541,OPEN,fill=-,flush=-,to=1/30000}{io=0/0,kio=0,kro=1}->HttpConnection@147ed45f[p=HttpParser{s=START,0 of -1},g=HttpGenerator@6cd4a622{s=START}]=>HttpChannelOverHttp@4f530821{s=HttpChannelState@a518faf{s=IDLE rs=BLOCKING os=OPEN is=IDLE awp=false se=false i=true al=0},r=1,c=false/false,a=IDLE,uri=null,age=0} parse HeapByteBuffer@7591085a[p=0,l=0,c=8192,r=0]={<<<>>>HTTP/1.1 ...\x00\x00\x00\x00\x00\x00\x00} {}
11:58:44.111 [qtp1238339624-42] DEBUG org.eclipse.jetty.http.HttpParser - parseNext s=START HeapByteBuffer@7591085a[p=0,l=0,c=8192,r=0]={<<<>>>HTTP/1.1 ...\x00\x00\x00\x00\x00\x00\x00}
11:58:44.112 [qtp1238339624-42] DEBUG org.eclipse.jetty.server.HttpConnection - HttpConnection@147ed45f::NetworkTrafficSocketChannelEndPoint@45ab6351{l=/127.0.0.1:8081,r=/127.0.0.1:56541,OPEN,fill=-,flush=-,to=1/30000}{io=0/0,kio=0,kro=1}->HttpConnection@147ed45f[p=HttpParser{s=START,0 of -1},g=HttpGenerator@6cd4a622{s=START}]=>HttpChannelOverHttp@4f530821{s=HttpChannelState@a518faf{s=IDLE rs=BLOCKING os=OPEN is=IDLE awp=false se=false i=true al=0},r=1,c=false/false,a=IDLE,uri=null,age=0} parsed false HttpParser{s=START,0 of -1}
11:58:44.112 [qtp1238339624-42] DEBUG org.eclipse.jetty.server.HttpConnection - releaseRequestBuffer HttpConnection@147ed45f::NetworkTrafficSocketChannelEndPoint@45ab6351{l=/127.0.0.1:8081,r=/127.0.0.1:56541,OPEN,fill=-,flush=-,to=2/30000}{io=0/0,kio=0,kro=1}->HttpConnection@147ed45f[p=HttpParser{s=START,0 of -1},g=HttpGenerator@6cd4a622{s=START}]=>HttpChannelOverHttp@4f530821{s=HttpChannelState@a518faf{s=IDLE rs=BLOCKING os=OPEN is=IDLE awp=false se=false i=true al=0},r=1,c=false/false,a=IDLE,uri=null,age=0}
11:58:44.112 [qtp1238339624-38-acceptor-1@4c4f4365-NetworkTrafficServerConnector@6fd5717c{HTTP/1.1, (http/1.1)}{0.0.0.0:8081}] DEBUG org.eclipse.jetty.io.ManagedSelector - Queued change lazy=false Accept@1bfdd62c[java.nio.channels.SocketChannel[connected local=/127.0.0.1:8081 remote=/127.0.0.1:56542]] on ManagedSelector@7d0cc890{STARTED} id=0 keys=0 selected=0 updates=0
11:58:44.112 [qtp1238339624-38-acceptor-1@4c4f4365-NetworkTrafficServerConnector@6fd5717c{HTTP/1.1, (http/1.1)}{0.0.0.0:8081}] DEBUG org.eclipse.jetty.io.ManagedSelector - Wakeup on submit ManagedSelector@7d0cc890{STARTED} id=0 keys=0 selected=0 updates=1
11:58:44.112 [qtp1238339624-42] DEBUG org.eclipse.jetty.io.AbstractConnection - fillInterested HttpConnection@147ed45f::NetworkTrafficSocketChannelEndPoint@45ab6351{l=/127.0.0.1:8081,r=/127.0.0.1:56541,OPEN,fill=-,flush=-,to=2/30000}{io=0/0,kio=0,kro=1}->HttpConnection@147ed45f[p=HttpParser{s=START,0 of -1},g=HttpGenerator@6cd4a622{s=START}]=>HttpChannelOverHttp@4f530821{s=HttpChannelState@a518faf{s=IDLE rs=BLOCKING os=OPEN is=IDLE awp=false se=false i=true al=0},r=1,c=false/false,a=IDLE,uri=null,age=0}
11:58:44.112 [qtp1238339624-35] DEBUG org.eclipse.jetty.io.ManagedSelector - Selector sun.nio.ch.KQueueSelectorImpl@36d5d993 woken with none selected
11:58:44.112 [qtp1238339624-35] DEBUG org.eclipse.jetty.io.ManagedSelector - Selector sun.nio.ch.KQueueSelectorImpl@36d5d993 woken up from select, 0/0/0 selected
11:58:44.112 [qtp1238339624-35] DEBUG org.eclipse.jetty.io.ManagedSelector - Selector sun.nio.ch.KQueueSelectorImpl@36d5d993 processing 0 keys, 1 updates
11:58:44.112 [qtp1238339624-35] DEBUG org.eclipse.jetty.io.ManagedSelector - updateable 1
11:58:44.112 [qtp1238339624-42] DEBUG org.eclipse.jetty.io.FillInterest - interested FillInterest@6a7e70e0{AC.ReadCB@147ed45f{HttpConnection@147ed45f::NetworkTrafficSocketChannelEndPoint@45ab6351{l=/127.0.0.1:8081,r=/127.0.0.1:56541,OPEN,fill=FI,flush=-,to=0/30000}{io=0/0,kio=0,kro=1}->HttpConnection@147ed45f[p=HttpParser{s=START,0 of -1},g=HttpGenerator@6cd4a622{s=START}]=>HttpChannelOverHttp@4f530821{s=HttpChannelState@a518faf{s=IDLE rs=BLOCKING os=OPEN is=IDLE awp=false se=false i=true al=0},r=1,c=false/false,a=IDLE,uri=null,age=0}}}
11:58:44.112 [qtp1238339624-35] DEBUG org.eclipse.jetty.io.ManagedSelector - update Accept@1bfdd62c[java.nio.channels.SocketChannel[connected local=/127.0.0.1:8081 remote=/127.0.0.1:56542]]
11:58:44.112 [qtp1238339624-35] DEBUG org.eclipse.jetty.util.thread.QueuedThreadPool - queue Accept@1bfdd62c[java.nio.channels.SocketChannel[connected local=/127.0.0.1:8081 remote=/127.0.0.1:56542]] startThread=0
11:58:44.112 [qtp1238339624-42] DEBUG org.eclipse.jetty.io.ChannelEndPoint - changeInterests p=false 0->1 for NetworkTrafficSocketChannelEndPoint@45ab6351{l=/127.0.0.1:8081,r=/127.0.0.1:56541,OPEN,fill=FI,flush=-,to=0/30000}{io=0/1,kio=0,kro=1}->HttpConnection@147ed45f[p=HttpParser{s=START,0 of -1},g=HttpGenerator@6cd4a622{s=START}]=>HttpChannelOverHttp@4f530821{s=HttpChannelState@a518faf{s=IDLE rs=BLOCKING os=OPEN is=IDLE awp=false se=false i=true al=0},r=1,c=false/false,a=IDLE,uri=null,age=0}
11:58:44.112 [qtp1238339624-35] DEBUG org.eclipse.jetty.io.ManagedSelector - updates 0
11:58:44.112 [qtp1238339624-35] DEBUG org.eclipse.jetty.io.ManagedSelector - Selector sun.nio.ch.KQueueSelectorImpl@36d5d993 waiting with 1 keys
11:58:44.112 [qtp1238339624-40] DEBUG org.eclipse.jetty.util.thread.QueuedThreadPool - run Accept@1bfdd62c[java.nio.channels.SocketChannel[connected local=/127.0.0.1:8081 remote=/127.0.0.1:56542]] in QueuedThreadPool[qtp1238339624]@49cf9028{STARTED,8<=8<=14,i=0,r=1,q=0}[ReservedThreadExecutor@bb9ab64{s=1/1,p=0}]
11:58:44.112 [qtp1238339624-42] DEBUG org.eclipse.jetty.io.ManagedSelector - Queued change lazy=false org.eclipse.jetty.io.ChannelEndPoint$$Lambda$437/0x00000001222a8418@8c09ddc on ManagedSelector@7ce4de34{STARTED} id=1 keys=1 selected=0 updates=0
11:58:44.112 [qtp1238339624-40] DEBUG org.eclipse.jetty.io.IdleTimeout - NetworkTrafficSocketChannelEndPoint@3efc2d0e{l=/127.0.0.1:8081,r=/127.0.0.1:56542,OPEN,fill=-,flush=-,to=0/30000}{io=0/0,kio=0,kro=0}-><null> idle timeout check, elapsed: 0 ms, remaining: 30000 ms
11:58:44.112 [qtp1238339624-42] DEBUG org.eclipse.jetty.io.ManagedSelector - Wakeup on submit ManagedSelector@7ce4de34{STARTED} id=1 keys=1 selected=0 updates=1
11:58:44.113 [qtp1238339624-36] DEBUG org.eclipse.jetty.io.ManagedSelector - Selector sun.nio.ch.KQueueSelectorImpl@6c63a39b woken with none selected
11:58:44.113 [qtp1238339624-36] DEBUG org.eclipse.jetty.io.ManagedSelector - Selector sun.nio.ch.KQueueSelectorImpl@6c63a39b woken up from select, 0/0/1 selected
11:58:44.113 [qtp1238339624-40] DEBUG org.eclipse.jetty.server.HttpChannel - new HttpChannelOverHttp@77d06945{s=HttpChannelState@6e30ee2f{s=IDLE rs=BLOCKING os=OPEN is=IDLE awp=false se=false i=true al=0},r=0,c=false/false,a=IDLE,uri=null,age=0} -> NetworkTrafficSocketChannelEndPoint@3efc2d0e{l=/127.0.0.1:8081,r=/127.0.0.1:56542,OPEN,fill=-,flush=-,to=0/30000}{io=0/0,kio=0,kro=0}-><null>,null,HttpChannelState@6e30ee2f{s=IDLE rs=BLOCKING os=OPEN is=IDLE awp=false se=false i=true al=0}
11:58:44.113 [qtp1238339624-36] DEBUG org.eclipse.jetty.io.ManagedSelector - Selector sun.nio.ch.KQueueSelectorImpl@6c63a39b processing 0 keys, 1 updates
11:58:44.113 [qtp1238339624-36] DEBUG org.eclipse.jetty.io.ManagedSelector - updateable 1
11:58:44.113 [qtp1238339624-36] DEBUG org.eclipse.jetty.io.ManagedSelector - update org.eclipse.jetty.io.ChannelEndPoint$$Lambda$437/0x00000001222a8418@8c09ddc
11:58:44.113 [qtp1238339624-40] DEBUG org.eclipse.jetty.server.HttpConnection - New HTTP Connection HttpConnection@6292b048::NetworkTrafficSocketChannelEndPoint@3efc2d0e{l=/127.0.0.1:8081,r=/127.0.0.1:56542,OPEN,fill=-,flush=-,to=0/30000}{io=0/0,kio=0,kro=0}-><null>
11:58:44.113 [qtp1238339624-42] DEBUG org.eclipse.jetty.server.HttpConnection - HttpConnection@147ed45f::NetworkTrafficSocketChannelEndPoint@45ab6351{l=/127.0.0.1:8081,r=/127.0.0.1:56541,OPEN,fill=FI,flush=-,to=0/30000}{io=0/1,kio=0,kro=1}->HttpConnection@147ed45f[p=HttpParser{s=START,0 of -1},g=HttpGenerator@6cd4a622{s=START}]=>HttpChannelOverHttp@4f530821{s=HttpChannelState@a518faf{s=IDLE rs=BLOCKING os=OPEN is=IDLE awp=false se=false i=true al=0},r=1,c=false/false,a=IDLE,uri=null,age=0} onFillable exit HttpChannelState@a518faf{s=IDLE rs=BLOCKING os=OPEN is=IDLE awp=false se=false i=true al=0} null
11:58:44.113 [qtp1238339624-40] DEBUG org.eclipse.jetty.io.ManagedSelector - Queued change lazy=true org.eclipse.jetty.io.ManagedSelector$$Lambda$444/0x00000001222b6b50@3d596549 on ManagedSelector@7d0cc890{STARTED} id=0 keys=1 selected=0 updates=0
11:58:44.113 [qtp1238339624-36] DEBUG org.eclipse.jetty.io.ChannelEndPoint - Key interests updated 0 -> 1 on NetworkTrafficSocketChannelEndPoint@45ab6351{l=/127.0.0.1:8081,r=/127.0.0.1:56541,OPEN,fill=FI,flush=-,to=0/30000}{io=1/1,kio=1,kro=1}->HttpConnection@147ed45f[p=HttpParser{s=START,0 of -1},g=HttpGenerator@6cd4a622{s=START}]=>HttpChannelOverHttp@4f530821{s=HttpChannelState@a518faf{s=IDLE rs=BLOCKING os=OPEN is=IDLE awp=false se=false i=true al=0},r=1,c=false/false,a=IDLE,uri=null,age=0}
11:58:44.113 [qtp1238339624-36] DEBUG org.eclipse.jetty.io.ManagedSelector - updates 0
11:58:44.113 [qtp1238339624-36] DEBUG org.eclipse.jetty.io.ManagedSelector - Selector sun.nio.ch.KQueueSelectorImpl@6c63a39b waiting with 1 keys
11:58:44.113 [qtp1238339624-40] DEBUG org.eclipse.jetty.io.AbstractEndPoint - onOpen NetworkTrafficSocketChannelEndPoint@3efc2d0e{l=/127.0.0.1:8081,r=/127.0.0.1:56542,OPEN,fill=-,flush=-,to=0/30000}{io=0/0,kio=0,kro=0}->HttpConnection@6292b048[p=HttpParser{s=START,0 of -1},g=HttpGenerator@4937a9e6{s=START}]=>HttpChannelOverHttp@77d06945{s=HttpChannelState@6e30ee2f{s=IDLE rs=BLOCKING os=OPEN is=IDLE awp=false se=false i=true al=0},r=0,c=false/false,a=IDLE,uri=null,age=0}
11:58:44.113 [qtp1238339624-42] DEBUG org.eclipse.jetty.util.thread.QueuedThreadPool - ran CEP:NetworkTrafficSocketChannelEndPoint@45ab6351{l=/127.0.0.1:8081,r=/127.0.0.1:56541,OPEN,fill=FI,flush=-,to=0/30000}{io=1/1,kio=1,kro=1}->HttpConnection@147ed45f[p=HttpParser{s=START,0 of -1},g=HttpGenerator@6cd4a622{s=START}]=>HttpChannelOverHttp@4f530821{s=HttpChannelState@a518faf{s=IDLE rs=BLOCKING os=OPEN is=IDLE awp=false se=false i=true al=0},r=1,c=false/false,a=IDLE,uri=null,age=0}:runFillable:BLOCKING in QueuedThreadPool[qtp1238339624]@49cf9028{STARTED,8<=8<=14,i=0,r=1,q=0}[ReservedThreadExecutor@bb9ab64{s=1/1,p=0}]
11:58:44.113 [qtp1238339624-40] DEBUG org.eclipse.jetty.io.AbstractConnection - onOpen HttpConnection@6292b048::NetworkTrafficSocketChannelEndPoint@3efc2d0e{l=/127.0.0.1:8081,r=/127.0.0.1:56542,OPEN,fill=-,flush=-,to=0/30000}{io=0/0,kio=0,kro=0}->HttpConnection@6292b048[p=HttpParser{s=START,0 of -1},g=HttpGenerator@4937a9e6{s=START}]=>HttpChannelOverHttp@77d06945{s=HttpChannelState@6e30ee2f{s=IDLE rs=BLOCKING os=OPEN is=IDLE awp=false se=false i=true al=0},r=0,c=false/false,a=IDLE,uri=null,age=0}
11:58:44.113 [qtp1238339624-40] DEBUG org.eclipse.jetty.io.AbstractConnection - fillInterested HttpConnection@6292b048::NetworkTrafficSocketChannelEndPoint@3efc2d0e{l=/127.0.0.1:8081,r=/127.0.0.1:56542,OPEN,fill=-,flush=-,to=0/30000}{io=0/0,kio=0,kro=0}->HttpConnection@6292b048[p=HttpParser{s=START,0 of -1},g=HttpGenerator@4937a9e6{s=START}]=>HttpChannelOverHttp@77d06945{s=HttpChannelState@6e30ee2f{s=IDLE rs=BLOCKING os=OPEN is=IDLE awp=false se=false i=true al=0},r=0,c=false/false,a=IDLE,uri=null,age=0}
11:58:44.114 [qtp1238339624-40] DEBUG org.eclipse.jetty.io.FillInterest - interested FillInterest@209f7779{AC.ReadCB@6292b048{HttpConnection@6292b048::NetworkTrafficSocketChannelEndPoint@3efc2d0e{l=/127.0.0.1:8081,r=/127.0.0.1:56542,OPEN,fill=FI,flush=-,to=0/30000}{io=0/0,kio=0,kro=0}->HttpConnection@6292b048[p=HttpParser{s=START,0 of -1},g=HttpGenerator@4937a9e6{s=START}]=>HttpChannelOverHttp@77d06945{s=HttpChannelState@6e30ee2f{s=IDLE rs=BLOCKING os=OPEN is=IDLE awp=false se=false i=true al=0},r=0,c=false/false,a=IDLE,uri=null,age=0}}}
11:58:44.114 [qtp1238339624-40] DEBUG org.eclipse.jetty.io.ChannelEndPoint - changeInterests p=false 0->1 for NetworkTrafficSocketChannelEndPoint@3efc2d0e{l=/127.0.0.1:8081,r=/127.0.0.1:56542,OPEN,fill=FI,flush=-,to=0/30000}{io=0/1,kio=0,kro=0}->HttpConnection@6292b048[p=HttpParser{s=START,0 of -1},g=HttpGenerator@4937a9e6{s=START}]=>HttpChannelOverHttp@77d06945{s=HttpChannelState@6e30ee2f{s=IDLE rs=BLOCKING os=OPEN is=IDLE awp=false se=false i=true al=0},r=0,c=false/false,a=IDLE,uri=null,age=0}
11:58:44.114 [qtp1238339624-40] DEBUG org.eclipse.jetty.io.ManagedSelector - Queued change lazy=false org.eclipse.jetty.io.ChannelEndPoint$$Lambda$437/0x00000001222a8418@57f883d2 on ManagedSelector@7d0cc890{STARTED} id=0 keys=1 selected=0 updates=1
11:58:44.114 [qtp1238339624-40] DEBUG org.eclipse.jetty.io.ManagedSelector - Wakeup on submit ManagedSelector@7d0cc890{STARTED} id=0 keys=1 selected=0 updates=2
11:58:44.114 [qtp1238339624-35] DEBUG org.eclipse.jetty.io.ManagedSelector - Selector sun.nio.ch.KQueueSelectorImpl@36d5d993 woken with none selected
11:58:44.114 [qtp1238339624-35] DEBUG org.eclipse.jetty.io.ManagedSelector - Selector sun.nio.ch.KQueueSelectorImpl@36d5d993 woken up from select, 0/0/1 selected
11:58:44.114 [qtp1238339624-40] DEBUG org.eclipse.jetty.io.ManagedSelector - Created NetworkTrafficSocketChannelEndPoint@3efc2d0e{l=/127.0.0.1:8081,r=/127.0.0.1:56542,OPEN,fill=FI,flush=-,to=0/30000}{io=0/1,kio=0,kro=0}->HttpConnection@6292b048[p=HttpParser{s=START,0 of -1},g=HttpGenerator@4937a9e6{s=START}]=>HttpChannelOverHttp@77d06945{s=HttpChannelState@6e30ee2f{s=IDLE rs=BLOCKING os=OPEN is=IDLE awp=false se=false i=true al=0},r=0,c=false/false,a=IDLE,uri=null,age=0}
11:58:44.114 [qtp1238339624-35] DEBUG org.eclipse.jetty.io.ManagedSelector - Selector sun.nio.ch.KQueueSelectorImpl@36d5d993 processing 0 keys, 2 updates
11:58:44.114 [qtp1238339624-35] DEBUG org.eclipse.jetty.io.ManagedSelector - updateable 2
11:58:44.114 [qtp1238339624-40] DEBUG org.eclipse.jetty.util.thread.QueuedThreadPool - ran Accept@1bfdd62c[java.nio.channels.SocketChannel[connected local=/127.0.0.1:8081 remote=/127.0.0.1:56542]] in QueuedThreadPool[qtp1238339624]@49cf9028{STARTED,8<=8<=14,i=1,r=1,q=0}[ReservedThreadExecutor@bb9ab64{s=1/1,p=0}]
11:58:44.114 [qtp1238339624-35] DEBUG org.eclipse.jetty.io.ManagedSelector - update org.eclipse.jetty.io.ManagedSelector$$Lambda$444/0x00000001222b6b50@3d596549
11:58:44.114 [qtp1238339624-35] DEBUG org.eclipse.jetty.io.ManagedSelector - update org.eclipse.jetty.io.ChannelEndPoint$$Lambda$437/0x00000001222a8418@57f883d2
11:58:44.114 [qtp1238339624-35] DEBUG org.eclipse.jetty.io.ChannelEndPoint - Key interests updated 0 -> 1 on NetworkTrafficSocketChannelEndPoint@3efc2d0e{l=/127.0.0.1:8081,r=/127.0.0.1:56542,OPEN,fill=FI,flush=-,to=0/30000}{io=1/1,kio=1,kro=0}->HttpConnection@6292b048[p=HttpParser{s=START,0 of -1},g=HttpGenerator@4937a9e6{s=START}]=>HttpChannelOverHttp@77d06945{s=HttpChannelState@6e30ee2f{s=IDLE rs=BLOCKING os=OPEN is=IDLE awp=false se=false i=true al=0},r=0,c=false/false,a=IDLE,uri=null,age=0}
11:58:44.114 [qtp1238339624-35] DEBUG org.eclipse.jetty.io.ManagedSelector - updates 0
11:58:44.114 [qtp1238339624-35] DEBUG org.eclipse.jetty.io.ManagedSelector - Selector sun.nio.ch.KQueueSelectorImpl@36d5d993 waiting with 1 keys
11:58:44.114 [qtp1238339624-35] DEBUG org.eclipse.jetty.io.ManagedSelector - Selector sun.nio.ch.KQueueSelectorImpl@36d5d993 woken up from select, 1/1/1 selected
11:58:44.114 [qtp1238339624-35] DEBUG org.eclipse.jetty.io.ManagedSelector - Selector sun.nio.ch.KQueueSelectorImpl@36d5d993 processing 1 keys, 0 updates
11:58:44.114 [qtp1238339624-35] DEBUG org.eclipse.jetty.io.ManagedSelector - selected 1 channel=java.nio.channels.SocketChannel[connected local=/127.0.0.1:8081 remote=/127.0.0.1:56542], selector=sun.nio.ch.KQueueSelectorImpl@36d5d993, interestOps=1, readyOps=1 NetworkTrafficSocketChannelEndPoint@3efc2d0e{l=/127.0.0.1:8081,r=/127.0.0.1:56542,OPEN,fill=FI,flush=-,to=0/30000}{io=1/1,kio=1,kro=1}->HttpConnection@6292b048[p=HttpParser{s=START,0 of -1},g=HttpGenerator@4937a9e6{s=START}]=>HttpChannelOverHttp@77d06945{s=HttpChannelState@6e30ee2f{s=IDLE rs=BLOCKING os=OPEN is=IDLE awp=false se=false i=true al=0},r=0,c=false/false,a=IDLE,uri=null,age=0} 
11:58:44.115 [qtp1238339624-35] DEBUG org.eclipse.jetty.io.ChannelEndPoint - onSelected 1->0 r=true w=false for NetworkTrafficSocketChannelEndPoint@3efc2d0e{l=/127.0.0.1:8081,r=/127.0.0.1:56542,OPEN,fill=FI,flush=-,to=0/30000}{io=1/0,kio=1,kro=1}->HttpConnection@6292b048[p=HttpParser{s=START,0 of -1},g=HttpGenerator@4937a9e6{s=START}]=>HttpChannelOverHttp@77d06945{s=HttpChannelState@6e30ee2f{s=IDLE rs=BLOCKING os=OPEN is=IDLE awp=false se=false i=true al=0},r=0,c=false/false,a=IDLE,uri=null,age=0}
11:58:44.115 [qtp1238339624-35] DEBUG org.eclipse.jetty.io.ChannelEndPoint - task CEP:NetworkTrafficSocketChannelEndPoint@3efc2d0e{l=/127.0.0.1:8081,r=/127.0.0.1:56542,OPEN,fill=FI,flush=-,to=1/30000}{io=1/0,kio=1,kro=1}->HttpConnection@6292b048[p=HttpParser{s=START,0 of -1},g=HttpGenerator@4937a9e6{s=START}]=>HttpChannelOverHttp@77d06945{s=HttpChannelState@6e30ee2f{s=IDLE rs=BLOCKING os=OPEN is=IDLE awp=false se=false i=true al=0},r=0,c=false/false,a=IDLE,uri=null,age=0}:runFillable:BLOCKING
11:58:44.115 [qtp1238339624-35] DEBUG org.eclipse.jetty.util.thread.ReservedThreadExecutor - ReservedThreadExecutor@bb9ab64{s=1/1,p=0} tryExecute EatWhatYouKill@3b05a99b/SelectorProducer@2c43eb8/PRODUCING/p=false/QueuedThreadPool[qtp1238339624]@49cf9028{STARTED,8<=8<=14,i=2,r=1,q=0}[ReservedThreadExecutor@bb9ab64{s=1/1,p=0}][pc=0,pic=0,pec=0,epc=0]@2024-05-10T11:58:44.115315+01:00
11:58:44.115 [qtp1238339624-35] DEBUG org.eclipse.jetty.util.thread.ReservedThreadExecutor - ReservedThreadExecutor@bb9ab64{s=0/1,p=0}@669bc8eb offer EatWhatYouKill@3b05a99b/SelectorProducer@2c43eb8/PRODUCING/p=false/QueuedThreadPool[qtp1238339624]@49cf9028{STARTED,8<=8<=14,i=2,r=1,q=0}[ReservedThreadExecutor@bb9ab64{s=0/1,p=0}][pc=0,pic=0,pec=0,epc=0]@2024-05-10T11:58:44.115508+01:00
11:58:44.115 [qtp1238339624-35] DEBUG org.eclipse.jetty.util.thread.ReservedThreadExecutor - ReservedThreadExecutor@bb9ab64{s=0/1,p=1} startReservedThread p=1
11:58:44.115 [qtp1238339624-35] DEBUG org.eclipse.jetty.util.thread.QueuedThreadPool - queue ReservedThreadExecutor@bb9ab64{s=0/1,p=1}@3c2db2e3 startThread=0
11:58:44.115 [qtp1238339624-42] DEBUG org.eclipse.jetty.util.thread.QueuedThreadPool - run ReservedThreadExecutor@bb9ab64{s=0/1,p=1}@3c2db2e3 in QueuedThreadPool[qtp1238339624]@49cf9028{STARTED,8<=8<=14,i=1,r=1,q=0}[ReservedThreadExecutor@bb9ab64{s=0/1,p=1}]
11:58:44.115 [qtp1238339624-42] DEBUG org.eclipse.jetty.util.thread.ReservedThreadExecutor - ReservedThreadExecutor@bb9ab64{s=1/1,p=1}@3c2db2e3 started
11:58:44.115 [qtp1238339624-42] DEBUG org.eclipse.jetty.util.thread.ReservedThreadExecutor - ReservedThreadExecutor@bb9ab64{s=1/1,p=0}@3c2db2e3 waiting
11:58:44.115 [qtp1238339624-41] DEBUG org.eclipse.jetty.util.thread.ReservedThreadExecutor - ReservedThreadExecutor@bb9ab64{s=0/1,p=1}@669bc8eb task=EatWhatYouKill@3b05a99b/SelectorProducer@2c43eb8/IDLE/p=true/QueuedThreadPool[qtp1238339624]@49cf9028{STARTED,8<=8<=14,i=1,r=1,q=0}[ReservedThreadExecutor@bb9ab64{s=1/1,p=1}][pc=0,pic=0,pec=0,epc=0]@2024-05-10T11:58:44.115891+01:00
11:58:44.116 [qtp1238339624-35] DEBUG org.eclipse.jetty.util.thread.strategy.EatWhatYouKill - EatWhatYouKill@3b05a99b/SelectorProducer@2c43eb8/IDLE/p=true/QueuedThreadPool[qtp1238339624]@49cf9028{STARTED,8<=8<=14,i=1,r=1,q=0}[ReservedThreadExecutor@bb9ab64{s=1/1,p=0}][pc=0,pic=0,pec=0,epc=0]@2024-05-10T11:58:44.116043+01:00 m=EXECUTE_PRODUCE_CONSUME t=CEP:NetworkTrafficSocketChannelEndPoint@3efc2d0e{l=/127.0.0.1:8081,r=/127.0.0.1:56542,OPEN,fill=FI,flush=-,to=2/30000}{io=1/0,kio=1,kro=1}->HttpConnection@6292b048[p=HttpParser{s=START,0 of -1},g=HttpGenerator@4937a9e6{s=START}]=>HttpChannelOverHttp@77d06945{s=HttpChannelState@6e30ee2f{s=IDLE rs=BLOCKING os=OPEN is=IDLE awp=false se=false i=true al=0},r=0,c=false/false,a=IDLE,uri=null,age=0}:runFillable:BLOCKING/BLOCKING
11:58:44.116 [qtp1238339624-41] DEBUG org.eclipse.jetty.util.thread.strategy.EatWhatYouKill - EatWhatYouKill@3b05a99b/SelectorProducer@2c43eb8/IDLE/p=true/QueuedThreadPool[qtp1238339624]@49cf9028{STARTED,8<=8<=14,i=1,r=1,q=0}[ReservedThreadExecutor@bb9ab64{s=1/1,p=0}][pc=0,pic=0,pec=0,epc=0]@2024-05-10T11:58:44.116192+01:00 tryProduce true
11:58:44.116 [qtp1238339624-41] DEBUG org.eclipse.jetty.io.ManagedSelector - updateable 0
11:58:44.116 [qtp1238339624-41] DEBUG org.eclipse.jetty.io.ManagedSelector - updates 0
11:58:44.116 [qtp1238339624-35] DEBUG org.eclipse.jetty.io.FillInterest - fillable FillInterest@209f7779{AC.ReadCB@6292b048{HttpConnection@6292b048::NetworkTrafficSocketChannelEndPoint@3efc2d0e{l=/127.0.0.1:8081,r=/127.0.0.1:56542,OPEN,fill=FI,flush=-,to=2/30000}{io=1/0,kio=1,kro=1}->HttpConnection@6292b048[p=HttpParser{s=START,0 of -1},g=HttpGenerator@4937a9e6{s=START}]=>HttpChannelOverHttp@77d06945{s=HttpChannelState@6e30ee2f{s=IDLE rs=BLOCKING os=OPEN is=IDLE awp=false se=false i=true al=0},r=0,c=false/false,a=IDLE,uri=null,age=0}}}
11:58:44.116 [qtp1238339624-41] DEBUG org.eclipse.jetty.io.ChannelEndPoint - Key interests updated 1 -> 0 on NetworkTrafficSocketChannelEndPoint@3efc2d0e{l=/127.0.0.1:8081,r=/127.0.0.1:56542,OPEN,fill=FI,flush=-,to=2/30000}{io=0/0,kio=0,kro=1}->HttpConnection@6292b048[p=HttpParser{s=START,0 of -1},g=HttpGenerator@4937a9e6{s=START}]=>HttpChannelOverHttp@77d06945{s=HttpChannelState@6e30ee2f{s=IDLE rs=BLOCKING os=OPEN is=IDLE awp=false se=false i=true al=0},r=0,c=false/false,a=IDLE,uri=null,age=0}
11:58:44.116 [qtp1238339624-35] DEBUG org.eclipse.jetty.server.HttpConnection - HttpConnection@6292b048::NetworkTrafficSocketChannelEndPoint@3efc2d0e{l=/127.0.0.1:8081,r=/127.0.0.1:56542,OPEN,fill=-,flush=-,to=2/30000}{io=0/0,kio=0,kro=1}->HttpConnection@6292b048[p=HttpParser{s=START,0 of -1},g=HttpGenerator@4937a9e6{s=START}]=>HttpChannelOverHttp@77d06945{s=HttpChannelState@6e30ee2f{s=IDLE rs=BLOCKING os=OPEN is=IDLE awp=false se=false i=true al=0},r=0,c=false/false,a=IDLE,uri=null,age=0} onFillable enter HttpChannelState@6e30ee2f{s=IDLE rs=BLOCKING os=OPEN is=IDLE awp=false se=false i=true al=0} null
11:58:44.116 [qtp1238339624-41] DEBUG org.eclipse.jetty.io.ManagedSelector - Selector sun.nio.ch.KQueueSelectorImpl@36d5d993 waiting with 1 keys
11:58:44.116 [qtp1238339624-35] DEBUG org.eclipse.jetty.io.ChannelEndPoint - filled 158 HeapByteBuffer@7591085a[p=0,l=158,c=8192,r=158]={<<<GET /Admissions HTTP/1.1\r...oding: gzip,deflate\r\n\r\n>>>e-HttpCli...\x00\x00\x00\x00\x00\x00\x00}
11:58:44.116 [qtp1238339624-35] DEBUG org.eclipse.jetty.server.HttpConnection - HttpConnection@6292b048::NetworkTrafficSocketChannelEndPoint@3efc2d0e{l=/127.0.0.1:8081,r=/127.0.0.1:56542,OPEN,fill=-,flush=-,to=0/30000}{io=0/0,kio=0,kro=1}->HttpConnection@6292b048[p=HttpParser{s=START,0 of -1},g=HttpGenerator@4937a9e6{s=START}]=>HttpChannelOverHttp@77d06945{s=HttpChannelState@6e30ee2f{s=IDLE rs=BLOCKING os=OPEN is=IDLE awp=false se=false i=true al=0},r=0,c=false/false,a=IDLE,uri=null,age=0} filled 158 HeapByteBuffer@7591085a[p=0,l=158,c=8192,r=158]={<<<GET /Admissions HTTP/1.1\r...oding: gzip,deflate\r\n\r\n>>>e-HttpCli...\x00\x00\x00\x00\x00\x00\x00}
11:58:44.116 [qtp1238339624-35] DEBUG org.eclipse.jetty.server.HttpConnection - HttpConnection@6292b048::NetworkTrafficSocketChannelEndPoint@3efc2d0e{l=/127.0.0.1:8081,r=/127.0.0.1:56542,OPEN,fill=-,flush=-,to=0/30000}{io=0/0,kio=0,kro=1}->HttpConnection@6292b048[p=HttpParser{s=START,0 of -1},g=HttpGenerator@4937a9e6{s=START}]=>HttpChannelOverHttp@77d06945{s=HttpChannelState@6e30ee2f{s=IDLE rs=BLOCKING os=OPEN is=IDLE awp=false se=false i=true al=0},r=0,c=false/false,a=IDLE,uri=null,age=0} parse HeapByteBuffer@7591085a[p=0,l=158,c=8192,r=158]={<<<GET /Admissions HTTP/1.1\r...oding: gzip,deflate\r\n\r\n>>>e-HttpCli...\x00\x00\x00\x00\x00\x00\x00} {}
11:58:44.116 [qtp1238339624-35] DEBUG org.eclipse.jetty.http.HttpParser - parseNext s=START HeapByteBuffer@7591085a[p=0,l=158,c=8192,r=158]={<<<GET /Admissions HTTP/1.1\r...oding: gzip,deflate\r\n\r\n>>>e-HttpCli...\x00\x00\x00\x00\x00\x00\x00}
11:58:44.116 [qtp1238339624-35] DEBUG org.eclipse.jetty.http.HttpParser - START --> SPACE1
11:58:44.116 [qtp1238339624-35] DEBUG org.eclipse.jetty.http.HttpParser - SPACE1 --> URI
11:58:44.116 [qtp1238339624-35] DEBUG org.eclipse.jetty.http.HttpParser - URI --> SPACE2
11:58:44.116 [qtp1238339624-35] DEBUG org.eclipse.jetty.http.HttpParser - SPACE2 --> REQUEST_VERSION
11:58:44.116 [qtp1238339624-35] DEBUG org.eclipse.jetty.http.HttpParser - REQUEST_VERSION --> HEADER
11:58:44.116 [qtp1238339624-35] DEBUG org.eclipse.jetty.http.HttpParser - HEADER:Host --> VALUE
11:58:44.117 [qtp1238339624-35] DEBUG org.eclipse.jetty.http.HttpParser - HEADER:Host --> IN_VALUE
11:58:44.117 [qtp1238339624-35] DEBUG org.eclipse.jetty.http.HttpParser - HEADER:Host --> FIELD
11:58:44.117 [qtp1238339624-35] DEBUG org.eclipse.jetty.http.HttpParser - HEADER:Connection: keep-alive --> IN_VALUE
11:58:44.117 [qtp1238339624-35] DEBUG org.eclipse.jetty.http.HttpParser - HEADER:Connection: keep-alive --> FIELD
11:58:44.117 [qtp1238339624-35] DEBUG org.eclipse.jetty.http.HttpParser - HEADER:User-Agent --> VALUE
11:58:44.117 [qtp1238339624-35] DEBUG org.eclipse.jetty.http.HttpParser - HEADER:User-Agent --> IN_VALUE
11:58:44.117 [qtp1238339624-35] DEBUG org.eclipse.jetty.http.HttpParser - HEADER:User-Agent --> FIELD
11:58:44.117 [qtp1238339624-35] DEBUG org.eclipse.jetty.http.HttpParser - HEADER:Accept-Encoding --> IN_VALUE
11:58:44.117 [qtp1238339624-35] DEBUG org.eclipse.jetty.http.HttpParser - HEADER:Accept-Encoding --> FIELD
11:58:44.117 [qtp1238339624-35] DEBUG org.eclipse.jetty.http.HttpParser - HEADER --> CONTENT
11:58:44.117 [qtp1238339624-35] DEBUG org.eclipse.jetty.server.HttpChannel - REQUEST for //localhost:8081/Admissions on HttpChannelOverHttp@77d06945{s=HttpChannelState@6e30ee2f{s=IDLE rs=BLOCKING os=OPEN is=IDLE awp=false se=false i=true al=0},r=1,c=false/false,a=IDLE,uri=//localhost:8081/Admissions,age=0}
GET //localhost:8081/Admissions HTTP/1.1
Host: localhost:8081
Connection: keep-alive
User-Agent: Apache-HttpClient/4.5.13 (Java/17.0.11)
Accept-Encoding: gzip,deflate


11:58:44.117 [qtp1238339624-35] DEBUG org.eclipse.jetty.server.HttpConnection - HttpConnection@6292b048::NetworkTrafficSocketChannelEndPoint@3efc2d0e{l=/127.0.0.1:8081,r=/127.0.0.1:56542,OPEN,fill=-,flush=-,to=0/30000}{io=0/0,kio=0,kro=1}->HttpConnection@6292b048[p=HttpParser{s=CONTENT,0 of -1},g=HttpGenerator@4937a9e6{s=START}]=>HttpChannelOverHttp@77d06945{s=HttpChannelState@6e30ee2f{s=IDLE rs=BLOCKING os=OPEN is=IDLE awp=false se=false i=true al=0},r=1,c=false/false,a=IDLE,uri=//localhost:8081/Admissions,age=0} parsed true HttpParser{s=CONTENT,0 of -1}
11:58:44.117 [qtp1238339624-35] DEBUG org.eclipse.jetty.server.HttpConnection - releaseRequestBuffer HttpConnection@6292b048::NetworkTrafficSocketChannelEndPoint@3efc2d0e{l=/127.0.0.1:8081,r=/127.0.0.1:56542,OPEN,fill=-,flush=-,to=0/30000}{io=0/0,kio=0,kro=1}->HttpConnection@6292b048[p=HttpParser{s=CONTENT,0 of -1},g=HttpGenerator@4937a9e6{s=START}]=>HttpChannelOverHttp@77d06945{s=HttpChannelState@6e30ee2f{s=IDLE rs=BLOCKING os=OPEN is=IDLE awp=false se=false i=true al=0},r=1,c=false/false,a=IDLE,uri=//localhost:8081/Admissions,age=0}
11:58:44.117 [qtp1238339624-35] DEBUG org.eclipse.jetty.server.HttpChannel - handle //localhost:8081/Admissions HttpChannelOverHttp@77d06945{s=HttpChannelState@6e30ee2f{s=IDLE rs=BLOCKING os=OPEN is=IDLE awp=false se=false i=true al=0},r=1,c=false/false,a=IDLE,uri=//localhost:8081/Admissions,age=0} 
11:58:44.117 [qtp1238339624-35] DEBUG org.eclipse.jetty.server.HttpChannelState - handling HttpChannelState@6e30ee2f{s=IDLE rs=BLOCKING os=OPEN is=IDLE awp=false se=false i=true al=0}
11:58:44.117 [qtp1238339624-35] DEBUG org.eclipse.jetty.server.HttpChannel - action DISPATCH HttpChannelOverHttp@77d06945{s=HttpChannelState@6e30ee2f{s=HANDLING rs=BLOCKING os=OPEN is=IDLE awp=false se=false i=true al=0},r=1,c=false/false,a=HANDLING,uri=//localhost:8081/Admissions,age=0}
11:58:44.117 [qtp1238339624-35] DEBUG org.eclipse.jetty.server.Server - REQUEST GET /Admissions on HttpChannelOverHttp@77d06945{s=HttpChannelState@6e30ee2f{s=HANDLING rs=BLOCKING os=OPEN is=IDLE awp=false se=false i=true al=0},r=1,c=false/false,a=HANDLING,uri=//localhost:8081/Admissions,age=0}
11:58:44.117 [qtp1238339624-35] DEBUG org.eclipse.jetty.server.handler.ContextHandler - scope null||/Admissions @ o.e.j.s.ServletContextHandler@17b64941{/__admin,null,AVAILABLE}
11:58:44.117 [qtp1238339624-35] DEBUG org.eclipse.jetty.server.handler.gzip.GzipHandler - GzipHandler@787f32b7{STARTED,min=32,inflate=-1} handle Request(GET //localhost:8081/Admissions)@792f2b02 in null
11:58:44.117 [qtp1238339624-35] DEBUG org.eclipse.jetty.server.handler.ContextHandler - scope null||/Admissions @ o.e.j.s.ServletContextHandler@50194e8d{/,null,AVAILABLE}
11:58:44.117 [qtp1238339624-35] DEBUG org.eclipse.jetty.server.handler.ContextHandler - context=||/Admissions @ o.e.j.s.ServletContextHandler@50194e8d{/,null,AVAILABLE}
11:58:44.117 [qtp1238339624-35] DEBUG org.eclipse.jetty.servlet.ServletHandler - servlet |/Admissions|null -> com.github.tomakehurst.wiremock.servlet.WireMockHandlerDispatchingServlet-69da0b12@bf3f6c21==com.github.tomakehurst.wiremock.servlet.WireMockHandlerDispatchingServlet,jsp=null,order=-1,inst=false,async=true
11:58:44.117 [qtp1238339624-35] DEBUG org.eclipse.jetty.servlet.ServletHandler - chain=null
11:58:44.117 [qtp1238339624-35] DEBUG org.eclipse.jetty.servlet.ServletHolder - Servlet.init com.github.tomakehurst.wiremock.servlet.WireMockHandlerDispatchingServlet@61ae6cf5 for com.github.tomakehurst.wiremock.servlet.WireMockHandlerDispatchingServlet-69da0b12
11:58:44.117 [qtp1238339624-35] INFO org.eclipse.jetty.server.handler.ContextHandler.ROOT - RequestHandlerClass from context returned com.github.tomakehurst.wiremock.http.StubRequestHandler. Normalized mapped under returned 'null'
11:58:44.118 [qtp1238339624-35] DEBUG org.eclipse.jetty.io.ChannelEndPoint - filled 0 HeapByteBuffer@7591085a[p=0,l=0,c=8192,r=0]={<<<>>>GET /Admi...\x00\x00\x00\x00\x00\x00\x00}
11:58:44.118 [qtp1238339624-35] DEBUG org.eclipse.jetty.io.ChannelEndPoint - filled 0 HeapByteBuffer@7591085a[p=0,l=0,c=8192,r=0]={<<<>>>GET /Admi...\x00\x00\x00\x00\x00\x00\x00}
11:58:44.118 [qtp1238339624-35] DEBUG org.eclipse.jetty.server.HttpConnection - HttpConnection@6292b048::NetworkTrafficSocketChannelEndPoint@3efc2d0e{l=/127.0.0.1:8081,r=/127.0.0.1:56542,OPEN,fill=-,flush=-,to=1/30000}{io=0/0,kio=0,kro=1}->HttpConnection@6292b048[p=HttpParser{s=CONTENT,0 of -1},g=HttpGenerator@4937a9e6{s=START}]=>HttpChannelOverHttp@77d06945{s=HttpChannelState@6e30ee2f{s=HANDLING rs=BLOCKING os=OPEN is=IDLE awp=false se=false i=true al=0},r=1,c=false/false,a=HANDLING,uri=//localhost:8081/Admissions,age=1} filled 0 HeapByteBuffer@7591085a[p=0,l=0,c=8192,r=0]={<<<>>>GET /Admi...\x00\x00\x00\x00\x00\x00\x00}
11:58:44.118 [qtp1238339624-35] DEBUG org.eclipse.jetty.server.HttpConnection - HttpConnection@6292b048::NetworkTrafficSocketChannelEndPoint@3efc2d0e{l=/127.0.0.1:8081,r=/127.0.0.1:56542,OPEN,fill=-,flush=-,to=1/30000}{io=0/0,kio=0,kro=1}->HttpConnection@6292b048[p=HttpParser{s=CONTENT,0 of -1},g=HttpGenerator@4937a9e6{s=START}]=>HttpChannelOverHttp@77d06945{s=HttpChannelState@6e30ee2f{s=HANDLING rs=BLOCKING os=OPEN is=IDLE awp=false se=false i=true al=0},r=1,c=false/false,a=HANDLING,uri=//localhost:8081/Admissions,age=1} parse HeapByteBuffer@7591085a[p=0,l=0,c=8192,r=0]={<<<>>>GET /Admi...\x00\x00\x00\x00\x00\x00\x00} {}
11:58:44.118 [qtp1238339624-35] DEBUG org.eclipse.jetty.http.HttpParser - parseNext s=CONTENT HeapByteBuffer@7591085a[p=0,l=0,c=8192,r=0]={<<<>>>GET /Admi...\x00\x00\x00\x00\x00\x00\x00}
11:58:44.118 [qtp1238339624-35] DEBUG org.eclipse.jetty.http.HttpParser - CONTENT --> CONTENT_END
11:58:44.118 [qtp1238339624-35] DEBUG org.eclipse.jetty.server.HttpChannel - onContentComplete HttpChannelOverHttp@77d06945{s=HttpChannelState@6e30ee2f{s=HANDLING rs=BLOCKING os=OPEN is=IDLE awp=false se=false i=true al=0},r=1,c=false/false,a=HANDLING,uri=//localhost:8081/Admissions,age=1}
11:58:44.118 [qtp1238339624-35] DEBUG org.eclipse.jetty.http.HttpParser - CONTENT_END --> END
11:58:44.118 [qtp1238339624-35] DEBUG org.eclipse.jetty.server.HttpChannel - onRequestComplete HttpChannelOverHttp@77d06945{s=HttpChannelState@6e30ee2f{s=HANDLING rs=BLOCKING os=OPEN is=IDLE awp=false se=false i=true al=0},r=1,c=false/false,a=HANDLING,uri=//localhost:8081/Admissions,age=1}
11:58:44.118 [qtp1238339624-35] DEBUG org.eclipse.jetty.server.HttpInput - HttpInputOverHTTP@489c9210[c=0,q=0,[0]=null,s=STREAM] addContent EOF
11:58:44.118 [qtp1238339624-35] DEBUG org.eclipse.jetty.server.HttpConnection - HttpConnection@6292b048::NetworkTrafficSocketChannelEndPoint@3efc2d0e{l=/127.0.0.1:8081,r=/127.0.0.1:56542,OPEN,fill=-,flush=-,to=2/30000}{io=0/0,kio=0,kro=1}->HttpConnection@6292b048[p=HttpParser{s=END,0 of -1},g=HttpGenerator@4937a9e6{s=START}]=>HttpChannelOverHttp@77d06945{s=HttpChannelState@6e30ee2f{s=HANDLING rs=BLOCKING os=OPEN is=IDLE awp=false se=false i=true al=0},r=1,c=false/false,a=HANDLING,uri=//localhost:8081/Admissions,age=1} parsed false HttpParser{s=END,0 of -1}
11:58:44.119 [qtp1238339624-35] DEBUG org.eclipse.jetty.server.HttpConnection - releaseRequestBuffer HttpConnection@6292b048::NetworkTrafficSocketChannelEndPoint@3efc2d0e{l=/127.0.0.1:8081,r=/127.0.0.1:56542,OPEN,fill=-,flush=-,to=2/30000}{io=0/0,kio=0,kro=1}->HttpConnection@6292b048[p=HttpParser{s=END,0 of -1},g=HttpGenerator@4937a9e6{s=START}]=>HttpChannelOverHttp@77d06945{s=HttpChannelState@6e30ee2f{s=HANDLING rs=BLOCKING os=OPEN is=IDLE awp=false se=false i=true al=0},r=1,c=false/false,a=HANDLING,uri=//localhost:8081/Admissions,age=1}
11:58:44.119 [qtp1238339624-35] DEBUG org.eclipse.jetty.server.HttpChannelState - onEof HttpChannelState@6e30ee2f{s=HANDLING rs=BLOCKING os=OPEN is=IDLE awp=false se=false i=true al=0}
11:58:44.121 [qtp1238339624-35] DEBUG org.eclipse.jetty.server.handler.gzip.GzipHttpOutputInterceptor - org.eclipse.jetty.server.handler.gzip.GzipHttpOutputInterceptor@19f78b4a exclude by status 500
11:58:44.122 [qtp1238339624-35] DEBUG org.eclipse.jetty.server.HttpChannel - sendResponse info=null content=HeapByteBuffer@68c94543[p=0,l=0,c=0,r=0]={<<<>>>} complete=false committing=true callback=Blocker@1900d44d{null}
11:58:44.122 [qtp1238339624-35] DEBUG org.eclipse.jetty.server.HttpChannel - COMMIT for /Admissions on HttpChannelOverHttp@77d06945{s=HttpChannelState@6e30ee2f{s=HANDLING rs=BLOCKING os=COMMITTED is=READY awp=false se=false i=true al=0},r=1,c=false/false,a=HANDLING,uri=//localhost:8081/Admissions,age=5}
500 null HTTP/1.1
Matched-Stub-Id: 511b8382-165a-42e9-9243-558b0816b2c6


11:58:44.122 [qtp1238339624-35] DEBUG org.eclipse.jetty.server.HttpConnection - generate: NEED_HEADER for org.eclipse.jetty.server.HttpConnection$SendCallback@bdbda5c[PROCESSING][i=HTTP/1.1{s=500,h=1,cl=-1},cb=org.eclipse.jetty.server.HttpChannel$SendCallback@277bc525] (null,[p=0,l=0,c=0,r=0],false)@START
11:58:44.122 [qtp1238339624-35] DEBUG org.eclipse.jetty.http.HttpGenerator - generateHeaders HTTP/1.1{s=500,h=1,cl=-1} last=false content=HeapByteBuffer@68c94543[p=0,l=0,c=0,r=0]={<<<>>>}
11:58:44.122 [qtp1238339624-35] DEBUG org.eclipse.jetty.http.HttpGenerator - Matched-Stub-Id: 511b8382-165a-42e9-9243-558b0816b2c6


11:58:44.122 [qtp1238339624-35] DEBUG org.eclipse.jetty.http.HttpGenerator - CHUNKED_CONTENT
11:58:44.122 [qtp1238339624-35] DEBUG org.eclipse.jetty.server.HttpConnection - generate: FLUSH for org.eclipse.jetty.server.HttpConnection$SendCallback@bdbda5c[PROCESSING][i=HTTP/1.1{s=500,h=1,cl=-1},cb=org.eclipse.jetty.server.HttpChannel$SendCallback@277bc525] ([p=0,l=112,c=8192,r=112],[p=0,l=0,c=0,r=0],false)@COMMITTED
11:58:44.122 [qtp1238339624-35] DEBUG org.eclipse.jetty.io.WriteFlusher - write: WriteFlusher@2f3a75b{IDLE}->null [HeapByteBuffer@7591085a[p=0,l=112,c=8192,r=112]={<<<HTTP/1.1 500 Server Error...r-Encoding: chunked\r\n\r\n>>>va/17.0.1...\x00\x00\x00\x00\x00\x00\x00}]
11:58:44.122 [qtp1238339624-35] DEBUG org.eclipse.jetty.io.WriteFlusher - update WriteFlusher@2f3a75b{WRITING}->null:IDLE-->WRITING
11:58:44.122 [qtp1238339624-35] DEBUG org.eclipse.jetty.io.ChannelEndPoint - flushed 112 NetworkTrafficSocketChannelEndPoint@3efc2d0e{l=/127.0.0.1:8081,r=/127.0.0.1:56542,OPEN,fill=-,flush=W,to=6/30000}{io=0/0,kio=0,kro=1}->HttpConnection@6292b048[p=HttpParser{s=END,0 of -1},g=HttpGenerator@4937a9e6{s=COMMITTED}]=>HttpChannelOverHttp@77d06945{s=HttpChannelState@6e30ee2f{s=HANDLING rs=BLOCKING os=COMMITTED is=READY awp=false se=false i=true al=0},r=1,c=false/false,a=HANDLING,uri=//localhost:8081/Admissions,age=5}
11:58:44.122 [qtp1238339624-35] DEBUG org.eclipse.jetty.io.WriteFlusher - Flushed=true written=112 remaining=0 WriteFlusher@2f3a75b{WRITING}->null
11:58:44.122 [qtp1238339624-35] DEBUG org.eclipse.jetty.io.WriteFlusher - update WriteFlusher@2f3a75b{IDLE}->null:WRITING-->IDLE
11:58:44.123 [qtp1238339624-35] DEBUG org.eclipse.jetty.server.HttpConnection - generate: DONE for org.eclipse.jetty.server.HttpConnection$SendCallback@bdbda5c[PROCESSING][i=HTTP/1.1{s=500,h=1,cl=-1},cb=org.eclipse.jetty.server.HttpChannel$SendCallback@277bc525] ([p=112,l=112,c=8192,r=0],[p=0,l=0,c=0,r=0],false)@COMMITTED
11:58:44.123 [qtp1238339624-35] DEBUG org.eclipse.jetty.server.HttpOutput - onWriteComplete(false,null) s=OPEN,api=BLOCKED,sc=false,e=null->s=OPEN,api=BLOCKING,sc=false,e=null c=null cb=null w=false
11:58:44.123 [qtp1238339624-35] DEBUG org.eclipse.jetty.server.HttpOutput - close() s=CLOSING,api=BLOCKED,sc=false,e=null c=HeapByteBuffer@68c94543[p=0,l=0,c=0,r=0]={<<<>>>} b=Blocker@1900d44d{null}
11:58:44.123 [qtp1238339624-35] DEBUG org.eclipse.jetty.server.HttpChannel - sendResponse info=null content=HeapByteBuffer@68c94543[p=0,l=0,c=0,r=0]={<<<>>>} complete=true committing=false callback=Blocker@1900d44d{null}
11:58:44.123 [qtp1238339624-35] DEBUG org.eclipse.jetty.server.HttpConnection - generate: CONTINUE for org.eclipse.jetty.server.HttpConnection$SendCallback@bdbda5c[PROCESSING][i=null,cb=org.eclipse.jetty.server.HttpChannel$SendCallback@1d4ea9f4] (null,[p=0,l=0,c=0,r=0],true)@COMPLETING
11:58:44.123 [qtp1238339624-35] DEBUG org.eclipse.jetty.server.HttpConnection - generate: NEED_CHUNK for org.eclipse.jetty.server.HttpConnection$SendCallback@bdbda5c[PROCESSING][i=null,cb=org.eclipse.jetty.server.HttpChannel$SendCallback@1d4ea9f4] (null,[p=0,l=0,c=0,r=0],true)@COMPLETING
11:58:44.123 [qtp1238339624-35] DEBUG org.eclipse.jetty.server.HttpConnection - generate: FLUSH for org.eclipse.jetty.server.HttpConnection$SendCallback@bdbda5c[PROCESSING][i=null,cb=org.eclipse.jetty.server.HttpChannel$SendCallback@1d4ea9f4] (null,[p=0,l=0,c=0,r=0],true)@COMPLETING
11:58:44.123 [qtp1238339624-35] DEBUG org.eclipse.jetty.io.WriteFlusher - write: WriteFlusher@2f3a75b{IDLE}->null [HeapByteBuffer@3d01ce98[p=0,l=5,c=1024,r=5]={<<<0\r\n\r\n>>>\r\n\x00\x00\x00\x00\x00\x00\x00...\x00\x00\x00\x00\x00\x00\x00}]
11:58:44.123 [qtp1238339624-35] DEBUG org.eclipse.jetty.io.WriteFlusher - update WriteFlusher@2f3a75b{WRITING}->null:IDLE-->WRITING
11:58:44.123 [qtp1238339624-35] DEBUG org.eclipse.jetty.io.ChannelEndPoint - flushed 5 NetworkTrafficSocketChannelEndPoint@3efc2d0e{l=/127.0.0.1:8081,r=/127.0.0.1:56542,OPEN,fill=-,flush=W,to=0/30000}{io=0/0,kio=0,kro=1}->HttpConnection@6292b048[p=HttpParser{s=END,0 of -1},g=HttpGenerator@4937a9e6{s=COMPLETING}]=>HttpChannelOverHttp@77d06945{s=HttpChannelState@6e30ee2f{s=HANDLING rs=BLOCKING os=COMMITTED is=READY awp=false se=false i=true al=0},r=1,c=false/false,a=HANDLING,uri=//localhost:8081/Admissions,age=6}
11:58:44.123 [qtp1238339624-35] DEBUG org.eclipse.jetty.io.WriteFlusher - Flushed=true written=5 remaining=0 WriteFlusher@2f3a75b{WRITING}->null
11:58:44.123 [qtp1238339624-35] DEBUG org.eclipse.jetty.io.WriteFlusher - update WriteFlusher@2f3a75b{IDLE}->null:WRITING-->IDLE
11:58:44.123 [qtp1238339624-35] DEBUG org.eclipse.jetty.server.HttpConnection - generate: DONE for org.eclipse.jetty.server.HttpConnection$SendCallback@bdbda5c[PROCESSING][i=null,cb=org.eclipse.jetty.server.HttpChannel$SendCallback@1d4ea9f4] (null,[p=0,l=0,c=0,r=0],true)@END
11:58:44.123 [qtp1238339624-35] DEBUG org.eclipse.jetty.server.HttpOutput - onWriteComplete(true,null) s=CLOSING,api=BLOCKED,sc=false,e=null->s=CLOSED,api=BLOCKING,sc=false,e=null c=null cb=null w=false
11:58:44.123 [qtp1238339624-35] DEBUG org.eclipse.jetty.server.Server - handled=true async=false committed=true on HttpChannelOverHttp@77d06945{s=HttpChannelState@6e30ee2f{s=HANDLING rs=BLOCKING os=COMPLETED is=READY awp=false se=false i=true al=0},r=1,c=false/true,a=HANDLING,uri=//localhost:8081/Admissions,age=6}
11:58:44.123 [qtp1238339624-35] DEBUG org.eclipse.jetty.server.HttpChannelState - unhandle HttpChannelState@6e30ee2f{s=HANDLING rs=BLOCKING os=COMPLETED is=READY awp=false se=false i=true al=0}
11:58:44.123 [qtp1238339624-35] DEBUG org.eclipse.jetty.server.HttpChannelState - nextAction(false) COMPLETE HttpChannelState@6e30ee2f{s=HANDLING rs=COMPLETING os=COMPLETED is=READY awp=false se=false i=false al=0}
11:58:44.123 [qtp1238339624-35] DEBUG org.eclipse.jetty.server.HttpChannel - action COMPLETE HttpChannelOverHttp@77d06945{s=HttpChannelState@6e30ee2f{s=HANDLING rs=COMPLETING os=COMPLETED is=READY awp=false se=false i=false al=0},r=1,c=false/true,a=HANDLING,uri=//localhost:8081/Admissions,age=6}
11:58:44.123 [qtp1238339624-35] DEBUG org.eclipse.jetty.server.HttpOutput - complete(org.eclipse.jetty.util.Callback$3@4892893b) s=CLOSED,api=BLOCKING,sc=false,e=null s=true e=null, c=null
11:58:44.123 [qtp1238339624-35] DEBUG org.eclipse.jetty.server.HttpChannelState - completed HttpChannelState@6e30ee2f{s=HANDLING rs=COMPLETING os=COMPLETED is=READY awp=false se=false i=false al=0}
11:58:44.123 [qtp1238339624-35] DEBUG org.eclipse.jetty.server.HttpChannelState - unhandle HttpChannelState@6e30ee2f{s=HANDLING rs=COMPLETED os=COMPLETED is=READY awp=false se=false i=false al=0}
11:58:44.123 [qtp1238339624-35] DEBUG org.eclipse.jetty.server.HttpChannelState - nextAction(false) TERMINATED HttpChannelState@6e30ee2f{s=IDLE rs=COMPLETED os=COMPLETED is=READY awp=false se=false i=false al=0}
11:58:44.124 [qtp1238339624-35] DEBUG org.eclipse.jetty.server.HttpChannel - action TERMINATED HttpChannelOverHttp@77d06945{s=HttpChannelState@6e30ee2f{s=IDLE rs=COMPLETED os=COMPLETED is=READY awp=false se=false i=false al=0},r=1,c=true/true,a=IDLE,uri=//localhost:8081/Admissions,age=7}
11:58:44.124 [qtp1238339624-35] DEBUG org.eclipse.jetty.server.HttpChannel - onCompleted for /Admissions written=0
11:58:44.124 [qtp1238339624-35] DEBUG org.eclipse.jetty.server.HttpChannelState - recycle HttpChannelState@6e30ee2f{s=IDLE rs=COMPLETED os=COMPLETED is=READY awp=false se=false i=false al=0}
11:58:44.124 [qtp1238339624-35] DEBUG org.eclipse.jetty.http.HttpParser - reset HttpParser{s=END,0 of -1}
11:58:44.124 [qtp1238339624-35] DEBUG org.eclipse.jetty.http.HttpParser - END --> START
11:58:44.124 [qtp1238339624-35] DEBUG org.eclipse.jetty.server.HttpChannel - !handle TERMINATED HttpChannelOverHttp@77d06945{s=HttpChannelState@6e30ee2f{s=IDLE rs=BLOCKING os=OPEN is=IDLE awp=false se=false i=true al=0},r=1,c=false/false,a=IDLE,uri=null,age=0}
11:58:44.124 [qtp1238339624-35] DEBUG org.eclipse.jetty.io.AbstractEndPoint - shutdownInput NetworkTrafficSocketChannelEndPoint@3efc2d0e{l=/127.0.0.1:8081,r=/127.0.0.1:56542,OPEN,fill=-,flush=-,to=0/30000}{io=0/0,kio=0,kro=1}->HttpConnection@6292b048[p=HttpParser{s=START,0 of -1},g=HttpGenerator@4937a9e6{s=START}]=>HttpChannelOverHttp@77d06945{s=HttpChannelState@6e30ee2f{s=IDLE rs=BLOCKING os=OPEN is=IDLE awp=false se=false i=true al=0},r=1,c=false/false,a=IDLE,uri=null,age=0}
11:58:44.124 [qtp1238339624-35] DEBUG org.eclipse.jetty.io.ChannelEndPoint - filled -1 HeapByteBuffer@7591085a[p=0,l=0,c=8192,r=0]={<<<>>>HTTP/1.1 ...\x00\x00\x00\x00\x00\x00\x00}
11:58:44.124 [qtp1238339624-35] DEBUG org.eclipse.jetty.http.HttpParser - atEOF HttpParser{s=START,0 of -1}
11:58:44.124 [Test worker] DEBUG org.eclipse.jetty.util.component.AbstractLifeCycle - stopping Server@2b61a019{STARTED}[9.4.31.v20200723]
11:58:44.124 [Test worker] DEBUG org.eclipse.jetty.server.Server - doStop Server@2b61a019{STOPPING}[9.4.31.v20200723]
11:58:44.124 [qtp1238339624-35] DEBUG org.eclipse.jetty.server.HttpConnection - HttpConnection@6292b048::NetworkTrafficSocketChannelEndPoint@3efc2d0e{l=/127.0.0.1:8081,r=/127.0.0.1:56542,ISHUT,fill=-,flush=-,to=0/30000}{io=0/0,kio=0,kro=1}->HttpConnection@6292b048[p=HttpParser{s=START,0 of -1},g=HttpGenerator@4937a9e6{s=START}]=>HttpChannelOverHttp@77d06945{s=HttpChannelState@6e30ee2f{s=IDLE rs=BLOCKING os=OPEN is=IDLE awp=false se=false i=true al=0},r=1,c=false/false,a=IDLE,uri=null,age=0} filled -1 HeapByteBuffer@7591085a[p=0,l=0,c=8192,r=0]={<<<>>>HTTP/1.1 ...\x00\x00\x00\x00\x00\x00\x00}
11:58:44.124 [Test worker] DEBUG org.eclipse.jetty.server.handler.AbstractHandlerContainer - Graceful shutdown Server@2b61a019{STOPPING}[9.4.31.v20200723] by 
11:58:44.124 [qtp1238339624-35] DEBUG org.eclipse.jetty.server.HttpConnection - HttpConnection@6292b048::NetworkTrafficSocketChannelEndPoint@3efc2d0e{l=/127.0.0.1:8081,r=/127.0.0.1:56542,ISHUT,fill=-,flush=-,to=1/30000}{io=0/0,kio=0,kro=1}->HttpConnection@6292b048[p=HttpParser{s=START,0 of -1},g=HttpGenerator@4937a9e6{s=START}]=>HttpChannelOverHttp@77d06945{s=HttpChannelState@6e30ee2f{s=IDLE rs=BLOCKING os=OPEN is=IDLE awp=false se=false i=true al=0},r=1,c=false/false,a=IDLE,uri=null,age=0} parse HeapByteBuffer@7591085a[p=0,l=0,c=8192,r=0]={<<<>>>HTTP/1.1 ...\x00\x00\x00\x00\x00\x00\x00} {}
11:58:44.124 [qtp1238339624-39] DEBUG org.eclipse.jetty.util.thread.QueuedThreadPool - ran qtp1238339624-39-acceptor-2@acf859d-NetworkTrafficServerConnector@6fd5717c{HTTP/1.1, (http/1.1)}{0.0.0.0:8081} in QueuedThreadPool[qtp1238339624]@49cf9028{STARTED,8<=8<=14,i=1,r=1,q=0}[ReservedThreadExecutor@bb9ab64{s=1/1,p=0}]
11:58:44.124 [qtp1238339624-37] DEBUG org.eclipse.jetty.util.thread.QueuedThreadPool - ran qtp1238339624-37-acceptor-0@ba354ca-NetworkTrafficServerConnector@6fd5717c{HTTP/1.1, (http/1.1)}{0.0.0.0:8081} in QueuedThreadPool[qtp1238339624]@49cf9028{STARTED,8<=8<=14,i=1,r=1,q=0}[ReservedThreadExecutor@bb9ab64{s=1/1,p=0}]
11:58:44.124 [qtp1238339624-35] DEBUG org.eclipse.jetty.http.HttpParser - parseNext s=START HeapByteBuffer@7591085a[p=0,l=0,c=8192,r=0]={<<<>>>HTTP/1.1 ...\x00\x00\x00\x00\x00\x00\x00}
11:58:44.124 [qtp1238339624-38] DEBUG org.eclipse.jetty.util.thread.QueuedThreadPool - ran qtp1238339624-38-acceptor-1@4c4f4365-NetworkTrafficServerConnector@6fd5717c{HTTP/1.1, (http/1.1)}{0.0.0.0:8081} in QueuedThreadPool[qtp1238339624]@49cf9028{STARTED,8<=8<=14,i=1,r=1,q=0}[ReservedThreadExecutor@bb9ab64{s=1/1,p=0}]
11:58:44.124 [Test worker] DEBUG org.eclipse.jetty.util.component.AbstractLifeCycle - stopping NetworkTrafficServerConnector@6fd5717c{HTTP/1.1, (http/1.1)}{0.0.0.0:8081}
11:58:44.125 [qtp1238339624-35] DEBUG org.eclipse.jetty.http.HttpParser - START --> CLOSED
11:58:44.125 [qtp1238339624-35] DEBUG org.eclipse.jetty.io.AbstractEndPoint - close NetworkTrafficSocketChannelEndPoint@3efc2d0e{l=/127.0.0.1:8081,r=/127.0.0.1:56542,ISHUT,fill=-,flush=-,to=1/30000}{io=0/0,kio=0,kro=1}->HttpConnection@6292b048[p=HttpParser{s=CLOSED,0 of -1},g=HttpGenerator@4937a9e6{s=START}]=>HttpChannelOverHttp@77d06945{s=HttpChannelState@6e30ee2f{s=IDLE rs=BLOCKING os=OPEN is=IDLE awp=false se=false i=true al=0},r=1,c=false/false,a=IDLE,uri=null,age=0}
11:58:44.125 [Test worker] DEBUG org.eclipse.jetty.util.component.AbstractLifeCycle - stopping SelectorManager@NetworkTrafficServerConnector@6fd5717c{HTTP/1.1, (http/1.1)}{0.0.0.0:8081}
11:58:44.125 [Test worker] DEBUG org.eclipse.jetty.util.component.AbstractLifeCycle - stopping ManagedSelector@7ce4de34{STARTED} id=1 keys=1 selected=0 updates=0
11:58:44.125 [Test worker] DEBUG org.eclipse.jetty.io.ManagedSelector - Queued change lazy=false org.eclipse.jetty.io.ManagedSelector$CloseConnections@692fd26 on ManagedSelector@7ce4de34{STOPPING} id=1 keys=1 selected=0 updates=0
11:58:44.125 [Test worker] DEBUG org.eclipse.jetty.io.ManagedSelector - Wakeup on submit ManagedSelector@7ce4de34{STOPPING} id=1 keys=1 selected=0 updates=1
11:58:44.125 [qtp1238339624-35] DEBUG org.eclipse.jetty.io.AbstractEndPoint - close(null) NetworkTrafficSocketChannelEndPoint@3efc2d0e{l=/127.0.0.1:8081,r=/127.0.0.1:56542,ISHUT,fill=-,flush=-,to=1/30000}{io=0/0,kio=0,kro=1}->HttpConnection@6292b048[p=HttpParser{s=CLOSED,0 of -1},g=HttpGenerator@4937a9e6{s=START}]=>HttpChannelOverHttp@77d06945{s=HttpChannelState@6e30ee2f{s=IDLE rs=BLOCKING os=OPEN is=IDLE awp=false se=false i=true al=0},r=1,c=false/false,a=IDLE,uri=null,age=0}
11:58:44.125 [qtp1238339624-36] DEBUG org.eclipse.jetty.io.ManagedSelector - Selector sun.nio.ch.KQueueSelectorImpl@6c63a39b woken with none selected
11:58:44.125 [qtp1238339624-36] DEBUG org.eclipse.jetty.io.ManagedSelector - Selector sun.nio.ch.KQueueSelectorImpl@6c63a39b woken up from select, 0/0/1 selected
11:58:44.125 [qtp1238339624-36] DEBUG org.eclipse.jetty.io.ManagedSelector - Selector sun.nio.ch.KQueueSelectorImpl@6c63a39b processing 0 keys, 1 updates
11:58:44.125 [qtp1238339624-36] DEBUG org.eclipse.jetty.io.ManagedSelector - updateable 1
11:58:44.125 [qtp1238339624-36] DEBUG org.eclipse.jetty.io.ManagedSelector - update org.eclipse.jetty.io.ManagedSelector$CloseConnections@692fd26
11:58:44.125 [qtp1238339624-35] DEBUG org.eclipse.jetty.io.ChannelEndPoint - doClose NetworkTrafficSocketChannelEndPoint@3efc2d0e{l=/127.0.0.1:8081,r=/127.0.0.1:56542,CLOSED,fill=-,flush=-,to=1/30000}{io=0/0,kio=0,kro=1}->HttpConnection@6292b048[p=HttpParser{s=CLOSED,0 of -1},g=HttpGenerator@4937a9e6{s=START}]=>HttpChannelOverHttp@77d06945{s=HttpChannelState@6e30ee2f{s=IDLE rs=BLOCKING os=OPEN is=IDLE awp=false se=false i=true al=0},r=1,c=false/false,a=IDLE,uri=null,age=0}
11:58:44.125 [qtp1238339624-36] DEBUG org.eclipse.jetty.io.ManagedSelector - Closing 1 connections on ManagedSelector@7ce4de34{STOPPING} id=1 keys=1 selected=0 updates=0
11:58:44.125 [qtp1238339624-35] DEBUG org.eclipse.jetty.io.FillInterest - onClose FillInterest@209f7779{null}
11:58:44.125 [qtp1238339624-35] DEBUG org.eclipse.jetty.io.ManagedSelector - Wakeup ManagedSelector@7d0cc890{STARTED} id=0 keys=1 selected=0 updates=0
11:58:44.125 [qtp1238339624-35] DEBUG org.eclipse.jetty.util.thread.QueuedThreadPool - queue org.eclipse.jetty.io.ManagedSelector$DestroyEndPoint@31b93fe1 startThread=0
11:58:44.125 [qtp1238339624-41] DEBUG org.eclipse.jetty.io.ManagedSelector - Selector sun.nio.ch.KQueueSelectorImpl@36d5d993 woken with none selected
11:58:44.125 [qtp1238339624-36] DEBUG org.eclipse.jetty.io.AbstractEndPoint - close NetworkTrafficSocketChannelEndPoint@45ab6351{l=/127.0.0.1:8081,r=/127.0.0.1:56541,OPEN,fill=FI,flush=-,to=13/30000}{io=1/1,kio=1,kro=1}->HttpConnection@147ed45f[p=HttpParser{s=START,0 of -1},g=HttpGenerator@6cd4a622{s=START}]=>HttpChannelOverHttp@4f530821{s=HttpChannelState@a518faf{s=IDLE rs=BLOCKING os=OPEN is=IDLE awp=false se=false i=true al=0},r=1,c=false/false,a=IDLE,uri=null,age=0}
11:58:44.125 [qtp1238339624-41] DEBUG org.eclipse.jetty.io.ManagedSelector - Selector sun.nio.ch.KQueueSelectorImpl@36d5d993 woken up from select, 0/0/0 selected
11:58:44.125 [qtp1238339624-40] DEBUG org.eclipse.jetty.util.thread.QueuedThreadPool - run org.eclipse.jetty.io.ManagedSelector$DestroyEndPoint@31b93fe1 in QueuedThreadPool[qtp1238339624]@49cf9028{STARTED,8<=8<=14,i=3,r=1,q=0}[ReservedThreadExecutor@bb9ab64{s=1/1,p=0}]
11:58:44.125 [qtp1238339624-41] DEBUG org.eclipse.jetty.io.ManagedSelector - Selector sun.nio.ch.KQueueSelectorImpl@36d5d993 processing 0 keys, 0 updates
11:58:44.125 [qtp1238339624-41] DEBUG org.eclipse.jetty.io.ManagedSelector - updateable 0
11:58:44.126 [qtp1238339624-41] DEBUG org.eclipse.jetty.io.ManagedSelector - updates 0
11:58:44.126 [qtp1238339624-41] DEBUG org.eclipse.jetty.io.ManagedSelector - Selector sun.nio.ch.KQueueSelectorImpl@36d5d993 waiting with 0 keys
11:58:44.126 [qtp1238339624-35] DEBUG org.eclipse.jetty.server.HttpConnection - HttpConnection@6292b048::NetworkTrafficSocketChannelEndPoint@3efc2d0e{l=/127.0.0.1:8081,r=/127.0.0.1:56542,CLOSED,fill=-,flush=-,to=2/30000}{io=0/0,kio=-1,kro=-1}->HttpConnection@6292b048[p=HttpParser{s=CLOSED,0 of -1},g=HttpGenerator@4937a9e6{s=START}]=>HttpChannelOverHttp@77d06945{s=HttpChannelState@6e30ee2f{s=IDLE rs=BLOCKING os=OPEN is=IDLE awp=false se=false i=true al=0},r=1,c=false/false,a=IDLE,uri=null,age=0} parsed false HttpParser{s=CLOSED,0 of -1}
11:58:44.126 [qtp1238339624-40] DEBUG org.eclipse.jetty.io.ManagedSelector - Destroyed NetworkTrafficSocketChannelEndPoint@3efc2d0e{l=/127.0.0.1:8081,r=/127.0.0.1:56542,CLOSED,fill=-,flush=-,to=2/30000}{io=0/0,kio=-1,kro=-1}->HttpConnection@6292b048[p=HttpParser{s=CLOSED,0 of -1},g=HttpGenerator@4937a9e6{s=START}]=>HttpChannelOverHttp@77d06945{s=HttpChannelState@6e30ee2f{s=IDLE rs=BLOCKING os=OPEN is=IDLE awp=false se=false i=true al=0},r=1,c=false/false,a=IDLE,uri=null,age=0}
11:58:44.126 [qtp1238339624-36] DEBUG org.eclipse.jetty.io.AbstractEndPoint - close(null) NetworkTrafficSocketChannelEndPoint@45ab6351{l=/127.0.0.1:8081,r=/127.0.0.1:56541,OPEN,fill=FI,flush=-,to=13/30000}{io=1/1,kio=1,kro=1}->HttpConnection@147ed45f[p=HttpParser{s=START,0 of -1},g=HttpGenerator@6cd4a622{s=START}]=>HttpChannelOverHttp@4f530821{s=HttpChannelState@a518faf{s=IDLE rs=BLOCKING os=OPEN is=IDLE awp=false se=false i=true al=0},r=1,c=false/false,a=IDLE,uri=null,age=0}
11:58:44.126 [qtp1238339624-35] DEBUG org.eclipse.jetty.server.HttpConnection - releaseRequestBuffer HttpConnection@6292b048::NetworkTrafficSocketChannelEndPoint@3efc2d0e{l=/127.0.0.1:8081,r=/127.0.0.1:56542,CLOSED,fill=-,flush=-,to=2/30000}{io=0/0,kio=-1,kro=-1}->HttpConnection@6292b048[p=HttpParser{s=CLOSED,0 of -1},g=HttpGenerator@4937a9e6{s=START}]=>HttpChannelOverHttp@77d06945{s=HttpChannelState@6e30ee2f{s=IDLE rs=BLOCKING os=OPEN is=IDLE awp=false se=false i=true al=0},r=1,c=false/false,a=IDLE,uri=null,age=0}
11:58:44.126 [qtp1238339624-40] DEBUG org.eclipse.jetty.io.AbstractConnection - onClose HttpConnection@6292b048::NetworkTrafficSocketChannelEndPoint@3efc2d0e{l=/127.0.0.1:8081,r=/127.0.0.1:56542,CLOSED,fill=-,flush=-,to=2/30000}{io=0/0,kio=-1,kro=-1}->HttpConnection@6292b048[p=HttpParser{s=CLOSED,0 of -1},g=HttpGenerator@4937a9e6{s=START}]=>HttpChannelOverHttp@77d06945{s=HttpChannelState@6e30ee2f{s=IDLE rs=BLOCKING os=OPEN is=IDLE awp=false se=false i=true al=0},r=1,c=false/false,a=IDLE,uri=null,age=0}
11:58:44.126 [qtp1238339624-36] DEBUG org.eclipse.jetty.io.ChannelEndPoint - doClose NetworkTrafficSocketChannelEndPoint@45ab6351{l=/127.0.0.1:8081,r=/127.0.0.1:56541,CLOSED,fill=FI,flush=-,to=13/30000}{io=1/1,kio=1,kro=1}->HttpConnection@147ed45f[p=HttpParser{s=START,0 of -1},g=HttpGenerator@6cd4a622{s=START}]=>HttpChannelOverHttp@4f530821{s=HttpChannelState@a518faf{s=IDLE rs=BLOCKING os=OPEN is=IDLE awp=false se=false i=true al=0},r=1,c=false/false,a=IDLE,uri=null,age=0}
11:58:44.126 [qtp1238339624-35] DEBUG org.eclipse.jetty.io.AbstractEndPoint - shutdownOutput NetworkTrafficSocketChannelEndPoint@3efc2d0e{l=/127.0.0.1:8081,r=/127.0.0.1:56542,CLOSED,fill=-,flush=-,to=2/30000}{io=0/0,kio=-1,kro=-1}->HttpConnection@6292b048[p=HttpParser{s=CLOSED,0 of -1},g=HttpGenerator@4937a9e6{s=START}]=>HttpChannelOverHttp@77d06945{s=HttpChannelState@6e30ee2f{s=IDLE rs=BLOCKING os=OPEN is=IDLE awp=false se=false i=true al=0},r=1,c=false/false,a=IDLE,uri=null,age=0}
11:58:44.126 [qtp1238339624-40] DEBUG org.eclipse.jetty.util.thread.QueuedThreadPool - ran org.eclipse.jetty.io.ManagedSelector$DestroyEndPoint@31b93fe1 in QueuedThreadPool[qtp1238339624]@49cf9028{STARTED,8<=8<=14,i=3,r=1,q=0}[ReservedThreadExecutor@bb9ab64{s=1/1,p=0}]
11:58:44.126 [qtp1238339624-35] DEBUG org.eclipse.jetty.server.HttpConnection - HttpConnection@6292b048::NetworkTrafficSocketChannelEndPoint@3efc2d0e{l=/127.0.0.1:8081,r=/127.0.0.1:56542,CLOSED,fill=-,flush=-,to=2/30000}{io=0/0,kio=-1,kro=-1}->HttpConnection@6292b048[p=HttpParser{s=CLOSED,0 of -1},g=HttpGenerator@4937a9e6{s=START}]=>HttpChannelOverHttp@77d06945{s=HttpChannelState@6e30ee2f{s=IDLE rs=BLOCKING os=OPEN is=IDLE awp=false se=false i=true al=0},r=1,c=false/false,a=IDLE,uri=null,age=0} onFillable exit HttpChannelState@6e30ee2f{s=IDLE rs=BLOCKING os=OPEN is=IDLE awp=false se=false i=true al=0} null
11:58:44.126 [qtp1238339624-35] DEBUG org.eclipse.jetty.util.thread.QueuedThreadPool - ran org.eclipse.jetty.io.ManagedSelector$$Lambda$427/0x0000000122226bb8@67b7c170 in QueuedThreadPool[qtp1238339624]@49cf9028{STARTED,8<=8<=14,i=4,r=1,q=0}[ReservedThreadExecutor@bb9ab64{s=1/1,p=0}]
11:58:44.126 [qtp1238339624-36] DEBUG org.eclipse.jetty.io.FillInterest - onClose FillInterest@6a7e70e0{AC.ReadCB@147ed45f{HttpConnection@147ed45f::NetworkTrafficSocketChannelEndPoint@45ab6351{l=/127.0.0.1:8081,r=/127.0.0.1:56541,CLOSED,fill=FI,flush=-,to=14/30000}{io=1/1,kio=-1,kro=-1}->HttpConnection@147ed45f[p=HttpParser{s=START,0 of -1},g=HttpGenerator@6cd4a622{s=START}]=>HttpChannelOverHttp@4f530821{s=HttpChannelState@a518faf{s=IDLE rs=BLOCKING os=OPEN is=IDLE awp=false se=false i=true al=0},r=1,c=false/false,a=IDLE,uri=null,age=0}}}
11:58:44.126 [qtp1238339624-36] DEBUG org.eclipse.jetty.http.HttpParser - close HttpParser{s=START,0 of -1}
11:58:44.126 [qtp1238339624-36] DEBUG org.eclipse.jetty.http.HttpParser - START --> CLOSE
11:58:44.127 [qtp1238339624-36] DEBUG org.eclipse.jetty.io.AbstractConnection - HttpConnection@147ed45f::NetworkTrafficSocketChannelEndPoint@45ab6351{l=/127.0.0.1:8081,r=/127.0.0.1:56541,CLOSED,fill=-,flush=-,to=14/30000}{io=1/1,kio=-1,kro=-1}->HttpConnection@147ed45f[p=HttpParser{s=CLOSE,0 of -1},g=HttpGenerator@6cd4a622{s=START}]=>HttpChannelOverHttp@4f530821{s=HttpChannelState@a518faf{s=IDLE rs=BLOCKING os=OPEN is=IDLE awp=false se=false i=true al=0},r=1,c=false/false,a=IDLE,uri=null,age=0} onFillInterestedFailed {}
11:58:44.127 [qtp1238339624-36] DEBUG org.eclipse.jetty.io.ManagedSelector - Wakeup ManagedSelector@7ce4de34{STOPPING} id=1 keys=1 selected=0 updates=0
11:58:44.127 [qtp1238339624-36] DEBUG org.eclipse.jetty.util.thread.QueuedThreadPool - queue org.eclipse.jetty.io.ManagedSelector$DestroyEndPoint@23994a5c startThread=0
11:58:44.127 [qtp1238339624-36] DEBUG org.eclipse.jetty.io.ManagedSelector - updates 0
11:58:44.127 [qtp1238339624-39] DEBUG org.eclipse.jetty.util.thread.QueuedThreadPool - run org.eclipse.jetty.io.ManagedSelector$DestroyEndPoint@23994a5c in QueuedThreadPool[qtp1238339624]@49cf9028{STARTED,8<=8<=14,i=4,r=1,q=0}[ReservedThreadExecutor@bb9ab64{s=1/1,p=0}]
11:58:44.127 [qtp1238339624-36] DEBUG org.eclipse.jetty.io.ManagedSelector - Selector sun.nio.ch.KQueueSelectorImpl@6c63a39b waiting with 1 keys
11:58:44.127 [Test worker] DEBUG org.eclipse.jetty.io.ManagedSelector - Queued change lazy=false org.eclipse.jetty.io.ManagedSelector$StopSelector@36f1046f on ManagedSelector@7ce4de34{STOPPING} id=1 keys=1 selected=0 updates=0
11:58:44.127 [Test worker] DEBUG org.eclipse.jetty.io.ManagedSelector - Wakeup on submit ManagedSelector@7ce4de34{STOPPING} id=1 keys=0 selected=0 updates=1
11:58:44.127 [qtp1238339624-39] DEBUG org.eclipse.jetty.io.ManagedSelector - Destroyed NetworkTrafficSocketChannelEndPoint@45ab6351{l=/127.0.0.1:8081,r=/127.0.0.1:56541,CLOSED,fill=-,flush=-,to=14/30000}{io=1/1,kio=-1,kro=-1}->HttpConnection@147ed45f[p=HttpParser{s=CLOSE,0 of -1},g=HttpGenerator@6cd4a622{s=START}]=>HttpChannelOverHttp@4f530821{s=HttpChannelState@a518faf{s=IDLE rs=BLOCKING os=OPEN is=IDLE awp=false se=false i=true al=0},r=1,c=false/false,a=IDLE,uri=null,age=0}
11:58:44.127 [qtp1238339624-36] DEBUG org.eclipse.jetty.io.ManagedSelector - Selector sun.nio.ch.KQueueSelectorImpl@6c63a39b woken with none selected
11:58:44.127 [qtp1238339624-36] DEBUG org.eclipse.jetty.io.ManagedSelector - Selector sun.nio.ch.KQueueSelectorImpl@6c63a39b woken up from select, 0/0/0 selected
11:58:44.127 [qtp1238339624-36] DEBUG org.eclipse.jetty.io.ManagedSelector - Selector sun.nio.ch.KQueueSelectorImpl@6c63a39b processing 0 keys, 1 updates
11:58:44.127 [qtp1238339624-36] DEBUG org.eclipse.jetty.io.ManagedSelector - updateable 1
11:58:44.127 [qtp1238339624-36] DEBUG org.eclipse.jetty.io.ManagedSelector - update org.eclipse.jetty.io.ManagedSelector$StopSelector@36f1046f
11:58:44.127 [qtp1238339624-39] DEBUG org.eclipse.jetty.io.AbstractConnection - onClose HttpConnection@147ed45f::NetworkTrafficSocketChannelEndPoint@45ab6351{l=/127.0.0.1:8081,r=/127.0.0.1:56541,CLOSED,fill=-,flush=-,to=15/30000}{io=1/1,kio=-1,kro=-1}->HttpConnection@147ed45f[p=HttpParser{s=CLOSE,0 of -1},g=HttpGenerator@6cd4a622{s=START}]=>HttpChannelOverHttp@4f530821{s=HttpChannelState@a518faf{s=IDLE rs=BLOCKING os=OPEN is=IDLE awp=false se=false i=true al=0},r=1,c=false/false,a=IDLE,uri=null,age=0}
11:58:44.127 [qtp1238339624-36] DEBUG org.eclipse.jetty.io.ManagedSelector - updates 0
11:58:44.127 [qtp1238339624-36] DEBUG org.eclipse.jetty.util.thread.QueuedThreadPool - ran org.eclipse.jetty.io.ManagedSelector$$Lambda$427/0x0000000122226bb8@889d9e8 in QueuedThreadPool[qtp1238339624]@49cf9028{STARTED,8<=8<=14,i=4,r=1,q=0}[ReservedThreadExecutor@bb9ab64{s=1/1,p=0}]
11:58:44.127 [qtp1238339624-39] DEBUG org.eclipse.jetty.util.thread.QueuedThreadPool - ran org.eclipse.jetty.io.ManagedSelector$DestroyEndPoint@23994a5c in QueuedThreadPool[qtp1238339624]@49cf9028{STARTED,8<=8<=14,i=4,r=1,q=0}[ReservedThreadExecutor@bb9ab64{s=1/1,p=0}]
11:58:44.127 [Test worker] DEBUG org.eclipse.jetty.util.component.AbstractLifeCycle - stopping EatWhatYouKill@49293b43/SelectorProducer@5ff60a8c/IDLE/p=false/QueuedThreadPool[qtp1238339624]@49cf9028{STARTED,8<=8<=14,i=4,r=1,q=0}[ReservedThreadExecutor@bb9ab64{s=1/1,p=0}][pc=0,pic=0,pec=1,epc=0]@2024-05-10T11:58:44.127856+01:00
11:58:44.128 [Test worker] DEBUG org.eclipse.jetty.util.component.AbstractLifeCycle - STOPPED EatWhatYouKill@49293b43/SelectorProducer@5ff60a8c/IDLE/p=false/QueuedThreadPool[qtp1238339624]@49cf9028{STARTED,8<=8<=14,i=6,r=1,q=0}[ReservedThreadExecutor@bb9ab64{s=1/1,p=0}][pc=0,pic=0,pec=1,epc=0]@2024-05-10T11:58:44.128138+01:00
11:58:44.128 [Test worker] DEBUG org.eclipse.jetty.util.component.AbstractLifeCycle - STOPPED ManagedSelector@7ce4de34{STOPPED} id=1 keys=-1 selected=-1 updates=0
11:58:44.128 [Test worker] DEBUG org.eclipse.jetty.util.component.AbstractLifeCycle - stopping ManagedSelector@7d0cc890{STARTED} id=0 keys=0 selected=0 updates=0
11:58:44.128 [Test worker] DEBUG org.eclipse.jetty.io.ManagedSelector - Queued change lazy=false org.eclipse.jetty.io.ManagedSelector$CloseConnections@56d93692 on ManagedSelector@7d0cc890{STOPPING} id=0 keys=0 selected=0 updates=0
11:58:44.128 [Test worker] DEBUG org.eclipse.jetty.io.ManagedSelector - Wakeup on submit ManagedSelector@7d0cc890{STOPPING} id=0 keys=0 selected=0 updates=1
11:58:44.128 [qtp1238339624-41] DEBUG org.eclipse.jetty.io.ManagedSelector - Selector sun.nio.ch.KQueueSelectorImpl@36d5d993 woken with none selected
11:58:44.128 [qtp1238339624-41] DEBUG org.eclipse.jetty.io.ManagedSelector - Selector sun.nio.ch.KQueueSelectorImpl@36d5d993 woken up from select, 0/0/0 selected
11:58:44.128 [qtp1238339624-41] DEBUG org.eclipse.jetty.io.ManagedSelector - Selector sun.nio.ch.KQueueSelectorImpl@36d5d993 processing 0 keys, 1 updates
11:58:44.128 [qtp1238339624-41] DEBUG org.eclipse.jetty.io.ManagedSelector - updateable 1
11:58:44.128 [qtp1238339624-41] DEBUG org.eclipse.jetty.io.ManagedSelector - update org.eclipse.jetty.io.ManagedSelector$CloseConnections@56d93692
11:58:44.128 [qtp1238339624-41] DEBUG org.eclipse.jetty.io.ManagedSelector - Closing 0 connections on ManagedSelector@7d0cc890{STOPPING} id=0 keys=0 selected=0 updates=0
11:58:44.128 [qtp1238339624-41] DEBUG org.eclipse.jetty.io.ManagedSelector - updates 0
11:58:44.128 [qtp1238339624-41] DEBUG org.eclipse.jetty.io.ManagedSelector - Selector sun.nio.ch.KQueueSelectorImpl@36d5d993 waiting with 0 keys
11:58:44.129 [Test worker] DEBUG org.eclipse.jetty.io.ManagedSelector - Queued change lazy=false org.eclipse.jetty.io.ManagedSelector$StopSelector@1686f0b4 on ManagedSelector@7d0cc890{STOPPING} id=0 keys=0 selected=0 updates=0
11:58:44.129 [Test worker] DEBUG org.eclipse.jetty.io.ManagedSelector - Wakeup on submit ManagedSelector@7d0cc890{STOPPING} id=0 keys=0 selected=0 updates=1
11:58:44.129 [qtp1238339624-41] DEBUG org.eclipse.jetty.io.ManagedSelector - Selector sun.nio.ch.KQueueSelectorImpl@36d5d993 woken with none selected
11:58:44.129 [qtp1238339624-41] DEBUG org.eclipse.jetty.io.ManagedSelector - Selector sun.nio.ch.KQueueSelectorImpl@36d5d993 woken up from select, 0/0/0 selected
11:58:44.129 [qtp1238339624-41] DEBUG org.eclipse.jetty.io.ManagedSelector - Selector sun.nio.ch.KQueueSelectorImpl@36d5d993 processing 0 keys, 1 updates
11:58:44.129 [qtp1238339624-41] DEBUG org.eclipse.jetty.io.ManagedSelector - updateable 1
11:58:44.129 [qtp1238339624-41] DEBUG org.eclipse.jetty.io.ManagedSelector - update org.eclipse.jetty.io.ManagedSelector$StopSelector@1686f0b4
11:58:44.129 [qtp1238339624-41] DEBUG org.eclipse.jetty.io.ManagedSelector - updates 0
11:58:44.129 [Test worker] DEBUG org.eclipse.jetty.util.component.AbstractLifeCycle - stopping EatWhatYouKill@3b05a99b/SelectorProducer@2c43eb8/PRODUCING/p=false/QueuedThreadPool[qtp1238339624]@49cf9028{STARTED,8<=8<=14,i=6,r=1,q=0}[ReservedThreadExecutor@bb9ab64{s=1/1,p=0}][pc=0,pic=0,pec=0,epc=1]@2024-05-10T11:58:44.12952+01:00
11:58:44.129 [qtp1238339624-41] DEBUG org.eclipse.jetty.util.thread.ReservedThreadExecutor - ReservedThreadExecutor@bb9ab64{s=1/1,p=0}@669bc8eb size 1 > capacity
11:58:44.129 [qtp1238339624-41] DEBUG org.eclipse.jetty.util.thread.QueuedThreadPool - ran ReservedThreadExecutor@bb9ab64{s=1/1,p=0}@669bc8eb in QueuedThreadPool[qtp1238339624]@49cf9028{STARTED,8<=8<=14,i=6,r=1,q=0}[ReservedThreadExecutor@bb9ab64{s=1/1,p=0}]
11:58:44.129 [Test worker] DEBUG org.eclipse.jetty.util.component.AbstractLifeCycle - STOPPED EatWhatYouKill@3b05a99b/SelectorProducer@2c43eb8/IDLE/p=false/QueuedThreadPool[qtp1238339624]@49cf9028{STARTED,8<=8<=14,i=6,r=1,q=0}[ReservedThreadExecutor@bb9ab64{s=1/1,p=0}][pc=0,pic=0,pec=0,epc=1]@2024-05-10T11:58:44.129679+01:00
11:58:44.129 [Test worker] DEBUG org.eclipse.jetty.util.component.AbstractLifeCycle - STOPPED ManagedSelector@7d0cc890{STOPPED} id=0 keys=-1 selected=-1 updates=0
11:58:44.129 [Test worker] DEBUG org.eclipse.jetty.util.component.AbstractLifeCycle - STOPPED SelectorManager@NetworkTrafficServerConnector@6fd5717c{HTTP/1.1, (http/1.1)}{0.0.0.0:8081}
11:58:44.129 [Test worker] DEBUG org.eclipse.jetty.util.component.AbstractLifeCycle - stopping HttpConnectionFactory@11a00961[HTTP/1.1]
11:58:44.129 [Test worker] DEBUG org.eclipse.jetty.util.component.AbstractLifeCycle - STOPPED HttpConnectionFactory@11a00961[HTTP/1.1]
11:58:44.129 [Test worker] DEBUG org.eclipse.jetty.util.component.AbstractLifeCycle - stopping ScheduledExecutorScheduler@7e2f86e6{STARTED}
11:58:44.129 [Test worker] DEBUG org.eclipse.jetty.util.component.AbstractLifeCycle - STOPPED ScheduledExecutorScheduler@7e2f86e6{STOPPED}
11:58:44.130 [Test worker] INFO org.eclipse.jetty.server.AbstractConnector - Stopped NetworkTrafficServerConnector@6fd5717c{HTTP/1.1, (http/1.1)}{0.0.0.0:8081}
11:58:44.130 [Test worker] DEBUG org.eclipse.jetty.util.component.AbstractLifeCycle - STOPPED NetworkTrafficServerConnector@6fd5717c{HTTP/1.1, (http/1.1)}{0.0.0.0:8081}
11:58:44.130 [Test worker] DEBUG org.eclipse.jetty.server.handler.AbstractHandler - stopping Server@2b61a019{STOPPING}[9.4.31.v20200723]
11:58:44.130 [Test worker] DEBUG org.eclipse.jetty.util.component.AbstractLifeCycle - stopping ErrorHandler@76c52298{STARTED}
11:58:44.130 [Test worker] DEBUG org.eclipse.jetty.server.handler.AbstractHandler - stopping ErrorHandler@76c52298{STOPPING}
11:58:44.130 [Test worker] DEBUG org.eclipse.jetty.util.component.AbstractLifeCycle - STOPPED ErrorHandler@76c52298{STOPPED}
11:58:44.130 [Test worker] DEBUG org.eclipse.jetty.util.component.AbstractLifeCycle - stopping HandlerCollection@79b08632{STARTED}
11:58:44.130 [Test worker] DEBUG org.eclipse.jetty.server.handler.AbstractHandler - stopping HandlerCollection@79b08632{STOPPING}
11:58:44.130 [Test worker] DEBUG org.eclipse.jetty.util.component.AbstractLifeCycle - stopping GzipHandler@787f32b7{STARTED,min=32,inflate=-1}
11:58:44.130 [Test worker] DEBUG org.eclipse.jetty.server.handler.AbstractHandler - stopping GzipHandler@787f32b7{STOPPING,min=32,inflate=-1}
11:58:44.130 [Test worker] DEBUG org.eclipse.jetty.util.component.AbstractLifeCycle - stopping o.e.j.s.ServletContextHandler@50194e8d{/,null,SHUTDOWN}
11:58:44.130 [Test worker] DEBUG org.eclipse.jetty.server.handler.AbstractHandlerContainer - Graceful shutdown o.e.j.s.ServletContextHandler@50194e8d{/,null,SHUTDOWN} by 
11:58:44.130 [Test worker] DEBUG org.eclipse.jetty.server.handler.AbstractHandler - stopping o.e.j.s.ServletContextHandler@50194e8d{/,null,UNAVAILABLE}
11:58:44.130 [Test worker] DEBUG org.eclipse.jetty.util.component.AbstractLifeCycle - stopping NotFoundHandler@2764c546{STARTED}
11:58:44.130 [Test worker] DEBUG org.eclipse.jetty.server.handler.AbstractHandler - stopping NotFoundHandler@2764c546{STOPPING}
11:58:44.130 [Test worker] DEBUG org.eclipse.jetty.util.component.AbstractLifeCycle - STOPPED NotFoundHandler@2764c546{STOPPED}
11:58:44.130 [Test worker] DEBUG org.eclipse.jetty.util.component.AbstractLifeCycle - stopping ServletHandler@290aeb20{STARTED}
11:58:44.130 [Test worker] DEBUG org.eclipse.jetty.server.handler.AbstractHandler - stopping ServletHandler@290aeb20{STOPPING}
11:58:44.130 [Test worker] DEBUG org.eclipse.jetty.util.component.AbstractLifeCycle - stopping com.github.tomakehurst.wiremock.servlet.TrailingSlashFilter-408b87aa@408b87aa==com.github.tomakehurst.wiremock.servlet.TrailingSlashFilter,inst=true,async=true
11:58:44.130 [Test worker] DEBUG org.eclipse.jetty.util.component.AbstractLifeCycle - STOPPED com.github.tomakehurst.wiremock.servlet.TrailingSlashFilter-408b87aa@408b87aa==com.github.tomakehurst.wiremock.servlet.TrailingSlashFilter,inst=false,async=true
11:58:44.130 [Test worker] DEBUG org.eclipse.jetty.util.component.AbstractLifeCycle - stopping com.github.tomakehurst.wiremock.servlet.ContentTypeSettingFilter-59496961@59496961==com.github.tomakehurst.wiremock.servlet.ContentTypeSettingFilter,inst=true,async=true
11:58:44.130 [Test worker] DEBUG org.eclipse.jetty.util.component.AbstractLifeCycle - STOPPED com.github.tomakehurst.wiremock.servlet.ContentTypeSettingFilter-59496961@59496961==com.github.tomakehurst.wiremock.servlet.ContentTypeSettingFilter,inst=false,async=true
11:58:44.130 [Test worker] DEBUG org.eclipse.jetty.util.component.AbstractLifeCycle - stopping com.github.tomakehurst.wiremock.servlet.WireMockHandlerDispatchingServlet-69da0b12@bf3f6c21==com.github.tomakehurst.wiremock.servlet.WireMockHandlerDispatchingServlet,jsp=null,order=-1,inst=true,async=true
11:58:44.130 [Test worker] DEBUG org.eclipse.jetty.util.component.AbstractLifeCycle - STOPPED com.github.tomakehurst.wiremock.servlet.WireMockHandlerDispatchingServlet-69da0b12@bf3f6c21==com.github.tomakehurst.wiremock.servlet.WireMockHandlerDispatchingServlet,jsp=null,order=-1,inst=false,async=true
11:58:44.130 [Test worker] DEBUG org.eclipse.jetty.util.component.AbstractLifeCycle - stopping org.eclipse.jetty.servlet.DefaultServlet-73ad4ecc@871a2e6f==org.eclipse.jetty.servlet.DefaultServlet,jsp=null,order=-1,inst=false,async=true
11:58:44.131 [Test worker] DEBUG org.eclipse.jetty.util.component.AbstractLifeCycle - STOPPED org.eclipse.jetty.servlet.DefaultServlet-73ad4ecc@871a2e6f==org.eclipse.jetty.servlet.DefaultServlet,jsp=null,order=-1,inst=false,async=true
11:58:44.131 [Test worker] DEBUG org.eclipse.jetty.util.component.AbstractLifeCycle - STOPPED ServletHandler@290aeb20{STOPPED}
11:58:44.131 [Test worker] INFO org.eclipse.jetty.server.handler.ContextHandler - Stopped o.e.j.s.ServletContextHandler@50194e8d{/,null,UNAVAILABLE}
11:58:44.131 [Test worker] DEBUG org.eclipse.jetty.util.component.AbstractLifeCycle - STOPPED o.e.j.s.ServletContextHandler@50194e8d{/,null,UNAVAILABLE}
11:58:44.131 [Test worker] DEBUG org.eclipse.jetty.util.component.AbstractLifeCycle - STOPPED GzipHandler@787f32b7{STOPPED,min=32,inflate=-1}
11:58:44.131 [Test worker] DEBUG org.eclipse.jetty.util.component.AbstractLifeCycle - stopping o.e.j.s.ServletContextHandler@17b64941{/__admin,null,SHUTDOWN}
11:58:44.131 [Test worker] DEBUG org.eclipse.jetty.server.handler.AbstractHandlerContainer - Graceful shutdown o.e.j.s.ServletContextHandler@17b64941{/__admin,null,SHUTDOWN} by 
11:58:44.131 [Test worker] DEBUG org.eclipse.jetty.server.handler.AbstractHandler - stopping o.e.j.s.ServletContextHandler@17b64941{/__admin,null,UNAVAILABLE}
11:58:44.131 [Test worker] DEBUG org.eclipse.jetty.util.component.AbstractLifeCycle - stopping ServletHandler@5136207f{STARTED}
11:58:44.131 [Test worker] DEBUG org.eclipse.jetty.server.handler.AbstractHandler - stopping ServletHandler@5136207f{STOPPING}
11:58:44.131 [Test worker] DEBUG org.eclipse.jetty.util.component.AbstractLifeCycle - stopping org.eclipse.jetty.servlets.CrossOriginFilter-5411dd90@5411dd90==org.eclipse.jetty.servlets.CrossOriginFilter,inst=true,async=true
11:58:44.131 [Test worker] DEBUG org.eclipse.jetty.util.component.AbstractLifeCycle - STOPPED org.eclipse.jetty.servlets.CrossOriginFilter-5411dd90@5411dd90==org.eclipse.jetty.servlets.CrossOriginFilter,inst=false,async=true
11:58:44.131 [Test worker] DEBUG org.eclipse.jetty.util.component.AbstractLifeCycle - stopping com.github.tomakehurst.wiremock.servlet.WireMockHandlerDispatchingServlet-344426bf@2aba4777==com.github.tomakehurst.wiremock.servlet.WireMockHandlerDispatchingServlet,jsp=null,order=-1,inst=true,async=true
11:58:44.131 [Test worker] DEBUG org.eclipse.jetty.util.component.AbstractLifeCycle - STOPPED com.github.tomakehurst.wiremock.servlet.WireMockHandlerDispatchingServlet-344426bf@2aba4777==com.github.tomakehurst.wiremock.servlet.WireMockHandlerDispatchingServlet,jsp=null,order=-1,inst=false,async=true
11:58:44.131 [Test worker] DEBUG org.eclipse.jetty.util.component.AbstractLifeCycle - stopping org.eclipse.jetty.servlet.DefaultServlet-3fdecce@a0bb8632==org.eclipse.jetty.servlet.DefaultServlet,jsp=null,order=-1,inst=false,async=true
11:58:44.131 [Test worker] DEBUG org.eclipse.jetty.util.component.AbstractLifeCycle - STOPPED org.eclipse.jetty.servlet.DefaultServlet-3fdecce@a0bb8632==org.eclipse.jetty.servlet.DefaultServlet,jsp=null,order=-1,inst=false,async=true
11:58:44.131 [Test worker] DEBUG org.eclipse.jetty.util.component.AbstractLifeCycle - stopping org.eclipse.jetty.servlet.DefaultServlet-26a4551a@1bc251c6==org.eclipse.jetty.servlet.DefaultServlet,jsp=null,order=-1,inst=false,async=true
11:58:44.131 [Test worker] DEBUG org.eclipse.jetty.util.component.AbstractLifeCycle - STOPPED org.eclipse.jetty.servlet.DefaultServlet-26a4551a@1bc251c6==org.eclipse.jetty.servlet.DefaultServlet,jsp=null,order=-1,inst=false,async=true
11:58:44.131 [Test worker] DEBUG org.eclipse.jetty.util.component.AbstractLifeCycle - STOPPED ServletHandler@5136207f{STOPPED}
11:58:44.131 [Test worker] INFO org.eclipse.jetty.server.handler.ContextHandler - Stopped o.e.j.s.ServletContextHandler@17b64941{/__admin,null,UNAVAILABLE}
11:58:44.131 [Test worker] DEBUG org.eclipse.jetty.util.component.AbstractLifeCycle - STOPPED o.e.j.s.ServletContextHandler@17b64941{/__admin,null,UNAVAILABLE}
11:58:44.131 [Test worker] DEBUG org.eclipse.jetty.util.component.AbstractLifeCycle - STOPPED HandlerCollection@79b08632{STOPPED}
11:58:44.131 [Test worker] DEBUG org.eclipse.jetty.util.component.AbstractLifeCycle - stopping QueuedThreadPool[qtp1238339624]@49cf9028{STARTED,8<=8<=14,i=7,r=1,q=0}[ReservedThreadExecutor@bb9ab64{s=1/1,p=0}]
11:58:44.131 [Test worker] DEBUG org.eclipse.jetty.util.thread.QueuedThreadPool - Stopping QueuedThreadPool[qtp1238339624]@49cf9028{STOPPING,8<=8<=14,i=7,r=-1,q=0}[ReservedThreadExecutor@bb9ab64{s=1/1,p=0}]
11:58:44.132 [Test worker] DEBUG org.eclipse.jetty.util.component.AbstractLifeCycle - stopping ReservedThreadExecutor@bb9ab64{s=1/1,p=0}
11:58:44.132 [Test worker] DEBUG org.eclipse.jetty.util.thread.ReservedThreadExecutor - ReservedThreadExecutor@bb9ab64{s=0/1,p=0}@3c2db2e3 offer STOP!
11:58:44.132 [Test worker] DEBUG org.eclipse.jetty.util.component.AbstractLifeCycle - STOPPED ReservedThreadExecutor@bb9ab64{s=-1/1,p=0}
11:58:44.132 [qtp1238339624-42] DEBUG org.eclipse.jetty.util.thread.ReservedThreadExecutor - ReservedThreadExecutor@bb9ab64{s=-1/1,p=0}@3c2db2e3 task=STOP!
11:58:44.132 [Test worker] DEBUG org.eclipse.jetty.util.thread.QueuedThreadPool - Waiting for Thread[qtp1238339624-39,5,main] for 499
11:58:44.132 [qtp1238339624-42] DEBUG org.eclipse.jetty.util.thread.ReservedThreadExecutor - ReservedThreadExecutor@bb9ab64{s=-1/1,p=0}@3c2db2e3 Exited
11:58:44.132 [qtp1238339624-37] DEBUG org.eclipse.jetty.util.thread.QueuedThreadPool - run org.eclipse.jetty.util.thread.QueuedThreadPool$$Lambda$409/0x00000001221f0b18@36119ddb in QueuedThreadPool[qtp1238339624]@49cf9028{STOPPING,8<=0<=14,i=7,r=-1,q=0}[NO_TRY]
11:58:44.132 [qtp1238339624-38] DEBUG org.eclipse.jetty.util.thread.QueuedThreadPool - run org.eclipse.jetty.util.thread.QueuedThreadPool$$Lambda$409/0x00000001221f0b18@36119ddb in QueuedThreadPool[qtp1238339624]@49cf9028{STOPPING,8<=0<=14,i=7,r=-1,q=0}[NO_TRY]
11:58:44.132 [qtp1238339624-40] DEBUG org.eclipse.jetty.util.thread.QueuedThreadPool - run org.eclipse.jetty.util.thread.QueuedThreadPool$$Lambda$409/0x00000001221f0b18@36119ddb in QueuedThreadPool[qtp1238339624]@49cf9028{STOPPING,8<=0<=14,i=7,r=-1,q=0}[NO_TRY]
11:58:44.132 [qtp1238339624-35] DEBUG org.eclipse.jetty.util.thread.QueuedThreadPool - run org.eclipse.jetty.util.thread.QueuedThreadPool$$Lambda$409/0x00000001221f0b18@36119ddb in QueuedThreadPool[qtp1238339624]@49cf9028{STOPPING,8<=0<=14,i=7,r=-1,q=0}[NO_TRY]
11:58:44.132 [qtp1238339624-35] DEBUG org.eclipse.jetty.util.thread.QueuedThreadPool - ran org.eclipse.jetty.util.thread.QueuedThreadPool$$Lambda$409/0x00000001221f0b18@36119ddb in QueuedThreadPool[qtp1238339624]@49cf9028{STOPPING,8<=0<=14,i=7,r=-1,q=0}[NO_TRY]
11:58:44.132 [qtp1238339624-37] DEBUG org.eclipse.jetty.util.thread.QueuedThreadPool - ran org.eclipse.jetty.util.thread.QueuedThreadPool$$Lambda$409/0x00000001221f0b18@36119ddb in QueuedThreadPool[qtp1238339624]@49cf9028{STOPPING,8<=0<=14,i=7,r=-1,q=0}[NO_TRY]
11:58:44.132 [qtp1238339624-42] DEBUG org.eclipse.jetty.util.thread.QueuedThreadPool - ran ReservedThreadExecutor@bb9ab64{s=-1/1,p=0}@3c2db2e3 in QueuedThreadPool[qtp1238339624]@49cf9028{STOPPING,8<=0<=14,i=7,r=-1,q=0}[NO_TRY]
11:58:44.132 [qtp1238339624-38] DEBUG org.eclipse.jetty.util.thread.QueuedThreadPool - ran org.eclipse.jetty.util.thread.QueuedThreadPool$$Lambda$409/0x00000001221f0b18@36119ddb in QueuedThreadPool[qtp1238339624]@49cf9028{STOPPING,8<=0<=14,i=7,r=-1,q=0}[NO_TRY]
11:58:44.132 [qtp1238339624-36] DEBUG org.eclipse.jetty.util.thread.QueuedThreadPool - run org.eclipse.jetty.util.thread.QueuedThreadPool$$Lambda$409/0x00000001221f0b18@36119ddb in QueuedThreadPool[qtp1238339624]@49cf9028{STOPPING,8<=0<=14,i=7,r=-1,q=0}[NO_TRY]
11:58:44.132 [qtp1238339624-39] DEBUG org.eclipse.jetty.util.thread.QueuedThreadPool - run org.eclipse.jetty.util.thread.QueuedThreadPool$$Lambda$409/0x00000001221f0b18@36119ddb in QueuedThreadPool[qtp1238339624]@49cf9028{STOPPING,8<=0<=14,i=7,r=-1,q=0}[NO_TRY]
11:58:44.132 [qtp1238339624-40] DEBUG org.eclipse.jetty.util.thread.QueuedThreadPool - ran org.eclipse.jetty.util.thread.QueuedThreadPool$$Lambda$409/0x00000001221f0b18@36119ddb in QueuedThreadPool[qtp1238339624]@49cf9028{STOPPING,8<=0<=14,i=7,r=-1,q=0}[NO_TRY]
11:58:44.132 [qtp1238339624-36] DEBUG org.eclipse.jetty.util.thread.QueuedThreadPool - ran org.eclipse.jetty.util.thread.QueuedThreadPool$$Lambda$409/0x00000001221f0b18@36119ddb in QueuedThreadPool[qtp1238339624]@49cf9028{STOPPING,8<=0<=14,i=7,r=-1,q=0}[NO_TRY]
11:58:44.132 [qtp1238339624-39] DEBUG org.eclipse.jetty.util.thread.QueuedThreadPool - ran org.eclipse.jetty.util.thread.QueuedThreadPool$$Lambda$409/0x00000001221f0b18@36119ddb in QueuedThreadPool[qtp1238339624]@49cf9028{STOPPING,8<=0<=14,i=7,r=-1,q=0}[NO_TRY]
11:58:44.132 [qtp1238339624-41] DEBUG org.eclipse.jetty.util.thread.QueuedThreadPool - run org.eclipse.jetty.util.thread.QueuedThreadPool$$Lambda$409/0x00000001221f0b18@36119ddb in QueuedThreadPool[qtp1238339624]@49cf9028{STOPPING,8<=0<=14,i=7,r=-1,q=0}[NO_TRY]
11:58:44.132 [qtp1238339624-35] DEBUG org.eclipse.jetty.util.thread.QueuedThreadPool - Thread[qtp1238339624-35,5,main] exited for QueuedThreadPool[qtp1238339624]@49cf9028{STOPPING,8<=0<=14,i=7,r=-1,q=0}[NO_TRY]
11:58:44.132 [qtp1238339624-36] DEBUG org.eclipse.jetty.util.thread.QueuedThreadPool - Thread[qtp1238339624-36,5,main] exited for QueuedThreadPool[qtp1238339624]@49cf9028{STOPPING,8<=0<=14,i=7,r=-1,q=0}[NO_TRY]
11:58:44.132 [qtp1238339624-37] DEBUG org.eclipse.jetty.util.thread.QueuedThreadPool - Thread[qtp1238339624-37,5,main] exited for QueuedThreadPool[qtp1238339624]@49cf9028{STOPPING,8<=0<=14,i=7,r=-1,q=0}[NO_TRY]
11:58:44.132 [qtp1238339624-42] DEBUG org.eclipse.jetty.util.thread.QueuedThreadPool - Thread[qtp1238339624-42,5,main] exited for QueuedThreadPool[qtp1238339624]@49cf9028{STOPPING,8<=0<=14,i=7,r=-1,q=0}[NO_TRY]
11:58:44.132 [qtp1238339624-38] DEBUG org.eclipse.jetty.util.thread.QueuedThreadPool - Thread[qtp1238339624-38,5,main] exited for QueuedThreadPool[qtp1238339624]@49cf9028{STOPPING,8<=0<=14,i=7,r=-1,q=0}[NO_TRY]
11:58:44.132 [qtp1238339624-40] DEBUG org.eclipse.jetty.util.thread.QueuedThreadPool - Thread[qtp1238339624-40,5,main] exited for QueuedThreadPool[qtp1238339624]@49cf9028{STOPPING,8<=0<=14,i=7,r=-1,q=0}[NO_TRY]
11:58:44.132 [qtp1238339624-39] DEBUG org.eclipse.jetty.util.thread.QueuedThreadPool - Thread[qtp1238339624-39,5,main] exited for QueuedThreadPool[qtp1238339624]@49cf9028{STOPPING,8<=0<=14,i=7,r=-1,q=0}[NO_TRY]
11:58:44.132 [qtp1238339624-41] DEBUG org.eclipse.jetty.util.thread.QueuedThreadPool - ran org.eclipse.jetty.util.thread.QueuedThreadPool$$Lambda$409/0x00000001221f0b18@36119ddb in QueuedThreadPool[qtp1238339624]@49cf9028{STOPPING,8<=0<=14,i=7,r=-1,q=0}[NO_TRY]
11:58:44.133 [Test worker] DEBUG org.eclipse.jetty.util.thread.QueuedThreadPool - Waiting for Thread[qtp1238339624-42,5,] for 499
11:58:44.133 [qtp1238339624-41] DEBUG org.eclipse.jetty.util.thread.QueuedThreadPool - Thread[qtp1238339624-41,5,main] exited for QueuedThreadPool[qtp1238339624]@49cf9028{STOPPING,8<=0<=14,i=7,r=-1,q=0}[NO_TRY]
11:58:44.133 [Test worker] DEBUG org.eclipse.jetty.util.thread.QueuedThreadPool - Waiting for Thread[qtp1238339624-41,5,main] for 499
11:58:44.133 [Test worker] DEBUG org.eclipse.jetty.util.component.AbstractLifeCycle - STOPPED QueuedThreadPool[qtp1238339624]@49cf9028{STOPPED,8<=0<=14,i=7,r=-1,q=0}[NO_TRY]
11:58:44.133 [Test worker] DEBUG org.eclipse.jetty.util.component.AbstractLifeCycle - STOPPED Server@2b61a019{STOPPED}[9.4.31.v20200723]
11:58:44.137 [Test worker] DEBUG org.eclipse.jetty.util.component.ContainerLifeCycle - Server@7a22a3c2{STOPPED}[9.4.31.v20200723] added {QueuedThreadPool[qtp899675353]@359ff4d9{STOPPED,8<=0<=14,i=0,r=-1,q=0}[NO_TRY],AUTO}
11:58:44.137 [Test worker] DEBUG org.eclipse.jetty.util.component.ContainerLifeCycle - HttpConnectionFactory@f4cfd90[HTTP/1.1] added {HttpConfiguration@7ae9a33a{32768/8192,8192/8192,https://:0,[SecureRequestCustomizer@301aa982]},POJO}
11:58:44.137 [Test worker] DEBUG org.eclipse.jetty.util.component.ContainerLifeCycle - NetworkTrafficServerConnector@5fc930f0{null, ()}{0.0.0.0:0} added {Server@7a22a3c2{STOPPED}[9.4.31.v20200723],UNMANAGED}
11:58:44.137 [Test worker] DEBUG org.eclipse.jetty.util.component.ContainerLifeCycle - NetworkTrafficServerConnector@5fc930f0{null, ()}{0.0.0.0:0} added {QueuedThreadPool[qtp899675353]@359ff4d9{STOPPED,8<=0<=14,i=0,r=-1,q=0}[NO_TRY],AUTO}
11:58:44.137 [Test worker] DEBUG org.eclipse.jetty.util.component.ContainerLifeCycle - NetworkTrafficServerConnector@5fc930f0{null, ()}{0.0.0.0:0} added {ScheduledExecutorScheduler@3701e6e4{STOPPED},AUTO}
11:58:44.137 [Test worker] DEBUG org.eclipse.jetty.util.component.ContainerLifeCycle - NetworkTrafficServerConnector@5fc930f0{null, ()}{0.0.0.0:0} added {org.eclipse.jetty.io.ArrayByteBufferPool@c6634d,POJO}
11:58:44.137 [Test worker] DEBUG org.eclipse.jetty.util.component.ContainerLifeCycle - NetworkTrafficServerConnector@5fc930f0{null, (http/1.1)}{0.0.0.0:0} added {HttpConnectionFactory@f4cfd90[HTTP/1.1],AUTO}
11:58:44.137 [Test worker] DEBUG org.eclipse.jetty.server.AbstractConnector - NetworkTrafficServerConnector@5fc930f0{HTTP/1.1, (http/1.1)}{0.0.0.0:0} added HttpConnectionFactory@f4cfd90[HTTP/1.1]
11:58:44.137 [Test worker] DEBUG org.eclipse.jetty.util.component.ContainerLifeCycle - NetworkTrafficServerConnector@5fc930f0{HTTP/1.1, (http/1.1)}{0.0.0.0:0} added {SelectorManager@NetworkTrafficServerConnector@5fc930f0{HTTP/1.1, (http/1.1)}{0.0.0.0:0},MANAGED}
11:58:44.137 [Test worker] DEBUG org.eclipse.jetty.util.component.ContainerLifeCycle - Server@7a22a3c2{STOPPED}[9.4.31.v20200723] added {NetworkTrafficServerConnector@5fc930f0{HTTP/1.1, (http/1.1)}{0.0.0.0:8081},AUTO}
11:58:44.138 [Test worker] DEBUG org.eclipse.jetty.util.component.ContainerLifeCycle - Server@7a22a3c2{STOPPED}[9.4.31.v20200723] added {o.e.j.s.ServletContextHandler@65f58c6e{/__admin,null,UNAVAILABLE},MANAGED}
11:58:44.138 [Test worker] DEBUG org.eclipse.jetty.util.DecoratedObjectFactory - Adding Decorator: org.eclipse.jetty.util.DeprecationWarning@73ad7e90
11:58:44.138 [Test worker] DEBUG org.eclipse.jetty.util.component.ContainerLifeCycle - o.e.j.s.ServletContextHandler@65f58c6e{/__admin,null,UNAVAILABLE} added {ServletHandler@4ba380c7{STOPPED},MANAGED}
11:58:44.138 [Test worker] DEBUG org.eclipse.jetty.util.component.ContainerLifeCycle - ServletHandler@4ba380c7{STOPPED} added {org.eclipse.jetty.servlet.DefaultServlet-784c5ef5@42c19fce==org.eclipse.jetty.servlet.DefaultServlet,jsp=null,order=-1,inst=false,async=true,AUTO}
11:58:44.138 [Test worker] DEBUG org.eclipse.jetty.util.component.ContainerLifeCycle - ServletHandler@4ba380c7{STOPPED} added {[/swagger-ui/*]=>org.eclipse.jetty.servlet.DefaultServlet-784c5ef5,POJO}
11:58:44.138 [Test worker] DEBUG org.eclipse.jetty.util.component.ContainerLifeCycle - ServletHandler@4ba380c7{STOPPED} added {org.eclipse.jetty.servlet.DefaultServlet-31133b6e@292d61dd==org.eclipse.jetty.servlet.DefaultServlet,jsp=null,order=-1,inst=false,async=true,AUTO}
11:58:44.138 [Test worker] DEBUG org.eclipse.jetty.util.component.ContainerLifeCycle - ServletHandler@4ba380c7{STOPPED} added {[/recorder/*]=>org.eclipse.jetty.servlet.DefaultServlet-31133b6e,POJO}
11:58:44.138 [Test worker] DEBUG org.eclipse.jetty.util.component.ContainerLifeCycle - ServletHandler@4ba380c7{STOPPED} added {com.github.tomakehurst.wiremock.servlet.WireMockHandlerDispatchingServlet-29528a22@ccf4421b==com.github.tomakehurst.wiremock.servlet.WireMockHandlerDispatchingServlet,jsp=null,order=-1,inst=false,async=true,AUTO}
11:58:44.138 [Test worker] DEBUG org.eclipse.jetty.util.component.ContainerLifeCycle - ServletHandler@4ba380c7{STOPPED} added {[/]=>com.github.tomakehurst.wiremock.servlet.WireMockHandlerDispatchingServlet-29528a22,POJO}
11:58:44.138 [Test worker] DEBUG org.eclipse.jetty.util.component.ContainerLifeCycle - ServletHandler@4ba380c7{STOPPED} added {org.eclipse.jetty.servlets.CrossOriginFilter-7ea08277@7ea08277==org.eclipse.jetty.servlets.CrossOriginFilter,inst=false,async=true,AUTO}
11:58:44.138 [Test worker] DEBUG org.eclipse.jetty.util.component.ContainerLifeCycle - ServletHandler@4ba380c7{STOPPED} added {[/*]/[]/[REQUEST]=>org.eclipse.jetty.servlets.CrossOriginFilter-7ea08277,POJO}
11:58:44.138 [Test worker] DEBUG org.eclipse.jetty.util.component.ContainerLifeCycle - Server@7a22a3c2{STOPPED}[9.4.31.v20200723] added {o.e.j.s.ServletContextHandler@6401d0a0{/,null,UNAVAILABLE},MANAGED}
11:58:44.138 [Test worker] DEBUG org.eclipse.jetty.util.DecoratedObjectFactory - Adding Decorator: org.eclipse.jetty.util.DeprecationWarning@4ce14f05
11:58:44.138 [Test worker] DEBUG org.eclipse.jetty.util.component.ContainerLifeCycle - o.e.j.s.ServletContextHandler@6401d0a0{/,null,UNAVAILABLE} added {ServletHandler@71dfcf21{STOPPED},MANAGED}
11:58:44.139 [Test worker] DEBUG org.eclipse.jetty.util.component.ContainerLifeCycle - ServletHandler@71dfcf21{STOPPED} added {org.eclipse.jetty.servlet.DefaultServlet-b965857@797a105==org.eclipse.jetty.servlet.DefaultServlet,jsp=null,order=-1,inst=false,async=true,AUTO}
11:58:44.139 [Test worker] DEBUG org.eclipse.jetty.util.component.ContainerLifeCycle - ServletHandler@71dfcf21{STOPPED} added {[/__files/*]=>org.eclipse.jetty.servlet.DefaultServlet-b965857,POJO}
11:58:44.139 [Test worker] DEBUG org.eclipse.jetty.util.component.ContainerLifeCycle - ServletHandler@71dfcf21{STOPPED} added {com.github.tomakehurst.wiremock.servlet.WireMockHandlerDispatchingServlet-61f80d55@193587af==com.github.tomakehurst.wiremock.servlet.WireMockHandlerDispatchingServlet,jsp=null,order=-1,inst=false,async=true,AUTO}
11:58:44.139 [Test worker] DEBUG org.eclipse.jetty.util.component.ContainerLifeCycle - ServletHandler@71dfcf21{STOPPED} added {[/]=>com.github.tomakehurst.wiremock.servlet.WireMockHandlerDispatchingServlet-61f80d55,POJO}
11:58:44.139 [Test worker] DEBUG org.eclipse.jetty.util.component.ContainerLifeCycle - o.e.j.s.ServletContextHandler@6401d0a0{/,null,UNAVAILABLE} added {NotFoundHandler@27a7ef08{STOPPED},MANAGED}
11:58:44.139 [Test worker] DEBUG org.eclipse.jetty.util.component.ContainerLifeCycle - ServletHandler@71dfcf21{STOPPED} added {com.github.tomakehurst.wiremock.servlet.ContentTypeSettingFilter-280e8a1a@280e8a1a==com.github.tomakehurst.wiremock.servlet.ContentTypeSettingFilter,inst=false,async=true,AUTO}
11:58:44.139 [Test worker] DEBUG org.eclipse.jetty.util.component.ContainerLifeCycle - ServletHandler@71dfcf21{STOPPED} added {[/__files/*]/[]/[FORWARD]=>com.github.tomakehurst.wiremock.servlet.ContentTypeSettingFilter-280e8a1a,POJO}
11:58:44.139 [Test worker] DEBUG org.eclipse.jetty.util.component.ContainerLifeCycle - ServletHandler@71dfcf21{STOPPED} added {com.github.tomakehurst.wiremock.servlet.TrailingSlashFilter-11e33bac@11e33bac==com.github.tomakehurst.wiremock.servlet.TrailingSlashFilter,inst=false,async=true,AUTO}
11:58:44.139 [Test worker] DEBUG org.eclipse.jetty.util.component.ContainerLifeCycle - ServletHandler@71dfcf21{STOPPED} added {[/__files/*]/[]/[ASYNC, REQUEST, INCLUDE, FORWARD, ERROR]=>com.github.tomakehurst.wiremock.servlet.TrailingSlashFilter-11e33bac,POJO}
11:58:44.139 [Test worker] DEBUG org.eclipse.jetty.util.component.ContainerLifeCycle - HandlerCollection@30501e60{STOPPED} added {o.e.j.s.ServletContextHandler@65f58c6e{/__admin,null,UNAVAILABLE},AUTO}
11:58:44.139 [Test worker] DEBUG org.eclipse.jetty.http.pathmap.PathMappings - Added MappedResource[pathSpec=ServletPathSpec@4a69d1f9{*.svgz},resource=true] to PathMappings[size=1]
11:58:44.139 [Test worker] DEBUG org.eclipse.jetty.server.handler.gzip.GzipHandler - GzipHandler@289778cd{STOPPED,min=32,inflate=-1} mime types IncludeExclude@7495699f{i=[],ip=CONTAINS,e=[image/ief, image/vnd.wap.wbmp, image/jpeg, application/bzip2, image/x-portable-graymap, application/brotli, image/bmp, image/gif, image/x-icon, audio/midi, video/x-msvideo, image/x-xbitmap, application/x-rar-compressed, image/x-portable-bitmap, image/x-rgb, image/x-cmu-raster, application/gzip, audio/x-wav, audio/x-pn-realaudio, audio/basic, application/compress, audio/x-aiff, video/x.ms.asx, video/x.ms.asf, image/png, video/vnd.rn-realvideo, image/x-xwindowdump, image/jpeg2000, video/x-sgi-movie, audio/mpeg, image/xcf, video/mpeg, image/x-portable-pixmap, image/tiff, image/x-portable-anymap, image/x-xpixmap, application/zip, video/quicktime, application/x-xz, video/mp4],ep=CONTAINS}
11:58:44.139 [Test worker] DEBUG org.eclipse.jetty.util.component.ContainerLifeCycle - GzipHandler@289778cd{STOPPED,min=32,inflate=-1} added {o.e.j.s.ServletContextHandler@6401d0a0{/,null,UNAVAILABLE},MANAGED}
11:58:44.140 [Test worker] DEBUG org.eclipse.jetty.util.component.ContainerLifeCycle - HandlerCollection@30501e60{STOPPED} added {GzipHandler@289778cd{STOPPED,min=32,inflate=-1},AUTO}
11:58:44.140 [Test worker] DEBUG org.eclipse.jetty.util.component.ContainerLifeCycle - Server@7a22a3c2{STOPPED}[9.4.31.v20200723] added {HandlerCollection@30501e60{STOPPED},MANAGED}
11:58:44.140 [Test worker] DEBUG org.eclipse.jetty.util.component.AbstractLifeCycle - starting Server@7a22a3c2{STOPPED}[9.4.31.v20200723]
11:58:44.140 [Test worker] DEBUG org.eclipse.jetty.util.component.ContainerLifeCycle - Server@7a22a3c2{STARTING}[9.4.31.v20200723] added {ErrorHandler@7c2312fa{STOPPED},AUTO}
11:58:44.140 [Test worker] INFO org.eclipse.jetty.server.Server - jetty-9.4.31.v20200723; built: 2020-07-23T17:57:36.812Z; git: 450ba27947e13e66baa8cd1ce7e85a4461cacc1d; jvm 17.0.11+0
11:58:44.140 [Test worker] DEBUG org.eclipse.jetty.server.handler.AbstractHandler - starting Server@7a22a3c2{STARTING}[9.4.31.v20200723]
11:58:44.140 [Test worker] DEBUG org.eclipse.jetty.util.component.AbstractLifeCycle - starting QueuedThreadPool[qtp899675353]@359ff4d9{STOPPED,8<=0<=14,i=0,r=-1,q=0}[NO_TRY]
11:58:44.140 [Test worker] DEBUG org.eclipse.jetty.util.thread.ReservedThreadExecutor - ReservedThreadExecutor@4cb0a000{s=0/1,p=0}
11:58:44.140 [Test worker] DEBUG org.eclipse.jetty.util.component.ContainerLifeCycle - QueuedThreadPool[qtp899675353]@359ff4d9{STARTING,8<=0<=14,i=0,r=-1,q=0}[ReservedThreadExecutor@4cb0a000{s=0/1,p=0}] added {ReservedThreadExecutor@4cb0a000{s=0/1,p=0},AUTO}
11:58:44.140 [Test worker] DEBUG org.eclipse.jetty.util.component.AbstractLifeCycle - starting ReservedThreadExecutor@4cb0a000{s=0/1,p=0}
11:58:44.140 [Test worker] DEBUG org.eclipse.jetty.util.component.AbstractLifeCycle - STARTED @1384ms ReservedThreadExecutor@4cb0a000{s=0/1,p=0}
11:58:44.140 [Test worker] DEBUG org.eclipse.jetty.util.thread.QueuedThreadPool - Starting Thread[qtp899675353-44,5,main]
11:58:44.140 [Test worker] DEBUG org.eclipse.jetty.util.thread.QueuedThreadPool - Starting Thread[qtp899675353-45,5,main]
11:58:44.140 [qtp899675353-44] DEBUG org.eclipse.jetty.util.thread.QueuedThreadPool - Runner started for QueuedThreadPool[qtp899675353]@359ff4d9{STARTING,8<=2<=14,i=2,r=-1,q=0}[ReservedThreadExecutor@4cb0a000{s=0/1,p=0}]
11:58:44.140 [Test worker] DEBUG org.eclipse.jetty.util.thread.QueuedThreadPool - Starting Thread[qtp899675353-46,5,main]
11:58:44.140 [qtp899675353-45] DEBUG org.eclipse.jetty.util.thread.QueuedThreadPool - Runner started for QueuedThreadPool[qtp899675353]@359ff4d9{STARTING,8<=3<=14,i=3,r=-1,q=0}[ReservedThreadExecutor@4cb0a000{s=0/1,p=0}]
11:58:44.140 [Test worker] DEBUG org.eclipse.jetty.util.thread.QueuedThreadPool - Starting Thread[qtp899675353-47,5,main]
11:58:44.141 [qtp899675353-46] DEBUG org.eclipse.jetty.util.thread.QueuedThreadPool - Runner started for QueuedThreadPool[qtp899675353]@359ff4d9{STARTING,8<=4<=14,i=4,r=-1,q=0}[ReservedThreadExecutor@4cb0a000{s=0/1,p=0}]
11:58:44.141 [Test worker] DEBUG org.eclipse.jetty.util.thread.QueuedThreadPool - Starting Thread[qtp899675353-48,5,main]
11:58:44.141 [qtp899675353-47] DEBUG org.eclipse.jetty.util.thread.QueuedThreadPool - Runner started for QueuedThreadPool[qtp899675353]@359ff4d9{STARTING,8<=5<=14,i=5,r=-1,q=0}[ReservedThreadExecutor@4cb0a000{s=0/1,p=0}]
11:58:44.141 [Test worker] DEBUG org.eclipse.jetty.util.thread.QueuedThreadPool - Starting Thread[qtp899675353-49,5,main]
11:58:44.141 [qtp899675353-48] DEBUG org.eclipse.jetty.util.thread.QueuedThreadPool - Runner started for QueuedThreadPool[qtp899675353]@359ff4d9{STARTING,8<=6<=14,i=6,r=-1,q=0}[ReservedThreadExecutor@4cb0a000{s=0/1,p=0}]
11:58:44.141 [Test worker] DEBUG org.eclipse.jetty.util.thread.QueuedThreadPool - Starting Thread[qtp899675353-50,5,main]
11:58:44.141 [qtp899675353-49] DEBUG org.eclipse.jetty.util.thread.QueuedThreadPool - Runner started for QueuedThreadPool[qtp899675353]@359ff4d9{STARTING,8<=7<=14,i=7,r=-1,q=0}[ReservedThreadExecutor@4cb0a000{s=0/1,p=0}]
11:58:44.141 [Test worker] DEBUG org.eclipse.jetty.util.thread.QueuedThreadPool - Starting Thread[qtp899675353-51,5,main]
11:58:44.141 [qtp899675353-50] DEBUG org.eclipse.jetty.util.thread.QueuedThreadPool - Runner started for QueuedThreadPool[qtp899675353]@359ff4d9{STARTING,8<=8<=14,i=8,r=-1,q=0}[ReservedThreadExecutor@4cb0a000{s=0/1,p=0}]
11:58:44.141 [Test worker] DEBUG org.eclipse.jetty.util.component.AbstractLifeCycle - STARTED @1385ms QueuedThreadPool[qtp899675353]@359ff4d9{STARTED,8<=8<=14,i=8,r=1,q=0}[ReservedThreadExecutor@4cb0a000{s=0/1,p=0}]
11:58:44.141 [Test worker] DEBUG org.eclipse.jetty.util.component.AbstractLifeCycle - starting HandlerCollection@30501e60{STOPPED}
11:58:44.141 [qtp899675353-51] DEBUG org.eclipse.jetty.util.thread.QueuedThreadPool - Runner started for QueuedThreadPool[qtp899675353]@359ff4d9{STARTED,8<=8<=14,i=8,r=1,q=0}[ReservedThreadExecutor@4cb0a000{s=0/1,p=0}]
11:58:44.141 [Test worker] DEBUG org.eclipse.jetty.server.handler.AbstractHandler - starting HandlerCollection@30501e60{STARTING}
11:58:44.142 [Test worker] DEBUG org.eclipse.jetty.util.component.AbstractLifeCycle - starting o.e.j.s.ServletContextHandler@65f58c6e{/__admin,null,UNAVAILABLE}
11:58:44.142 [Test worker] DEBUG org.eclipse.jetty.server.handler.AbstractHandler - starting o.e.j.s.ServletContextHandler@65f58c6e{/__admin,null,STARTING}
11:58:44.142 [Test worker] DEBUG org.eclipse.jetty.util.component.AbstractLifeCycle - starting ServletHandler@4ba380c7{STOPPED}
11:58:44.142 [Test worker] DEBUG org.eclipse.jetty.servlet.ServletHandler - Path=/recorder/*[EMBEDDED:null] mapped to servlet=org.eclipse.jetty.servlet.DefaultServlet-31133b6e[EMBEDDED:null]
11:58:44.142 [Test worker] DEBUG org.eclipse.jetty.http.pathmap.PathMappings - Added MappedResource[pathSpec=ServletPathSpec@81d248a7{/recorder/*},resource=org.eclipse.jetty.servlet.DefaultServlet-31133b6e@292d61dd==org.eclipse.jetty.servlet.DefaultServlet,jsp=null,order=-1,inst=false,async=true] to PathMappings[size=1]
11:58:44.142 [Test worker] DEBUG org.eclipse.jetty.servlet.ServletHandler - Path=/swagger-ui/*[EMBEDDED:null] mapped to servlet=org.eclipse.jetty.servlet.DefaultServlet-784c5ef5[EMBEDDED:null]
11:58:44.142 [Test worker] DEBUG org.eclipse.jetty.http.pathmap.PathMappings - Added MappedResource[pathSpec=ServletPathSpec@1c2edfa0{/swagger-ui/*},resource=org.eclipse.jetty.servlet.DefaultServlet-784c5ef5@42c19fce==org.eclipse.jetty.servlet.DefaultServlet,jsp=null,order=-1,inst=false,async=true] to PathMappings[size=2]
11:58:44.142 [Test worker] DEBUG org.eclipse.jetty.servlet.ServletHandler - Path=/[EMBEDDED:null] mapped to servlet=com.github.tomakehurst.wiremock.servlet.WireMockHandlerDispatchingServlet-29528a22[EMBEDDED:null]
11:58:44.142 [Test worker] DEBUG org.eclipse.jetty.http.pathmap.PathMappings - Added MappedResource[pathSpec=ServletPathSpec@4e{/},resource=com.github.tomakehurst.wiremock.servlet.WireMockHandlerDispatchingServlet-29528a22@ccf4421b==com.github.tomakehurst.wiremock.servlet.WireMockHandlerDispatchingServlet,jsp=null,order=-1,inst=false,async=true] to PathMappings[size=3]
11:58:44.142 [Test worker] DEBUG org.eclipse.jetty.servlet.ServletHandler - filterNameMap={org.eclipse.jetty.servlets.CrossOriginFilter-7ea08277=org.eclipse.jetty.servlets.CrossOriginFilter-7ea08277@7ea08277==org.eclipse.jetty.servlets.CrossOriginFilter,inst=false,async=true}
11:58:44.142 [Test worker] DEBUG org.eclipse.jetty.servlet.ServletHandler - pathFilters=[[/*]/[]/[REQUEST]=>org.eclipse.jetty.servlets.CrossOriginFilter-7ea08277]
11:58:44.142 [Test worker] DEBUG org.eclipse.jetty.servlet.ServletHandler - servletFilterMap={}
11:58:44.142 [Test worker] DEBUG org.eclipse.jetty.servlet.ServletHandler - servletPathMap=PathMappings[size=3]
11:58:44.142 [Test worker] DEBUG org.eclipse.jetty.servlet.ServletHandler - servletNameMap={org.eclipse.jetty.servlet.DefaultServlet-31133b6e=org.eclipse.jetty.servlet.DefaultServlet-31133b6e@292d61dd==org.eclipse.jetty.servlet.DefaultServlet,jsp=null,order=-1,inst=false,async=true, org.eclipse.jetty.servlet.DefaultServlet-784c5ef5=org.eclipse.jetty.servlet.DefaultServlet-784c5ef5@42c19fce==org.eclipse.jetty.servlet.DefaultServlet,jsp=null,order=-1,inst=false,async=true, com.github.tomakehurst.wiremock.servlet.WireMockHandlerDispatchingServlet-29528a22=com.github.tomakehurst.wiremock.servlet.WireMockHandlerDispatchingServlet-29528a22@ccf4421b==com.github.tomakehurst.wiremock.servlet.WireMockHandlerDispatchingServlet,jsp=null,order=-1,inst=false,async=true}
11:58:44.142 [Test worker] DEBUG org.eclipse.jetty.server.handler.AbstractHandler - starting ServletHandler@4ba380c7{STARTING}
11:58:44.142 [Test worker] DEBUG org.eclipse.jetty.util.component.AbstractLifeCycle - STARTED @1386ms ServletHandler@4ba380c7{STARTED}
11:58:44.142 [Test worker] DEBUG org.eclipse.jetty.util.component.AbstractLifeCycle - starting org.eclipse.jetty.servlets.CrossOriginFilter-7ea08277@7ea08277==org.eclipse.jetty.servlets.CrossOriginFilter,inst=false,async=true
11:58:44.142 [Test worker] DEBUG org.eclipse.jetty.util.component.AbstractLifeCycle - STARTED @1386ms org.eclipse.jetty.servlets.CrossOriginFilter-7ea08277@7ea08277==org.eclipse.jetty.servlets.CrossOriginFilter,inst=false,async=true
11:58:44.142 [Test worker] DEBUG org.eclipse.jetty.servlet.FilterHolder - Filter.init org.eclipse.jetty.servlets.CrossOriginFilter@af9a89f
11:58:44.142 [Test worker] DEBUG org.eclipse.jetty.servlets.CrossOriginFilter - Cross-origin filter configuration: allowedOrigins = *, allowedTimingOrigins = null, allowedMethods = OPTIONS,GET,POST,PUT,PATCH,DELETE, allowedHeaders = *, preflightMaxAge = 1800, allowCredentials = true,exposedHeaders = ,chainPreflight = false
11:58:44.142 [Test worker] DEBUG org.eclipse.jetty.util.component.AbstractLifeCycle - starting com.github.tomakehurst.wiremock.servlet.WireMockHandlerDispatchingServlet-29528a22@ccf4421b==com.github.tomakehurst.wiremock.servlet.WireMockHandlerDispatchingServlet,jsp=null,order=-1,inst=false,async=true
11:58:44.142 [Test worker] DEBUG org.eclipse.jetty.util.component.AbstractLifeCycle - STARTED @1386ms com.github.tomakehurst.wiremock.servlet.WireMockHandlerDispatchingServlet-29528a22@ccf4421b==com.github.tomakehurst.wiremock.servlet.WireMockHandlerDispatchingServlet,jsp=null,order=-1,inst=false,async=true
11:58:44.142 [Test worker] DEBUG org.eclipse.jetty.util.component.AbstractLifeCycle - starting org.eclipse.jetty.servlet.DefaultServlet-31133b6e@292d61dd==org.eclipse.jetty.servlet.DefaultServlet,jsp=null,order=-1,inst=false,async=true
11:58:44.142 [Test worker] DEBUG org.eclipse.jetty.util.component.AbstractLifeCycle - STARTED @1386ms org.eclipse.jetty.servlet.DefaultServlet-31133b6e@292d61dd==org.eclipse.jetty.servlet.DefaultServlet,jsp=null,order=-1,inst=false,async=true
11:58:44.142 [Test worker] DEBUG org.eclipse.jetty.util.component.AbstractLifeCycle - starting org.eclipse.jetty.servlet.DefaultServlet-784c5ef5@42c19fce==org.eclipse.jetty.servlet.DefaultServlet,jsp=null,order=-1,inst=false,async=true
11:58:44.142 [Test worker] DEBUG org.eclipse.jetty.util.component.AbstractLifeCycle - STARTED @1387ms org.eclipse.jetty.servlet.DefaultServlet-784c5ef5@42c19fce==org.eclipse.jetty.servlet.DefaultServlet,jsp=null,order=-1,inst=false,async=true
11:58:44.142 [Test worker] INFO org.eclipse.jetty.server.handler.ContextHandler - Started o.e.j.s.ServletContextHandler@65f58c6e{/__admin,null,AVAILABLE}
11:58:44.143 [Test worker] DEBUG org.eclipse.jetty.util.component.AbstractLifeCycle - STARTED @1387ms o.e.j.s.ServletContextHandler@65f58c6e{/__admin,null,AVAILABLE}
11:58:44.143 [Test worker] DEBUG org.eclipse.jetty.util.component.AbstractLifeCycle - starting GzipHandler@289778cd{STOPPED,min=32,inflate=-1}
11:58:44.143 [Test worker] DEBUG org.eclipse.jetty.server.handler.AbstractHandler - starting GzipHandler@289778cd{STARTING,min=32,inflate=-1}
11:58:44.143 [Test worker] DEBUG org.eclipse.jetty.util.component.AbstractLifeCycle - starting o.e.j.s.ServletContextHandler@6401d0a0{/,null,UNAVAILABLE}
11:58:44.143 [Test worker] DEBUG org.eclipse.jetty.server.handler.AbstractHandler - starting o.e.j.s.ServletContextHandler@6401d0a0{/,null,STARTING}
11:58:44.143 [Test worker] DEBUG org.eclipse.jetty.util.component.AbstractLifeCycle - starting ServletHandler@71dfcf21{STOPPED}
11:58:44.143 [Test worker] DEBUG org.eclipse.jetty.servlet.ServletHandler - Path=/__files/*[EMBEDDED:null] mapped to servlet=org.eclipse.jetty.servlet.DefaultServlet-b965857[EMBEDDED:null]
11:58:44.143 [Test worker] DEBUG org.eclipse.jetty.http.pathmap.PathMappings - Added MappedResource[pathSpec=ServletPathSpec@387a9b82{/__files/*},resource=org.eclipse.jetty.servlet.DefaultServlet-b965857@797a105==org.eclipse.jetty.servlet.DefaultServlet,jsp=null,order=-1,inst=false,async=true] to PathMappings[size=1]
11:58:44.143 [Test worker] DEBUG org.eclipse.jetty.servlet.ServletHandler - Path=/[EMBEDDED:null] mapped to servlet=com.github.tomakehurst.wiremock.servlet.WireMockHandlerDispatchingServlet-61f80d55[EMBEDDED:null]
11:58:44.143 [Test worker] DEBUG org.eclipse.jetty.http.pathmap.PathMappings - Added MappedResource[pathSpec=ServletPathSpec@4e{/},resource=com.github.tomakehurst.wiremock.servlet.WireMockHandlerDispatchingServlet-61f80d55@193587af==com.github.tomakehurst.wiremock.servlet.WireMockHandlerDispatchingServlet,jsp=null,order=-1,inst=false,async=true] to PathMappings[size=2]
11:58:44.143 [Test worker] DEBUG org.eclipse.jetty.servlet.ServletHandler - filterNameMap={com.github.tomakehurst.wiremock.servlet.ContentTypeSettingFilter-280e8a1a=com.github.tomakehurst.wiremock.servlet.ContentTypeSettingFilter-280e8a1a@280e8a1a==com.github.tomakehurst.wiremock.servlet.ContentTypeSettingFilter,inst=false,async=true, com.github.tomakehurst.wiremock.servlet.TrailingSlashFilter-11e33bac=com.github.tomakehurst.wiremock.servlet.TrailingSlashFilter-11e33bac@11e33bac==com.github.tomakehurst.wiremock.servlet.TrailingSlashFilter,inst=false,async=true}
11:58:44.143 [Test worker] DEBUG org.eclipse.jetty.servlet.ServletHandler - pathFilters=[[/__files/*]/[]/[FORWARD]=>com.github.tomakehurst.wiremock.servlet.ContentTypeSettingFilter-280e8a1a, [/__files/*]/[]/[ASYNC, REQUEST, INCLUDE, FORWARD, ERROR]=>com.github.tomakehurst.wiremock.servlet.TrailingSlashFilter-11e33bac]
11:58:44.143 [Test worker] DEBUG org.eclipse.jetty.servlet.ServletHandler - servletFilterMap={}
11:58:44.143 [Test worker] DEBUG org.eclipse.jetty.servlet.ServletHandler - servletPathMap=PathMappings[size=2]
11:58:44.143 [Test worker] DEBUG org.eclipse.jetty.servlet.ServletHandler - servletNameMap={org.eclipse.jetty.servlet.DefaultServlet-b965857=org.eclipse.jetty.servlet.DefaultServlet-b965857@797a105==org.eclipse.jetty.servlet.DefaultServlet,jsp=null,order=-1,inst=false,async=true, com.github.tomakehurst.wiremock.servlet.WireMockHandlerDispatchingServlet-61f80d55=com.github.tomakehurst.wiremock.servlet.WireMockHandlerDispatchingServlet-61f80d55@193587af==com.github.tomakehurst.wiremock.servlet.WireMockHandlerDispatchingServlet,jsp=null,order=-1,inst=false,async=true}
11:58:44.143 [Test worker] DEBUG org.eclipse.jetty.server.handler.AbstractHandler - starting ServletHandler@71dfcf21{STARTING}
11:58:44.143 [Test worker] DEBUG org.eclipse.jetty.util.component.AbstractLifeCycle - STARTED @1387ms ServletHandler@71dfcf21{STARTED}
11:58:44.143 [Test worker] DEBUG org.eclipse.jetty.util.component.AbstractLifeCycle - starting NotFoundHandler@27a7ef08{STOPPED}
11:58:44.143 [Test worker] DEBUG org.eclipse.jetty.server.handler.AbstractHandler - starting NotFoundHandler@27a7ef08{STARTING}
11:58:44.143 [Test worker] DEBUG org.eclipse.jetty.util.component.AbstractLifeCycle - STARTED @1387ms NotFoundHandler@27a7ef08{STARTED}
11:58:44.143 [Test worker] DEBUG org.eclipse.jetty.util.component.AbstractLifeCycle - starting com.github.tomakehurst.wiremock.servlet.ContentTypeSettingFilter-280e8a1a@280e8a1a==com.github.tomakehurst.wiremock.servlet.ContentTypeSettingFilter,inst=false,async=true
11:58:44.143 [Test worker] DEBUG org.eclipse.jetty.util.component.AbstractLifeCycle - STARTED @1387ms com.github.tomakehurst.wiremock.servlet.ContentTypeSettingFilter-280e8a1a@280e8a1a==com.github.tomakehurst.wiremock.servlet.ContentTypeSettingFilter,inst=false,async=true
11:58:44.143 [Test worker] DEBUG org.eclipse.jetty.servlet.FilterHolder - Filter.init com.github.tomakehurst.wiremock.servlet.ContentTypeSettingFilter@6482eef
11:58:44.143 [Test worker] DEBUG org.eclipse.jetty.util.component.AbstractLifeCycle - starting com.github.tomakehurst.wiremock.servlet.TrailingSlashFilter-11e33bac@11e33bac==com.github.tomakehurst.wiremock.servlet.TrailingSlashFilter,inst=false,async=true
11:58:44.143 [Test worker] DEBUG org.eclipse.jetty.util.component.AbstractLifeCycle - STARTED @1387ms com.github.tomakehurst.wiremock.servlet.TrailingSlashFilter-11e33bac@11e33bac==com.github.tomakehurst.wiremock.servlet.TrailingSlashFilter,inst=false,async=true
11:58:44.143 [Test worker] DEBUG org.eclipse.jetty.servlet.FilterHolder - Filter.init com.github.tomakehurst.wiremock.servlet.TrailingSlashFilter@1fcf9739
11:58:44.143 [Test worker] DEBUG org.eclipse.jetty.util.component.AbstractLifeCycle - starting com.github.tomakehurst.wiremock.servlet.WireMockHandlerDispatchingServlet-61f80d55@193587af==com.github.tomakehurst.wiremock.servlet.WireMockHandlerDispatchingServlet,jsp=null,order=-1,inst=false,async=true
11:58:44.143 [Test worker] DEBUG org.eclipse.jetty.util.component.AbstractLifeCycle - STARTED @1387ms com.github.tomakehurst.wiremock.servlet.WireMockHandlerDispatchingServlet-61f80d55@193587af==com.github.tomakehurst.wiremock.servlet.WireMockHandlerDispatchingServlet,jsp=null,order=-1,inst=false,async=true
11:58:44.143 [Test worker] DEBUG org.eclipse.jetty.util.component.AbstractLifeCycle - starting org.eclipse.jetty.servlet.DefaultServlet-b965857@797a105==org.eclipse.jetty.servlet.DefaultServlet,jsp=null,order=-1,inst=false,async=true
11:58:44.143 [Test worker] DEBUG org.eclipse.jetty.util.component.AbstractLifeCycle - STARTED @1388ms org.eclipse.jetty.servlet.DefaultServlet-b965857@797a105==org.eclipse.jetty.servlet.DefaultServlet,jsp=null,order=-1,inst=false,async=true
11:58:44.144 [Test worker] INFO org.eclipse.jetty.server.handler.ContextHandler - Started o.e.j.s.ServletContextHandler@6401d0a0{/,null,AVAILABLE}
11:58:44.144 [Test worker] DEBUG org.eclipse.jetty.util.component.AbstractLifeCycle - STARTED @1388ms o.e.j.s.ServletContextHandler@6401d0a0{/,null,AVAILABLE}
11:58:44.144 [Test worker] DEBUG org.eclipse.jetty.util.component.AbstractLifeCycle - STARTED @1388ms GzipHandler@289778cd{STARTED,min=32,inflate=-1}
11:58:44.144 [Test worker] DEBUG org.eclipse.jetty.util.component.AbstractLifeCycle - STARTED @1388ms HandlerCollection@30501e60{STARTED}
11:58:44.144 [Test worker] DEBUG org.eclipse.jetty.util.component.AbstractLifeCycle - starting ErrorHandler@7c2312fa{STOPPED}
11:58:44.144 [Test worker] DEBUG org.eclipse.jetty.server.handler.AbstractHandler - starting ErrorHandler@7c2312fa{STARTING}
11:58:44.144 [Test worker] DEBUG org.eclipse.jetty.util.component.AbstractLifeCycle - STARTED @1388ms ErrorHandler@7c2312fa{STARTED}
11:58:44.144 [Test worker] DEBUG org.eclipse.jetty.util.component.AbstractLifeCycle - starting NetworkTrafficServerConnector@5fc930f0{HTTP/1.1, (http/1.1)}{0.0.0.0:8081}
11:58:44.144 [Test worker] DEBUG org.eclipse.jetty.util.component.ContainerLifeCycle - NetworkTrafficServerConnector@5fc930f0{HTTP/1.1, (http/1.1)}{0.0.0.0:8081} added {sun.nio.ch.ServerSocketChannelImpl[/[0:0:0:0:0:0:0:0]:8081],POJO}
11:58:44.144 [Test worker] DEBUG org.eclipse.jetty.util.component.AbstractLifeCycle - starting ScheduledExecutorScheduler@3701e6e4{STOPPED}
11:58:44.144 [Test worker] DEBUG org.eclipse.jetty.util.component.AbstractLifeCycle - STARTED @1388ms ScheduledExecutorScheduler@3701e6e4{STARTED}
11:58:44.144 [Test worker] DEBUG org.eclipse.jetty.util.component.AbstractLifeCycle - starting HttpConnectionFactory@f4cfd90[HTTP/1.1]
11:58:44.144 [Test worker] DEBUG org.eclipse.jetty.util.component.AbstractLifeCycle - STARTED @1388ms HttpConnectionFactory@f4cfd90[HTTP/1.1]
11:58:44.144 [Test worker] DEBUG org.eclipse.jetty.util.component.AbstractLifeCycle - starting SelectorManager@NetworkTrafficServerConnector@5fc930f0{HTTP/1.1, (http/1.1)}{0.0.0.0:8081}
11:58:44.144 [Test worker] DEBUG org.eclipse.jetty.util.component.ContainerLifeCycle - EatWhatYouKill@5b498842/SelectorProducer@1cb37ee4/IDLE/p=false/QueuedThreadPool[qtp899675353]@359ff4d9{STARTED,8<=8<=14,i=8,r=1,q=0}[ReservedThreadExecutor@4cb0a000{s=0/1,p=0}][pc=0,pic=0,pec=0,epc=0]@2024-05-10T11:58:44.14488+01:00 added {SelectorProducer@1cb37ee4,POJO}
11:58:44.145 [Test worker] DEBUG org.eclipse.jetty.util.component.ContainerLifeCycle - EatWhatYouKill@5b498842/SelectorProducer@1cb37ee4/IDLE/p=false/QueuedThreadPool[qtp899675353]@359ff4d9{STARTED,8<=8<=14,i=8,r=1,q=0}[ReservedThreadExecutor@4cb0a000{s=0/1,p=0}][pc=0,pic=0,pec=0,epc=0]@2024-05-10T11:58:44.145012+01:00 added {QueuedThreadPool[qtp899675353]@359ff4d9{STARTED,8<=8<=14,i=8,r=1,q=0}[ReservedThreadExecutor@4cb0a000{s=0/1,p=0}],UNMANAGED}
11:58:44.145 [Test worker] DEBUG org.eclipse.jetty.util.thread.strategy.EatWhatYouKill - EatWhatYouKill@5b498842/SelectorProducer@1cb37ee4/IDLE/p=false/QueuedThreadPool[qtp899675353]@359ff4d9{STARTED,8<=8<=14,i=8,r=1,q=0}[ReservedThreadExecutor@4cb0a000{s=0/1,p=0}][pc=0,pic=0,pec=0,epc=0]@2024-05-10T11:58:44.145211+01:00 created
11:58:44.145 [Test worker] DEBUG org.eclipse.jetty.util.component.ContainerLifeCycle - ManagedSelector@5bcb04cb{STOPPED} id=0 keys=-1 selected=-1 updates=0 added {EatWhatYouKill@5b498842/SelectorProducer@1cb37ee4/IDLE/p=false/QueuedThreadPool[qtp899675353]@359ff4d9{STARTED,8<=8<=14,i=8,r=1,q=0}[ReservedThreadExecutor@4cb0a000{s=0/1,p=0}][pc=0,pic=0,pec=0,epc=0]@2024-05-10T11:58:44.145424+01:00,MANAGED}
11:58:44.145 [Test worker] DEBUG org.eclipse.jetty.util.component.ContainerLifeCycle - SelectorManager@NetworkTrafficServerConnector@5fc930f0{HTTP/1.1, (http/1.1)}{0.0.0.0:8081} added {ManagedSelector@5bcb04cb{STOPPED} id=0 keys=-1 selected=-1 updates=0,AUTO}
11:58:44.145 [Test worker] DEBUG org.eclipse.jetty.util.component.ContainerLifeCycle - EatWhatYouKill@385e36d4/SelectorProducer@2fc2a205/IDLE/p=false/QueuedThreadPool[qtp899675353]@359ff4d9{STARTED,8<=8<=14,i=8,r=1,q=0}[ReservedThreadExecutor@4cb0a000{s=0/1,p=0}][pc=0,pic=0,pec=0,epc=0]@2024-05-10T11:58:44.145788+01:00 added {SelectorProducer@2fc2a205,POJO}
11:58:44.146 [Test worker] DEBUG org.eclipse.jetty.util.component.ContainerLifeCycle - EatWhatYouKill@385e36d4/SelectorProducer@2fc2a205/IDLE/p=false/QueuedThreadPool[qtp899675353]@359ff4d9{STARTED,8<=8<=14,i=8,r=1,q=0}[ReservedThreadExecutor@4cb0a000{s=0/1,p=0}][pc=0,pic=0,pec=0,epc=0]@2024-05-10T11:58:44.145946+01:00 added {QueuedThreadPool[qtp899675353]@359ff4d9{STARTED,8<=8<=14,i=8,r=1,q=0}[ReservedThreadExecutor@4cb0a000{s=0/1,p=0}],UNMANAGED}
11:58:44.146 [Test worker] DEBUG org.eclipse.jetty.util.thread.strategy.EatWhatYouKill - EatWhatYouKill@385e36d4/SelectorProducer@2fc2a205/IDLE/p=false/QueuedThreadPool[qtp899675353]@359ff4d9{STARTED,8<=8<=14,i=8,r=1,q=0}[ReservedThreadExecutor@4cb0a000{s=0/1,p=0}][pc=0,pic=0,pec=0,epc=0]@2024-05-10T11:58:44.146158+01:00 created
11:58:44.146 [Test worker] DEBUG org.eclipse.jetty.util.component.ContainerLifeCycle - ManagedSelector@2881ad47{STOPPED} id=1 keys=-1 selected=-1 updates=0 added {EatWhatYouKill@385e36d4/SelectorProducer@2fc2a205/IDLE/p=false/QueuedThreadPool[qtp899675353]@359ff4d9{STARTED,8<=8<=14,i=8,r=1,q=0}[ReservedThreadExecutor@4cb0a000{s=0/1,p=0}][pc=0,pic=0,pec=0,epc=0]@2024-05-10T11:58:44.146299+01:00,MANAGED}
11:58:44.146 [Test worker] DEBUG org.eclipse.jetty.util.component.ContainerLifeCycle - SelectorManager@NetworkTrafficServerConnector@5fc930f0{HTTP/1.1, (http/1.1)}{0.0.0.0:8081} added {ManagedSelector@2881ad47{STOPPED} id=1 keys=-1 selected=-1 updates=0,AUTO}
11:58:44.146 [Test worker] DEBUG org.eclipse.jetty.util.component.AbstractLifeCycle - starting ManagedSelector@5bcb04cb{STOPPED} id=0 keys=-1 selected=-1 updates=0
11:58:44.146 [Test worker] DEBUG org.eclipse.jetty.util.component.AbstractLifeCycle - starting EatWhatYouKill@5b498842/SelectorProducer@1cb37ee4/IDLE/p=false/QueuedThreadPool[qtp899675353]@359ff4d9{STARTED,8<=8<=14,i=8,r=1,q=0}[ReservedThreadExecutor@4cb0a000{s=0/1,p=0}][pc=0,pic=0,pec=0,epc=0]@2024-05-10T11:58:44.146572+01:00
11:58:44.146 [Test worker] DEBUG org.eclipse.jetty.util.component.AbstractLifeCycle - STARTED @1390ms EatWhatYouKill@5b498842/SelectorProducer@1cb37ee4/IDLE/p=false/QueuedThreadPool[qtp899675353]@359ff4d9{STARTED,8<=8<=14,i=8,r=1,q=0}[ReservedThreadExecutor@4cb0a000{s=0/1,p=0}][pc=0,pic=0,pec=0,epc=0]@2024-05-10T11:58:44.146844+01:00
11:58:44.146 [Test worker] DEBUG org.eclipse.jetty.util.thread.QueuedThreadPool - queue org.eclipse.jetty.io.ManagedSelector$$Lambda$427/0x0000000122226bb8@2bef09c0 startThread=0
11:58:44.146 [Test worker] DEBUG org.eclipse.jetty.io.ManagedSelector - Queued change lazy=false org.eclipse.jetty.io.ManagedSelector$Start@62ce72ff on ManagedSelector@5bcb04cb{STARTING} id=0 keys=0 selected=0 updates=0
11:58:44.147 [qtp899675353-44] DEBUG org.eclipse.jetty.util.thread.QueuedThreadPool - run org.eclipse.jetty.io.ManagedSelector$$Lambda$427/0x0000000122226bb8@2bef09c0 in QueuedThreadPool[qtp899675353]@359ff4d9{STARTED,8<=8<=14,i=7,r=1,q=0}[ReservedThreadExecutor@4cb0a000{s=0/1,p=0}]
11:58:44.147 [qtp899675353-44] DEBUG org.eclipse.jetty.util.thread.strategy.EatWhatYouKill - EatWhatYouKill@5b498842/SelectorProducer@1cb37ee4/IDLE/p=false/QueuedThreadPool[qtp899675353]@359ff4d9{STARTED,8<=8<=14,i=7,r=1,q=0}[ReservedThreadExecutor@4cb0a000{s=0/1,p=0}][pc=0,pic=0,pec=0,epc=0]@2024-05-10T11:58:44.147104+01:00 tryProduce false
11:58:44.147 [qtp899675353-44] DEBUG org.eclipse.jetty.io.ManagedSelector - updateable 1
11:58:44.147 [qtp899675353-44] DEBUG org.eclipse.jetty.io.ManagedSelector - update org.eclipse.jetty.io.ManagedSelector$Start@62ce72ff
11:58:44.147 [qtp899675353-44] DEBUG org.eclipse.jetty.io.ManagedSelector - updates 0
11:58:44.147 [qtp899675353-44] DEBUG org.eclipse.jetty.io.ManagedSelector - Selector sun.nio.ch.KQueueSelectorImpl@37795db2 waiting with 0 keys
11:58:44.147 [Test worker] DEBUG org.eclipse.jetty.util.component.AbstractLifeCycle - STARTED @1391ms ManagedSelector@5bcb04cb{STARTED} id=0 keys=0 selected=0 updates=0
11:58:44.147 [Test worker] DEBUG org.eclipse.jetty.util.component.AbstractLifeCycle - starting ManagedSelector@2881ad47{STOPPED} id=1 keys=-1 selected=-1 updates=0
11:58:44.147 [Test worker] DEBUG org.eclipse.jetty.util.component.AbstractLifeCycle - starting EatWhatYouKill@385e36d4/SelectorProducer@2fc2a205/IDLE/p=false/QueuedThreadPool[qtp899675353]@359ff4d9{STARTED,8<=8<=14,i=7,r=1,q=0}[ReservedThreadExecutor@4cb0a000{s=0/1,p=0}][pc=0,pic=0,pec=0,epc=0]@2024-05-10T11:58:44.14736+01:00
11:58:44.147 [Test worker] DEBUG org.eclipse.jetty.util.component.AbstractLifeCycle - STARTED @1391ms EatWhatYouKill@385e36d4/SelectorProducer@2fc2a205/IDLE/p=false/QueuedThreadPool[qtp899675353]@359ff4d9{STARTED,8<=8<=14,i=7,r=1,q=0}[ReservedThreadExecutor@4cb0a000{s=0/1,p=0}][pc=0,pic=0,pec=0,epc=0]@2024-05-10T11:58:44.147462+01:00
11:58:44.147 [Test worker] DEBUG org.eclipse.jetty.util.thread.QueuedThreadPool - queue org.eclipse.jetty.io.ManagedSelector$$Lambda$427/0x0000000122226bb8@58a63629 startThread=0
11:58:44.147 [Test worker] DEBUG org.eclipse.jetty.io.ManagedSelector - Queued change lazy=false org.eclipse.jetty.io.ManagedSelector$Start@7de843ef on ManagedSelector@2881ad47{STARTING} id=1 keys=0 selected=0 updates=0
11:58:44.147 [qtp899675353-45] DEBUG org.eclipse.jetty.util.thread.QueuedThreadPool - run org.eclipse.jetty.io.ManagedSelector$$Lambda$427/0x0000000122226bb8@58a63629 in QueuedThreadPool[qtp899675353]@359ff4d9{STARTED,8<=8<=14,i=6,r=1,q=0}[ReservedThreadExecutor@4cb0a000{s=0/1,p=0}]
11:58:44.147 [qtp899675353-45] DEBUG org.eclipse.jetty.util.thread.strategy.EatWhatYouKill - EatWhatYouKill@385e36d4/SelectorProducer@2fc2a205/IDLE/p=false/QueuedThreadPool[qtp899675353]@359ff4d9{STARTED,8<=8<=14,i=6,r=1,q=0}[ReservedThreadExecutor@4cb0a000{s=0/1,p=0}][pc=0,pic=0,pec=0,epc=0]@2024-05-10T11:58:44.147778+01:00 tryProduce false
11:58:44.147 [qtp899675353-45] DEBUG org.eclipse.jetty.io.ManagedSelector - updateable 1
11:58:44.147 [qtp899675353-45] DEBUG org.eclipse.jetty.io.ManagedSelector - update org.eclipse.jetty.io.ManagedSelector$Start@7de843ef
11:58:44.147 [qtp899675353-45] DEBUG org.eclipse.jetty.io.ManagedSelector - updates 0
11:58:44.147 [Test worker] DEBUG org.eclipse.jetty.util.component.AbstractLifeCycle - STARTED @1392ms ManagedSelector@2881ad47{STARTED} id=1 keys=0 selected=0 updates=0
11:58:44.147 [qtp899675353-45] DEBUG org.eclipse.jetty.io.ManagedSelector - Selector sun.nio.ch.KQueueSelectorImpl@6882e584 waiting with 0 keys
11:58:44.148 [Test worker] DEBUG org.eclipse.jetty.util.component.AbstractLifeCycle - STARTED @1392ms SelectorManager@NetworkTrafficServerConnector@5fc930f0{HTTP/1.1, (http/1.1)}{0.0.0.0:8081}
11:58:44.148 [Test worker] DEBUG org.eclipse.jetty.util.component.ContainerLifeCycle - NetworkTrafficServerConnector@5fc930f0{HTTP/1.1, (http/1.1)}{0.0.0.0:8081} added {acceptor-0@2e1af49b,POJO}
11:58:44.148 [Test worker] DEBUG org.eclipse.jetty.util.thread.QueuedThreadPool - queue acceptor-0@2e1af49b startThread=0
11:58:44.148 [Test worker] DEBUG org.eclipse.jetty.util.component.ContainerLifeCycle - NetworkTrafficServerConnector@5fc930f0{HTTP/1.1, (http/1.1)}{0.0.0.0:8081} added {acceptor-1@3fd2322d,POJO}
11:58:44.148 [qtp899675353-46] DEBUG org.eclipse.jetty.util.thread.QueuedThreadPool - run acceptor-0@2e1af49b in QueuedThreadPool[qtp899675353]@359ff4d9{STARTED,8<=8<=14,i=5,r=1,q=0}[ReservedThreadExecutor@4cb0a000{s=0/1,p=0}]
11:58:44.148 [Test worker] DEBUG org.eclipse.jetty.util.thread.QueuedThreadPool - queue acceptor-1@3fd2322d startThread=0
11:58:44.148 [qtp899675353-47] DEBUG org.eclipse.jetty.util.thread.QueuedThreadPool - run acceptor-1@3fd2322d in QueuedThreadPool[qtp899675353]@359ff4d9{STARTED,8<=8<=14,i=4,r=1,q=0}[ReservedThreadExecutor@4cb0a000{s=0/1,p=0}]
11:58:44.148 [Test worker] DEBUG org.eclipse.jetty.util.component.ContainerLifeCycle - NetworkTrafficServerConnector@5fc930f0{HTTP/1.1, (http/1.1)}{0.0.0.0:8081} added {acceptor-2@56ac5c80,POJO}
11:58:44.148 [Test worker] DEBUG org.eclipse.jetty.util.thread.QueuedThreadPool - queue acceptor-2@56ac5c80 startThread=0
11:58:44.148 [qtp899675353-48] DEBUG org.eclipse.jetty.util.thread.QueuedThreadPool - run acceptor-2@56ac5c80 in QueuedThreadPool[qtp899675353]@359ff4d9{STARTED,8<=8<=14,i=3,r=1,q=0}[ReservedThreadExecutor@4cb0a000{s=0/1,p=0}]
11:58:44.148 [Test worker] INFO org.eclipse.jetty.server.AbstractConnector - Started NetworkTrafficServerConnector@5fc930f0{HTTP/1.1, (http/1.1)}{0.0.0.0:8081}
11:58:44.148 [Test worker] DEBUG org.eclipse.jetty.util.component.AbstractLifeCycle - STARTED @1392ms NetworkTrafficServerConnector@5fc930f0{HTTP/1.1, (http/1.1)}{0.0.0.0:8081}
11:58:44.148 [Test worker] INFO org.eclipse.jetty.server.Server - Started @1392ms
11:58:44.148 [Test worker] DEBUG org.eclipse.jetty.util.component.AbstractLifeCycle - STARTED @1392ms Server@7a22a3c2{STARTED}[9.4.31.v20200723]
11:58:44.152 [qtp899675353-46-acceptor-0@2e1af49b-NetworkTrafficServerConnector@5fc930f0{HTTP/1.1, (http/1.1)}{0.0.0.0:8081}] DEBUG org.eclipse.jetty.io.ManagedSelector - Queued change lazy=false Accept@c0905e[java.nio.channels.SocketChannel[connected local=/127.0.0.1:8081 remote=/127.0.0.1:56543]] on ManagedSelector@2881ad47{STARTED} id=1 keys=0 selected=0 updates=0
11:58:44.152 [qtp899675353-46-acceptor-0@2e1af49b-NetworkTrafficServerConnector@5fc930f0{HTTP/1.1, (http/1.1)}{0.0.0.0:8081}] DEBUG org.eclipse.jetty.io.ManagedSelector - Wakeup on submit ManagedSelector@2881ad47{STARTED} id=1 keys=0 selected=0 updates=1
11:58:44.152 [qtp899675353-45] DEBUG org.eclipse.jetty.io.ManagedSelector - Selector sun.nio.ch.KQueueSelectorImpl@6882e584 woken with none selected
11:58:44.152 [qtp899675353-45] DEBUG org.eclipse.jetty.io.ManagedSelector - Selector sun.nio.ch.KQueueSelectorImpl@6882e584 woken up from select, 0/0/0 selected
11:58:44.152 [qtp899675353-45] DEBUG org.eclipse.jetty.io.ManagedSelector - Selector sun.nio.ch.KQueueSelectorImpl@6882e584 processing 0 keys, 1 updates
11:58:44.152 [qtp899675353-45] DEBUG org.eclipse.jetty.io.ManagedSelector - updateable 1
11:58:44.152 [qtp899675353-45] DEBUG org.eclipse.jetty.io.ManagedSelector - update Accept@c0905e[java.nio.channels.SocketChannel[connected local=/127.0.0.1:8081 remote=/127.0.0.1:56543]]
11:58:44.153 [qtp899675353-45] DEBUG org.eclipse.jetty.util.thread.QueuedThreadPool - queue Accept@c0905e[java.nio.channels.SocketChannel[connected local=/127.0.0.1:8081 remote=/127.0.0.1:56543]] startThread=0
11:58:44.153 [qtp899675353-49] DEBUG org.eclipse.jetty.util.thread.QueuedThreadPool - run Accept@c0905e[java.nio.channels.SocketChannel[connected local=/127.0.0.1:8081 remote=/127.0.0.1:56543]] in QueuedThreadPool[qtp899675353]@359ff4d9{STARTED,8<=8<=14,i=2,r=1,q=0}[ReservedThreadExecutor@4cb0a000{s=0/1,p=0}]
11:58:44.153 [qtp899675353-45] DEBUG org.eclipse.jetty.io.ManagedSelector - updates 0
11:58:44.153 [qtp899675353-45] DEBUG org.eclipse.jetty.io.ManagedSelector - Selector sun.nio.ch.KQueueSelectorImpl@6882e584 waiting with 1 keys
11:58:44.153 [qtp899675353-49] DEBUG org.eclipse.jetty.io.IdleTimeout - NetworkTrafficSocketChannelEndPoint@7498f36{l=/127.0.0.1:8081,r=/127.0.0.1:56543,OPEN,fill=-,flush=-,to=0/30000}{io=0/0,kio=0,kro=0}-><null> idle timeout check, elapsed: 0 ms, remaining: 30000 ms
11:58:44.153 [qtp899675353-49] DEBUG org.eclipse.jetty.server.HttpChannel - new HttpChannelOverHttp@db1e446{s=HttpChannelState@48b36b94{s=IDLE rs=BLOCKING os=OPEN is=IDLE awp=false se=false i=true al=0},r=0,c=false/false,a=IDLE,uri=null,age=0} -> NetworkTrafficSocketChannelEndPoint@7498f36{l=/127.0.0.1:8081,r=/127.0.0.1:56543,OPEN,fill=-,flush=-,to=0/30000}{io=0/0,kio=0,kro=0}-><null>,null,HttpChannelState@48b36b94{s=IDLE rs=BLOCKING os=OPEN is=IDLE awp=false se=false i=true al=0}
11:58:44.153 [qtp899675353-49] DEBUG org.eclipse.jetty.server.HttpConnection - New HTTP Connection HttpConnection@3486d8b::NetworkTrafficSocketChannelEndPoint@7498f36{l=/127.0.0.1:8081,r=/127.0.0.1:56543,OPEN,fill=-,flush=-,to=0/30000}{io=0/0,kio=0,kro=0}-><null>
11:58:44.153 [qtp899675353-49] DEBUG org.eclipse.jetty.io.ManagedSelector - Queued change lazy=true org.eclipse.jetty.io.ManagedSelector$$Lambda$444/0x00000001222b6b50@79b1e754 on ManagedSelector@2881ad47{STARTED} id=1 keys=1 selected=0 updates=0
11:58:44.153 [qtp899675353-49] DEBUG org.eclipse.jetty.io.AbstractEndPoint - onOpen NetworkTrafficSocketChannelEndPoint@7498f36{l=/127.0.0.1:8081,r=/127.0.0.1:56543,OPEN,fill=-,flush=-,to=0/30000}{io=0/0,kio=0,kro=0}->HttpConnection@3486d8b[p=HttpParser{s=START,0 of -1},g=HttpGenerator@7ba0bff0{s=START}]=>HttpChannelOverHttp@db1e446{s=HttpChannelState@48b36b94{s=IDLE rs=BLOCKING os=OPEN is=IDLE awp=false se=false i=true al=0},r=0,c=false/false,a=IDLE,uri=null,age=0}
11:58:44.153 [qtp899675353-49] DEBUG org.eclipse.jetty.io.AbstractConnection - onOpen HttpConnection@3486d8b::NetworkTrafficSocketChannelEndPoint@7498f36{l=/127.0.0.1:8081,r=/127.0.0.1:56543,OPEN,fill=-,flush=-,to=0/30000}{io=0/0,kio=0,kro=0}->HttpConnection@3486d8b[p=HttpParser{s=START,0 of -1},g=HttpGenerator@7ba0bff0{s=START}]=>HttpChannelOverHttp@db1e446{s=HttpChannelState@48b36b94{s=IDLE rs=BLOCKING os=OPEN is=IDLE awp=false se=false i=true al=0},r=0,c=false/false,a=IDLE,uri=null,age=0}
11:58:44.153 [qtp899675353-49] DEBUG org.eclipse.jetty.io.AbstractConnection - fillInterested HttpConnection@3486d8b::NetworkTrafficSocketChannelEndPoint@7498f36{l=/127.0.0.1:8081,r=/127.0.0.1:56543,OPEN,fill=-,flush=-,to=0/30000}{io=0/0,kio=0,kro=0}->HttpConnection@3486d8b[p=HttpParser{s=START,0 of -1},g=HttpGenerator@7ba0bff0{s=START}]=>HttpChannelOverHttp@db1e446{s=HttpChannelState@48b36b94{s=IDLE rs=BLOCKING os=OPEN is=IDLE awp=false se=false i=true al=0},r=0,c=false/false,a=IDLE,uri=null,age=0}
11:58:44.154 [qtp899675353-49] DEBUG org.eclipse.jetty.io.FillInterest - interested FillInterest@289c94db{AC.ReadCB@3486d8b{HttpConnection@3486d8b::NetworkTrafficSocketChannelEndPoint@7498f36{l=/127.0.0.1:8081,r=/127.0.0.1:56543,OPEN,fill=FI,flush=-,to=0/30000}{io=0/0,kio=0,kro=0}->HttpConnection@3486d8b[p=HttpParser{s=START,0 of -1},g=HttpGenerator@7ba0bff0{s=START}]=>HttpChannelOverHttp@db1e446{s=HttpChannelState@48b36b94{s=IDLE rs=BLOCKING os=OPEN is=IDLE awp=false se=false i=true al=0},r=0,c=false/false,a=IDLE,uri=null,age=0}}}
11:58:44.154 [qtp899675353-49] DEBUG org.eclipse.jetty.io.ChannelEndPoint - changeInterests p=false 0->1 for NetworkTrafficSocketChannelEndPoint@7498f36{l=/127.0.0.1:8081,r=/127.0.0.1:56543,OPEN,fill=FI,flush=-,to=0/30000}{io=0/1,kio=0,kro=0}->HttpConnection@3486d8b[p=HttpParser{s=START,0 of -1},g=HttpGenerator@7ba0bff0{s=START}]=>HttpChannelOverHttp@db1e446{s=HttpChannelState@48b36b94{s=IDLE rs=BLOCKING os=OPEN is=IDLE awp=false se=false i=true al=0},r=0,c=false/false,a=IDLE,uri=null,age=0}
11:58:44.154 [qtp899675353-49] DEBUG org.eclipse.jetty.io.ManagedSelector - Queued change lazy=false org.eclipse.jetty.io.ChannelEndPoint$$Lambda$437/0x00000001222a8418@68789076 on ManagedSelector@2881ad47{STARTED} id=1 keys=1 selected=0 updates=1
11:58:44.154 [qtp899675353-49] DEBUG org.eclipse.jetty.io.ManagedSelector - Wakeup on submit ManagedSelector@2881ad47{STARTED} id=1 keys=1 selected=0 updates=2
11:58:44.154 [qtp899675353-45] DEBUG org.eclipse.jetty.io.ManagedSelector - Selector sun.nio.ch.KQueueSelectorImpl@6882e584 woken with none selected
11:58:44.154 [qtp899675353-45] DEBUG org.eclipse.jetty.io.ManagedSelector - Selector sun.nio.ch.KQueueSelectorImpl@6882e584 woken up from select, 0/0/1 selected
11:58:44.154 [qtp899675353-45] DEBUG org.eclipse.jetty.io.ManagedSelector - Selector sun.nio.ch.KQueueSelectorImpl@6882e584 processing 0 keys, 2 updates
11:58:44.154 [qtp899675353-45] DEBUG org.eclipse.jetty.io.ManagedSelector - updateable 2
11:58:44.154 [qtp899675353-45] DEBUG org.eclipse.jetty.io.ManagedSelector - update org.eclipse.jetty.io.ManagedSelector$$Lambda$444/0x00000001222b6b50@79b1e754
11:58:44.154 [qtp899675353-49] DEBUG org.eclipse.jetty.io.ManagedSelector - Created NetworkTrafficSocketChannelEndPoint@7498f36{l=/127.0.0.1:8081,r=/127.0.0.1:56543,OPEN,fill=FI,flush=-,to=0/30000}{io=0/1,kio=0,kro=0}->HttpConnection@3486d8b[p=HttpParser{s=START,0 of -1},g=HttpGenerator@7ba0bff0{s=START}]=>HttpChannelOverHttp@db1e446{s=HttpChannelState@48b36b94{s=IDLE rs=BLOCKING os=OPEN is=IDLE awp=false se=false i=true al=0},r=0,c=false/false,a=IDLE,uri=null,age=0}
11:58:44.154 [qtp899675353-45] DEBUG org.eclipse.jetty.io.ManagedSelector - update org.eclipse.jetty.io.ChannelEndPoint$$Lambda$437/0x00000001222a8418@68789076
11:58:44.154 [qtp899675353-49] DEBUG org.eclipse.jetty.util.thread.QueuedThreadPool - ran Accept@c0905e[java.nio.channels.SocketChannel[connected local=/127.0.0.1:8081 remote=/127.0.0.1:56543]] in QueuedThreadPool[qtp899675353]@359ff4d9{STARTED,8<=8<=14,i=2,r=1,q=0}[ReservedThreadExecutor@4cb0a000{s=0/1,p=0}]
11:58:44.154 [qtp899675353-45] DEBUG org.eclipse.jetty.io.ChannelEndPoint - Key interests updated 0 -> 1 on NetworkTrafficSocketChannelEndPoint@7498f36{l=/127.0.0.1:8081,r=/127.0.0.1:56543,OPEN,fill=FI,flush=-,to=0/30000}{io=1/1,kio=1,kro=0}->HttpConnection@3486d8b[p=HttpParser{s=START,0 of -1},g=HttpGenerator@7ba0bff0{s=START}]=>HttpChannelOverHttp@db1e446{s=HttpChannelState@48b36b94{s=IDLE rs=BLOCKING os=OPEN is=IDLE awp=false se=false i=true al=0},r=0,c=false/false,a=IDLE,uri=null,age=0}
11:58:44.154 [qtp899675353-45] DEBUG org.eclipse.jetty.io.ManagedSelector - updates 0
11:58:44.154 [qtp899675353-45] DEBUG org.eclipse.jetty.io.ManagedSelector - Selector sun.nio.ch.KQueueSelectorImpl@6882e584 waiting with 1 keys
11:58:44.154 [qtp899675353-45] DEBUG org.eclipse.jetty.io.ManagedSelector - Selector sun.nio.ch.KQueueSelectorImpl@6882e584 woken up from select, 1/1/1 selected
11:58:44.154 [qtp899675353-45] DEBUG org.eclipse.jetty.io.ManagedSelector - Selector sun.nio.ch.KQueueSelectorImpl@6882e584 processing 1 keys, 0 updates
11:58:44.154 [qtp899675353-45] DEBUG org.eclipse.jetty.io.ManagedSelector - selected 1 channel=java.nio.channels.SocketChannel[connected local=/127.0.0.1:8081 remote=/127.0.0.1:56543], selector=sun.nio.ch.KQueueSelectorImpl@6882e584, interestOps=1, readyOps=1 NetworkTrafficSocketChannelEndPoint@7498f36{l=/127.0.0.1:8081,r=/127.0.0.1:56543,OPEN,fill=FI,flush=-,to=0/30000}{io=1/1,kio=1,kro=1}->HttpConnection@3486d8b[p=HttpParser{s=START,0 of -1},g=HttpGenerator@7ba0bff0{s=START}]=>HttpChannelOverHttp@db1e446{s=HttpChannelState@48b36b94{s=IDLE rs=BLOCKING os=OPEN is=IDLE awp=false se=false i=true al=0},r=0,c=false/false,a=IDLE,uri=null,age=0} 
11:58:44.154 [qtp899675353-45] DEBUG org.eclipse.jetty.io.ChannelEndPoint - onSelected 1->0 r=true w=false for NetworkTrafficSocketChannelEndPoint@7498f36{l=/127.0.0.1:8081,r=/127.0.0.1:56543,OPEN,fill=FI,flush=-,to=0/30000}{io=1/0,kio=1,kro=1}->HttpConnection@3486d8b[p=HttpParser{s=START,0 of -1},g=HttpGenerator@7ba0bff0{s=START}]=>HttpChannelOverHttp@db1e446{s=HttpChannelState@48b36b94{s=IDLE rs=BLOCKING os=OPEN is=IDLE awp=false se=false i=true al=0},r=0,c=false/false,a=IDLE,uri=null,age=0}
11:58:44.155 [qtp899675353-45] DEBUG org.eclipse.jetty.io.ChannelEndPoint - task CEP:NetworkTrafficSocketChannelEndPoint@7498f36{l=/127.0.0.1:8081,r=/127.0.0.1:56543,OPEN,fill=FI,flush=-,to=0/30000}{io=1/0,kio=1,kro=1}->HttpConnection@3486d8b[p=HttpParser{s=START,0 of -1},g=HttpGenerator@7ba0bff0{s=START}]=>HttpChannelOverHttp@db1e446{s=HttpChannelState@48b36b94{s=IDLE rs=BLOCKING os=OPEN is=IDLE awp=false se=false i=true al=0},r=0,c=false/false,a=IDLE,uri=null,age=0}:runFillable:BLOCKING
11:58:44.155 [qtp899675353-45] DEBUG org.eclipse.jetty.util.thread.ReservedThreadExecutor - ReservedThreadExecutor@4cb0a000{s=0/1,p=0} tryExecute EatWhatYouKill@385e36d4/SelectorProducer@2fc2a205/PRODUCING/p=false/QueuedThreadPool[qtp899675353]@359ff4d9{STARTED,8<=8<=14,i=3,r=1,q=0}[ReservedThreadExecutor@4cb0a000{s=0/1,p=0}][pc=0,pic=0,pec=0,epc=0]@2024-05-10T11:58:44.155141+01:00
11:58:44.155 [qtp899675353-45] DEBUG org.eclipse.jetty.util.thread.ReservedThreadExecutor - ReservedThreadExecutor@4cb0a000{s=0/1,p=1} startReservedThread p=1
11:58:44.155 [qtp899675353-45] DEBUG org.eclipse.jetty.util.thread.QueuedThreadPool - queue ReservedThreadExecutor@4cb0a000{s=0/1,p=1}@627a8ef4 startThread=0
11:58:44.155 [qtp899675353-50] DEBUG org.eclipse.jetty.util.thread.QueuedThreadPool - run ReservedThreadExecutor@4cb0a000{s=0/1,p=1}@627a8ef4 in QueuedThreadPool[qtp899675353]@359ff4d9{STARTED,8<=8<=14,i=2,r=1,q=0}[ReservedThreadExecutor@4cb0a000{s=0/1,p=1}]
11:58:44.155 [qtp899675353-45] DEBUG org.eclipse.jetty.util.thread.strategy.EatWhatYouKill - EatWhatYouKill@385e36d4/SelectorProducer@2fc2a205/PRODUCING/p=false/QueuedThreadPool[qtp899675353]@359ff4d9{STARTED,8<=8<=14,i=2,r=1,q=0}[ReservedThreadExecutor@4cb0a000{s=0/1,p=1}][pc=0,pic=0,pec=0,epc=0]@2024-05-10T11:58:44.155341+01:00 m=PRODUCE_EXECUTE_CONSUME t=CEP:NetworkTrafficSocketChannelEndPoint@7498f36{l=/127.0.0.1:8081,r=/127.0.0.1:56543,OPEN,fill=FI,flush=-,to=1/30000}{io=1/0,kio=1,kro=1}->HttpConnection@3486d8b[p=HttpParser{s=START,0 of -1},g=HttpGenerator@7ba0bff0{s=START}]=>HttpChannelOverHttp@db1e446{s=HttpChannelState@48b36b94{s=IDLE rs=BLOCKING os=OPEN is=IDLE awp=false se=false i=true al=0},r=0,c=false/false,a=IDLE,uri=null,age=0}:runFillable:BLOCKING/BLOCKING
11:58:44.155 [qtp899675353-50] DEBUG org.eclipse.jetty.util.thread.ReservedThreadExecutor - ReservedThreadExecutor@4cb0a000{s=1/1,p=1}@627a8ef4 started
11:58:44.155 [qtp899675353-50] DEBUG org.eclipse.jetty.util.thread.ReservedThreadExecutor - ReservedThreadExecutor@4cb0a000{s=1/1,p=0}@627a8ef4 waiting
11:58:44.155 [qtp899675353-45] DEBUG org.eclipse.jetty.util.thread.QueuedThreadPool - queue CEP:NetworkTrafficSocketChannelEndPoint@7498f36{l=/127.0.0.1:8081,r=/127.0.0.1:56543,OPEN,fill=FI,flush=-,to=1/30000}{io=1/0,kio=1,kro=1}->HttpConnection@3486d8b[p=HttpParser{s=START,0 of -1},g=HttpGenerator@7ba0bff0{s=START}]=>HttpChannelOverHttp@db1e446{s=HttpChannelState@48b36b94{s=IDLE rs=BLOCKING os=OPEN is=IDLE awp=false se=false i=true al=0},r=0,c=false/false,a=IDLE,uri=null,age=0}:runFillable:BLOCKING startThread=0
11:58:44.155 [qtp899675353-45] DEBUG org.eclipse.jetty.io.ManagedSelector - updateable 0
11:58:44.155 [qtp899675353-45] DEBUG org.eclipse.jetty.io.ManagedSelector - updates 0
11:58:44.155 [qtp899675353-51] DEBUG org.eclipse.jetty.util.thread.QueuedThreadPool - run CEP:NetworkTrafficSocketChannelEndPoint@7498f36{l=/127.0.0.1:8081,r=/127.0.0.1:56543,OPEN,fill=FI,flush=-,to=1/30000}{io=1/0,kio=1,kro=1}->HttpConnection@3486d8b[p=HttpParser{s=START,0 of -1},g=HttpGenerator@7ba0bff0{s=START}]=>HttpChannelOverHttp@db1e446{s=HttpChannelState@48b36b94{s=IDLE rs=BLOCKING os=OPEN is=IDLE awp=false se=false i=true al=0},r=0,c=false/false,a=IDLE,uri=null,age=0}:runFillable:BLOCKING in QueuedThreadPool[qtp899675353]@359ff4d9{STARTED,8<=8<=14,i=1,r=1,q=0}[ReservedThreadExecutor@4cb0a000{s=1/1,p=0}]
11:58:44.155 [qtp899675353-51] DEBUG org.eclipse.jetty.io.FillInterest - fillable FillInterest@289c94db{AC.ReadCB@3486d8b{HttpConnection@3486d8b::NetworkTrafficSocketChannelEndPoint@7498f36{l=/127.0.0.1:8081,r=/127.0.0.1:56543,OPEN,fill=FI,flush=-,to=1/30000}{io=0/0,kio=0,kro=1}->HttpConnection@3486d8b[p=HttpParser{s=START,0 of -1},g=HttpGenerator@7ba0bff0{s=START}]=>HttpChannelOverHttp@db1e446{s=HttpChannelState@48b36b94{s=IDLE rs=BLOCKING os=OPEN is=IDLE awp=false se=false i=true al=0},r=0,c=false/false,a=IDLE,uri=null,age=0}}}
11:58:44.155 [qtp899675353-45] DEBUG org.eclipse.jetty.io.ChannelEndPoint - Key interests updated 1 -> 0 on NetworkTrafficSocketChannelEndPoint@7498f36{l=/127.0.0.1:8081,r=/127.0.0.1:56543,OPEN,fill=FI,flush=-,to=1/30000}{io=0/0,kio=0,kro=1}->HttpConnection@3486d8b[p=HttpParser{s=START,0 of -1},g=HttpGenerator@7ba0bff0{s=START}]=>HttpChannelOverHttp@db1e446{s=HttpChannelState@48b36b94{s=IDLE rs=BLOCKING os=OPEN is=IDLE awp=false se=false i=true al=0},r=0,c=false/false,a=IDLE,uri=null,age=0}
11:58:44.156 [qtp899675353-45] DEBUG org.eclipse.jetty.io.ManagedSelector - Selector sun.nio.ch.KQueueSelectorImpl@6882e584 waiting with 1 keys
11:58:44.156 [qtp899675353-51] DEBUG org.eclipse.jetty.server.HttpConnection - HttpConnection@3486d8b::NetworkTrafficSocketChannelEndPoint@7498f36{l=/127.0.0.1:8081,r=/127.0.0.1:56543,OPEN,fill=-,flush=-,to=1/30000}{io=0/0,kio=0,kro=1}->HttpConnection@3486d8b[p=HttpParser{s=START,0 of -1},g=HttpGenerator@7ba0bff0{s=START}]=>HttpChannelOverHttp@db1e446{s=HttpChannelState@48b36b94{s=IDLE rs=BLOCKING os=OPEN is=IDLE awp=false se=false i=true al=0},r=0,c=false/false,a=IDLE,uri=null,age=0} onFillable enter HttpChannelState@48b36b94{s=IDLE rs=BLOCKING os=OPEN is=IDLE awp=false se=false i=true al=0} null
11:58:44.156 [qtp899675353-51] DEBUG org.eclipse.jetty.io.ChannelEndPoint - filled 494 HeapByteBuffer@550387d7[p=0,l=494,c=8192,r=494]={<<<POST /__admin/mappings HT...eb-bc2d-95319ab4d162"\n}>>>\x00\x00\x00\x00\x00\x00\x00\x00\x00...\x00\x00\x00\x00\x00\x00\x00}
11:58:44.156 [qtp899675353-51] DEBUG org.eclipse.jetty.server.HttpConnection - HttpConnection@3486d8b::NetworkTrafficSocketChannelEndPoint@7498f36{l=/127.0.0.1:8081,r=/127.0.0.1:56543,OPEN,fill=-,flush=-,to=0/30000}{io=0/0,kio=0,kro=1}->HttpConnection@3486d8b[p=HttpParser{s=START,0 of -1},g=HttpGenerator@7ba0bff0{s=START}]=>HttpChannelOverHttp@db1e446{s=HttpChannelState@48b36b94{s=IDLE rs=BLOCKING os=OPEN is=IDLE awp=false se=false i=true al=0},r=0,c=false/false,a=IDLE,uri=null,age=0} filled 494 HeapByteBuffer@550387d7[p=0,l=494,c=8192,r=494]={<<<POST /__admin/mappings HT...eb-bc2d-95319ab4d162"\n}>>>\x00\x00\x00\x00\x00\x00\x00\x00\x00...\x00\x00\x00\x00\x00\x00\x00}
11:58:44.156 [qtp899675353-51] DEBUG org.eclipse.jetty.server.HttpConnection - HttpConnection@3486d8b::NetworkTrafficSocketChannelEndPoint@7498f36{l=/127.0.0.1:8081,r=/127.0.0.1:56543,OPEN,fill=-,flush=-,to=0/30000}{io=0/0,kio=0,kro=1}->HttpConnection@3486d8b[p=HttpParser{s=START,0 of -1},g=HttpGenerator@7ba0bff0{s=START}]=>HttpChannelOverHttp@db1e446{s=HttpChannelState@48b36b94{s=IDLE rs=BLOCKING os=OPEN is=IDLE awp=false se=false i=true al=0},r=0,c=false/false,a=IDLE,uri=null,age=0} parse HeapByteBuffer@550387d7[p=0,l=494,c=8192,r=494]={<<<POST /__admin/mappings HT...eb-bc2d-95319ab4d162"\n}>>>\x00\x00\x00\x00\x00\x00\x00\x00\x00...\x00\x00\x00\x00\x00\x00\x00} {}
11:58:44.156 [qtp899675353-51] DEBUG org.eclipse.jetty.http.HttpParser - parseNext s=START HeapByteBuffer@550387d7[p=0,l=494,c=8192,r=494]={<<<POST /__admin/mappings HT...eb-bc2d-95319ab4d162"\n}>>>\x00\x00\x00\x00\x00\x00\x00\x00\x00...\x00\x00\x00\x00\x00\x00\x00}
11:58:44.156 [qtp899675353-51] DEBUG org.eclipse.jetty.http.HttpParser - START --> SPACE1
11:58:44.156 [qtp899675353-51] DEBUG org.eclipse.jetty.http.HttpParser - SPACE1 --> URI
11:58:44.156 [qtp899675353-51] DEBUG org.eclipse.jetty.http.HttpParser - URI --> SPACE2
11:58:44.156 [qtp899675353-51] DEBUG org.eclipse.jetty.http.HttpParser - SPACE2 --> REQUEST_VERSION
11:58:44.156 [qtp899675353-51] DEBUG org.eclipse.jetty.http.HttpParser - REQUEST_VERSION --> HEADER
11:58:44.156 [qtp899675353-51] DEBUG org.eclipse.jetty.http.HttpParser - HEADER:Content-Length --> VALUE
11:58:44.156 [qtp899675353-51] DEBUG org.eclipse.jetty.http.HttpParser - HEADER:Content-Length --> IN_VALUE
11:58:44.156 [qtp899675353-51] DEBUG org.eclipse.jetty.http.HttpParser - HEADER:Content-Length --> FIELD
11:58:44.156 [qtp899675353-51] DEBUG org.eclipse.jetty.http.HttpParser - HEADER:Content-Type: text/plain; charset=UTF-8 --> IN_VALUE
11:58:44.156 [qtp899675353-51] DEBUG org.eclipse.jetty.http.HttpParser - HEADER:Content-Type: text/plain; charset=UTF-8 --> FIELD
11:58:44.156 [qtp899675353-51] DEBUG org.eclipse.jetty.http.HttpParser - HEADER:Host --> VALUE
11:58:44.156 [qtp899675353-51] DEBUG org.eclipse.jetty.http.HttpParser - HEADER:Host --> IN_VALUE
11:58:44.156 [qtp899675353-51] DEBUG org.eclipse.jetty.http.HttpParser - HEADER:Host --> FIELD
11:58:44.156 [qtp899675353-51] DEBUG org.eclipse.jetty.http.HttpParser - HEADER:Connection: keep-alive --> IN_VALUE
11:58:44.156 [qtp899675353-51] DEBUG org.eclipse.jetty.http.HttpParser - HEADER:Connection: keep-alive --> FIELD
11:58:44.156 [qtp899675353-51] DEBUG org.eclipse.jetty.http.HttpParser - HEADER:User-Agent --> VALUE
11:58:44.156 [qtp899675353-51] DEBUG org.eclipse.jetty.http.HttpParser - HEADER:User-Agent --> IN_VALUE
11:58:44.156 [qtp899675353-51] DEBUG org.eclipse.jetty.http.HttpParser - HEADER:User-Agent --> FIELD
11:58:44.156 [qtp899675353-51] DEBUG org.eclipse.jetty.http.HttpParser - HEADER --> CONTENT
11:58:44.157 [qtp899675353-51] DEBUG org.eclipse.jetty.server.HttpChannel - REQUEST for //localhost:8081/__admin/mappings on HttpChannelOverHttp@db1e446{s=HttpChannelState@48b36b94{s=IDLE rs=BLOCKING os=OPEN is=IDLE awp=false se=false i=true al=0},r=1,c=false/false,a=IDLE,uri=//localhost:8081/__admin/mappings,age=1}
POST //localhost:8081/__admin/mappings HTTP/1.1
Content-Length: 298
Content-Type: text/plain; charset=UTF-8
Host: localhost:8081
Connection: keep-alive
User-Agent: Apache-HttpClient/4.5.13 (Java/17.0.11)


11:58:44.157 [qtp899675353-51] DEBUG org.eclipse.jetty.server.HttpConnection - HttpConnection@3486d8b::NetworkTrafficSocketChannelEndPoint@7498f36{l=/127.0.0.1:8081,r=/127.0.0.1:56543,OPEN,fill=-,flush=-,to=0/30000}{io=0/0,kio=0,kro=1}->HttpConnection@3486d8b[p=HttpParser{s=CONTENT,0 of 298},g=HttpGenerator@7ba0bff0{s=START}]=>HttpChannelOverHttp@db1e446{s=HttpChannelState@48b36b94{s=IDLE rs=BLOCKING os=OPEN is=IDLE awp=false se=false i=true al=0},r=1,c=false/false,a=IDLE,uri=//localhost:8081/__admin/mappings,age=1} parsed true HttpParser{s=CONTENT,0 of 298}
11:58:44.157 [qtp899675353-51] DEBUG org.eclipse.jetty.server.HttpChannel - handle //localhost:8081/__admin/mappings HttpChannelOverHttp@db1e446{s=HttpChannelState@48b36b94{s=IDLE rs=BLOCKING os=OPEN is=IDLE awp=false se=false i=true al=0},r=1,c=false/false,a=IDLE,uri=//localhost:8081/__admin/mappings,age=1} 
11:58:44.157 [qtp899675353-51] DEBUG org.eclipse.jetty.server.HttpChannelState - handling HttpChannelState@48b36b94{s=IDLE rs=BLOCKING os=OPEN is=IDLE awp=false se=false i=true al=0}
11:58:44.157 [qtp899675353-51] DEBUG org.eclipse.jetty.server.HttpChannel - action DISPATCH HttpChannelOverHttp@db1e446{s=HttpChannelState@48b36b94{s=HANDLING rs=BLOCKING os=OPEN is=IDLE awp=false se=false i=true al=0},r=1,c=false/false,a=HANDLING,uri=//localhost:8081/__admin/mappings,age=1}
11:58:44.157 [qtp899675353-51] DEBUG org.eclipse.jetty.server.Server - REQUEST POST /__admin/mappings on HttpChannelOverHttp@db1e446{s=HttpChannelState@48b36b94{s=HANDLING rs=BLOCKING os=OPEN is=IDLE awp=false se=false i=true al=0},r=1,c=false/false,a=HANDLING,uri=//localhost:8081/__admin/mappings,age=1}
11:58:44.157 [qtp899675353-51] DEBUG org.eclipse.jetty.server.handler.ContextHandler - scope null||/__admin/mappings @ o.e.j.s.ServletContextHandler@65f58c6e{/__admin,null,AVAILABLE}
11:58:44.157 [qtp899675353-51] DEBUG org.eclipse.jetty.server.handler.ContextHandler - context=/__admin||/mappings @ o.e.j.s.ServletContextHandler@65f58c6e{/__admin,null,AVAILABLE}
11:58:44.157 [qtp899675353-51] DEBUG org.eclipse.jetty.servlet.ServletHandler - servlet /__admin|/mappings|null -> com.github.tomakehurst.wiremock.servlet.WireMockHandlerDispatchingServlet-29528a22@ccf4421b==com.github.tomakehurst.wiremock.servlet.WireMockHandlerDispatchingServlet,jsp=null,order=-1,inst=false,async=true
11:58:44.157 [qtp899675353-51] DEBUG org.eclipse.jetty.servlet.ServletHandler - chain=org.eclipse.jetty.servlets.CrossOriginFilter-7ea08277@7ea08277==org.eclipse.jetty.servlets.CrossOriginFilter,inst=true,async=true->com.github.tomakehurst.wiremock.servlet.WireMockHandlerDispatchingServlet-29528a22@ccf4421b==com.github.tomakehurst.wiremock.servlet.WireMockHandlerDispatchingServlet,jsp=null,order=-1,inst=false,async=true
11:58:44.157 [qtp899675353-51] DEBUG org.eclipse.jetty.servlet.ServletHolder - Servlet.init com.github.tomakehurst.wiremock.servlet.WireMockHandlerDispatchingServlet@5bc47307 for com.github.tomakehurst.wiremock.servlet.WireMockHandlerDispatchingServlet-29528a22
11:58:44.157 [qtp899675353-51] INFO org.eclipse.jetty.server.handler.ContextHandler.__admin - RequestHandlerClass from context returned com.github.tomakehurst.wiremock.http.AdminRequestHandler. Normalized mapped under returned 'null'
11:58:44.157 [qtp899675353-51] DEBUG org.eclipse.jetty.servlet.ServletHandler - call filter org.eclipse.jetty.servlets.CrossOriginFilter-7ea08277@7ea08277==org.eclipse.jetty.servlets.CrossOriginFilter,inst=true,async=true
11:58:44.157 [qtp899675353-51] DEBUG org.eclipse.jetty.servlet.ServletHandler - call servlet com.github.tomakehurst.wiremock.servlet.WireMockHandlerDispatchingServlet-29528a22@ccf4421b==com.github.tomakehurst.wiremock.servlet.WireMockHandlerDispatchingServlet,jsp=null,order=-1,inst=true,async=true
11:58:44.158 [qtp899675353-51] DEBUG org.eclipse.jetty.server.HttpConnection - HttpConnection@3486d8b::NetworkTrafficSocketChannelEndPoint@7498f36{l=/127.0.0.1:8081,r=/127.0.0.1:56543,OPEN,fill=-,flush=-,to=1/30000}{io=0/0,kio=0,kro=1}->HttpConnection@3486d8b[p=HttpParser{s=CONTENT,0 of 298},g=HttpGenerator@7ba0bff0{s=START}]=>HttpChannelOverHttp@db1e446{s=HttpChannelState@48b36b94{s=HANDLING rs=BLOCKING os=OPEN is=IDLE awp=false se=false i=true al=0},r=1,c=false/false,a=HANDLING,uri=//localhost:8081/__admin/mappings,age=2} parse HeapByteBuffer@550387d7[p=196,l=494,c=8192,r=298]={POST /__a...11)\r\n\r\n<<<{\n  "id" : "7ab0da29-cddf...eb-bc2d-95319ab4d162"\n}>>>\x00\x00\x00\x00\x00\x00\x00\x00\x00...\x00\x00\x00\x00\x00\x00\x00} {}
11:58:44.158 [qtp899675353-51] DEBUG org.eclipse.jetty.http.HttpParser - parseNext s=CONTENT HeapByteBuffer@550387d7[p=196,l=494,c=8192,r=298]={POST /__a...11)\r\n\r\n<<<{\n  "id" : "7ab0da29-cddf...eb-bc2d-95319ab4d162"\n}>>>\x00\x00\x00\x00\x00\x00\x00\x00\x00...\x00\x00\x00\x00\x00\x00\x00}
11:58:44.158 [qtp899675353-51] DEBUG org.eclipse.jetty.server.HttpChannel - onContent HttpChannelOverHttp@db1e446{s=HttpChannelState@48b36b94{s=HANDLING rs=BLOCKING os=OPEN is=IDLE awp=false se=false i=true al=0},r=1,c=false/false,a=HANDLING,uri=//localhost:8081/__admin/mappings,age=2} Content@5ffbeca7{HeapByteBufferR@1af9793c[p=196,l=494,c=8192,r=298]={POST /__a...11)\r\n\r\n<<<{\n  "id" : "7ab0da29-cddf...eb-bc2d-95319ab4d162"\n}>>>\x00\x00\x00\x00\x00\x00\x00\x00\x00...\x00\x00\x00\x00\x00\x00\x00}}
11:58:44.158 [qtp899675353-51] DEBUG org.eclipse.jetty.server.HttpInput - HttpInputOverHTTP@538d688b[c=0,q=0,[0]=null,s=STREAM] addContent Content@5ffbeca7{HeapByteBufferR@1af9793c[p=196,l=494,c=8192,r=298]={POST /__a...11)\r\n\r\n<<<{\n  "id" : "7ab0da29-cddf...eb-bc2d-95319ab4d162"\n}>>>\x00\x00\x00\x00\x00\x00\x00\x00\x00...\x00\x00\x00\x00\x00\x00\x00}}
11:58:44.158 [qtp899675353-51] DEBUG org.eclipse.jetty.http.HttpParser - CONTENT --> CONTENT_END
11:58:44.158 [qtp899675353-51] DEBUG org.eclipse.jetty.server.HttpChannel - onContentComplete HttpChannelOverHttp@db1e446{s=HttpChannelState@48b36b94{s=HANDLING rs=BLOCKING os=OPEN is=IDLE awp=false se=false i=true al=0},r=1,c=false/false,a=HANDLING,uri=//localhost:8081/__admin/mappings,age=2}
11:58:44.158 [qtp899675353-51] DEBUG org.eclipse.jetty.http.HttpParser - CONTENT_END --> END
11:58:44.158 [qtp899675353-51] DEBUG org.eclipse.jetty.server.HttpChannel - onRequestComplete HttpChannelOverHttp@db1e446{s=HttpChannelState@48b36b94{s=HANDLING rs=BLOCKING os=OPEN is=IDLE awp=false se=false i=true al=0},r=1,c=false/false,a=HANDLING,uri=//localhost:8081/__admin/mappings,age=2}
11:58:44.158 [qtp899675353-51] DEBUG org.eclipse.jetty.server.HttpInput - HttpInputOverHTTP@538d688b[c=0,q=1,[0]=EOF,s=STREAM] addContent EOF
11:58:44.158 [qtp899675353-51] DEBUG org.eclipse.jetty.server.HttpConnection - HttpConnection@3486d8b::NetworkTrafficSocketChannelEndPoint@7498f36{l=/127.0.0.1:8081,r=/127.0.0.1:56543,OPEN,fill=-,flush=-,to=2/30000}{io=0/0,kio=0,kro=1}->HttpConnection@3486d8b[p=HttpParser{s=END,298 of 298},g=HttpGenerator@7ba0bff0{s=START}]=>HttpChannelOverHttp@db1e446{s=HttpChannelState@48b36b94{s=HANDLING rs=BLOCKING os=OPEN is=IDLE awp=false se=false i=true al=0},r=1,c=false/false,a=HANDLING,uri=//localhost:8081/__admin/mappings,age=2} parsed false HttpParser{s=END,298 of 298}
11:58:44.158 [qtp899675353-51] DEBUG org.eclipse.jetty.server.HttpInput - HttpInputOverHTTP@538d688b[c=298,q=1,[0]=EOF,s=STREAM] read 298 from Content@5ffbeca7{HeapByteBufferR@1af9793c[p=494,l=494,c=8192,r=0]={POST /__a...d162"\n}<<<>>>\x00\x00\x00\x00\x00\x00\x00\x00\x00...\x00\x00\x00\x00\x00\x00\x00}}
11:58:44.158 [qtp899675353-51] DEBUG org.eclipse.jetty.server.HttpConnection - releaseRequestBuffer HttpConnection@3486d8b::NetworkTrafficSocketChannelEndPoint@7498f36{l=/127.0.0.1:8081,r=/127.0.0.1:56543,OPEN,fill=-,flush=-,to=2/30000}{io=0/0,kio=0,kro=1}->HttpConnection@3486d8b[p=HttpParser{s=END,298 of 298},g=HttpGenerator@7ba0bff0{s=START}]=>HttpChannelOverHttp@db1e446{s=HttpChannelState@48b36b94{s=HANDLING rs=BLOCKING os=OPEN is=IDLE awp=false se=false i=true al=0},r=1,c=false/false,a=HANDLING,uri=//localhost:8081/__admin/mappings,age=2}
11:58:44.158 [qtp899675353-51] DEBUG org.eclipse.jetty.server.HttpChannelState - onEof HttpChannelState@48b36b94{s=HANDLING rs=BLOCKING os=OPEN is=IDLE awp=false se=false i=true al=0}
11:58:44.173 [qtp899675353-51] DEBUG org.eclipse.jetty.server.HttpOutput - write(array HeapByteBuffer@2b2965b6[p=0,l=298,c=8192,r=298]={<<<{\n  "id" : "7ab0da29-cddf...eb-bc2d-95319ab4d162"\n}>>>\x00\x00\x00\x00\x00\x00\x00\x00\x00...\x00\x00\x00\x00\x00\x00\x00})
11:58:44.174 [qtp899675353-51] DEBUG org.eclipse.jetty.server.HttpOutput - write(array) s=OPEN,api=BLOCKING,sc=false,e=null aggregated !flush DirectByteBuffer@2bb72aa0[p=0,l=298,c=32768,r=298]={<<<{\n  "id" : "7ab0da29-cddf...eb-bc2d-95319ab4d162"\n}>>>\x00\x00\x00\x00\x00\x00\x00\x00\x00...\x00\x00\x00\x00\x00\x00\x00}
11:58:44.174 [qtp899675353-51] DEBUG org.eclipse.jetty.server.HttpChannel - sendResponse info=null content=DirectByteBuffer@2bb72aa0[p=0,l=298,c=32768,r=298]={<<<{\n  "id" : "7ab0da29-cddf...eb-bc2d-95319ab4d162"\n}>>>\x00\x00\x00\x00\x00\x00\x00\x00\x00...\x00\x00\x00\x00\x00\x00\x00} complete=false committing=true callback=Blocker@7ad68673{null}
11:58:44.174 [qtp899675353-51] DEBUG org.eclipse.jetty.server.HttpChannel - COMMIT for /__admin/mappings on HttpChannelOverHttp@db1e446{s=HttpChannelState@48b36b94{s=HANDLING rs=BLOCKING os=COMMITTED is=READY awp=false se=false i=true al=0},r=1,c=false/false,a=HANDLING,uri=//localhost:8081/__admin/mappings,age=18}
201 null HTTP/1.1
Content-Type: application/json


11:58:44.174 [qtp899675353-51] DEBUG org.eclipse.jetty.server.HttpConnection - generate: NEED_HEADER for org.eclipse.jetty.server.HttpConnection$SendCallback@42a77092[PROCESSING][i=HTTP/1.1{s=201,h=1,cl=-1},cb=org.eclipse.jetty.server.HttpChannel$SendCallback@22c3b9a5] (null,[p=0,l=298,c=32768,r=298],false)@START
11:58:44.174 [qtp899675353-51] DEBUG org.eclipse.jetty.http.HttpGenerator - generateHeaders HTTP/1.1{s=201,h=1,cl=-1} last=false content=DirectByteBuffer@2bb72aa0[p=0,l=298,c=32768,r=298]={<<<{\n  "id" : "7ab0da29-cddf...eb-bc2d-95319ab4d162"\n}>>>\x00\x00\x00\x00\x00\x00\x00\x00\x00...\x00\x00\x00\x00\x00\x00\x00}
11:58:44.174 [qtp899675353-51] DEBUG org.eclipse.jetty.http.HttpGenerator - Content-Type: application/json


11:58:44.174 [qtp899675353-51] DEBUG org.eclipse.jetty.http.HttpGenerator - CHUNKED_CONTENT
11:58:44.174 [qtp899675353-51] DEBUG org.eclipse.jetty.server.HttpConnection - generate: FLUSH for org.eclipse.jetty.server.HttpConnection$SendCallback@42a77092[PROCESSING][i=HTTP/1.1{s=201,h=1,cl=-1},cb=org.eclipse.jetty.server.HttpChannel$SendCallback@22c3b9a5] ([p=0,l=89,c=8192,r=89],[p=0,l=298,c=32768,r=298],false)@COMMITTED
11:58:44.175 [qtp899675353-51] DEBUG org.eclipse.jetty.io.WriteFlusher - write: WriteFlusher@30b36577{IDLE}->null [HeapByteBuffer@550387d7[p=0,l=89,c=8192,r=89]={<<<HTTP/1.1 201 Created\r\nCon...oding: chunked\r\n\r\n12A\r\n>>>TF-8\r\nHos...\x00\x00\x00\x00\x00\x00\x00},DirectByteBuffer@2bb72aa0[p=0,l=298,c=32768,r=298]={<<<{\n  "id" : "7ab0da29-cddf...eb-bc2d-95319ab4d162"\n}>>>\x00\x00\x00\x00\x00\x00\x00\x00\x00...\x00\x00\x00\x00\x00\x00\x00}]
11:58:44.175 [qtp899675353-51] DEBUG org.eclipse.jetty.io.WriteFlusher - update WriteFlusher@30b36577{WRITING}->null:IDLE-->WRITING
11:58:44.175 [qtp899675353-51] DEBUG org.eclipse.jetty.io.ChannelEndPoint - flushed 89 NetworkTrafficSocketChannelEndPoint@7498f36{l=/127.0.0.1:8081,r=/127.0.0.1:56543,OPEN,fill=-,flush=W,to=18/30000}{io=0/0,kio=0,kro=1}->HttpConnection@3486d8b[p=HttpParser{s=END,298 of 298},g=HttpGenerator@7ba0bff0{s=COMMITTED}]=>HttpChannelOverHttp@db1e446{s=HttpChannelState@48b36b94{s=HANDLING rs=BLOCKING os=COMMITTED is=READY awp=false se=false i=true al=0},r=1,c=false/false,a=HANDLING,uri=//localhost:8081/__admin/mappings,age=19}
11:58:44.175 [qtp899675353-51] DEBUG org.eclipse.jetty.io.ChannelEndPoint - flushed 298 NetworkTrafficSocketChannelEndPoint@7498f36{l=/127.0.0.1:8081,r=/127.0.0.1:56543,OPEN,fill=-,flush=W,to=0/30000}{io=0/0,kio=0,kro=1}->HttpConnection@3486d8b[p=HttpParser{s=END,298 of 298},g=HttpGenerator@7ba0bff0{s=COMMITTED}]=>HttpChannelOverHttp@db1e446{s=HttpChannelState@48b36b94{s=HANDLING rs=BLOCKING os=COMMITTED is=READY awp=false se=false i=true al=0},r=1,c=false/false,a=HANDLING,uri=//localhost:8081/__admin/mappings,age=19}
11:58:44.175 [qtp899675353-51] DEBUG org.eclipse.jetty.io.WriteFlusher - Flushed=true written=387 remaining=0 WriteFlusher@30b36577{WRITING}->null
11:58:44.175 [qtp899675353-51] DEBUG org.eclipse.jetty.io.WriteFlusher - update WriteFlusher@30b36577{IDLE}->null:WRITING-->IDLE
11:58:44.175 [qtp899675353-51] DEBUG org.eclipse.jetty.server.HttpConnection - generate: DONE for org.eclipse.jetty.server.HttpConnection$SendCallback@42a77092[PROCESSING][i=HTTP/1.1{s=201,h=1,cl=-1},cb=org.eclipse.jetty.server.HttpChannel$SendCallback@22c3b9a5] ([p=89,l=89,c=8192,r=0],[p=298,l=298,c=32768,r=0],false)@COMMITTED
11:58:44.175 [qtp899675353-51] DEBUG org.eclipse.jetty.server.HttpOutput - onWriteComplete(false,null) s=OPEN,api=BLOCKED,sc=false,e=null->s=OPEN,api=BLOCKING,sc=false,e=null c=null cb=null w=false
11:58:44.175 [qtp899675353-51] DEBUG org.eclipse.jetty.server.HttpOutput - close() s=CLOSING,api=BLOCKED,sc=false,e=null c=HeapByteBuffer@68c94543[p=0,l=0,c=0,r=0]={<<<>>>} b=Blocker@7ad68673{null}
11:58:44.175 [qtp899675353-51] DEBUG org.eclipse.jetty.server.HttpChannel - sendResponse info=null content=HeapByteBuffer@68c94543[p=0,l=0,c=0,r=0]={<<<>>>} complete=true committing=false callback=Blocker@7ad68673{null}
11:58:44.175 [qtp899675353-51] DEBUG org.eclipse.jetty.server.HttpConnection - generate: CONTINUE for org.eclipse.jetty.server.HttpConnection$SendCallback@42a77092[PROCESSING][i=null,cb=org.eclipse.jetty.server.HttpChannel$SendCallback@7e98980c] (null,[p=0,l=0,c=0,r=0],true)@COMPLETING
11:58:44.175 [qtp899675353-51] DEBUG org.eclipse.jetty.server.HttpConnection - generate: NEED_CHUNK for org.eclipse.jetty.server.HttpConnection$SendCallback@42a77092[PROCESSING][i=null,cb=org.eclipse.jetty.server.HttpChannel$SendCallback@7e98980c] (null,[p=0,l=0,c=0,r=0],true)@COMPLETING
11:58:44.176 [qtp899675353-51] DEBUG org.eclipse.jetty.server.HttpConnection - generate: FLUSH for org.eclipse.jetty.server.HttpConnection$SendCallback@42a77092[PROCESSING][i=null,cb=org.eclipse.jetty.server.HttpChannel$SendCallback@7e98980c] (null,[p=0,l=0,c=0,r=0],true)@COMPLETING
11:58:44.176 [qtp899675353-51] DEBUG org.eclipse.jetty.io.WriteFlusher - write: WriteFlusher@30b36577{IDLE}->null [HeapByteBuffer@74244ad[p=0,l=7,c=1024,r=7]={<<<\r\n0\r\n\r\n>>>\x00\x00\x00\x00\x00\x00\x00\x00\x00...\x00\x00\x00\x00\x00\x00\x00}]
11:58:44.176 [qtp899675353-51] DEBUG org.eclipse.jetty.io.WriteFlusher - update WriteFlusher@30b36577{WRITING}->null:IDLE-->WRITING
11:58:44.176 [qtp899675353-51] DEBUG org.eclipse.jetty.io.ChannelEndPoint - flushed 7 NetworkTrafficSocketChannelEndPoint@7498f36{l=/127.0.0.1:8081,r=/127.0.0.1:56543,OPEN,fill=-,flush=W,to=0/30000}{io=0/0,kio=0,kro=1}->HttpConnection@3486d8b[p=HttpParser{s=END,298 of 298},g=HttpGenerator@7ba0bff0{s=COMPLETING}]=>HttpChannelOverHttp@db1e446{s=HttpChannelState@48b36b94{s=HANDLING rs=BLOCKING os=COMMITTED is=READY awp=false se=false i=true al=0},r=1,c=false/false,a=HANDLING,uri=//localhost:8081/__admin/mappings,age=20}
11:58:44.176 [qtp899675353-51] DEBUG org.eclipse.jetty.io.WriteFlusher - Flushed=true written=7 remaining=0 WriteFlusher@30b36577{WRITING}->null
11:58:44.176 [qtp899675353-51] DEBUG org.eclipse.jetty.io.WriteFlusher - update WriteFlusher@30b36577{IDLE}->null:WRITING-->IDLE
11:58:44.176 [qtp899675353-51] DEBUG org.eclipse.jetty.server.HttpConnection - generate: DONE for org.eclipse.jetty.server.HttpConnection$SendCallback@42a77092[PROCESSING][i=null,cb=org.eclipse.jetty.server.HttpChannel$SendCallback@7e98980c] (null,[p=0,l=0,c=0,r=0],true)@END
11:58:44.176 [qtp899675353-51] DEBUG org.eclipse.jetty.server.HttpOutput - onWriteComplete(true,null) s=CLOSING,api=BLOCKED,sc=false,e=null->s=CLOSED,api=BLOCKING,sc=false,e=null c=null cb=null w=false
11:58:44.176 [qtp899675353-51] DEBUG org.eclipse.jetty.server.handler.gzip.GzipHandler - GzipHandler@289778cd{STARTED,min=32,inflate=-1} handle Request[POST //localhost:8081/__admin/mappings]@38f3db71 in null
11:58:44.176 [qtp899675353-51] DEBUG org.eclipse.jetty.server.handler.ContextHandler - scope null||/__admin/mappings @ o.e.j.s.ServletContextHandler@6401d0a0{/,null,AVAILABLE}
11:58:44.176 [qtp899675353-51] DEBUG org.eclipse.jetty.server.Server - handled=true async=false committed=true on HttpChannelOverHttp@db1e446{s=HttpChannelState@48b36b94{s=HANDLING rs=BLOCKING os=COMPLETED is=READY awp=false se=false i=true al=0},r=1,c=false/true,a=HANDLING,uri=//localhost:8081/__admin/mappings,age=20}
11:58:44.177 [qtp899675353-51] DEBUG org.eclipse.jetty.server.HttpChannelState - unhandle HttpChannelState@48b36b94{s=HANDLING rs=BLOCKING os=COMPLETED is=READY awp=false se=false i=true al=0}
11:58:44.177 [qtp899675353-51] DEBUG org.eclipse.jetty.server.HttpChannelState - nextAction(false) COMPLETE HttpChannelState@48b36b94{s=HANDLING rs=COMPLETING os=COMPLETED is=READY awp=false se=false i=false al=0}
11:58:44.177 [qtp899675353-51] DEBUG org.eclipse.jetty.server.HttpChannel - action COMPLETE HttpChannelOverHttp@db1e446{s=HttpChannelState@48b36b94{s=HANDLING rs=COMPLETING os=COMPLETED is=READY awp=false se=false i=false al=0},r=1,c=false/true,a=HANDLING,uri=//localhost:8081/__admin/mappings,age=21}
11:58:44.177 [qtp899675353-51] DEBUG org.eclipse.jetty.server.HttpOutput - complete(org.eclipse.jetty.util.Callback$3@13c089c5) s=CLOSED,api=BLOCKING,sc=false,e=null s=true e=null, c=null
11:58:44.177 [qtp899675353-51] DEBUG org.eclipse.jetty.server.HttpChannelState - completed HttpChannelState@48b36b94{s=HANDLING rs=COMPLETING os=COMPLETED is=READY awp=false se=false i=false al=0}
11:58:44.177 [qtp899675353-51] DEBUG org.eclipse.jetty.server.HttpChannelState - unhandle HttpChannelState@48b36b94{s=HANDLING rs=COMPLETED os=COMPLETED is=READY awp=false se=false i=false al=0}
11:58:44.177 [qtp899675353-51] DEBUG org.eclipse.jetty.server.HttpChannelState - nextAction(false) TERMINATED HttpChannelState@48b36b94{s=IDLE rs=COMPLETED os=COMPLETED is=READY awp=false se=false i=false al=0}
11:58:44.177 [qtp899675353-51] DEBUG org.eclipse.jetty.server.HttpChannel - action TERMINATED HttpChannelOverHttp@db1e446{s=HttpChannelState@48b36b94{s=IDLE rs=COMPLETED os=COMPLETED is=READY awp=false se=false i=false al=0},r=1,c=true/true,a=IDLE,uri=//localhost:8081/__admin/mappings,age=21}
11:58:44.177 [qtp899675353-51] DEBUG org.eclipse.jetty.server.HttpChannel - onCompleted for /__admin/mappings written=298
11:58:44.177 [qtp899675353-51] DEBUG org.eclipse.jetty.server.HttpChannelState - recycle HttpChannelState@48b36b94{s=IDLE rs=COMPLETED os=COMPLETED is=READY awp=false se=false i=false al=0}
11:58:44.177 [qtp899675353-51] DEBUG org.eclipse.jetty.http.HttpParser - reset HttpParser{s=END,298 of 298}
11:58:44.177 [qtp899675353-51] DEBUG org.eclipse.jetty.http.HttpParser - END --> START
11:58:44.177 [qtp899675353-51] DEBUG org.eclipse.jetty.server.HttpChannel - !handle TERMINATED HttpChannelOverHttp@db1e446{s=HttpChannelState@48b36b94{s=IDLE rs=BLOCKING os=OPEN is=IDLE awp=false se=false i=true al=0},r=1,c=false/false,a=IDLE,uri=null,age=0}
11:58:44.177 [qtp899675353-51] DEBUG org.eclipse.jetty.io.ChannelEndPoint - filled 0 HeapByteBuffer@550387d7[p=0,l=0,c=8192,r=0]={<<<>>>HTTP/1.1 ...\x00\x00\x00\x00\x00\x00\x00}
11:58:44.177 [qtp899675353-51] DEBUG org.eclipse.jetty.io.ChannelEndPoint - filled 0 HeapByteBuffer@550387d7[p=0,l=0,c=8192,r=0]={<<<>>>HTTP/1.1 ...\x00\x00\x00\x00\x00\x00\x00}
11:58:44.178 [qtp899675353-51] DEBUG org.eclipse.jetty.server.HttpConnection - HttpConnection@3486d8b::NetworkTrafficSocketChannelEndPoint@7498f36{l=/127.0.0.1:8081,r=/127.0.0.1:56543,OPEN,fill=-,flush=-,to=1/30000}{io=0/0,kio=0,kro=1}->HttpConnection@3486d8b[p=HttpParser{s=START,0 of -1},g=HttpGenerator@7ba0bff0{s=START}]=>HttpChannelOverHttp@db1e446{s=HttpChannelState@48b36b94{s=IDLE rs=BLOCKING os=OPEN is=IDLE awp=false se=false i=true al=0},r=1,c=false/false,a=IDLE,uri=null,age=0} filled 0 HeapByteBuffer@550387d7[p=0,l=0,c=8192,r=0]={<<<>>>HTTP/1.1 ...\x00\x00\x00\x00\x00\x00\x00}
11:58:44.178 [qtp899675353-51] DEBUG org.eclipse.jetty.server.HttpConnection - HttpConnection@3486d8b::NetworkTrafficSocketChannelEndPoint@7498f36{l=/127.0.0.1:8081,r=/127.0.0.1:56543,OPEN,fill=-,flush=-,to=1/30000}{io=0/0,kio=0,kro=1}->HttpConnection@3486d8b[p=HttpParser{s=START,0 of -1},g=HttpGenerator@7ba0bff0{s=START}]=>HttpChannelOverHttp@db1e446{s=HttpChannelState@48b36b94{s=IDLE rs=BLOCKING os=OPEN is=IDLE awp=false se=false i=true al=0},r=1,c=false/false,a=IDLE,uri=null,age=0} parse HeapByteBuffer@550387d7[p=0,l=0,c=8192,r=0]={<<<>>>HTTP/1.1 ...\x00\x00\x00\x00\x00\x00\x00} {}
11:58:44.178 [qtp899675353-51] DEBUG org.eclipse.jetty.http.HttpParser - parseNext s=START HeapByteBuffer@550387d7[p=0,l=0,c=8192,r=0]={<<<>>>HTTP/1.1 ...\x00\x00\x00\x00\x00\x00\x00}
11:58:44.178 [qtp899675353-51] DEBUG org.eclipse.jetty.server.HttpConnection - HttpConnection@3486d8b::NetworkTrafficSocketChannelEndPoint@7498f36{l=/127.0.0.1:8081,r=/127.0.0.1:56543,OPEN,fill=-,flush=-,to=1/30000}{io=0/0,kio=0,kro=1}->HttpConnection@3486d8b[p=HttpParser{s=START,0 of -1},g=HttpGenerator@7ba0bff0{s=START}]=>HttpChannelOverHttp@db1e446{s=HttpChannelState@48b36b94{s=IDLE rs=BLOCKING os=OPEN is=IDLE awp=false se=false i=true al=0},r=1,c=false/false,a=IDLE,uri=null,age=0} parsed false HttpParser{s=START,0 of -1}
11:58:44.178 [qtp899675353-51] DEBUG org.eclipse.jetty.server.HttpConnection - releaseRequestBuffer HttpConnection@3486d8b::NetworkTrafficSocketChannelEndPoint@7498f36{l=/127.0.0.1:8081,r=/127.0.0.1:56543,OPEN,fill=-,flush=-,to=2/30000}{io=0/0,kio=0,kro=1}->HttpConnection@3486d8b[p=HttpParser{s=START,0 of -1},g=HttpGenerator@7ba0bff0{s=START}]=>HttpChannelOverHttp@db1e446{s=HttpChannelState@48b36b94{s=IDLE rs=BLOCKING os=OPEN is=IDLE awp=false se=false i=true al=0},r=1,c=false/false,a=IDLE,uri=null,age=0}
11:58:44.178 [qtp899675353-51] DEBUG org.eclipse.jetty.io.AbstractConnection - fillInterested HttpConnection@3486d8b::NetworkTrafficSocketChannelEndPoint@7498f36{l=/127.0.0.1:8081,r=/127.0.0.1:56543,OPEN,fill=-,flush=-,to=2/30000}{io=0/0,kio=0,kro=1}->HttpConnection@3486d8b[p=HttpParser{s=START,0 of -1},g=HttpGenerator@7ba0bff0{s=START}]=>HttpChannelOverHttp@db1e446{s=HttpChannelState@48b36b94{s=IDLE rs=BLOCKING os=OPEN is=IDLE awp=false se=false i=true al=0},r=1,c=false/false,a=IDLE,uri=null,age=0}
11:58:44.178 [qtp899675353-51] DEBUG org.eclipse.jetty.io.FillInterest - interested FillInterest@289c94db{AC.ReadCB@3486d8b{HttpConnection@3486d8b::NetworkTrafficSocketChannelEndPoint@7498f36{l=/127.0.0.1:8081,r=/127.0.0.1:56543,OPEN,fill=FI,flush=-,to=0/30000}{io=0/0,kio=0,kro=1}->HttpConnection@3486d8b[p=HttpParser{s=START,0 of -1},g=HttpGenerator@7ba0bff0{s=START}]=>HttpChannelOverHttp@db1e446{s=HttpChannelState@48b36b94{s=IDLE rs=BLOCKING os=OPEN is=IDLE awp=false se=false i=true al=0},r=1,c=false/false,a=IDLE,uri=null,age=0}}}
11:58:44.178 [qtp899675353-47-acceptor-1@3fd2322d-NetworkTrafficServerConnector@5fc930f0{HTTP/1.1, (http/1.1)}{0.0.0.0:8081}] DEBUG org.eclipse.jetty.io.ManagedSelector - Queued change lazy=false Accept@1015532b[java.nio.channels.SocketChannel[connected local=/127.0.0.1:8081 remote=/127.0.0.1:56544]] on ManagedSelector@5bcb04cb{STARTED} id=0 keys=0 selected=0 updates=0
11:58:44.178 [qtp899675353-47-acceptor-1@3fd2322d-NetworkTrafficServerConnector@5fc930f0{HTTP/1.1, (http/1.1)}{0.0.0.0:8081}] DEBUG org.eclipse.jetty.io.ManagedSelector - Wakeup on submit ManagedSelector@5bcb04cb{STARTED} id=0 keys=0 selected=0 updates=1
11:58:44.178 [qtp899675353-51] DEBUG org.eclipse.jetty.io.ChannelEndPoint - changeInterests p=false 0->1 for NetworkTrafficSocketChannelEndPoint@7498f36{l=/127.0.0.1:8081,r=/127.0.0.1:56543,OPEN,fill=FI,flush=-,to=0/30000}{io=0/1,kio=0,kro=1}->HttpConnection@3486d8b[p=HttpParser{s=START,0 of -1},g=HttpGenerator@7ba0bff0{s=START}]=>HttpChannelOverHttp@db1e446{s=HttpChannelState@48b36b94{s=IDLE rs=BLOCKING os=OPEN is=IDLE awp=false se=false i=true al=0},r=1,c=false/false,a=IDLE,uri=null,age=0}
11:58:44.179 [qtp899675353-51] DEBUG org.eclipse.jetty.io.ManagedSelector - Queued change lazy=false org.eclipse.jetty.io.ChannelEndPoint$$Lambda$437/0x00000001222a8418@68789076 on ManagedSelector@2881ad47{STARTED} id=1 keys=1 selected=0 updates=0
11:58:44.179 [qtp899675353-44] DEBUG org.eclipse.jetty.io.ManagedSelector - Selector sun.nio.ch.KQueueSelectorImpl@37795db2 woken with none selected
11:58:44.179 [qtp899675353-51] DEBUG org.eclipse.jetty.io.ManagedSelector - Wakeup on submit ManagedSelector@2881ad47{STARTED} id=1 keys=1 selected=0 updates=1
11:58:44.179 [qtp899675353-44] DEBUG org.eclipse.jetty.io.ManagedSelector - Selector sun.nio.ch.KQueueSelectorImpl@37795db2 woken up from select, 0/0/0 selected
11:58:44.179 [qtp899675353-44] DEBUG org.eclipse.jetty.io.ManagedSelector - Selector sun.nio.ch.KQueueSelectorImpl@37795db2 processing 0 keys, 1 updates
11:58:44.179 [qtp899675353-45] DEBUG org.eclipse.jetty.io.ManagedSelector - Selector sun.nio.ch.KQueueSelectorImpl@6882e584 woken with none selected
11:58:44.179 [qtp899675353-44] DEBUG org.eclipse.jetty.io.ManagedSelector - updateable 1
11:58:44.179 [qtp899675353-45] DEBUG org.eclipse.jetty.io.ManagedSelector - Selector sun.nio.ch.KQueueSelectorImpl@6882e584 woken up from select, 0/0/1 selected
11:58:44.179 [qtp899675353-45] DEBUG org.eclipse.jetty.io.ManagedSelector - Selector sun.nio.ch.KQueueSelectorImpl@6882e584 processing 0 keys, 1 updates
11:58:44.179 [qtp899675353-44] DEBUG org.eclipse.jetty.io.ManagedSelector - update Accept@1015532b[java.nio.channels.SocketChannel[connected local=/127.0.0.1:8081 remote=/127.0.0.1:56544]]
11:58:44.179 [qtp899675353-45] DEBUG org.eclipse.jetty.io.ManagedSelector - updateable 1
11:58:44.179 [qtp899675353-45] DEBUG org.eclipse.jetty.io.ManagedSelector - update org.eclipse.jetty.io.ChannelEndPoint$$Lambda$437/0x00000001222a8418@68789076
11:58:44.179 [qtp899675353-44] DEBUG org.eclipse.jetty.util.thread.QueuedThreadPool - queue Accept@1015532b[java.nio.channels.SocketChannel[connected local=/127.0.0.1:8081 remote=/127.0.0.1:56544]] startThread=0
11:58:44.179 [qtp899675353-44] DEBUG org.eclipse.jetty.io.ManagedSelector - updates 0
11:58:44.179 [qtp899675353-51] DEBUG org.eclipse.jetty.server.HttpConnection - HttpConnection@3486d8b::NetworkTrafficSocketChannelEndPoint@7498f36{l=/127.0.0.1:8081,r=/127.0.0.1:56543,OPEN,fill=FI,flush=-,to=0/30000}{io=0/1,kio=0,kro=1}->HttpConnection@3486d8b[p=HttpParser{s=START,0 of -1},g=HttpGenerator@7ba0bff0{s=START}]=>HttpChannelOverHttp@db1e446{s=HttpChannelState@48b36b94{s=IDLE rs=BLOCKING os=OPEN is=IDLE awp=false se=false i=true al=0},r=1,c=false/false,a=IDLE,uri=null,age=0} onFillable exit HttpChannelState@48b36b94{s=IDLE rs=BLOCKING os=OPEN is=IDLE awp=false se=false i=true al=0} null
11:58:44.179 [qtp899675353-44] DEBUG org.eclipse.jetty.io.ManagedSelector - Selector sun.nio.ch.KQueueSelectorImpl@37795db2 waiting with 1 keys
11:58:44.179 [qtp899675353-49] DEBUG org.eclipse.jetty.util.thread.QueuedThreadPool - run Accept@1015532b[java.nio.channels.SocketChannel[connected local=/127.0.0.1:8081 remote=/127.0.0.1:56544]] in QueuedThreadPool[qtp899675353]@359ff4d9{STARTED,8<=8<=14,i=0,r=1,q=0}[ReservedThreadExecutor@4cb0a000{s=1/1,p=0}]
11:58:44.179 [qtp899675353-45] DEBUG org.eclipse.jetty.io.ChannelEndPoint - Key interests updated 0 -> 1 on NetworkTrafficSocketChannelEndPoint@7498f36{l=/127.0.0.1:8081,r=/127.0.0.1:56543,OPEN,fill=FI,flush=-,to=0/30000}{io=1/1,kio=1,kro=1}->HttpConnection@3486d8b[p=HttpParser{s=START,0 of -1},g=HttpGenerator@7ba0bff0{s=START}]=>HttpChannelOverHttp@db1e446{s=HttpChannelState@48b36b94{s=IDLE rs=BLOCKING os=OPEN is=IDLE awp=false se=false i=true al=0},r=1,c=false/false,a=IDLE,uri=null,age=0}
11:58:44.179 [qtp899675353-45] DEBUG org.eclipse.jetty.io.ManagedSelector - updates 0
11:58:44.179 [qtp899675353-45] DEBUG org.eclipse.jetty.io.ManagedSelector - Selector sun.nio.ch.KQueueSelectorImpl@6882e584 waiting with 1 keys
11:58:44.179 [qtp899675353-49] DEBUG org.eclipse.jetty.io.IdleTimeout - NetworkTrafficSocketChannelEndPoint@1e85516a{l=/127.0.0.1:8081,r=/127.0.0.1:56544,OPEN,fill=-,flush=-,to=0/30000}{io=0/0,kio=0,kro=0}-><null> idle timeout check, elapsed: 0 ms, remaining: 30000 ms
11:58:44.179 [qtp899675353-51] DEBUG org.eclipse.jetty.util.thread.QueuedThreadPool - ran CEP:NetworkTrafficSocketChannelEndPoint@7498f36{l=/127.0.0.1:8081,r=/127.0.0.1:56543,OPEN,fill=FI,flush=-,to=0/30000}{io=1/1,kio=1,kro=1}->HttpConnection@3486d8b[p=HttpParser{s=START,0 of -1},g=HttpGenerator@7ba0bff0{s=START}]=>HttpChannelOverHttp@db1e446{s=HttpChannelState@48b36b94{s=IDLE rs=BLOCKING os=OPEN is=IDLE awp=false se=false i=true al=0},r=1,c=false/false,a=IDLE,uri=null,age=0}:runFillable:BLOCKING in QueuedThreadPool[qtp899675353]@359ff4d9{STARTED,8<=8<=14,i=0,r=1,q=0}[ReservedThreadExecutor@4cb0a000{s=1/1,p=0}]
11:58:44.179 [qtp899675353-49] DEBUG org.eclipse.jetty.server.HttpChannel - new HttpChannelOverHttp@60a43275{s=HttpChannelState@2cd248f6{s=IDLE rs=BLOCKING os=OPEN is=IDLE awp=false se=false i=true al=0},r=0,c=false/false,a=IDLE,uri=null,age=0} -> NetworkTrafficSocketChannelEndPoint@1e85516a{l=/127.0.0.1:8081,r=/127.0.0.1:56544,OPEN,fill=-,flush=-,to=0/30000}{io=0/0,kio=0,kro=0}-><null>,null,HttpChannelState@2cd248f6{s=IDLE rs=BLOCKING os=OPEN is=IDLE awp=false se=false i=true al=0}
11:58:44.179 [qtp899675353-49] DEBUG org.eclipse.jetty.server.HttpConnection - New HTTP Connection HttpConnection@85963a::NetworkTrafficSocketChannelEndPoint@1e85516a{l=/127.0.0.1:8081,r=/127.0.0.1:56544,OPEN,fill=-,flush=-,to=0/30000}{io=0/0,kio=0,kro=0}-><null>
11:58:44.179 [qtp899675353-49] DEBUG org.eclipse.jetty.io.ManagedSelector - Queued change lazy=true org.eclipse.jetty.io.ManagedSelector$$Lambda$444/0x00000001222b6b50@34bf8941 on ManagedSelector@5bcb04cb{STARTED} id=0 keys=1 selected=0 updates=0
11:58:44.179 [qtp899675353-49] DEBUG org.eclipse.jetty.io.AbstractEndPoint - onOpen NetworkTrafficSocketChannelEndPoint@1e85516a{l=/127.0.0.1:8081,r=/127.0.0.1:56544,OPEN,fill=-,flush=-,to=0/30000}{io=0/0,kio=0,kro=0}->HttpConnection@85963a[p=HttpParser{s=START,0 of -1},g=HttpGenerator@75c93239{s=START}]=>HttpChannelOverHttp@60a43275{s=HttpChannelState@2cd248f6{s=IDLE rs=BLOCKING os=OPEN is=IDLE awp=false se=false i=true al=0},r=0,c=false/false,a=IDLE,uri=null,age=0}
11:58:44.179 [qtp899675353-49] DEBUG org.eclipse.jetty.io.AbstractConnection - onOpen HttpConnection@85963a::NetworkTrafficSocketChannelEndPoint@1e85516a{l=/127.0.0.1:8081,r=/127.0.0.1:56544,OPEN,fill=-,flush=-,to=0/30000}{io=0/0,kio=0,kro=0}->HttpConnection@85963a[p=HttpParser{s=START,0 of -1},g=HttpGenerator@75c93239{s=START}]=>HttpChannelOverHttp@60a43275{s=HttpChannelState@2cd248f6{s=IDLE rs=BLOCKING os=OPEN is=IDLE awp=false se=false i=true al=0},r=0,c=false/false,a=IDLE,uri=null,age=0}
11:58:44.180 [qtp899675353-49] DEBUG org.eclipse.jetty.io.AbstractConnection - fillInterested HttpConnection@85963a::NetworkTrafficSocketChannelEndPoint@1e85516a{l=/127.0.0.1:8081,r=/127.0.0.1:56544,OPEN,fill=-,flush=-,to=0/30000}{io=0/0,kio=0,kro=0}->HttpConnection@85963a[p=HttpParser{s=START,0 of -1},g=HttpGenerator@75c93239{s=START}]=>HttpChannelOverHttp@60a43275{s=HttpChannelState@2cd248f6{s=IDLE rs=BLOCKING os=OPEN is=IDLE awp=false se=false i=true al=0},r=0,c=false/false,a=IDLE,uri=null,age=0}
11:58:44.180 [qtp899675353-49] DEBUG org.eclipse.jetty.io.FillInterest - interested FillInterest@4be2418e{AC.ReadCB@85963a{HttpConnection@85963a::NetworkTrafficSocketChannelEndPoint@1e85516a{l=/127.0.0.1:8081,r=/127.0.0.1:56544,OPEN,fill=FI,flush=-,to=0/30000}{io=0/0,kio=0,kro=0}->HttpConnection@85963a[p=HttpParser{s=START,0 of -1},g=HttpGenerator@75c93239{s=START}]=>HttpChannelOverHttp@60a43275{s=HttpChannelState@2cd248f6{s=IDLE rs=BLOCKING os=OPEN is=IDLE awp=false se=false i=true al=0},r=0,c=false/false,a=IDLE,uri=null,age=0}}}
11:58:44.180 [qtp899675353-49] DEBUG org.eclipse.jetty.io.ChannelEndPoint - changeInterests p=false 0->1 for NetworkTrafficSocketChannelEndPoint@1e85516a{l=/127.0.0.1:8081,r=/127.0.0.1:56544,OPEN,fill=FI,flush=-,to=0/30000}{io=0/1,kio=0,kro=0}->HttpConnection@85963a[p=HttpParser{s=START,0 of -1},g=HttpGenerator@75c93239{s=START}]=>HttpChannelOverHttp@60a43275{s=HttpChannelState@2cd248f6{s=IDLE rs=BLOCKING os=OPEN is=IDLE awp=false se=false i=true al=0},r=0,c=false/false,a=IDLE,uri=null,age=0}
11:58:44.180 [qtp899675353-49] DEBUG org.eclipse.jetty.io.ManagedSelector - Queued change lazy=false org.eclipse.jetty.io.ChannelEndPoint$$Lambda$437/0x00000001222a8418@677a3a8e on ManagedSelector@5bcb04cb{STARTED} id=0 keys=1 selected=0 updates=1
11:58:44.180 [qtp899675353-49] DEBUG org.eclipse.jetty.io.ManagedSelector - Wakeup on submit ManagedSelector@5bcb04cb{STARTED} id=0 keys=1 selected=0 updates=2
11:58:44.180 [qtp899675353-44] DEBUG org.eclipse.jetty.io.ManagedSelector - Selector sun.nio.ch.KQueueSelectorImpl@37795db2 woken with none selected
11:58:44.180 [qtp899675353-44] DEBUG org.eclipse.jetty.io.ManagedSelector - Selector sun.nio.ch.KQueueSelectorImpl@37795db2 woken up from select, 0/0/1 selected
11:58:44.180 [qtp899675353-49] DEBUG org.eclipse.jetty.io.ManagedSelector - Created NetworkTrafficSocketChannelEndPoint@1e85516a{l=/127.0.0.1:8081,r=/127.0.0.1:56544,OPEN,fill=FI,flush=-,to=0/30000}{io=0/1,kio=0,kro=0}->HttpConnection@85963a[p=HttpParser{s=START,0 of -1},g=HttpGenerator@75c93239{s=START}]=>HttpChannelOverHttp@60a43275{s=HttpChannelState@2cd248f6{s=IDLE rs=BLOCKING os=OPEN is=IDLE awp=false se=false i=true al=0},r=0,c=false/false,a=IDLE,uri=null,age=0}
11:58:44.180 [qtp899675353-44] DEBUG org.eclipse.jetty.io.ManagedSelector - Selector sun.nio.ch.KQueueSelectorImpl@37795db2 processing 0 keys, 2 updates
11:58:44.180 [qtp899675353-44] DEBUG org.eclipse.jetty.io.ManagedSelector - updateable 2
11:58:44.180 [qtp899675353-44] DEBUG org.eclipse.jetty.io.ManagedSelector - update org.eclipse.jetty.io.ManagedSelector$$Lambda$444/0x00000001222b6b50@34bf8941
11:58:44.180 [qtp899675353-44] DEBUG org.eclipse.jetty.io.ManagedSelector - update org.eclipse.jetty.io.ChannelEndPoint$$Lambda$437/0x00000001222a8418@677a3a8e
11:58:44.180 [qtp899675353-49] DEBUG org.eclipse.jetty.util.thread.QueuedThreadPool - ran Accept@1015532b[java.nio.channels.SocketChannel[connected local=/127.0.0.1:8081 remote=/127.0.0.1:56544]] in QueuedThreadPool[qtp899675353]@359ff4d9{STARTED,8<=8<=14,i=1,r=1,q=0}[ReservedThreadExecutor@4cb0a000{s=1/1,p=0}]
11:58:44.180 [qtp899675353-44] DEBUG org.eclipse.jetty.io.ChannelEndPoint - Key interests updated 0 -> 1 on NetworkTrafficSocketChannelEndPoint@1e85516a{l=/127.0.0.1:8081,r=/127.0.0.1:56544,OPEN,fill=FI,flush=-,to=0/30000}{io=1/1,kio=1,kro=0}->HttpConnection@85963a[p=HttpParser{s=START,0 of -1},g=HttpGenerator@75c93239{s=START}]=>HttpChannelOverHttp@60a43275{s=HttpChannelState@2cd248f6{s=IDLE rs=BLOCKING os=OPEN is=IDLE awp=false se=false i=true al=0},r=0,c=false/false,a=IDLE,uri=null,age=0}
11:58:44.180 [qtp899675353-44] DEBUG org.eclipse.jetty.io.ManagedSelector - updates 0
11:58:44.180 [qtp899675353-44] DEBUG org.eclipse.jetty.io.ManagedSelector - Selector sun.nio.ch.KQueueSelectorImpl@37795db2 waiting with 1 keys
11:58:44.180 [qtp899675353-44] DEBUG org.eclipse.jetty.io.ManagedSelector - Selector sun.nio.ch.KQueueSelectorImpl@37795db2 woken up from select, 1/1/1 selected
11:58:44.180 [qtp899675353-44] DEBUG org.eclipse.jetty.io.ManagedSelector - Selector sun.nio.ch.KQueueSelectorImpl@37795db2 processing 1 keys, 0 updates
11:58:44.180 [qtp899675353-44] DEBUG org.eclipse.jetty.io.ManagedSelector - selected 1 channel=java.nio.channels.SocketChannel[connected local=/127.0.0.1:8081 remote=/127.0.0.1:56544], selector=sun.nio.ch.KQueueSelectorImpl@37795db2, interestOps=1, readyOps=1 NetworkTrafficSocketChannelEndPoint@1e85516a{l=/127.0.0.1:8081,r=/127.0.0.1:56544,OPEN,fill=FI,flush=-,to=0/30000}{io=1/1,kio=1,kro=1}->HttpConnection@85963a[p=HttpParser{s=START,0 of -1},g=HttpGenerator@75c93239{s=START}]=>HttpChannelOverHttp@60a43275{s=HttpChannelState@2cd248f6{s=IDLE rs=BLOCKING os=OPEN is=IDLE awp=false se=false i=true al=0},r=0,c=false/false,a=IDLE,uri=null,age=0} 
11:58:44.181 [qtp899675353-44] DEBUG org.eclipse.jetty.io.ChannelEndPoint - onSelected 1->0 r=true w=false for NetworkTrafficSocketChannelEndPoint@1e85516a{l=/127.0.0.1:8081,r=/127.0.0.1:56544,OPEN,fill=FI,flush=-,to=0/30000}{io=1/0,kio=1,kro=1}->HttpConnection@85963a[p=HttpParser{s=START,0 of -1},g=HttpGenerator@75c93239{s=START}]=>HttpChannelOverHttp@60a43275{s=HttpChannelState@2cd248f6{s=IDLE rs=BLOCKING os=OPEN is=IDLE awp=false se=false i=true al=0},r=0,c=false/false,a=IDLE,uri=null,age=0}
11:58:44.181 [qtp899675353-44] DEBUG org.eclipse.jetty.io.ChannelEndPoint - task CEP:NetworkTrafficSocketChannelEndPoint@1e85516a{l=/127.0.0.1:8081,r=/127.0.0.1:56544,OPEN,fill=FI,flush=-,to=1/30000}{io=1/0,kio=1,kro=1}->HttpConnection@85963a[p=HttpParser{s=START,0 of -1},g=HttpGenerator@75c93239{s=START}]=>HttpChannelOverHttp@60a43275{s=HttpChannelState@2cd248f6{s=IDLE rs=BLOCKING os=OPEN is=IDLE awp=false se=false i=true al=0},r=0,c=false/false,a=IDLE,uri=null,age=0}:runFillable:BLOCKING
11:58:44.181 [qtp899675353-44] DEBUG org.eclipse.jetty.util.thread.ReservedThreadExecutor - ReservedThreadExecutor@4cb0a000{s=1/1,p=0} tryExecute EatWhatYouKill@5b498842/SelectorProducer@1cb37ee4/PRODUCING/p=false/QueuedThreadPool[qtp899675353]@359ff4d9{STARTED,8<=8<=14,i=2,r=1,q=0}[ReservedThreadExecutor@4cb0a000{s=1/1,p=0}][pc=0,pic=0,pec=0,epc=0]@2024-05-10T11:58:44.181357+01:00
11:58:44.181 [qtp899675353-44] DEBUG org.eclipse.jetty.util.thread.ReservedThreadExecutor - ReservedThreadExecutor@4cb0a000{s=0/1,p=0}@627a8ef4 offer EatWhatYouKill@5b498842/SelectorProducer@1cb37ee4/PRODUCING/p=false/QueuedThreadPool[qtp899675353]@359ff4d9{STARTED,8<=8<=14,i=2,r=1,q=0}[ReservedThreadExecutor@4cb0a000{s=0/1,p=0}][pc=0,pic=0,pec=0,epc=0]@2024-05-10T11:58:44.181495+01:00
11:58:44.181 [qtp899675353-44] DEBUG org.eclipse.jetty.util.thread.ReservedThreadExecutor - ReservedThreadExecutor@4cb0a000{s=0/1,p=1} startReservedThread p=1
11:58:44.181 [qtp899675353-44] DEBUG org.eclipse.jetty.util.thread.QueuedThreadPool - queue ReservedThreadExecutor@4cb0a000{s=0/1,p=1}@3d8136c2 startThread=0
11:58:44.181 [qtp899675353-51] DEBUG org.eclipse.jetty.util.thread.QueuedThreadPool - run ReservedThreadExecutor@4cb0a000{s=0/1,p=1}@3d8136c2 in QueuedThreadPool[qtp899675353]@359ff4d9{STARTED,8<=8<=14,i=1,r=1,q=0}[ReservedThreadExecutor@4cb0a000{s=0/1,p=1}]
11:58:44.181 [qtp899675353-51] DEBUG org.eclipse.jetty.util.thread.ReservedThreadExecutor - ReservedThreadExecutor@4cb0a000{s=1/1,p=1}@3d8136c2 started
11:58:44.181 [qtp899675353-51] DEBUG org.eclipse.jetty.util.thread.ReservedThreadExecutor - ReservedThreadExecutor@4cb0a000{s=1/1,p=0}@3d8136c2 waiting
11:58:44.181 [qtp899675353-44] DEBUG org.eclipse.jetty.util.thread.strategy.EatWhatYouKill - EatWhatYouKill@5b498842/SelectorProducer@1cb37ee4/IDLE/p=true/QueuedThreadPool[qtp899675353]@359ff4d9{STARTED,8<=8<=14,i=1,r=1,q=0}[ReservedThreadExecutor@4cb0a000{s=0/1,p=1}][pc=0,pic=0,pec=0,epc=0]@2024-05-10T11:58:44.181749+01:00 m=EXECUTE_PRODUCE_CONSUME t=CEP:NetworkTrafficSocketChannelEndPoint@1e85516a{l=/127.0.0.1:8081,r=/127.0.0.1:56544,OPEN,fill=FI,flush=-,to=1/30000}{io=1/0,kio=1,kro=1}->HttpConnection@85963a[p=HttpParser{s=START,0 of -1},g=HttpGenerator@75c93239{s=START}]=>HttpChannelOverHttp@60a43275{s=HttpChannelState@2cd248f6{s=IDLE rs=BLOCKING os=OPEN is=IDLE awp=false se=false i=true al=0},r=0,c=false/false,a=IDLE,uri=null,age=0}:runFillable:BLOCKING/BLOCKING
11:58:44.182 [qtp899675353-50] DEBUG org.eclipse.jetty.util.thread.ReservedThreadExecutor - ReservedThreadExecutor@4cb0a000{s=0/1,p=1}@627a8ef4 task=EatWhatYouKill@5b498842/SelectorProducer@1cb37ee4/IDLE/p=true/QueuedThreadPool[qtp899675353]@359ff4d9{STARTED,8<=8<=14,i=1,r=1,q=0}[ReservedThreadExecutor@4cb0a000{s=1/1,p=0}][pc=0,pic=0,pec=0,epc=0]@2024-05-10T11:58:44.181959+01:00
11:58:44.182 [qtp899675353-44] DEBUG org.eclipse.jetty.io.FillInterest - fillable FillInterest@4be2418e{AC.ReadCB@85963a{HttpConnection@85963a::NetworkTrafficSocketChannelEndPoint@1e85516a{l=/127.0.0.1:8081,r=/127.0.0.1:56544,OPEN,fill=FI,flush=-,to=1/30000}{io=1/0,kio=1,kro=1}->HttpConnection@85963a[p=HttpParser{s=START,0 of -1},g=HttpGenerator@75c93239{s=START}]=>HttpChannelOverHttp@60a43275{s=HttpChannelState@2cd248f6{s=IDLE rs=BLOCKING os=OPEN is=IDLE awp=false se=false i=true al=0},r=0,c=false/false,a=IDLE,uri=null,age=0}}}
11:58:44.182 [qtp899675353-50] DEBUG org.eclipse.jetty.util.thread.strategy.EatWhatYouKill - EatWhatYouKill@5b498842/SelectorProducer@1cb37ee4/IDLE/p=true/QueuedThreadPool[qtp899675353]@359ff4d9{STARTED,8<=8<=14,i=1,r=1,q=0}[ReservedThreadExecutor@4cb0a000{s=1/1,p=0}][pc=0,pic=0,pec=0,epc=1]@2024-05-10T11:58:44.182139+01:00 tryProduce true
11:58:44.182 [qtp899675353-50] DEBUG org.eclipse.jetty.io.ManagedSelector - updateable 0
11:58:44.182 [qtp899675353-50] DEBUG org.eclipse.jetty.io.ManagedSelector - updates 0
11:58:44.182 [qtp899675353-44] DEBUG org.eclipse.jetty.server.HttpConnection - HttpConnection@85963a::NetworkTrafficSocketChannelEndPoint@1e85516a{l=/127.0.0.1:8081,r=/127.0.0.1:56544,OPEN,fill=-,flush=-,to=2/30000}{io=1/0,kio=1,kro=1}->HttpConnection@85963a[p=HttpParser{s=START,0 of -1},g=HttpGenerator@75c93239{s=START}]=>HttpChannelOverHttp@60a43275{s=HttpChannelState@2cd248f6{s=IDLE rs=BLOCKING os=OPEN is=IDLE awp=false se=false i=true al=0},r=0,c=false/false,a=IDLE,uri=null,age=0} onFillable enter HttpChannelState@2cd248f6{s=IDLE rs=BLOCKING os=OPEN is=IDLE awp=false se=false i=true al=0} null
11:58:44.182 [qtp899675353-50] DEBUG org.eclipse.jetty.io.ChannelEndPoint - Key interests updated 1 -> 0 on NetworkTrafficSocketChannelEndPoint@1e85516a{l=/127.0.0.1:8081,r=/127.0.0.1:56544,OPEN,fill=-,flush=-,to=2/30000}{io=0/0,kio=0,kro=1}->HttpConnection@85963a[p=HttpParser{s=START,0 of -1},g=HttpGenerator@75c93239{s=START}]=>HttpChannelOverHttp@60a43275{s=HttpChannelState@2cd248f6{s=IDLE rs=BLOCKING os=OPEN is=IDLE awp=false se=false i=true al=0},r=0,c=false/false,a=IDLE,uri=null,age=0}
11:58:44.182 [qtp899675353-50] DEBUG org.eclipse.jetty.io.ManagedSelector - Selector sun.nio.ch.KQueueSelectorImpl@37795db2 waiting with 1 keys
11:58:44.182 [qtp899675353-44] DEBUG org.eclipse.jetty.io.ChannelEndPoint - filled 158 HeapByteBuffer@550387d7[p=0,l=158,c=8192,r=158]={<<<GET /Admissions HTTP/1.1\r...oding: gzip,deflate\r\n\r\n>>>e-HttpCli...\x00\x00\x00\x00\x00\x00\x00}
11:58:44.182 [qtp899675353-44] DEBUG org.eclipse.jetty.server.HttpConnection - HttpConnection@85963a::NetworkTrafficSocketChannelEndPoint@1e85516a{l=/127.0.0.1:8081,r=/127.0.0.1:56544,OPEN,fill=-,flush=-,to=0/30000}{io=0/0,kio=0,kro=1}->HttpConnection@85963a[p=HttpParser{s=START,0 of -1},g=HttpGenerator@75c93239{s=START}]=>HttpChannelOverHttp@60a43275{s=HttpChannelState@2cd248f6{s=IDLE rs=BLOCKING os=OPEN is=IDLE awp=false se=false i=true al=0},r=0,c=false/false,a=IDLE,uri=null,age=0} filled 158 HeapByteBuffer@550387d7[p=0,l=158,c=8192,r=158]={<<<GET /Admissions HTTP/1.1\r...oding: gzip,deflate\r\n\r\n>>>e-HttpCli...\x00\x00\x00\x00\x00\x00\x00}
11:58:44.182 [qtp899675353-44] DEBUG org.eclipse.jetty.server.HttpConnection - HttpConnection@85963a::NetworkTrafficSocketChannelEndPoint@1e85516a{l=/127.0.0.1:8081,r=/127.0.0.1:56544,OPEN,fill=-,flush=-,to=0/30000}{io=0/0,kio=0,kro=1}->HttpConnection@85963a[p=HttpParser{s=START,0 of -1},g=HttpGenerator@75c93239{s=START}]=>HttpChannelOverHttp@60a43275{s=HttpChannelState@2cd248f6{s=IDLE rs=BLOCKING os=OPEN is=IDLE awp=false se=false i=true al=0},r=0,c=false/false,a=IDLE,uri=null,age=0} parse HeapByteBuffer@550387d7[p=0,l=158,c=8192,r=158]={<<<GET /Admissions HTTP/1.1\r...oding: gzip,deflate\r\n\r\n>>>e-HttpCli...\x00\x00\x00\x00\x00\x00\x00} {}
11:58:44.182 [qtp899675353-44] DEBUG org.eclipse.jetty.http.HttpParser - parseNext s=START HeapByteBuffer@550387d7[p=0,l=158,c=8192,r=158]={<<<GET /Admissions HTTP/1.1\r...oding: gzip,deflate\r\n\r\n>>>e-HttpCli...\x00\x00\x00\x00\x00\x00\x00}
11:58:44.182 [qtp899675353-44] DEBUG org.eclipse.jetty.http.HttpParser - START --> SPACE1
11:58:44.182 [qtp899675353-44] DEBUG org.eclipse.jetty.http.HttpParser - SPACE1 --> URI
11:58:44.182 [qtp899675353-44] DEBUG org.eclipse.jetty.http.HttpParser - URI --> SPACE2
11:58:44.182 [qtp899675353-44] DEBUG org.eclipse.jetty.http.HttpParser - SPACE2 --> REQUEST_VERSION
11:58:44.182 [qtp899675353-44] DEBUG org.eclipse.jetty.http.HttpParser - REQUEST_VERSION --> HEADER
11:58:44.182 [qtp899675353-44] DEBUG org.eclipse.jetty.http.HttpParser - HEADER:Host --> VALUE
11:58:44.182 [qtp899675353-44] DEBUG org.eclipse.jetty.http.HttpParser - HEADER:Host --> IN_VALUE
11:58:44.182 [qtp899675353-44] DEBUG org.eclipse.jetty.http.HttpParser - HEADER:Host --> FIELD
11:58:44.182 [qtp899675353-44] DEBUG org.eclipse.jetty.http.HttpParser - HEADER:Connection: keep-alive --> IN_VALUE
11:58:44.182 [qtp899675353-44] DEBUG org.eclipse.jetty.http.HttpParser - HEADER:Connection: keep-alive --> FIELD
11:58:44.182 [qtp899675353-44] DEBUG org.eclipse.jetty.http.HttpParser - HEADER:User-Agent --> VALUE
11:58:44.183 [qtp899675353-44] DEBUG org.eclipse.jetty.http.HttpParser - HEADER:User-Agent --> IN_VALUE
11:58:44.183 [qtp899675353-44] DEBUG org.eclipse.jetty.http.HttpParser - HEADER:User-Agent --> FIELD
11:58:44.183 [qtp899675353-44] DEBUG org.eclipse.jetty.http.HttpParser - HEADER:Accept-Encoding --> IN_VALUE
11:58:44.183 [qtp899675353-44] DEBUG org.eclipse.jetty.http.HttpParser - HEADER:Accept-Encoding --> FIELD
11:58:44.183 [qtp899675353-44] DEBUG org.eclipse.jetty.http.HttpParser - HEADER --> CONTENT
11:58:44.183 [qtp899675353-44] DEBUG org.eclipse.jetty.server.HttpChannel - REQUEST for //localhost:8081/Admissions on HttpChannelOverHttp@60a43275{s=HttpChannelState@2cd248f6{s=IDLE rs=BLOCKING os=OPEN is=IDLE awp=false se=false i=true al=0},r=1,c=false/false,a=IDLE,uri=//localhost:8081/Admissions,age=0}
GET //localhost:8081/Admissions HTTP/1.1
Host: localhost:8081
Connection: keep-alive
User-Agent: Apache-HttpClient/4.5.13 (Java/17.0.11)
Accept-Encoding: gzip,deflate


11:58:44.183 [qtp899675353-44] DEBUG org.eclipse.jetty.server.HttpConnection - HttpConnection@85963a::NetworkTrafficSocketChannelEndPoint@1e85516a{l=/127.0.0.1:8081,r=/127.0.0.1:56544,OPEN,fill=-,flush=-,to=0/30000}{io=0/0,kio=0,kro=1}->HttpConnection@85963a[p=HttpParser{s=CONTENT,0 of -1},g=HttpGenerator@75c93239{s=START}]=>HttpChannelOverHttp@60a43275{s=HttpChannelState@2cd248f6{s=IDLE rs=BLOCKING os=OPEN is=IDLE awp=false se=false i=true al=0},r=1,c=false/false,a=IDLE,uri=//localhost:8081/Admissions,age=0} parsed true HttpParser{s=CONTENT,0 of -1}
11:58:44.183 [qtp899675353-44] DEBUG org.eclipse.jetty.server.HttpConnection - releaseRequestBuffer HttpConnection@85963a::NetworkTrafficSocketChannelEndPoint@1e85516a{l=/127.0.0.1:8081,r=/127.0.0.1:56544,OPEN,fill=-,flush=-,to=1/30000}{io=0/0,kio=0,kro=1}->HttpConnection@85963a[p=HttpParser{s=CONTENT,0 of -1},g=HttpGenerator@75c93239{s=START}]=>HttpChannelOverHttp@60a43275{s=HttpChannelState@2cd248f6{s=IDLE rs=BLOCKING os=OPEN is=IDLE awp=false se=false i=true al=0},r=1,c=false/false,a=IDLE,uri=//localhost:8081/Admissions,age=0}
11:58:44.183 [qtp899675353-44] DEBUG org.eclipse.jetty.server.HttpChannel - handle //localhost:8081/Admissions HttpChannelOverHttp@60a43275{s=HttpChannelState@2cd248f6{s=IDLE rs=BLOCKING os=OPEN is=IDLE awp=false se=false i=true al=0},r=1,c=false/false,a=IDLE,uri=//localhost:8081/Admissions,age=0} 
11:58:44.183 [qtp899675353-44] DEBUG org.eclipse.jetty.server.HttpChannelState - handling HttpChannelState@2cd248f6{s=IDLE rs=BLOCKING os=OPEN is=IDLE awp=false se=false i=true al=0}
11:58:44.183 [qtp899675353-44] DEBUG org.eclipse.jetty.server.HttpChannel - action DISPATCH HttpChannelOverHttp@60a43275{s=HttpChannelState@2cd248f6{s=HANDLING rs=BLOCKING os=OPEN is=IDLE awp=false se=false i=true al=0},r=1,c=false/false,a=HANDLING,uri=//localhost:8081/Admissions,age=0}
11:58:44.183 [qtp899675353-44] DEBUG org.eclipse.jetty.server.Server - REQUEST GET /Admissions on HttpChannelOverHttp@60a43275{s=HttpChannelState@2cd248f6{s=HANDLING rs=BLOCKING os=OPEN is=IDLE awp=false se=false i=true al=0},r=1,c=false/false,a=HANDLING,uri=//localhost:8081/Admissions,age=0}
11:58:44.183 [qtp899675353-44] DEBUG org.eclipse.jetty.server.handler.ContextHandler - scope null||/Admissions @ o.e.j.s.ServletContextHandler@65f58c6e{/__admin,null,AVAILABLE}
11:58:44.183 [qtp899675353-44] DEBUG org.eclipse.jetty.server.handler.gzip.GzipHandler - GzipHandler@289778cd{STARTED,min=32,inflate=-1} handle Request(GET //localhost:8081/Admissions)@7883af16 in null
11:58:44.184 [qtp899675353-44] DEBUG org.eclipse.jetty.server.handler.ContextHandler - scope null||/Admissions @ o.e.j.s.ServletContextHandler@6401d0a0{/,null,AVAILABLE}
11:58:44.184 [qtp899675353-44] DEBUG org.eclipse.jetty.server.handler.ContextHandler - context=||/Admissions @ o.e.j.s.ServletContextHandler@6401d0a0{/,null,AVAILABLE}
11:58:44.184 [qtp899675353-44] DEBUG org.eclipse.jetty.servlet.ServletHandler - servlet |/Admissions|null -> com.github.tomakehurst.wiremock.servlet.WireMockHandlerDispatchingServlet-61f80d55@193587af==com.github.tomakehurst.wiremock.servlet.WireMockHandlerDispatchingServlet,jsp=null,order=-1,inst=false,async=true
11:58:44.184 [qtp899675353-44] DEBUG org.eclipse.jetty.servlet.ServletHandler - chain=null
11:58:44.184 [qtp899675353-44] DEBUG org.eclipse.jetty.servlet.ServletHolder - Servlet.init com.github.tomakehurst.wiremock.servlet.WireMockHandlerDispatchingServlet@5eae979 for com.github.tomakehurst.wiremock.servlet.WireMockHandlerDispatchingServlet-61f80d55
11:58:44.184 [qtp899675353-44] INFO org.eclipse.jetty.server.handler.ContextHandler.ROOT - RequestHandlerClass from context returned com.github.tomakehurst.wiremock.http.StubRequestHandler. Normalized mapped under returned 'null'
11:58:44.184 [qtp899675353-44] DEBUG org.eclipse.jetty.io.ChannelEndPoint - filled 0 HeapByteBuffer@550387d7[p=0,l=0,c=8192,r=0]={<<<>>>GET /Admi...\x00\x00\x00\x00\x00\x00\x00}
11:58:44.185 [qtp899675353-44] DEBUG org.eclipse.jetty.io.ChannelEndPoint - filled 0 HeapByteBuffer@550387d7[p=0,l=0,c=8192,r=0]={<<<>>>GET /Admi...\x00\x00\x00\x00\x00\x00\x00}
11:58:44.185 [qtp899675353-44] DEBUG org.eclipse.jetty.server.HttpConnection - HttpConnection@85963a::NetworkTrafficSocketChannelEndPoint@1e85516a{l=/127.0.0.1:8081,r=/127.0.0.1:56544,OPEN,fill=-,flush=-,to=2/30000}{io=0/0,kio=0,kro=1}->HttpConnection@85963a[p=HttpParser{s=CONTENT,0 of -1},g=HttpGenerator@75c93239{s=START}]=>HttpChannelOverHttp@60a43275{s=HttpChannelState@2cd248f6{s=HANDLING rs=BLOCKING os=OPEN is=IDLE awp=false se=false i=true al=0},r=1,c=false/false,a=HANDLING,uri=//localhost:8081/Admissions,age=2} filled 0 HeapByteBuffer@550387d7[p=0,l=0,c=8192,r=0]={<<<>>>GET /Admi...\x00\x00\x00\x00\x00\x00\x00}
11:58:44.185 [qtp899675353-44] DEBUG org.eclipse.jetty.server.HttpConnection - HttpConnection@85963a::NetworkTrafficSocketChannelEndPoint@1e85516a{l=/127.0.0.1:8081,r=/127.0.0.1:56544,OPEN,fill=-,flush=-,to=2/30000}{io=0/0,kio=0,kro=1}->HttpConnection@85963a[p=HttpParser{s=CONTENT,0 of -1},g=HttpGenerator@75c93239{s=START}]=>HttpChannelOverHttp@60a43275{s=HttpChannelState@2cd248f6{s=HANDLING rs=BLOCKING os=OPEN is=IDLE awp=false se=false i=true al=0},r=1,c=false/false,a=HANDLING,uri=//localhost:8081/Admissions,age=2} parse HeapByteBuffer@550387d7[p=0,l=0,c=8192,r=0]={<<<>>>GET /Admi...\x00\x00\x00\x00\x00\x00\x00} {}
11:58:44.185 [qtp899675353-44] DEBUG org.eclipse.jetty.http.HttpParser - parseNext s=CONTENT HeapByteBuffer@550387d7[p=0,l=0,c=8192,r=0]={<<<>>>GET /Admi...\x00\x00\x00\x00\x00\x00\x00}
11:58:44.185 [qtp899675353-44] DEBUG org.eclipse.jetty.http.HttpParser - CONTENT --> CONTENT_END
11:58:44.185 [qtp899675353-44] DEBUG org.eclipse.jetty.server.HttpChannel - onContentComplete HttpChannelOverHttp@60a43275{s=HttpChannelState@2cd248f6{s=HANDLING rs=BLOCKING os=OPEN is=IDLE awp=false se=false i=true al=0},r=1,c=false/false,a=HANDLING,uri=//localhost:8081/Admissions,age=2}
11:58:44.185 [qtp899675353-44] DEBUG org.eclipse.jetty.http.HttpParser - CONTENT_END --> END
11:58:44.185 [qtp899675353-44] DEBUG org.eclipse.jetty.server.HttpChannel - onRequestComplete HttpChannelOverHttp@60a43275{s=HttpChannelState@2cd248f6{s=HANDLING rs=BLOCKING os=OPEN is=IDLE awp=false se=false i=true al=0},r=1,c=false/false,a=HANDLING,uri=//localhost:8081/Admissions,age=2}
11:58:44.185 [qtp899675353-44] DEBUG org.eclipse.jetty.server.HttpInput - HttpInputOverHTTP@18ac5059[c=0,q=0,[0]=null,s=STREAM] addContent EOF
11:58:44.185 [qtp899675353-44] DEBUG org.eclipse.jetty.server.HttpConnection - HttpConnection@85963a::NetworkTrafficSocketChannelEndPoint@1e85516a{l=/127.0.0.1:8081,r=/127.0.0.1:56544,OPEN,fill=-,flush=-,to=3/30000}{io=0/0,kio=0,kro=1}->HttpConnection@85963a[p=HttpParser{s=END,0 of -1},g=HttpGenerator@75c93239{s=START}]=>HttpChannelOverHttp@60a43275{s=HttpChannelState@2cd248f6{s=HANDLING rs=BLOCKING os=OPEN is=IDLE awp=false se=false i=true al=0},r=1,c=false/false,a=HANDLING,uri=//localhost:8081/Admissions,age=2} parsed false HttpParser{s=END,0 of -1}
11:58:44.186 [qtp899675353-44] DEBUG org.eclipse.jetty.server.HttpConnection - releaseRequestBuffer HttpConnection@85963a::NetworkTrafficSocketChannelEndPoint@1e85516a{l=/127.0.0.1:8081,r=/127.0.0.1:56544,OPEN,fill=-,flush=-,to=3/30000}{io=0/0,kio=0,kro=1}->HttpConnection@85963a[p=HttpParser{s=END,0 of -1},g=HttpGenerator@75c93239{s=START}]=>HttpChannelOverHttp@60a43275{s=HttpChannelState@2cd248f6{s=HANDLING rs=BLOCKING os=OPEN is=IDLE awp=false se=false i=true al=0},r=1,c=false/false,a=HANDLING,uri=//localhost:8081/Admissions,age=2}
11:58:44.186 [qtp899675353-44] DEBUG org.eclipse.jetty.server.HttpChannelState - onEof HttpChannelState@2cd248f6{s=HANDLING rs=BLOCKING os=OPEN is=IDLE awp=false se=false i=true al=0}
11:58:44.189 [qtp899675353-44] DEBUG org.eclipse.jetty.server.HttpOutput - write(array HeapByteBuffer@4a5fd314[p=0,l=2,c=8192,r=2]={<<<[]>>>\x00\x00\x00\x00\x00\x00\x00\x00\x00...\x00\x00\x00\x00\x00\x00\x00})
11:58:44.189 [qtp899675353-44] DEBUG org.eclipse.jetty.server.HttpOutput - write(array) s=OPEN,api=BLOCKING,sc=false,e=null aggregated !flush HeapByteBuffer@e33e1e8[p=0,l=2,c=32768,r=2]={<<<[]>>>\x00\x00\x00\x00\x00\x00\x00\x00\x00...\x00\x00\x00\x00\x00\x00\x00}
11:58:44.189 [qtp899675353-44] DEBUG org.eclipse.jetty.server.handler.gzip.GzipHttpOutputInterceptor - org.eclipse.jetty.server.handler.gzip.GzipHttpOutputInterceptor@66b68653 compressing java.util.zip.Deflater@1ce22c44
11:58:44.189 [qtp899675353-44] DEBUG org.eclipse.jetty.server.HttpChannel - sendResponse info=null content=HeapByteBuffer@28918bbf[p=0,l=10,c=32768,r=10]={<<<\x1f\x8b\x08\x00\x00\x00\x00\x00\x00\x00>>>\x00\x00\x00\x00\x00\x00\x00\x00\x00...\x00\x00\x00\x00\x00\x00\x00} complete=false committing=true callback=GzipBufferCB@39bc13e4[content=HeapByteBuffer@e33e1e8[p=2,l=2,c=32768,r=0]={[]<<<>>>\x00\x00\x00\x00\x00\x00\x00\x00\x00...\x00\x00\x00\x00\x00\x00\x00} last=false copy=null buffer=HeapByteBuffer@28918bbf[p=0,l=10,c=32768,r=10]={<<<\x1f\x8b\x08\x00\x00\x00\x00\x00\x00\x00>>>\x00\x00\x00\x00\x00\x00\x00\x00\x00...\x00\x00\x00\x00\x00\x00\x00} deflate=java.util.zip.Deflater@1ce22c44 ]
11:58:44.189 [qtp899675353-44] DEBUG org.eclipse.jetty.server.HttpChannel - COMMIT for /Admissions on HttpChannelOverHttp@60a43275{s=HttpChannelState@2cd248f6{s=HANDLING rs=BLOCKING os=COMMITTED is=READY awp=false se=false i=true al=0},r=1,c=false/false,a=HANDLING,uri=//localhost:8081/Admissions,age=6}
200 null HTTP/1.1
Content-Type: application/json
Matched-Stub-Id: 7ab0da29-cddf-4deb-bc2d-95319ab4d162
Vary: Accept-Encoding, User-Agent
Content-Encoding: gzip


11:58:44.189 [qtp899675353-44] DEBUG org.eclipse.jetty.server.HttpConnection - generate: NEED_HEADER for org.eclipse.jetty.server.HttpConnection$SendCallback@6b6a8e9e[PROCESSING][i=HTTP/1.1{s=200,h=4,cl=-1},cb=org.eclipse.jetty.server.HttpChannel$SendCallback@66670fbb] (null,[p=0,l=10,c=32768,r=10],false)@START
11:58:44.189 [qtp899675353-44] DEBUG org.eclipse.jetty.http.HttpGenerator - generateHeaders HTTP/1.1{s=200,h=4,cl=-1} last=false content=HeapByteBuffer@28918bbf[p=0,l=10,c=32768,r=10]={<<<\x1f\x8b\x08\x00\x00\x00\x00\x00\x00\x00>>>\x00\x00\x00\x00\x00\x00\x00\x00\x00...\x00\x00\x00\x00\x00\x00\x00}
11:58:44.189 [qtp899675353-44] DEBUG org.eclipse.jetty.http.HttpGenerator - Content-Type: application/json
Matched-Stub-Id: 7ab0da29-cddf-4deb-bc2d-95319ab4d162
Vary: Accept-Encoding, User-Agent
Content-Encoding: gzip


11:58:44.189 [qtp899675353-44] DEBUG org.eclipse.jetty.http.HttpGenerator - CHUNKED_CONTENT
11:58:44.189 [qtp899675353-44] DEBUG org.eclipse.jetty.server.HttpConnection - generate: FLUSH for org.eclipse.jetty.server.HttpConnection$SendCallback@6b6a8e9e[PROCESSING][i=HTTP/1.1{s=200,h=4,cl=-1},cb=org.eclipse.jetty.server.HttpChannel$SendCallback@66670fbb] ([p=0,l=196,c=8192,r=196],[p=0,l=10,c=32768,r=10],false)@COMMITTED
11:58:44.189 [qtp899675353-44] DEBUG org.eclipse.jetty.io.WriteFlusher - write: WriteFlusher@420facbb{IDLE}->null [HeapByteBuffer@550387d7[p=0,l=196,c=8192,r=196]={<<<HTTP/1.1 200 OK\r\nContent-...ncoding: chunked\r\n\r\nA\r\n>>>{\n  "id" ...\x00\x00\x00\x00\x00\x00\x00},HeapByteBuffer@28918bbf[p=0,l=10,c=32768,r=10]={<<<\x1f\x8b\x08\x00\x00\x00\x00\x00\x00\x00>>>\x00\x00\x00\x00\x00\x00\x00\x00\x00...\x00\x00\x00\x00\x00\x00\x00}]
11:58:44.189 [qtp899675353-44] DEBUG org.eclipse.jetty.io.WriteFlusher - update WriteFlusher@420facbb{WRITING}->null:IDLE-->WRITING
11:58:44.190 [qtp899675353-44] DEBUG org.eclipse.jetty.io.ChannelEndPoint - flushed 196 NetworkTrafficSocketChannelEndPoint@1e85516a{l=/127.0.0.1:8081,r=/127.0.0.1:56544,OPEN,fill=-,flush=W,to=7/30000}{io=0/0,kio=0,kro=1}->HttpConnection@85963a[p=HttpParser{s=END,0 of -1},g=HttpGenerator@75c93239{s=COMMITTED}]=>HttpChannelOverHttp@60a43275{s=HttpChannelState@2cd248f6{s=HANDLING rs=BLOCKING os=COMMITTED is=READY awp=false se=false i=true al=0},r=1,c=false/false,a=HANDLING,uri=//localhost:8081/Admissions,age=7}
11:58:44.190 [qtp899675353-44] DEBUG org.eclipse.jetty.io.ChannelEndPoint - flushed 10 NetworkTrafficSocketChannelEndPoint@1e85516a{l=/127.0.0.1:8081,r=/127.0.0.1:56544,OPEN,fill=-,flush=W,to=0/30000}{io=0/0,kio=0,kro=1}->HttpConnection@85963a[p=HttpParser{s=END,0 of -1},g=HttpGenerator@75c93239{s=COMMITTED}]=>HttpChannelOverHttp@60a43275{s=HttpChannelState@2cd248f6{s=HANDLING rs=BLOCKING os=COMMITTED is=READY awp=false se=false i=true al=0},r=1,c=false/false,a=HANDLING,uri=//localhost:8081/Admissions,age=7}
11:58:44.190 [qtp899675353-44] DEBUG org.eclipse.jetty.io.WriteFlusher - Flushed=true written=206 remaining=0 WriteFlusher@420facbb{WRITING}->null
11:58:44.190 [qtp899675353-44] DEBUG org.eclipse.jetty.io.WriteFlusher - update WriteFlusher@420facbb{IDLE}->null:WRITING-->IDLE
11:58:44.190 [qtp899675353-44] DEBUG org.eclipse.jetty.server.HttpConnection - generate: DONE for org.eclipse.jetty.server.HttpConnection$SendCallback@6b6a8e9e[PROCESSING][i=HTTP/1.1{s=200,h=4,cl=-1},cb=org.eclipse.jetty.server.HttpChannel$SendCallback@66670fbb] ([p=196,l=196,c=8192,r=0],[p=10,l=10,c=32768,r=0],false)@COMMITTED
11:58:44.190 [qtp899675353-44] DEBUG org.eclipse.jetty.server.HttpOutput - onWriteComplete(false,null) s=OPEN,api=BLOCKED,sc=false,e=null->s=OPEN,api=BLOCKING,sc=false,e=null c=null cb=null w=false
11:58:44.190 [qtp899675353-44] DEBUG org.eclipse.jetty.server.HttpOutput - close() s=CLOSING,api=BLOCKED,sc=false,e=null c=HeapByteBuffer@68c94543[p=0,l=0,c=0,r=0]={<<<>>>} b=Blocker@1bf5b42d{null}
11:58:44.190 [qtp899675353-44] DEBUG org.eclipse.jetty.server.HttpChannel - sendResponse info=null content=HeapByteBuffer@28918bbf[p=0,l=12,c=32768,r=12]={<<<\x8b\x8e\x05\x00)\xBbL\r\x02\x00\x00\x00>>>\x00\x00\x00\x00\x00\x00\x00\x00\x00...\x00\x00\x00\x00\x00\x00\x00} complete=true committing=false callback=GzipBufferCB@24d4c7b3[content=HeapByteBuffer@68c94543[p=0,l=0,c=0,r=0]={<<<>>>} last=true copy=null buffer=HeapByteBuffer@28918bbf[p=0,l=12,c=32768,r=12]={<<<\x8b\x8e\x05\x00)\xBbL\r\x02\x00\x00\x00>>>\x00\x00\x00\x00\x00\x00\x00\x00\x00...\x00\x00\x00\x00\x00\x00\x00} deflate=null ]
11:58:44.190 [qtp899675353-44] DEBUG org.eclipse.jetty.server.HttpConnection - generate: NEED_CHUNK for org.eclipse.jetty.server.HttpConnection$SendCallback@6b6a8e9e[PROCESSING][i=null,cb=org.eclipse.jetty.server.HttpChannel$SendCallback@7a101e45] (null,[p=0,l=12,c=32768,r=12],true)@COMMITTED
11:58:44.190 [qtp899675353-44] DEBUG org.eclipse.jetty.server.HttpConnection - generate: FLUSH for org.eclipse.jetty.server.HttpConnection$SendCallback@6b6a8e9e[PROCESSING][i=null,cb=org.eclipse.jetty.server.HttpChannel$SendCallback@7a101e45] (null,[p=0,l=12,c=32768,r=12],true)@COMPLETING
11:58:44.190 [qtp899675353-44] DEBUG org.eclipse.jetty.io.WriteFlusher - write: WriteFlusher@420facbb{IDLE}->null [HeapByteBuffer@74244ad[p=0,l=5,c=1024,r=5]={<<<\r\nC\r\n>>>\r\n\x00\x00\x00\x00\x00\x00\x00...\x00\x00\x00\x00\x00\x00\x00},HeapByteBuffer@28918bbf[p=0,l=12,c=32768,r=12]={<<<\x8b\x8e\x05\x00)\xBbL\r\x02\x00\x00\x00>>>\x00\x00\x00\x00\x00\x00\x00\x00\x00...\x00\x00\x00\x00\x00\x00\x00}]
11:58:44.190 [qtp899675353-44] DEBUG org.eclipse.jetty.io.WriteFlusher - update WriteFlusher@420facbb{WRITING}->null:IDLE-->WRITING
11:58:44.191 [qtp899675353-44] DEBUG org.eclipse.jetty.io.ChannelEndPoint - flushed 5 NetworkTrafficSocketChannelEndPoint@1e85516a{l=/127.0.0.1:8081,r=/127.0.0.1:56544,OPEN,fill=-,flush=W,to=0/30000}{io=0/0,kio=0,kro=1}->HttpConnection@85963a[p=HttpParser{s=END,0 of -1},g=HttpGenerator@75c93239{s=COMPLETING}]=>HttpChannelOverHttp@60a43275{s=HttpChannelState@2cd248f6{s=HANDLING rs=BLOCKING os=COMMITTED is=READY awp=false se=false i=true al=0},r=1,c=false/false,a=HANDLING,uri=//localhost:8081/Admissions,age=8}
11:58:44.191 [qtp899675353-44] DEBUG org.eclipse.jetty.io.ChannelEndPoint - flushed 12 NetworkTrafficSocketChannelEndPoint@1e85516a{l=/127.0.0.1:8081,r=/127.0.0.1:56544,OPEN,fill=-,flush=W,to=0/30000}{io=0/0,kio=0,kro=1}->HttpConnection@85963a[p=HttpParser{s=END,0 of -1},g=HttpGenerator@75c93239{s=COMPLETING}]=>HttpChannelOverHttp@60a43275{s=HttpChannelState@2cd248f6{s=HANDLING rs=BLOCKING os=COMMITTED is=READY awp=false se=false i=true al=0},r=1,c=false/false,a=HANDLING,uri=//localhost:8081/Admissions,age=8}
11:58:44.191 [qtp899675353-44] DEBUG org.eclipse.jetty.io.WriteFlusher - Flushed=true written=17 remaining=0 WriteFlusher@420facbb{WRITING}->null
11:58:44.191 [qtp899675353-44] DEBUG org.eclipse.jetty.io.WriteFlusher - update WriteFlusher@420facbb{IDLE}->null:WRITING-->IDLE
11:58:44.191 [qtp899675353-44] DEBUG org.eclipse.jetty.server.HttpConnection - generate: FLUSH for org.eclipse.jetty.server.HttpConnection$SendCallback@6b6a8e9e[PROCESSING][i=null,cb=org.eclipse.jetty.server.HttpChannel$SendCallback@7a101e45] (null,[p=12,l=12,c=32768,r=0],true)@COMPLETING
11:58:44.191 [qtp899675353-44] DEBUG org.eclipse.jetty.io.WriteFlusher - write: WriteFlusher@420facbb{IDLE}->null [HeapByteBuffer@74244ad[p=0,l=7,c=1024,r=7]={<<<\r\n0\r\n\r\n>>>\x00\x00\x00\x00\x00\x00\x00\x00\x00...\x00\x00\x00\x00\x00\x00\x00}]
11:58:44.191 [qtp899675353-44] DEBUG org.eclipse.jetty.io.WriteFlusher - update WriteFlusher@420facbb{WRITING}->null:IDLE-->WRITING
11:58:44.191 [qtp899675353-44] DEBUG org.eclipse.jetty.io.ChannelEndPoint - flushed 7 NetworkTrafficSocketChannelEndPoint@1e85516a{l=/127.0.0.1:8081,r=/127.0.0.1:56544,OPEN,fill=-,flush=W,to=0/30000}{io=0/0,kio=0,kro=1}->HttpConnection@85963a[p=HttpParser{s=END,0 of -1},g=HttpGenerator@75c93239{s=COMPLETING}]=>HttpChannelOverHttp@60a43275{s=HttpChannelState@2cd248f6{s=HANDLING rs=BLOCKING os=COMMITTED is=READY awp=false se=false i=true al=0},r=1,c=false/false,a=HANDLING,uri=//localhost:8081/Admissions,age=8}
11:58:44.191 [qtp899675353-44] DEBUG org.eclipse.jetty.io.WriteFlusher - Flushed=true written=7 remaining=0 WriteFlusher@420facbb{WRITING}->null
11:58:44.191 [qtp899675353-44] DEBUG org.eclipse.jetty.io.WriteFlusher - update WriteFlusher@420facbb{IDLE}->null:WRITING-->IDLE
11:58:44.192 [qtp899675353-44] DEBUG org.eclipse.jetty.server.HttpConnection - generate: DONE for org.eclipse.jetty.server.HttpConnection$SendCallback@6b6a8e9e[PROCESSING][i=null,cb=org.eclipse.jetty.server.HttpChannel$SendCallback@7a101e45] (null,[p=12,l=12,c=32768,r=0],true)@END
11:58:44.192 [qtp899675353-44] DEBUG org.eclipse.jetty.server.HttpOutput - onWriteComplete(true,null) s=CLOSING,api=BLOCKED,sc=false,e=null->s=CLOSED,api=BLOCKING,sc=false,e=null c=null cb=null w=false
11:58:44.192 [qtp899675353-44] DEBUG org.eclipse.jetty.server.Server - handled=true async=false committed=true on HttpChannelOverHttp@60a43275{s=HttpChannelState@2cd248f6{s=HANDLING rs=BLOCKING os=COMPLETED is=READY awp=false se=false i=true al=0},r=1,c=false/true,a=HANDLING,uri=//localhost:8081/Admissions,age=9}
11:58:44.192 [qtp899675353-44] DEBUG org.eclipse.jetty.server.HttpChannelState - unhandle HttpChannelState@2cd248f6{s=HANDLING rs=BLOCKING os=COMPLETED is=READY awp=false se=false i=true al=0}
11:58:44.192 [Test worker] DEBUG org.eclipse.jetty.util.component.AbstractLifeCycle - stopping Server@7a22a3c2{STARTED}[9.4.31.v20200723]
11:58:44.192 [qtp899675353-44] DEBUG org.eclipse.jetty.server.HttpChannelState - nextAction(false) COMPLETE HttpChannelState@2cd248f6{s=HANDLING rs=COMPLETING os=COMPLETED is=READY awp=false se=false i=false al=0}
11:58:44.192 [Test worker] DEBUG org.eclipse.jetty.server.Server - doStop Server@7a22a3c2{STOPPING}[9.4.31.v20200723]
11:58:44.192 [qtp899675353-44] DEBUG org.eclipse.jetty.server.HttpChannel - action COMPLETE HttpChannelOverHttp@60a43275{s=HttpChannelState@2cd248f6{s=HANDLING rs=COMPLETING os=COMPLETED is=READY awp=false se=false i=false al=0},r=1,c=false/true,a=HANDLING,uri=//localhost:8081/Admissions,age=9}
11:58:44.192 [qtp899675353-44] DEBUG org.eclipse.jetty.server.HttpOutput - complete(org.eclipse.jetty.util.Callback$3@45450fc8) s=CLOSED,api=BLOCKING,sc=false,e=null s=true e=null, c=null
11:58:44.192 [qtp899675353-44] DEBUG org.eclipse.jetty.server.HttpChannelState - completed HttpChannelState@2cd248f6{s=HANDLING rs=COMPLETING os=COMPLETED is=READY awp=false se=false i=false al=0}
11:58:44.192 [qtp899675353-44] DEBUG org.eclipse.jetty.server.HttpChannelState - unhandle HttpChannelState@2cd248f6{s=HANDLING rs=COMPLETED os=COMPLETED is=READY awp=false se=false i=false al=0}
11:58:44.192 [qtp899675353-44] DEBUG org.eclipse.jetty.server.HttpChannelState - nextAction(false) TERMINATED HttpChannelState@2cd248f6{s=IDLE rs=COMPLETED os=COMPLETED is=READY awp=false se=false i=false al=0}
11:58:44.192 [Test worker] DEBUG org.eclipse.jetty.server.handler.AbstractHandlerContainer - Graceful shutdown Server@7a22a3c2{STOPPING}[9.4.31.v20200723] by 
11:58:44.192 [qtp899675353-44] DEBUG org.eclipse.jetty.server.HttpChannel - action TERMINATED HttpChannelOverHttp@60a43275{s=HttpChannelState@2cd248f6{s=IDLE rs=COMPLETED os=COMPLETED is=READY awp=false se=false i=false al=0},r=1,c=true/true,a=IDLE,uri=//localhost:8081/Admissions,age=9}
11:58:44.192 [qtp899675353-44] DEBUG org.eclipse.jetty.server.HttpChannel - onCompleted for /Admissions written=22
11:58:44.192 [Test worker] DEBUG org.eclipse.jetty.util.component.AbstractLifeCycle - stopping NetworkTrafficServerConnector@5fc930f0{HTTP/1.1, (http/1.1)}{0.0.0.0:8081}
11:58:44.192 [qtp899675353-44] DEBUG org.eclipse.jetty.server.HttpChannelState - recycle HttpChannelState@2cd248f6{s=IDLE rs=COMPLETED os=COMPLETED is=READY awp=false se=false i=false al=0}
11:58:44.192 [qtp899675353-48] DEBUG org.eclipse.jetty.util.thread.QueuedThreadPool - ran qtp899675353-48-acceptor-2@56ac5c80-NetworkTrafficServerConnector@5fc930f0{HTTP/1.1, (http/1.1)}{0.0.0.0:8081} in QueuedThreadPool[qtp899675353]@359ff4d9{STARTED,8<=8<=14,i=1,r=1,q=0}[ReservedThreadExecutor@4cb0a000{s=1/1,p=0}]
11:58:44.192 [qtp899675353-46] DEBUG org.eclipse.jetty.util.thread.QueuedThreadPool - ran qtp899675353-46-acceptor-0@2e1af49b-NetworkTrafficServerConnector@5fc930f0{HTTP/1.1, (http/1.1)}{0.0.0.0:8081} in QueuedThreadPool[qtp899675353]@359ff4d9{STARTED,8<=8<=14,i=1,r=1,q=0}[ReservedThreadExecutor@4cb0a000{s=1/1,p=0}]
11:58:44.192 [qtp899675353-44] DEBUG org.eclipse.jetty.http.HttpParser - reset HttpParser{s=END,0 of -1}
11:58:44.192 [qtp899675353-47] DEBUG org.eclipse.jetty.util.thread.QueuedThreadPool - ran qtp899675353-47-acceptor-1@3fd2322d-NetworkTrafficServerConnector@5fc930f0{HTTP/1.1, (http/1.1)}{0.0.0.0:8081} in QueuedThreadPool[qtp899675353]@359ff4d9{STARTED,8<=8<=14,i=1,r=1,q=0}[ReservedThreadExecutor@4cb0a000{s=1/1,p=0}]
11:58:44.192 [qtp899675353-44] DEBUG org.eclipse.jetty.http.HttpParser - END --> START
11:58:44.192 [Test worker] DEBUG org.eclipse.jetty.util.component.AbstractLifeCycle - stopping SelectorManager@NetworkTrafficServerConnector@5fc930f0{HTTP/1.1, (http/1.1)}{0.0.0.0:8081}
11:58:44.192 [qtp899675353-44] DEBUG org.eclipse.jetty.server.HttpChannel - !handle TERMINATED HttpChannelOverHttp@60a43275{s=HttpChannelState@2cd248f6{s=IDLE rs=BLOCKING os=OPEN is=IDLE awp=false se=false i=true al=0},r=1,c=false/false,a=IDLE,uri=null,age=0}
11:58:44.192 [Test worker] DEBUG org.eclipse.jetty.util.component.AbstractLifeCycle - stopping ManagedSelector@2881ad47{STARTED} id=1 keys=1 selected=0 updates=0
11:58:44.192 [Test worker] DEBUG org.eclipse.jetty.io.ManagedSelector - Queued change lazy=false org.eclipse.jetty.io.ManagedSelector$CloseConnections@4ab550d5 on ManagedSelector@2881ad47{STOPPING} id=1 keys=1 selected=0 updates=0
11:58:44.192 [Test worker] DEBUG org.eclipse.jetty.io.ManagedSelector - Wakeup on submit ManagedSelector@2881ad47{STOPPING} id=1 keys=1 selected=0 updates=1
11:58:44.193 [qtp899675353-45] DEBUG org.eclipse.jetty.io.ManagedSelector - Selector sun.nio.ch.KQueueSelectorImpl@6882e584 woken with none selected
11:58:44.193 [qtp899675353-44] DEBUG org.eclipse.jetty.io.AbstractEndPoint - shutdownInput NetworkTrafficSocketChannelEndPoint@1e85516a{l=/127.0.0.1:8081,r=/127.0.0.1:56544,OPEN,fill=-,flush=-,to=1/30000}{io=0/0,kio=0,kro=1}->HttpConnection@85963a[p=HttpParser{s=START,0 of -1},g=HttpGenerator@75c93239{s=START}]=>HttpChannelOverHttp@60a43275{s=HttpChannelState@2cd248f6{s=IDLE rs=BLOCKING os=OPEN is=IDLE awp=false se=false i=true al=0},r=1,c=false/false,a=IDLE,uri=null,age=0}
11:58:44.193 [qtp899675353-45] DEBUG org.eclipse.jetty.io.ManagedSelector - Selector sun.nio.ch.KQueueSelectorImpl@6882e584 woken up from select, 0/0/1 selected
11:58:44.193 [qtp899675353-45] DEBUG org.eclipse.jetty.io.ManagedSelector - Selector sun.nio.ch.KQueueSelectorImpl@6882e584 processing 0 keys, 1 updates
11:58:44.193 [qtp899675353-45] DEBUG org.eclipse.jetty.io.ManagedSelector - updateable 1
11:58:44.193 [qtp899675353-44] DEBUG org.eclipse.jetty.io.ChannelEndPoint - filled -1 HeapByteBuffer@550387d7[p=0,l=0,c=8192,r=0]={<<<>>>HTTP/1.1 ...\x00\x00\x00\x00\x00\x00\x00}
11:58:44.193 [qtp899675353-45] DEBUG org.eclipse.jetty.io.ManagedSelector - update org.eclipse.jetty.io.ManagedSelector$CloseConnections@4ab550d5
11:58:44.193 [qtp899675353-44] DEBUG org.eclipse.jetty.http.HttpParser - atEOF HttpParser{s=START,0 of -1}
11:58:44.193 [qtp899675353-45] DEBUG org.eclipse.jetty.io.ManagedSelector - Closing 1 connections on ManagedSelector@2881ad47{STOPPING} id=1 keys=1 selected=0 updates=0
11:58:44.193 [qtp899675353-45] DEBUG org.eclipse.jetty.io.AbstractEndPoint - close NetworkTrafficSocketChannelEndPoint@7498f36{l=/127.0.0.1:8081,r=/127.0.0.1:56543,OPEN,fill=FI,flush=-,to=14/30000}{io=1/1,kio=1,kro=1}->HttpConnection@3486d8b[p=HttpParser{s=START,0 of -1},g=HttpGenerator@7ba0bff0{s=START}]=>HttpChannelOverHttp@db1e446{s=HttpChannelState@48b36b94{s=IDLE rs=BLOCKING os=OPEN is=IDLE awp=false se=false i=true al=0},r=1,c=false/false,a=IDLE,uri=null,age=0}
11:58:44.193 [qtp899675353-44] DEBUG org.eclipse.jetty.server.HttpConnection - HttpConnection@85963a::NetworkTrafficSocketChannelEndPoint@1e85516a{l=/127.0.0.1:8081,r=/127.0.0.1:56544,ISHUT,fill=-,flush=-,to=1/30000}{io=0/0,kio=0,kro=1}->HttpConnection@85963a[p=HttpParser{s=START,0 of -1},g=HttpGenerator@75c93239{s=START}]=>HttpChannelOverHttp@60a43275{s=HttpChannelState@2cd248f6{s=IDLE rs=BLOCKING os=OPEN is=IDLE awp=false se=false i=true al=0},r=1,c=false/false,a=IDLE,uri=null,age=0} filled -1 HeapByteBuffer@550387d7[p=0,l=0,c=8192,r=0]={<<<>>>HTTP/1.1 ...\x00\x00\x00\x00\x00\x00\x00}
11:58:44.193 [qtp899675353-45] DEBUG org.eclipse.jetty.io.AbstractEndPoint - close(null) NetworkTrafficSocketChannelEndPoint@7498f36{l=/127.0.0.1:8081,r=/127.0.0.1:56543,OPEN,fill=FI,flush=-,to=14/30000}{io=1/1,kio=1,kro=1}->HttpConnection@3486d8b[p=HttpParser{s=START,0 of -1},g=HttpGenerator@7ba0bff0{s=START}]=>HttpChannelOverHttp@db1e446{s=HttpChannelState@48b36b94{s=IDLE rs=BLOCKING os=OPEN is=IDLE awp=false se=false i=true al=0},r=1,c=false/false,a=IDLE,uri=null,age=0}
11:58:44.193 [qtp899675353-44] DEBUG org.eclipse.jetty.server.HttpConnection - HttpConnection@85963a::NetworkTrafficSocketChannelEndPoint@1e85516a{l=/127.0.0.1:8081,r=/127.0.0.1:56544,ISHUT,fill=-,flush=-,to=1/30000}{io=0/0,kio=0,kro=1}->HttpConnection@85963a[p=HttpParser{s=START,0 of -1},g=HttpGenerator@75c93239{s=START}]=>HttpChannelOverHttp@60a43275{s=HttpChannelState@2cd248f6{s=IDLE rs=BLOCKING os=OPEN is=IDLE awp=false se=false i=true al=0},r=1,c=false/false,a=IDLE,uri=null,age=0} parse HeapByteBuffer@550387d7[p=0,l=0,c=8192,r=0]={<<<>>>HTTP/1.1 ...\x00\x00\x00\x00\x00\x00\x00} {}
11:58:44.193 [qtp899675353-45] DEBUG org.eclipse.jetty.io.ChannelEndPoint - doClose NetworkTrafficSocketChannelEndPoint@7498f36{l=/127.0.0.1:8081,r=/127.0.0.1:56543,CLOSED,fill=FI,flush=-,to=14/30000}{io=1/1,kio=1,kro=1}->HttpConnection@3486d8b[p=HttpParser{s=START,0 of -1},g=HttpGenerator@7ba0bff0{s=START}]=>HttpChannelOverHttp@db1e446{s=HttpChannelState@48b36b94{s=IDLE rs=BLOCKING os=OPEN is=IDLE awp=false se=false i=true al=0},r=1,c=false/false,a=IDLE,uri=null,age=0}
11:58:44.193 [qtp899675353-44] DEBUG org.eclipse.jetty.http.HttpParser - parseNext s=START HeapByteBuffer@550387d7[p=0,l=0,c=8192,r=0]={<<<>>>HTTP/1.1 ...\x00\x00\x00\x00\x00\x00\x00}
11:58:44.193 [qtp899675353-44] DEBUG org.eclipse.jetty.http.HttpParser - START --> CLOSED
11:58:44.193 [qtp899675353-44] DEBUG org.eclipse.jetty.io.AbstractEndPoint - close NetworkTrafficSocketChannelEndPoint@1e85516a{l=/127.0.0.1:8081,r=/127.0.0.1:56544,ISHUT,fill=-,flush=-,to=1/30000}{io=0/0,kio=0,kro=1}->HttpConnection@85963a[p=HttpParser{s=CLOSED,0 of -1},g=HttpGenerator@75c93239{s=START}]=>HttpChannelOverHttp@60a43275{s=HttpChannelState@2cd248f6{s=IDLE rs=BLOCKING os=OPEN is=IDLE awp=false se=false i=true al=0},r=1,c=false/false,a=IDLE,uri=null,age=0}
11:58:44.194 [qtp899675353-44] DEBUG org.eclipse.jetty.io.AbstractEndPoint - close(null) NetworkTrafficSocketChannelEndPoint@1e85516a{l=/127.0.0.1:8081,r=/127.0.0.1:56544,ISHUT,fill=-,flush=-,to=1/30000}{io=0/0,kio=0,kro=1}->HttpConnection@85963a[p=HttpParser{s=CLOSED,0 of -1},g=HttpGenerator@75c93239{s=START}]=>HttpChannelOverHttp@60a43275{s=HttpChannelState@2cd248f6{s=IDLE rs=BLOCKING os=OPEN is=IDLE awp=false se=false i=true al=0},r=1,c=false/false,a=IDLE,uri=null,age=0}
11:58:44.194 [qtp899675353-45] DEBUG org.eclipse.jetty.io.FillInterest - onClose FillInterest@289c94db{AC.ReadCB@3486d8b{HttpConnection@3486d8b::NetworkTrafficSocketChannelEndPoint@7498f36{l=/127.0.0.1:8081,r=/127.0.0.1:56543,CLOSED,fill=FI,flush=-,to=15/30000}{io=1/1,kio=-1,kro=-1}->HttpConnection@3486d8b[p=HttpParser{s=START,0 of -1},g=HttpGenerator@7ba0bff0{s=START}]=>HttpChannelOverHttp@db1e446{s=HttpChannelState@48b36b94{s=IDLE rs=BLOCKING os=OPEN is=IDLE awp=false se=false i=true al=0},r=1,c=false/false,a=IDLE,uri=null,age=0}}}
11:58:44.194 [qtp899675353-44] DEBUG org.eclipse.jetty.io.ChannelEndPoint - doClose NetworkTrafficSocketChannelEndPoint@1e85516a{l=/127.0.0.1:8081,r=/127.0.0.1:56544,CLOSED,fill=-,flush=-,to=2/30000}{io=0/0,kio=0,kro=1}->HttpConnection@85963a[p=HttpParser{s=CLOSED,0 of -1},g=HttpGenerator@75c93239{s=START}]=>HttpChannelOverHttp@60a43275{s=HttpChannelState@2cd248f6{s=IDLE rs=BLOCKING os=OPEN is=IDLE awp=false se=false i=true al=0},r=1,c=false/false,a=IDLE,uri=null,age=0}
11:58:44.194 [qtp899675353-45] DEBUG org.eclipse.jetty.http.HttpParser - close HttpParser{s=START,0 of -1}
11:58:44.194 [qtp899675353-45] DEBUG org.eclipse.jetty.http.HttpParser - START --> CLOSE
11:58:44.194 [qtp899675353-44] DEBUG org.eclipse.jetty.io.FillInterest - onClose FillInterest@4be2418e{null}
11:58:44.194 [qtp899675353-44] DEBUG org.eclipse.jetty.io.ManagedSelector - Wakeup ManagedSelector@5bcb04cb{STARTED} id=0 keys=1 selected=0 updates=0
11:58:44.194 [qtp899675353-44] DEBUG org.eclipse.jetty.util.thread.QueuedThreadPool - queue org.eclipse.jetty.io.ManagedSelector$DestroyEndPoint@73278f91 startThread=0
11:58:44.194 [qtp899675353-50] DEBUG org.eclipse.jetty.io.ManagedSelector - Selector sun.nio.ch.KQueueSelectorImpl@37795db2 woken with none selected
11:58:44.194 [qtp899675353-50] DEBUG org.eclipse.jetty.io.ManagedSelector - Selector sun.nio.ch.KQueueSelectorImpl@37795db2 woken up from select, 0/0/0 selected
11:58:44.194 [qtp899675353-45] DEBUG org.eclipse.jetty.io.AbstractConnection - HttpConnection@3486d8b::NetworkTrafficSocketChannelEndPoint@7498f36{l=/127.0.0.1:8081,r=/127.0.0.1:56543,CLOSED,fill=-,flush=-,to=15/30000}{io=1/1,kio=-1,kro=-1}->HttpConnection@3486d8b[p=HttpParser{s=CLOSE,0 of -1},g=HttpGenerator@7ba0bff0{s=START}]=>HttpChannelOverHttp@db1e446{s=HttpChannelState@48b36b94{s=IDLE rs=BLOCKING os=OPEN is=IDLE awp=false se=false i=true al=0},r=1,c=false/false,a=IDLE,uri=null,age=0} onFillInterestedFailed {}
11:58:44.194 [qtp899675353-50] DEBUG org.eclipse.jetty.io.ManagedSelector - Selector sun.nio.ch.KQueueSelectorImpl@37795db2 processing 0 keys, 0 updates
11:58:44.194 [qtp899675353-49] DEBUG org.eclipse.jetty.util.thread.QueuedThreadPool - run org.eclipse.jetty.io.ManagedSelector$DestroyEndPoint@73278f91 in QueuedThreadPool[qtp899675353]@359ff4d9{STARTED,8<=8<=14,i=3,r=1,q=0}[ReservedThreadExecutor@4cb0a000{s=1/1,p=0}]
11:58:44.194 [qtp899675353-50] DEBUG org.eclipse.jetty.io.ManagedSelector - updateable 0
11:58:44.194 [qtp899675353-50] DEBUG org.eclipse.jetty.io.ManagedSelector - updates 0
11:58:44.194 [qtp899675353-45] DEBUG org.eclipse.jetty.io.ManagedSelector - Wakeup ManagedSelector@2881ad47{STOPPING} id=1 keys=1 selected=0 updates=0
11:58:44.194 [qtp899675353-44] DEBUG org.eclipse.jetty.server.HttpConnection - HttpConnection@85963a::NetworkTrafficSocketChannelEndPoint@1e85516a{l=/127.0.0.1:8081,r=/127.0.0.1:56544,CLOSED,fill=-,flush=-,to=2/30000}{io=0/0,kio=-1,kro=-1}->HttpConnection@85963a[p=HttpParser{s=CLOSED,0 of -1},g=HttpGenerator@75c93239{s=START}]=>HttpChannelOverHttp@60a43275{s=HttpChannelState@2cd248f6{s=IDLE rs=BLOCKING os=OPEN is=IDLE awp=false se=false i=true al=0},r=1,c=false/false,a=IDLE,uri=null,age=0} parsed false HttpParser{s=CLOSED,0 of -1}
11:58:44.194 [qtp899675353-45] DEBUG org.eclipse.jetty.util.thread.QueuedThreadPool - queue org.eclipse.jetty.io.ManagedSelector$DestroyEndPoint@27781cdf startThread=0
11:58:44.194 [qtp899675353-45] DEBUG org.eclipse.jetty.io.ManagedSelector - updates 0
11:58:44.194 [qtp899675353-50] DEBUG org.eclipse.jetty.io.ManagedSelector - Selector sun.nio.ch.KQueueSelectorImpl@37795db2 waiting with 0 keys
11:58:44.194 [qtp899675353-45] DEBUG org.eclipse.jetty.io.ManagedSelector - Selector sun.nio.ch.KQueueSelectorImpl@6882e584 waiting with 1 keys
11:58:44.194 [qtp899675353-48] DEBUG org.eclipse.jetty.util.thread.QueuedThreadPool - run org.eclipse.jetty.io.ManagedSelector$DestroyEndPoint@27781cdf in QueuedThreadPool[qtp899675353]@359ff4d9{STARTED,8<=8<=14,i=2,r=1,q=0}[ReservedThreadExecutor@4cb0a000{s=1/1,p=0}]
11:58:44.194 [qtp899675353-49] DEBUG org.eclipse.jetty.io.ManagedSelector - Destroyed NetworkTrafficSocketChannelEndPoint@1e85516a{l=/127.0.0.1:8081,r=/127.0.0.1:56544,CLOSED,fill=-,flush=-,to=2/30000}{io=0/0,kio=-1,kro=-1}->HttpConnection@85963a[p=HttpParser{s=CLOSED,0 of -1},g=HttpGenerator@75c93239{s=START}]=>HttpChannelOverHttp@60a43275{s=HttpChannelState@2cd248f6{s=IDLE rs=BLOCKING os=OPEN is=IDLE awp=false se=false i=true al=0},r=1,c=false/false,a=IDLE,uri=null,age=0}
11:58:44.194 [Test worker] DEBUG org.eclipse.jetty.io.ManagedSelector - Queued change lazy=false org.eclipse.jetty.io.ManagedSelector$StopSelector@3cd206b5 on ManagedSelector@2881ad47{STOPPING} id=1 keys=0 selected=0 updates=0
11:58:44.194 [qtp899675353-44] DEBUG org.eclipse.jetty.server.HttpConnection - releaseRequestBuffer HttpConnection@85963a::NetworkTrafficSocketChannelEndPoint@1e85516a{l=/127.0.0.1:8081,r=/127.0.0.1:56544,CLOSED,fill=-,flush=-,to=2/30000}{io=0/0,kio=-1,kro=-1}->HttpConnection@85963a[p=HttpParser{s=CLOSED,0 of -1},g=HttpGenerator@75c93239{s=START}]=>HttpChannelOverHttp@60a43275{s=HttpChannelState@2cd248f6{s=IDLE rs=BLOCKING os=OPEN is=IDLE awp=false se=false i=true al=0},r=1,c=false/false,a=IDLE,uri=null,age=0}
11:58:44.194 [Test worker] DEBUG org.eclipse.jetty.io.ManagedSelector - Wakeup on submit ManagedSelector@2881ad47{STOPPING} id=1 keys=0 selected=0 updates=1
11:58:44.194 [qtp899675353-45] DEBUG org.eclipse.jetty.io.ManagedSelector - Selector sun.nio.ch.KQueueSelectorImpl@6882e584 woken with none selected
11:58:44.194 [qtp899675353-48] DEBUG org.eclipse.jetty.io.ManagedSelector - Destroyed NetworkTrafficSocketChannelEndPoint@7498f36{l=/127.0.0.1:8081,r=/127.0.0.1:56543,CLOSED,fill=-,flush=-,to=16/30000}{io=1/1,kio=-1,kro=-1}->HttpConnection@3486d8b[p=HttpParser{s=CLOSE,0 of -1},g=HttpGenerator@7ba0bff0{s=START}]=>HttpChannelOverHttp@db1e446{s=HttpChannelState@48b36b94{s=IDLE rs=BLOCKING os=OPEN is=IDLE awp=false se=false i=true al=0},r=1,c=false/false,a=IDLE,uri=null,age=0}
11:58:44.194 [qtp899675353-45] DEBUG org.eclipse.jetty.io.ManagedSelector - Selector sun.nio.ch.KQueueSelectorImpl@6882e584 woken up from select, 0/0/0 selected
11:58:44.195 [qtp899675353-45] DEBUG org.eclipse.jetty.io.ManagedSelector - Selector sun.nio.ch.KQueueSelectorImpl@6882e584 processing 0 keys, 1 updates
11:58:44.195 [qtp899675353-49] DEBUG org.eclipse.jetty.io.AbstractConnection - onClose HttpConnection@85963a::NetworkTrafficSocketChannelEndPoint@1e85516a{l=/127.0.0.1:8081,r=/127.0.0.1:56544,CLOSED,fill=-,flush=-,to=2/30000}{io=0/0,kio=-1,kro=-1}->HttpConnection@85963a[p=HttpParser{s=CLOSED,0 of -1},g=HttpGenerator@75c93239{s=START}]=>HttpChannelOverHttp@60a43275{s=HttpChannelState@2cd248f6{s=IDLE rs=BLOCKING os=OPEN is=IDLE awp=false se=false i=true al=0},r=1,c=false/false,a=IDLE,uri=null,age=0}
11:58:44.195 [qtp899675353-44] DEBUG org.eclipse.jetty.io.AbstractEndPoint - shutdownOutput NetworkTrafficSocketChannelEndPoint@1e85516a{l=/127.0.0.1:8081,r=/127.0.0.1:56544,CLOSED,fill=-,flush=-,to=2/30000}{io=0/0,kio=-1,kro=-1}->HttpConnection@85963a[p=HttpParser{s=CLOSED,0 of -1},g=HttpGenerator@75c93239{s=START}]=>HttpChannelOverHttp@60a43275{s=HttpChannelState@2cd248f6{s=IDLE rs=BLOCKING os=OPEN is=IDLE awp=false se=false i=true al=0},r=1,c=false/false,a=IDLE,uri=null,age=0}
11:58:44.195 [qtp899675353-45] DEBUG org.eclipse.jetty.io.ManagedSelector - updateable 1
11:58:44.195 [qtp899675353-48] DEBUG org.eclipse.jetty.io.AbstractConnection - onClose HttpConnection@3486d8b::NetworkTrafficSocketChannelEndPoint@7498f36{l=/127.0.0.1:8081,r=/127.0.0.1:56543,CLOSED,fill=-,flush=-,to=16/30000}{io=1/1,kio=-1,kro=-1}->HttpConnection@3486d8b[p=HttpParser{s=CLOSE,0 of -1},g=HttpGenerator@7ba0bff0{s=START}]=>HttpChannelOverHttp@db1e446{s=HttpChannelState@48b36b94{s=IDLE rs=BLOCKING os=OPEN is=IDLE awp=false se=false i=true al=0},r=1,c=false/false,a=IDLE,uri=null,age=0}
11:58:44.195 [qtp899675353-49] DEBUG org.eclipse.jetty.util.thread.QueuedThreadPool - ran org.eclipse.jetty.io.ManagedSelector$DestroyEndPoint@73278f91 in QueuedThreadPool[qtp899675353]@359ff4d9{STARTED,8<=8<=14,i=2,r=1,q=0}[ReservedThreadExecutor@4cb0a000{s=1/1,p=0}]
11:58:44.195 [qtp899675353-45] DEBUG org.eclipse.jetty.io.ManagedSelector - update org.eclipse.jetty.io.ManagedSelector$StopSelector@3cd206b5
11:58:44.195 [qtp899675353-48] DEBUG org.eclipse.jetty.util.thread.QueuedThreadPool - ran org.eclipse.jetty.io.ManagedSelector$DestroyEndPoint@27781cdf in QueuedThreadPool[qtp899675353]@359ff4d9{STARTED,8<=8<=14,i=3,r=1,q=0}[ReservedThreadExecutor@4cb0a000{s=1/1,p=0}]
11:58:44.195 [qtp899675353-45] DEBUG org.eclipse.jetty.io.ManagedSelector - updates 0
11:58:44.195 [qtp899675353-44] DEBUG org.eclipse.jetty.server.HttpConnection - HttpConnection@85963a::NetworkTrafficSocketChannelEndPoint@1e85516a{l=/127.0.0.1:8081,r=/127.0.0.1:56544,CLOSED,fill=-,flush=-,to=3/30000}{io=0/0,kio=-1,kro=-1}->HttpConnection@85963a[p=HttpParser{s=CLOSED,0 of -1},g=HttpGenerator@75c93239{s=START}]=>HttpChannelOverHttp@60a43275{s=HttpChannelState@2cd248f6{s=IDLE rs=BLOCKING os=OPEN is=IDLE awp=false se=false i=true al=0},r=1,c=false/false,a=IDLE,uri=null,age=0} onFillable exit HttpChannelState@2cd248f6{s=IDLE rs=BLOCKING os=OPEN is=IDLE awp=false se=false i=true al=0} null
11:58:44.195 [qtp899675353-44] DEBUG org.eclipse.jetty.util.thread.QueuedThreadPool - ran org.eclipse.jetty.io.ManagedSelector$$Lambda$427/0x0000000122226bb8@2bef09c0 in QueuedThreadPool[qtp899675353]@359ff4d9{STARTED,8<=8<=14,i=4,r=1,q=0}[ReservedThreadExecutor@4cb0a000{s=1/1,p=0}]
11:58:44.195 [Test worker] DEBUG org.eclipse.jetty.util.component.AbstractLifeCycle - stopping EatWhatYouKill@385e36d4/SelectorProducer@2fc2a205/PRODUCING/p=false/QueuedThreadPool[qtp899675353]@359ff4d9{STARTED,8<=8<=14,i=4,r=1,q=0}[ReservedThreadExecutor@4cb0a000{s=1/1,p=0}][pc=0,pic=0,pec=1,epc=0]@2024-05-10T11:58:44.195368+01:00
11:58:44.195 [qtp899675353-45] DEBUG org.eclipse.jetty.util.thread.QueuedThreadPool - ran org.eclipse.jetty.io.ManagedSelector$$Lambda$427/0x0000000122226bb8@58a63629 in QueuedThreadPool[qtp899675353]@359ff4d9{STARTED,8<=8<=14,i=5,r=1,q=0}[ReservedThreadExecutor@4cb0a000{s=1/1,p=0}]
11:58:44.195 [Test worker] DEBUG org.eclipse.jetty.util.component.AbstractLifeCycle - STOPPED EatWhatYouKill@385e36d4/SelectorProducer@2fc2a205/IDLE/p=false/QueuedThreadPool[qtp899675353]@359ff4d9{STARTED,8<=8<=14,i=5,r=1,q=0}[ReservedThreadExecutor@4cb0a000{s=1/1,p=0}][pc=0,pic=0,pec=1,epc=0]@2024-05-10T11:58:44.195569+01:00
11:58:44.195 [Test worker] DEBUG org.eclipse.jetty.util.component.AbstractLifeCycle - STOPPED ManagedSelector@2881ad47{STOPPED} id=1 keys=-1 selected=-1 updates=0
11:58:44.195 [Test worker] DEBUG org.eclipse.jetty.util.component.AbstractLifeCycle - stopping ManagedSelector@5bcb04cb{STARTED} id=0 keys=0 selected=0 updates=0
11:58:44.195 [Test worker] DEBUG org.eclipse.jetty.io.ManagedSelector - Queued change lazy=false org.eclipse.jetty.io.ManagedSelector$CloseConnections@58e85c6f on ManagedSelector@5bcb04cb{STOPPING} id=0 keys=0 selected=0 updates=0
11:58:44.195 [Test worker] DEBUG org.eclipse.jetty.io.ManagedSelector - Wakeup on submit ManagedSelector@5bcb04cb{STOPPING} id=0 keys=0 selected=0 updates=1
11:58:44.195 [qtp899675353-50] DEBUG org.eclipse.jetty.io.ManagedSelector - Selector sun.nio.ch.KQueueSelectorImpl@37795db2 woken with none selected
11:58:44.195 [qtp899675353-50] DEBUG org.eclipse.jetty.io.ManagedSelector - Selector sun.nio.ch.KQueueSelectorImpl@37795db2 woken up from select, 0/0/0 selected
11:58:44.195 [qtp899675353-50] DEBUG org.eclipse.jetty.io.ManagedSelector - Selector sun.nio.ch.KQueueSelectorImpl@37795db2 processing 0 keys, 1 updates
11:58:44.195 [qtp899675353-50] DEBUG org.eclipse.jetty.io.ManagedSelector - updateable 1
11:58:44.195 [qtp899675353-50] DEBUG org.eclipse.jetty.io.ManagedSelector - update org.eclipse.jetty.io.ManagedSelector$CloseConnections@58e85c6f
11:58:44.195 [qtp899675353-50] DEBUG org.eclipse.jetty.io.ManagedSelector - Closing 0 connections on ManagedSelector@5bcb04cb{STOPPING} id=0 keys=0 selected=0 updates=0
11:58:44.195 [qtp899675353-50] DEBUG org.eclipse.jetty.io.ManagedSelector - updates 0
11:58:44.196 [qtp899675353-50] DEBUG org.eclipse.jetty.io.ManagedSelector - Selector sun.nio.ch.KQueueSelectorImpl@37795db2 waiting with 0 keys
11:58:44.196 [Test worker] DEBUG org.eclipse.jetty.io.ManagedSelector - Queued change lazy=false org.eclipse.jetty.io.ManagedSelector$StopSelector@a137d7a on ManagedSelector@5bcb04cb{STOPPING} id=0 keys=0 selected=0 updates=0
11:58:44.196 [Test worker] DEBUG org.eclipse.jetty.io.ManagedSelector - Wakeup on submit ManagedSelector@5bcb04cb{STOPPING} id=0 keys=0 selected=0 updates=1
11:58:44.196 [qtp899675353-50] DEBUG org.eclipse.jetty.io.ManagedSelector - Selector sun.nio.ch.KQueueSelectorImpl@37795db2 woken with none selected
11:58:44.196 [qtp899675353-50] DEBUG org.eclipse.jetty.io.ManagedSelector - Selector sun.nio.ch.KQueueSelectorImpl@37795db2 woken up from select, 0/0/0 selected
11:58:44.196 [qtp899675353-50] DEBUG org.eclipse.jetty.io.ManagedSelector - Selector sun.nio.ch.KQueueSelectorImpl@37795db2 processing 0 keys, 1 updates
11:58:44.196 [qtp899675353-50] DEBUG org.eclipse.jetty.io.ManagedSelector - updateable 1
11:58:44.196 [qtp899675353-50] DEBUG org.eclipse.jetty.io.ManagedSelector - update org.eclipse.jetty.io.ManagedSelector$StopSelector@a137d7a
11:58:44.196 [qtp899675353-50] DEBUG org.eclipse.jetty.io.ManagedSelector - updates 0
11:58:44.196 [Test worker] DEBUG org.eclipse.jetty.util.component.AbstractLifeCycle - stopping EatWhatYouKill@5b498842/SelectorProducer@1cb37ee4/PRODUCING/p=false/QueuedThreadPool[qtp899675353]@359ff4d9{STARTED,8<=8<=14,i=6,r=1,q=0}[ReservedThreadExecutor@4cb0a000{s=1/1,p=0}][pc=0,pic=0,pec=0,epc=1]@2024-05-10T11:58:44.19638+01:00
11:58:44.196 [qtp899675353-50] DEBUG org.eclipse.jetty.util.thread.ReservedThreadExecutor - ReservedThreadExecutor@4cb0a000{s=1/1,p=0}@627a8ef4 size 1 > capacity
11:58:44.196 [qtp899675353-50] DEBUG org.eclipse.jetty.util.thread.QueuedThreadPool - ran ReservedThreadExecutor@4cb0a000{s=1/1,p=0}@627a8ef4 in QueuedThreadPool[qtp899675353]@359ff4d9{STARTED,8<=8<=14,i=6,r=1,q=0}[ReservedThreadExecutor@4cb0a000{s=1/1,p=0}]
11:58:44.196 [Test worker] DEBUG org.eclipse.jetty.util.component.AbstractLifeCycle - STOPPED EatWhatYouKill@5b498842/SelectorProducer@1cb37ee4/IDLE/p=false/QueuedThreadPool[qtp899675353]@359ff4d9{STARTED,8<=8<=14,i=6,r=1,q=0}[ReservedThreadExecutor@4cb0a000{s=1/1,p=0}][pc=0,pic=0,pec=0,epc=1]@2024-05-10T11:58:44.19654+01:00
11:58:44.196 [Test worker] DEBUG org.eclipse.jetty.util.component.AbstractLifeCycle - STOPPED ManagedSelector@5bcb04cb{STOPPED} id=0 keys=-1 selected=-1 updates=0
11:58:44.196 [Test worker] DEBUG org.eclipse.jetty.util.component.AbstractLifeCycle - STOPPED SelectorManager@NetworkTrafficServerConnector@5fc930f0{HTTP/1.1, (http/1.1)}{0.0.0.0:8081}
11:58:44.196 [Test worker] DEBUG org.eclipse.jetty.util.component.AbstractLifeCycle - stopping HttpConnectionFactory@f4cfd90[HTTP/1.1]
11:58:44.196 [Test worker] DEBUG org.eclipse.jetty.util.component.AbstractLifeCycle - STOPPED HttpConnectionFactory@f4cfd90[HTTP/1.1]
11:58:44.196 [Test worker] DEBUG org.eclipse.jetty.util.component.AbstractLifeCycle - stopping ScheduledExecutorScheduler@3701e6e4{STARTED}
11:58:44.196 [Test worker] DEBUG org.eclipse.jetty.util.component.AbstractLifeCycle - STOPPED ScheduledExecutorScheduler@3701e6e4{STOPPED}
11:58:44.197 [Test worker] INFO org.eclipse.jetty.server.AbstractConnector - Stopped NetworkTrafficServerConnector@5fc930f0{HTTP/1.1, (http/1.1)}{0.0.0.0:8081}
11:58:44.197 [Test worker] DEBUG org.eclipse.jetty.util.component.AbstractLifeCycle - STOPPED NetworkTrafficServerConnector@5fc930f0{HTTP/1.1, (http/1.1)}{0.0.0.0:8081}
11:58:44.197 [Test worker] DEBUG org.eclipse.jetty.server.handler.AbstractHandler - stopping Server@7a22a3c2{STOPPING}[9.4.31.v20200723]
11:58:44.197 [Test worker] DEBUG org.eclipse.jetty.util.component.AbstractLifeCycle - stopping ErrorHandler@7c2312fa{STARTED}
11:58:44.197 [Test worker] DEBUG org.eclipse.jetty.server.handler.AbstractHandler - stopping ErrorHandler@7c2312fa{STOPPING}
11:58:44.197 [Test worker] DEBUG org.eclipse.jetty.util.component.AbstractLifeCycle - STOPPED ErrorHandler@7c2312fa{STOPPED}
11:58:44.197 [Test worker] DEBUG org.eclipse.jetty.util.component.AbstractLifeCycle - stopping HandlerCollection@30501e60{STARTED}
11:58:44.197 [Test worker] DEBUG org.eclipse.jetty.server.handler.AbstractHandler - stopping HandlerCollection@30501e60{STOPPING}
11:58:44.197 [Test worker] DEBUG org.eclipse.jetty.util.component.AbstractLifeCycle - stopping GzipHandler@289778cd{STARTED,min=32,inflate=-1}
11:58:44.197 [Test worker] DEBUG org.eclipse.jetty.server.handler.AbstractHandler - stopping GzipHandler@289778cd{STOPPING,min=32,inflate=-1}
11:58:44.197 [Test worker] DEBUG org.eclipse.jetty.util.component.AbstractLifeCycle - stopping o.e.j.s.ServletContextHandler@6401d0a0{/,null,SHUTDOWN}
11:58:44.197 [Test worker] DEBUG org.eclipse.jetty.server.handler.AbstractHandlerContainer - Graceful shutdown o.e.j.s.ServletContextHandler@6401d0a0{/,null,SHUTDOWN} by 
11:58:44.197 [Test worker] DEBUG org.eclipse.jetty.server.handler.AbstractHandler - stopping o.e.j.s.ServletContextHandler@6401d0a0{/,null,UNAVAILABLE}
11:58:44.197 [Test worker] DEBUG org.eclipse.jetty.util.component.AbstractLifeCycle - stopping NotFoundHandler@27a7ef08{STARTED}
11:58:44.197 [Test worker] DEBUG org.eclipse.jetty.server.handler.AbstractHandler - stopping NotFoundHandler@27a7ef08{STOPPING}
11:58:44.197 [Test worker] DEBUG org.eclipse.jetty.util.component.AbstractLifeCycle - STOPPED NotFoundHandler@27a7ef08{STOPPED}
11:58:44.197 [Test worker] DEBUG org.eclipse.jetty.util.component.AbstractLifeCycle - stopping ServletHandler@71dfcf21{STARTED}
11:58:44.197 [Test worker] DEBUG org.eclipse.jetty.server.handler.AbstractHandler - stopping ServletHandler@71dfcf21{STOPPING}
11:58:44.197 [Test worker] DEBUG org.eclipse.jetty.util.component.AbstractLifeCycle - stopping com.github.tomakehurst.wiremock.servlet.TrailingSlashFilter-11e33bac@11e33bac==com.github.tomakehurst.wiremock.servlet.TrailingSlashFilter,inst=true,async=true
11:58:44.197 [Test worker] DEBUG org.eclipse.jetty.util.component.AbstractLifeCycle - STOPPED com.github.tomakehurst.wiremock.servlet.TrailingSlashFilter-11e33bac@11e33bac==com.github.tomakehurst.wiremock.servlet.TrailingSlashFilter,inst=false,async=true
11:58:44.197 [Test worker] DEBUG org.eclipse.jetty.util.component.AbstractLifeCycle - stopping com.github.tomakehurst.wiremock.servlet.ContentTypeSettingFilter-280e8a1a@280e8a1a==com.github.tomakehurst.wiremock.servlet.ContentTypeSettingFilter,inst=true,async=true
11:58:44.197 [Test worker] DEBUG org.eclipse.jetty.util.component.AbstractLifeCycle - STOPPED com.github.tomakehurst.wiremock.servlet.ContentTypeSettingFilter-280e8a1a@280e8a1a==com.github.tomakehurst.wiremock.servlet.ContentTypeSettingFilter,inst=false,async=true
11:58:44.197 [Test worker] DEBUG org.eclipse.jetty.util.component.AbstractLifeCycle - stopping com.github.tomakehurst.wiremock.servlet.WireMockHandlerDispatchingServlet-61f80d55@193587af==com.github.tomakehurst.wiremock.servlet.WireMockHandlerDispatchingServlet,jsp=null,order=-1,inst=true,async=true
11:58:44.197 [Test worker] DEBUG org.eclipse.jetty.util.component.AbstractLifeCycle - STOPPED com.github.tomakehurst.wiremock.servlet.WireMockHandlerDispatchingServlet-61f80d55@193587af==com.github.tomakehurst.wiremock.servlet.WireMockHandlerDispatchingServlet,jsp=null,order=-1,inst=false,async=true
11:58:44.197 [Test worker] DEBUG org.eclipse.jetty.util.component.AbstractLifeCycle - stopping org.eclipse.jetty.servlet.DefaultServlet-b965857@797a105==org.eclipse.jetty.servlet.DefaultServlet,jsp=null,order=-1,inst=false,async=true
11:58:44.197 [Test worker] DEBUG org.eclipse.jetty.util.component.AbstractLifeCycle - STOPPED org.eclipse.jetty.servlet.DefaultServlet-b965857@797a105==org.eclipse.jetty.servlet.DefaultServlet,jsp=null,order=-1,inst=false,async=true
11:58:44.197 [Test worker] DEBUG org.eclipse.jetty.util.component.AbstractLifeCycle - STOPPED ServletHandler@71dfcf21{STOPPED}
11:58:44.197 [Test worker] INFO org.eclipse.jetty.server.handler.ContextHandler - Stopped o.e.j.s.ServletContextHandler@6401d0a0{/,null,UNAVAILABLE}
11:58:44.197 [Test worker] DEBUG org.eclipse.jetty.util.component.AbstractLifeCycle - STOPPED o.e.j.s.ServletContextHandler@6401d0a0{/,null,UNAVAILABLE}
11:58:44.197 [Test worker] DEBUG org.eclipse.jetty.util.component.AbstractLifeCycle - STOPPED GzipHandler@289778cd{STOPPED,min=32,inflate=-1}
11:58:44.197 [Test worker] DEBUG org.eclipse.jetty.util.component.AbstractLifeCycle - stopping o.e.j.s.ServletContextHandler@65f58c6e{/__admin,null,SHUTDOWN}
11:58:44.197 [Test worker] DEBUG org.eclipse.jetty.server.handler.AbstractHandlerContainer - Graceful shutdown o.e.j.s.ServletContextHandler@65f58c6e{/__admin,null,SHUTDOWN} by 
11:58:44.197 [Test worker] DEBUG org.eclipse.jetty.server.handler.AbstractHandler - stopping o.e.j.s.ServletContextHandler@65f58c6e{/__admin,null,UNAVAILABLE}
11:58:44.197 [Test worker] DEBUG org.eclipse.jetty.util.component.AbstractLifeCycle - stopping ServletHandler@4ba380c7{STARTED}
11:58:44.197 [Test worker] DEBUG org.eclipse.jetty.server.handler.AbstractHandler - stopping ServletHandler@4ba380c7{STOPPING}
11:58:44.197 [Test worker] DEBUG org.eclipse.jetty.util.component.AbstractLifeCycle - stopping org.eclipse.jetty.servlets.CrossOriginFilter-7ea08277@7ea08277==org.eclipse.jetty.servlets.CrossOriginFilter,inst=true,async=true
11:58:44.197 [Test worker] DEBUG org.eclipse.jetty.util.component.AbstractLifeCycle - STOPPED org.eclipse.jetty.servlets.CrossOriginFilter-7ea08277@7ea08277==org.eclipse.jetty.servlets.CrossOriginFilter,inst=false,async=true
11:58:44.197 [Test worker] DEBUG org.eclipse.jetty.util.component.AbstractLifeCycle - stopping com.github.tomakehurst.wiremock.servlet.WireMockHandlerDispatchingServlet-29528a22@ccf4421b==com.github.tomakehurst.wiremock.servlet.WireMockHandlerDispatchingServlet,jsp=null,order=-1,inst=true,async=true
11:58:44.197 [Test worker] DEBUG org.eclipse.jetty.util.component.AbstractLifeCycle - STOPPED com.github.tomakehurst.wiremock.servlet.WireMockHandlerDispatchingServlet-29528a22@ccf4421b==com.github.tomakehurst.wiremock.servlet.WireMockHandlerDispatchingServlet,jsp=null,order=-1,inst=false,async=true
11:58:44.197 [Test worker] DEBUG org.eclipse.jetty.util.component.AbstractLifeCycle - stopping org.eclipse.jetty.servlet.DefaultServlet-31133b6e@292d61dd==org.eclipse.jetty.servlet.DefaultServlet,jsp=null,order=-1,inst=false,async=true
11:58:44.198 [Test worker] DEBUG org.eclipse.jetty.util.component.AbstractLifeCycle - STOPPED org.eclipse.jetty.servlet.DefaultServlet-31133b6e@292d61dd==org.eclipse.jetty.servlet.DefaultServlet,jsp=null,order=-1,inst=false,async=true
11:58:44.198 [Test worker] DEBUG org.eclipse.jetty.util.component.AbstractLifeCycle - stopping org.eclipse.jetty.servlet.DefaultServlet-784c5ef5@42c19fce==org.eclipse.jetty.servlet.DefaultServlet,jsp=null,order=-1,inst=false,async=true
11:58:44.198 [Test worker] DEBUG org.eclipse.jetty.util.component.AbstractLifeCycle - STOPPED org.eclipse.jetty.servlet.DefaultServlet-784c5ef5@42c19fce==org.eclipse.jetty.servlet.DefaultServlet,jsp=null,order=-1,inst=false,async=true
11:58:44.198 [Test worker] DEBUG org.eclipse.jetty.util.component.AbstractLifeCycle - STOPPED ServletHandler@4ba380c7{STOPPED}
11:58:44.198 [Test worker] INFO org.eclipse.jetty.server.handler.ContextHandler - Stopped o.e.j.s.ServletContextHandler@65f58c6e{/__admin,null,UNAVAILABLE}
11:58:44.198 [Test worker] DEBUG org.eclipse.jetty.util.component.AbstractLifeCycle - STOPPED o.e.j.s.ServletContextHandler@65f58c6e{/__admin,null,UNAVAILABLE}
11:58:44.198 [Test worker] DEBUG org.eclipse.jetty.util.component.AbstractLifeCycle - STOPPED HandlerCollection@30501e60{STOPPED}
11:58:44.198 [Test worker] DEBUG org.eclipse.jetty.util.component.AbstractLifeCycle - stopping QueuedThreadPool[qtp899675353]@359ff4d9{STARTED,8<=8<=14,i=7,r=1,q=0}[ReservedThreadExecutor@4cb0a000{s=1/1,p=0}]
11:58:44.198 [Test worker] DEBUG org.eclipse.jetty.util.thread.QueuedThreadPool - Stopping QueuedThreadPool[qtp899675353]@359ff4d9{STOPPING,8<=8<=14,i=7,r=-1,q=0}[ReservedThreadExecutor@4cb0a000{s=1/1,p=0}]
11:58:44.198 [Test worker] DEBUG org.eclipse.jetty.util.component.AbstractLifeCycle - stopping ReservedThreadExecutor@4cb0a000{s=1/1,p=0}
11:58:44.198 [Test worker] DEBUG org.eclipse.jetty.util.thread.ReservedThreadExecutor - ReservedThreadExecutor@4cb0a000{s=0/1,p=0}@3d8136c2 offer STOP!
11:58:44.198 [Test worker] DEBUG org.eclipse.jetty.util.component.AbstractLifeCycle - STOPPED ReservedThreadExecutor@4cb0a000{s=-1/1,p=0}
11:58:44.198 [Test worker] DEBUG org.eclipse.jetty.util.thread.QueuedThreadPool - Waiting for Thread[qtp899675353-47,5,main] for 499
11:58:44.198 [qtp899675353-51] DEBUG org.eclipse.jetty.util.thread.ReservedThreadExecutor - ReservedThreadExecutor@4cb0a000{s=-1/1,p=0}@3d8136c2 task=STOP!
11:58:44.198 [qtp899675353-46] DEBUG org.eclipse.jetty.util.thread.QueuedThreadPool - run org.eclipse.jetty.util.thread.QueuedThreadPool$$Lambda$409/0x00000001221f0b18@36119ddb in QueuedThreadPool[qtp899675353]@359ff4d9{STOPPING,8<=0<=14,i=7,r=-1,q=0}[NO_TRY]
11:58:44.198 [qtp899675353-51] DEBUG org.eclipse.jetty.util.thread.ReservedThreadExecutor - ReservedThreadExecutor@4cb0a000{s=-1/1,p=0}@3d8136c2 Exited
11:58:44.198 [qtp899675353-49] DEBUG org.eclipse.jetty.util.thread.QueuedThreadPool - run org.eclipse.jetty.util.thread.QueuedThreadPool$$Lambda$409/0x00000001221f0b18@36119ddb in QueuedThreadPool[qtp899675353]@359ff4d9{STOPPING,8<=0<=14,i=7,r=-1,q=0}[NO_TRY]
11:58:44.198 [qtp899675353-45] DEBUG org.eclipse.jetty.util.thread.QueuedThreadPool - run org.eclipse.jetty.util.thread.QueuedThreadPool$$Lambda$409/0x00000001221f0b18@36119ddb in QueuedThreadPool[qtp899675353]@359ff4d9{STOPPING,8<=0<=14,i=7,r=-1,q=0}[NO_TRY]
11:58:44.198 [qtp899675353-46] DEBUG org.eclipse.jetty.util.thread.QueuedThreadPool - ran org.eclipse.jetty.util.thread.QueuedThreadPool$$Lambda$409/0x00000001221f0b18@36119ddb in QueuedThreadPool[qtp899675353]@359ff4d9{STOPPING,8<=0<=14,i=7,r=-1,q=0}[NO_TRY]
11:58:44.198 [qtp899675353-50] DEBUG org.eclipse.jetty.util.thread.QueuedThreadPool - run org.eclipse.jetty.util.thread.QueuedThreadPool$$Lambda$409/0x00000001221f0b18@36119ddb in QueuedThreadPool[qtp899675353]@359ff4d9{STOPPING,8<=0<=14,i=7,r=-1,q=0}[NO_TRY]
11:58:44.198 [qtp899675353-48] DEBUG org.eclipse.jetty.util.thread.QueuedThreadPool - run org.eclipse.jetty.util.thread.QueuedThreadPool$$Lambda$409/0x00000001221f0b18@36119ddb in QueuedThreadPool[qtp899675353]@359ff4d9{STOPPING,8<=0<=14,i=7,r=-1,q=0}[NO_TRY]
11:58:44.198 [qtp899675353-47] DEBUG org.eclipse.jetty.util.thread.QueuedThreadPool - run org.eclipse.jetty.util.thread.QueuedThreadPool$$Lambda$409/0x00000001221f0b18@36119ddb in QueuedThreadPool[qtp899675353]@359ff4d9{STOPPING,8<=0<=14,i=7,r=-1,q=0}[NO_TRY]
11:58:44.198 [qtp899675353-44] DEBUG org.eclipse.jetty.util.thread.QueuedThreadPool - run org.eclipse.jetty.util.thread.QueuedThreadPool$$Lambda$409/0x00000001221f0b18@36119ddb in QueuedThreadPool[qtp899675353]@359ff4d9{STOPPING,8<=0<=14,i=7,r=-1,q=0}[NO_TRY]
11:58:44.198 [qtp899675353-48] DEBUG org.eclipse.jetty.util.thread.QueuedThreadPool - ran org.eclipse.jetty.util.thread.QueuedThreadPool$$Lambda$409/0x00000001221f0b18@36119ddb in QueuedThreadPool[qtp899675353]@359ff4d9{STOPPING,8<=0<=14,i=7,r=-1,q=0}[NO_TRY]
11:58:44.198 [qtp899675353-47] DEBUG org.eclipse.jetty.util.thread.QueuedThreadPool - ran org.eclipse.jetty.util.thread.QueuedThreadPool$$Lambda$409/0x00000001221f0b18@36119ddb in QueuedThreadPool[qtp899675353]@359ff4d9{STOPPING,8<=0<=14,i=7,r=-1,q=0}[NO_TRY]
11:58:44.198 [qtp899675353-44] DEBUG org.eclipse.jetty.util.thread.QueuedThreadPool - ran org.eclipse.jetty.util.thread.QueuedThreadPool$$Lambda$409/0x00000001221f0b18@36119ddb in QueuedThreadPool[qtp899675353]@359ff4d9{STOPPING,8<=0<=14,i=7,r=-1,q=0}[NO_TRY]
11:58:44.198 [qtp899675353-51] DEBUG org.eclipse.jetty.util.thread.QueuedThreadPool - ran ReservedThreadExecutor@4cb0a000{s=-1/1,p=0}@3d8136c2 in QueuedThreadPool[qtp899675353]@359ff4d9{STOPPING,8<=0<=14,i=7,r=-1,q=0}[NO_TRY]
11:58:44.199 [qtp899675353-47] DEBUG org.eclipse.jetty.util.thread.QueuedThreadPool - Thread[qtp899675353-47,5,main] exited for QueuedThreadPool[qtp899675353]@359ff4d9{STOPPING,8<=0<=14,i=7,r=-1,q=0}[NO_TRY]
11:58:44.198 [qtp899675353-49] DEBUG org.eclipse.jetty.util.thread.QueuedThreadPool - ran org.eclipse.jetty.util.thread.QueuedThreadPool$$Lambda$409/0x00000001221f0b18@36119ddb in QueuedThreadPool[qtp899675353]@359ff4d9{STOPPING,8<=0<=14,i=7,r=-1,q=0}[NO_TRY]
11:58:44.199 [qtp899675353-44] DEBUG org.eclipse.jetty.util.thread.QueuedThreadPool - Thread[qtp899675353-44,5,main] exited for QueuedThreadPool[qtp899675353]@359ff4d9{STOPPING,8<=0<=14,i=7,r=-1,q=0}[NO_TRY]
11:58:44.199 [Test worker] DEBUG org.eclipse.jetty.util.thread.QueuedThreadPool - Waiting for Thread[qtp899675353-44,5,main] for 499
11:58:44.198 [qtp899675353-45] DEBUG org.eclipse.jetty.util.thread.QueuedThreadPool - ran org.eclipse.jetty.util.thread.QueuedThreadPool$$Lambda$409/0x00000001221f0b18@36119ddb in QueuedThreadPool[qtp899675353]@359ff4d9{STOPPING,8<=0<=14,i=7,r=-1,q=0}[NO_TRY]
11:58:44.199 [qtp899675353-49] DEBUG org.eclipse.jetty.util.thread.QueuedThreadPool - Thread[qtp899675353-49,5,main] exited for QueuedThreadPool[qtp899675353]@359ff4d9{STOPPING,8<=0<=14,i=7,r=-1,q=0}[NO_TRY]
11:58:44.198 [qtp899675353-46] DEBUG org.eclipse.jetty.util.thread.QueuedThreadPool - Thread[qtp899675353-46,5,main] exited for QueuedThreadPool[qtp899675353]@359ff4d9{STOPPING,8<=0<=14,i=7,r=-1,q=0}[NO_TRY]
11:58:44.199 [qtp899675353-45] DEBUG org.eclipse.jetty.util.thread.QueuedThreadPool - Thread[qtp899675353-45,5,main] exited for QueuedThreadPool[qtp899675353]@359ff4d9{STOPPING,8<=0<=14,i=7,r=-1,q=0}[NO_TRY]
11:58:44.198 [qtp899675353-50] DEBUG org.eclipse.jetty.util.thread.QueuedThreadPool - ran org.eclipse.jetty.util.thread.QueuedThreadPool$$Lambda$409/0x00000001221f0b18@36119ddb in QueuedThreadPool[qtp899675353]@359ff4d9{STOPPING,8<=0<=14,i=7,r=-1,q=0}[NO_TRY]
11:58:44.198 [qtp899675353-48] DEBUG org.eclipse.jetty.util.thread.QueuedThreadPool - Thread[qtp899675353-48,5,main] exited for QueuedThreadPool[qtp899675353]@359ff4d9{STOPPING,8<=0<=14,i=7,r=-1,q=0}[NO_TRY]
11:58:44.199 [qtp899675353-51] DEBUG org.eclipse.jetty.util.thread.QueuedThreadPool - Thread[qtp899675353-51,5,main] exited for QueuedThreadPool[qtp899675353]@359ff4d9{STOPPING,8<=0<=14,i=7,r=-1,q=0}[NO_TRY]
11:58:44.199 [Test worker] DEBUG org.eclipse.jetty.util.thread.QueuedThreadPool - Waiting for Thread[qtp899675353-50,5,main] for 499
11:58:44.199 [qtp899675353-50] DEBUG org.eclipse.jetty.util.thread.QueuedThreadPool - Thread[qtp899675353-50,5,main] exited for QueuedThreadPool[qtp899675353]@359ff4d9{STOPPING,8<=0<=14,i=7,r=-1,q=0}[NO_TRY]
11:58:44.199 [Test worker] DEBUG org.eclipse.jetty.util.component.AbstractLifeCycle - STOPPED QueuedThreadPool[qtp899675353]@359ff4d9{STOPPED,8<=0<=14,i=7,r=-1,q=0}[NO_TRY]
11:58:44.199 [Test worker] DEBUG org.eclipse.jetty.util.component.AbstractLifeCycle - STOPPED Server@7a22a3c2{STOPPED}[9.4.31.v20200723]
]]></system-out>
  <system-err><![CDATA[]]></system-err>
</testsuite>
